TI ARM Assembler PC v15.12.1 Tue Sep 13 14:23:08 2016

Tools Copyright (c) 1996-2015 Texas Instruments Incorporated
Program_Speakerbuzz_startup.asm                                      PAGE    1

       1                    ;******************************************************************************
       2                    ;* TI ARM C/C++ Codegen                                       PC v15.12.1.LTS *
       3                    ;* Date/Time created: Tue Sep 13 14:23:08 2016                                *
       4                    ;******************************************************************************
       5                            .compiler_opts --abi=eabi --arm_vmrs_si_workaround=off --code_state=16 --diag_wrap=off --disab
       6 00000000                   .thumb
       7                    
       8                    $C$DW$CU        .dwtag  DW_TAG_compile_unit
       9                            .dwattr $C$DW$CU, DW_AT_name("../Program_Speakerbuzz_startup.c")
      10                            .dwattr $C$DW$CU, DW_AT_producer("TI TI ARM C/C++ Codegen PC v15.12.1.LTS Copyright (c) 1996-2
      11                            .dwattr $C$DW$CU, DW_AT_TI_version(0x01)
      12                            .dwattr $C$DW$CU, DW_AT_comp_dir("H:\EECS_388\TI_ARM_Projects\Program_Speakerbuzz2\Debug")
      13                    
      14                    $C$DW$1 .dwtag  DW_TAG_subprogram
      15                            .dwattr $C$DW$1, DW_AT_name("SysTickIntHandler")
      16                            .dwattr $C$DW$1, DW_AT_TI_symbol_name("SysTickIntHandler")
      17                            .dwattr $C$DW$1, DW_AT_declaration
      18                            .dwattr $C$DW$1, DW_AT_external
      19                            .dwattr $C$DW$1, DW_AT_decl_file("../Program_Speakerbuzz_startup.c")
      20                            .dwattr $C$DW$1, DW_AT_decl_line(0x39)
      21                            .dwattr $C$DW$1, DW_AT_decl_column(0x0d)
      22                            .dwendtag $C$DW$1
      23                    
      24                    $C$DW$2 .dwtag  DW_TAG_variable
      25                            .dwattr $C$DW$2, DW_AT_name("__STACK_TOP")
      26                            .dwattr $C$DW$2, DW_AT_TI_symbol_name("__STACK_TOP")
      27                            .dwattr $C$DW$2, DW_AT_type(*$C$DW$T$37)
      28                            .dwattr $C$DW$2, DW_AT_declaration
      29                            .dwattr $C$DW$2, DW_AT_external
      30                            .dwattr $C$DW$2, DW_AT_decl_file("../Program_Speakerbuzz_startup.c")
      31                            .dwattr $C$DW$2, DW_AT_decl_line(0x32)
      32                            .dwattr $C$DW$2, DW_AT_decl_column(0x11)
      33                    
      34                            .global g_pfnVectors
      35 00000000                   .sect   ".intvecs"
      36                            .align  4
      37                            .elfsym g_pfnVectors,SYM_SIZE(240)
      38 00000000           g_pfnVectors:
      39 00000000 00000000!         .bits   __STACK_TOP,32          ; g_pfnVectors[0] @ 0
      40 00000004 00000000!         .bits   ResetISR,32             ; g_pfnVectors[1] @ 32
      41 00000008 00000000!         .bits   NmiSR,32                ; g_pfnVectors[2] @ 64
      42 0000000c 00000000!         .bits   FaultISR,32             ; g_pfnVectors[3] @ 96
      43 00000010 00000000!         .bits   IntDefaultHandler,32            ; g_pfnVectors[4] @ 128
      44 00000014 00000000!         .bits   IntDefaultHandler,32            ; g_pfnVectors[5] @ 160
      45 00000018 00000000!         .bits   IntDefaultHandler,32            ; g_pfnVectors[6] @ 192
      46 0000001c 00000000          .bits   0,32                    ; g_pfnVectors[7] @ 224
      47 00000020 00000000          .bits   0,32                    ; g_pfnVectors[8] @ 256
      48 00000024 00000000          .bits   0,32                    ; g_pfnVectors[9] @ 288
      49 00000028 00000000          .bits   0,32                    ; g_pfnVectors[10] @ 320
      50 0000002c 00000000!         .bits   IntDefaultHandler,32            ; g_pfnVectors[11] @ 352
      51 00000030 00000000!         .bits   IntDefaultHandler,32            ; g_pfnVectors[12] @ 384
      52 00000034 00000000          .bits   0,32                    ; g_pfnVectors[13] @ 416
      53 00000038 00000000!         .bits   IntDefaultHandler,32            ; g_pfnVectors[14] @ 448
      54 0000003c 00000000!         .bits   SysTickIntHandler,32            ; g_pfnVectors[15] @ 480
      55 00000040 00000000!         .bits   IntDefaultHandler,32            ; g_pfnVectors[16] @ 512
TI ARM Assembler PC v15.12.1 Tue Sep 13 14:23:08 2016

Tools Copyright (c) 1996-2015 Texas Instruments Incorporated
Program_Speakerbuzz_startup.asm                                      PAGE    2

      56 00000044 00000000!         .bits   IntDefaultHandler,32            ; g_pfnVectors[17] @ 544
      57 00000048 00000000!         .bits   IntDefaultHandler,32            ; g_pfnVectors[18] @ 576
      58 0000004c 00000000!         .bits   IntDefaultHandler,32            ; g_pfnVectors[19] @ 608
      59 00000050 00000000!         .bits   IntDefaultHandler,32            ; g_pfnVectors[20] @ 640
      60 00000054 00000000!         .bits   IntDefaultHandler,32            ; g_pfnVectors[21] @ 672
      61 00000058 00000000!         .bits   IntDefaultHandler,32            ; g_pfnVectors[22] @ 704
      62 0000005c 00000000!         .bits   IntDefaultHandler,32            ; g_pfnVectors[23] @ 736
      63 00000060 00000000!         .bits   IntDefaultHandler,32            ; g_pfnVectors[24] @ 768
      64 00000064 00000000!         .bits   IntDefaultHandler,32            ; g_pfnVectors[25] @ 800
      65 00000068 00000000!         .bits   IntDefaultHandler,32            ; g_pfnVectors[26] @ 832
      66 0000006c 00000000!         .bits   IntDefaultHandler,32            ; g_pfnVectors[27] @ 864
      67 00000070 00000000!         .bits   IntDefaultHandler,32            ; g_pfnVectors[28] @ 896
      68 00000074 00000000!         .bits   IntDefaultHandler,32            ; g_pfnVectors[29] @ 928
      69 00000078 00000000!         .bits   IntDefaultHandler,32            ; g_pfnVectors[30] @ 960
      70 0000007c 00000000!         .bits   IntDefaultHandler,32            ; g_pfnVectors[31] @ 992
      71 00000080 00000000!         .bits   IntDefaultHandler,32            ; g_pfnVectors[32] @ 1024
      72 00000084 00000000!         .bits   IntDefaultHandler,32            ; g_pfnVectors[33] @ 1056
      73 00000088 00000000!         .bits   IntDefaultHandler,32            ; g_pfnVectors[34] @ 1088
      74 0000008c 00000000!         .bits   IntDefaultHandler,32            ; g_pfnVectors[35] @ 1120
      75 00000090 00000000!         .bits   IntDefaultHandler,32            ; g_pfnVectors[36] @ 1152
      76 00000094 00000000!         .bits   IntDefaultHandler,32            ; g_pfnVectors[37] @ 1184
      77 00000098 00000000!         .bits   IntDefaultHandler,32            ; g_pfnVectors[38] @ 1216
      78 0000009c 00000000!         .bits   IntDefaultHandler,32            ; g_pfnVectors[39] @ 1248
      79 000000a0 00000000!         .bits   IntDefaultHandler,32            ; g_pfnVectors[40] @ 1280
      80 000000a4 00000000!         .bits   IntDefaultHandler,32            ; g_pfnVectors[41] @ 1312
      81 000000a8 00000000!         .bits   IntDefaultHandler,32            ; g_pfnVectors[42] @ 1344
      82 000000ac 00000000!         .bits   IntDefaultHandler,32            ; g_pfnVectors[43] @ 1376
      83 000000b0 00000000!         .bits   IntDefaultHandler,32            ; g_pfnVectors[44] @ 1408
      84 000000b4 00000000!         .bits   IntDefaultHandler,32            ; g_pfnVectors[45] @ 1440
      85 000000b8 00000000!         .bits   IntDefaultHandler,32            ; g_pfnVectors[46] @ 1472
      86 000000bc 00000000!         .bits   IntDefaultHandler,32            ; g_pfnVectors[47] @ 1504
      87 000000c0 00000000!         .bits   IntDefaultHandler,32            ; g_pfnVectors[48] @ 1536
      88 000000c4 00000000!         .bits   IntDefaultHandler,32            ; g_pfnVectors[49] @ 1568
      89 000000c8 00000000!         .bits   IntDefaultHandler,32            ; g_pfnVectors[50] @ 1600
      90 000000cc 00000000!         .bits   IntDefaultHandler,32            ; g_pfnVectors[51] @ 1632
      91 000000d0 00000000!         .bits   IntDefaultHandler,32            ; g_pfnVectors[52] @ 1664
      92 000000d4 00000000!         .bits   IntDefaultHandler,32            ; g_pfnVectors[53] @ 1696
      93 000000d8 00000000!         .bits   IntDefaultHandler,32            ; g_pfnVectors[54] @ 1728
      94 000000dc 00000000!         .bits   IntDefaultHandler,32            ; g_pfnVectors[55] @ 1760
      95 000000e0 00000000!         .bits   IntDefaultHandler,32            ; g_pfnVectors[56] @ 1792
      96 000000e4 00000000!         .bits   IntDefaultHandler,32            ; g_pfnVectors[57] @ 1824
      97 000000e8 00000000          .bits   0,32                    ; g_pfnVectors[58] @ 1856
      98 000000ec 00000000!         .bits   IntDefaultHandler,32            ; g_pfnVectors[59] @ 1888
      99                    
     100                    $C$DW$3 .dwtag  DW_TAG_variable
     101                            .dwattr $C$DW$3, DW_AT_name("g_pfnVectors")
     102                            .dwattr $C$DW$3, DW_AT_TI_symbol_name("g_pfnVectors")
     103                            .dwattr $C$DW$3, DW_AT_location[DW_OP_addr g_pfnVectors]
     104                            .dwattr $C$DW$3, DW_AT_type(*$C$DW$T$22)
     105                            .dwattr $C$DW$3, DW_AT_external
     106                            .dwattr $C$DW$3, DW_AT_decl_file("../Program_Speakerbuzz_startup.c")
     107                            .dwattr $C$DW$3, DW_AT_decl_line(0x43)
     108                            .dwattr $C$DW$3, DW_AT_decl_column(0x0f)
     109                    
     110                    ;       C:\TI_CodeComposer\ccsv6\tools\compiler\ti-cgt-arm_15.12.1.LTS\bin\armacpia.exe -@C:\\Users\\a
TI ARM Assembler PC v15.12.1 Tue Sep 13 14:23:08 2016

Tools Copyright (c) 1996-2015 Texas Instruments Incorporated
Program_Speakerbuzz_startup.asm                                      PAGE    3

     111 00000000                   .sect   ".text"
     112                            .clink
     113                            .thumbfunc ResetISR
     114 00000000                   .thumb
     115                            .global ResetISR
     116                    
     117                    $C$DW$4 .dwtag  DW_TAG_subprogram
     118                            .dwattr $C$DW$4, DW_AT_name("ResetISR")
     119                            .dwattr $C$DW$4, DW_AT_low_pc(ResetISR)
     120                            .dwattr $C$DW$4, DW_AT_high_pc(0x00)
     121                            .dwattr $C$DW$4, DW_AT_TI_symbol_name("ResetISR")
     122                            .dwattr $C$DW$4, DW_AT_external
     123                            .dwattr $C$DW$4, DW_AT_TI_begin_file("../Program_Speakerbuzz_startup.c")
     124                            .dwattr $C$DW$4, DW_AT_TI_begin_line(0x8f)
     125                            .dwattr $C$DW$4, DW_AT_TI_begin_column(0x01)
     126                            .dwattr $C$DW$4, DW_AT_decl_file("../Program_Speakerbuzz_startup.c")
     127                            .dwattr $C$DW$4, DW_AT_decl_line(0x8f)
     128                            .dwattr $C$DW$4, DW_AT_decl_column(0x01)
     129                            .dwattr $C$DW$4, DW_AT_TI_max_frame_size(0x00)
     130                            .dwpsn  file "../Program_Speakerbuzz_startup.c",line 144,column 1,is_stmt,address ResetISR,isa
     131                    
     132                            .dwfde $C$DW$CIE, ResetISR
     133                    
     134                    ;*****************************************************************************
     135                    ;* FUNCTION NAME: ResetISR                                                   *
     136                    ;*                                                                           *
     137                    ;*   Regs Modified     :                                                     *
     138                    ;*   Regs Used         : LR                                                  *
     139                    ;*   Local Frame Size  : 0 Args + 0 Auto + 0 Save = 0 byte                   *
     140                    ;*****************************************************************************
     141 00000000           ResetISR:
     142                    ;* --------------------------------------------------------------------------*
     143                            .dwcfi  cfa_offset, 0
     144                            .dwpsn  file "../Program_Speakerbuzz_startup.c",line 149,column 5,is_stmt,isa 1
     145                        .global _c_int00
     146 00000000 BFFEF7FF!     b.w     _c_int00 ; [KEEP 32-BIT INS]
     147                            .dwpsn  file "../Program_Speakerbuzz_startup.c",line 151,column 1,is_stmt,isa 1
     148                    $C$DW$5 .dwtag  DW_TAG_TI_branch
     149                            .dwattr $C$DW$5, DW_AT_low_pc(0x00)
     150                            .dwattr $C$DW$5, DW_AT_TI_return
     151                    
     152 00000004 4770              BX        LR                    ; [DPU_3_PIPE]  ; [ORIG 16-BIT INS]
     153                            ; BRANCH OCCURS                  ; [] 
     154                            .dwattr $C$DW$4, DW_AT_TI_end_file("../Program_Speakerbuzz_startup.c")
     155                            .dwattr $C$DW$4, DW_AT_TI_end_line(0x97)
     156                            .dwattr $C$DW$4, DW_AT_TI_end_column(0x01)
     157                            .dwendentry
     158                            .dwendtag $C$DW$4
     159                    
     160 00000006                   .sect   ".text"
     161                            .clink
     162                            .thumbfunc NmiSR
     163 00000006                   .thumb
     164                    
     165                    $C$DW$6 .dwtag  DW_TAG_subprogram
TI ARM Assembler PC v15.12.1 Tue Sep 13 14:23:08 2016

Tools Copyright (c) 1996-2015 Texas Instruments Incorporated
Program_Speakerbuzz_startup.asm                                      PAGE    4

     166                            .dwattr $C$DW$6, DW_AT_name("NmiSR")
     167                            .dwattr $C$DW$6, DW_AT_low_pc(NmiSR)
     168                            .dwattr $C$DW$6, DW_AT_high_pc(0x00)
     169                            .dwattr $C$DW$6, DW_AT_TI_symbol_name("NmiSR")
     170                            .dwattr $C$DW$6, DW_AT_TI_begin_file("../Program_Speakerbuzz_startup.c")
     171                            .dwattr $C$DW$6, DW_AT_TI_begin_line(0xa1)
     172                            .dwattr $C$DW$6, DW_AT_TI_begin_column(0x01)
     173                            .dwattr $C$DW$6, DW_AT_decl_file("../Program_Speakerbuzz_startup.c")
     174                            .dwattr $C$DW$6, DW_AT_decl_line(0xa1)
     175                            .dwattr $C$DW$6, DW_AT_decl_column(0x01)
     176                            .dwattr $C$DW$6, DW_AT_TI_max_frame_size(0x00)
     177                            .dwpsn  file "../Program_Speakerbuzz_startup.c",line 162,column 1,is_stmt,address NmiSR,isa 1
     178                    
     179                            .dwfde $C$DW$CIE, NmiSR
     180                    
     181                    ;*****************************************************************************
     182                    ;* FUNCTION NAME: NmiSR                                                      *
     183                    ;*                                                                           *
     184                    ;*   Regs Modified     :                                                     *
     185                    ;*   Regs Used         : LR                                                  *
     186                    ;*   Local Frame Size  : 0 Args + 0 Auto + 0 Save = 0 byte                   *
     187                    ;*****************************************************************************
     188 00000006           NmiSR:
     189                    ;* --------------------------------------------------------------------------*
     190                            .dwcfi  cfa_offset, 0
     191                            .dwpsn  file "../Program_Speakerbuzz_startup.c",line 166,column 11,is_stmt,isa 1
     192                    ;* --------------------------------------------------------------------------*
     193                    ;*   BEGIN LOOP ||$C$L1||
     194                    ;*
     195                    ;*   Loop source line                : 166
     196                    ;*   Loop closing brace source line  : 168
     197                    ;*   Known Minimum Trip Count        : 1
     198                    ;*   Known Maximum Trip Count        : 4294967295
     199                    ;*   Known Max Trip Count Factor     : 1
     200                    ;* --------------------------------------------------------------------------*
     201 00000006           ||$C$L1||:    
     202 00000006 E7FE              B         ||$C$L1||             ; [DPU_3_PIPE] |166|  ; [ORIG 16-BIT INS]
     203                            ; BRANCH OCCURS {||$C$L1||}      ; [] |166| 
     204                    ;* --------------------------------------------------------------------------*
     205                            .dwattr $C$DW$6, DW_AT_TI_end_file("../Program_Speakerbuzz_startup.c")
     206                            .dwattr $C$DW$6, DW_AT_TI_end_line(0xa9)
     207                            .dwattr $C$DW$6, DW_AT_TI_end_column(0x01)
     208                            .dwendentry
     209                            .dwendtag $C$DW$6
     210                    
     211 00000008                   .sect   ".text"
     212                            .clink
     213                            .thumbfunc FaultISR
     214 00000008                   .thumb
     215                    
     216                    $C$DW$7 .dwtag  DW_TAG_subprogram
     217                            .dwattr $C$DW$7, DW_AT_name("FaultISR")
     218                            .dwattr $C$DW$7, DW_AT_low_pc(FaultISR)
     219                            .dwattr $C$DW$7, DW_AT_high_pc(0x00)
     220                            .dwattr $C$DW$7, DW_AT_TI_symbol_name("FaultISR")
TI ARM Assembler PC v15.12.1 Tue Sep 13 14:23:08 2016

Tools Copyright (c) 1996-2015 Texas Instruments Incorporated
Program_Speakerbuzz_startup.asm                                      PAGE    5

     221                            .dwattr $C$DW$7, DW_AT_TI_begin_file("../Program_Speakerbuzz_startup.c")
     222                            .dwattr $C$DW$7, DW_AT_TI_begin_line(0xb3)
     223                            .dwattr $C$DW$7, DW_AT_TI_begin_column(0x01)
     224                            .dwattr $C$DW$7, DW_AT_decl_file("../Program_Speakerbuzz_startup.c")
     225                            .dwattr $C$DW$7, DW_AT_decl_line(0xb3)
     226                            .dwattr $C$DW$7, DW_AT_decl_column(0x01)
     227                            .dwattr $C$DW$7, DW_AT_TI_max_frame_size(0x00)
     228                            .dwpsn  file "../Program_Speakerbuzz_startup.c",line 180,column 1,is_stmt,address FaultISR,isa
     229                    
     230                            .dwfde $C$DW$CIE, FaultISR
     231                    
     232                    ;*****************************************************************************
     233                    ;* FUNCTION NAME: FaultISR                                                   *
     234                    ;*                                                                           *
     235                    ;*   Regs Modified     :                                                     *
     236                    ;*   Regs Used         : LR                                                  *
     237                    ;*   Local Frame Size  : 0 Args + 0 Auto + 0 Save = 0 byte                   *
     238                    ;*****************************************************************************
     239 00000008           FaultISR:
     240                    ;* --------------------------------------------------------------------------*
     241                            .dwcfi  cfa_offset, 0
     242                            .dwpsn  file "../Program_Speakerbuzz_startup.c",line 184,column 11,is_stmt,isa 1
     243                    ;* --------------------------------------------------------------------------*
     244                    ;*   BEGIN LOOP ||$C$L2||
     245                    ;*
     246                    ;*   Loop source line                : 184
     247                    ;*   Loop closing brace source line  : 186
     248                    ;*   Known Minimum Trip Count        : 1
     249                    ;*   Known Maximum Trip Count        : 4294967295
     250                    ;*   Known Max Trip Count Factor     : 1
     251                    ;* --------------------------------------------------------------------------*
     252 00000008           ||$C$L2||:    
     253 00000008 E7FE              B         ||$C$L2||             ; [DPU_3_PIPE] |184|  ; [ORIG 16-BIT INS]
     254                            ; BRANCH OCCURS {||$C$L2||}      ; [] |184| 
     255                    ;* --------------------------------------------------------------------------*
     256                            .dwattr $C$DW$7, DW_AT_TI_end_file("../Program_Speakerbuzz_startup.c")
     257                            .dwattr $C$DW$7, DW_AT_TI_end_line(0xbb)
     258                            .dwattr $C$DW$7, DW_AT_TI_end_column(0x01)
     259                            .dwendentry
     260                            .dwendtag $C$DW$7
     261                    
     262 0000000a                   .sect   ".text"
     263                            .clink
     264                            .thumbfunc IntDefaultHandler
     265 0000000a                   .thumb
     266                    
     267                    $C$DW$8 .dwtag  DW_TAG_subprogram
     268                            .dwattr $C$DW$8, DW_AT_name("IntDefaultHandler")
     269                            .dwattr $C$DW$8, DW_AT_low_pc(IntDefaultHandler)
     270                            .dwattr $C$DW$8, DW_AT_high_pc(0x00)
     271                            .dwattr $C$DW$8, DW_AT_TI_symbol_name("IntDefaultHandler")
     272                            .dwattr $C$DW$8, DW_AT_TI_begin_file("../Program_Speakerbuzz_startup.c")
     273                            .dwattr $C$DW$8, DW_AT_TI_begin_line(0xc5)
     274                            .dwattr $C$DW$8, DW_AT_TI_begin_column(0x01)
     275                            .dwattr $C$DW$8, DW_AT_decl_file("../Program_Speakerbuzz_startup.c")
TI ARM Assembler PC v15.12.1 Tue Sep 13 14:23:08 2016

Tools Copyright (c) 1996-2015 Texas Instruments Incorporated
Program_Speakerbuzz_startup.asm                                      PAGE    6

     276                            .dwattr $C$DW$8, DW_AT_decl_line(0xc5)
     277                            .dwattr $C$DW$8, DW_AT_decl_column(0x01)
     278                            .dwattr $C$DW$8, DW_AT_TI_max_frame_size(0x00)
     279                            .dwpsn  file "../Program_Speakerbuzz_startup.c",line 198,column 1,is_stmt,address IntDefaultHa
     280                    
     281                            .dwfde $C$DW$CIE, IntDefaultHandler
     282                    
     283                    ;*****************************************************************************
     284                    ;* FUNCTION NAME: IntDefaultHandler                                          *
     285                    ;*                                                                           *
     286                    ;*   Regs Modified     :                                                     *
     287                    ;*   Regs Used         : LR                                                  *
     288                    ;*   Local Frame Size  : 0 Args + 0 Auto + 0 Save = 0 byte                   *
     289                    ;*****************************************************************************
     290 0000000a           IntDefaultHandler:
     291                    ;* --------------------------------------------------------------------------*
     292                            .dwcfi  cfa_offset, 0
     293                            .dwpsn  file "../Program_Speakerbuzz_startup.c",line 202,column 11,is_stmt,isa 1
     294                    ;* --------------------------------------------------------------------------*
     295                    ;*   BEGIN LOOP ||$C$L3||
     296                    ;*
     297                    ;*   Loop source line                : 202
     298                    ;*   Loop closing brace source line  : 204
     299                    ;*   Known Minimum Trip Count        : 1
     300                    ;*   Known Maximum Trip Count        : 4294967295
     301                    ;*   Known Max Trip Count Factor     : 1
     302                    ;* --------------------------------------------------------------------------*
     303 0000000a           ||$C$L3||:    
     304 0000000a E7FE              B         ||$C$L3||             ; [DPU_3_PIPE] |202|  ; [ORIG 16-BIT INS]
     305                            ; BRANCH OCCURS {||$C$L3||}      ; [] |202| 
     306                    ;* --------------------------------------------------------------------------*
     307                            .dwattr $C$DW$8, DW_AT_TI_end_file("../Program_Speakerbuzz_startup.c")
     308                            .dwattr $C$DW$8, DW_AT_TI_end_line(0xcd)
     309                            .dwattr $C$DW$8, DW_AT_TI_end_column(0x01)
     310                            .dwendentry
     311                            .dwendtag $C$DW$8
     312                    
     313                    ;*****************************************************************************
     314                    ;* UNDEFINED EXTERNAL REFERENCES                                             *
     315                    ;*****************************************************************************
     316                            .global SysTickIntHandler
     317                            .global __STACK_TOP
     318                    
     319                    ;******************************************************************************
     320                    ;* BUILD ATTRIBUTES                                                           *
     321                    ;******************************************************************************
     322                            .battr "aeabi", Tag_File, 1, Tag_ABI_PCS_wchar_t(2)
     323                            .battr "aeabi", Tag_File, 1, Tag_ABI_FP_rounding(0)
     324                            .battr "aeabi", Tag_File, 1, Tag_ABI_FP_denormal(0)
     325                            .battr "aeabi", Tag_File, 1, Tag_ABI_FP_exceptions(0)
     326                            .battr "aeabi", Tag_File, 1, Tag_ABI_FP_number_model(1)
     327                            .battr "aeabi", Tag_File, 1, Tag_ABI_enum_size(0)
     328                            .battr "aeabi", Tag_File, 1, Tag_ABI_optimization_goals(5)
     329                            .battr "aeabi", Tag_File, 1, Tag_ABI_FP_optimization_goals(0)
     330                            .battr "TI", Tag_File, 1, Tag_Bitfield_layout(2)
TI ARM Assembler PC v15.12.1 Tue Sep 13 14:23:08 2016

Tools Copyright (c) 1996-2015 Texas Instruments Incorporated
Program_Speakerbuzz_startup.asm                                      PAGE    7

     331                            .battr "TI", Tag_File, 1, Tag_FP_interface(1)
     332                    
     333                    ;******************************************************************************
     334                    ;* TYPE INFORMATION                                                           *
     335                    ;******************************************************************************
     336                    $C$DW$T$2       .dwtag  DW_TAG_unspecified_type
     337                            .dwattr $C$DW$T$2, DW_AT_name("void")
     338                    
     339                    
     340                    $C$DW$T$19      .dwtag  DW_TAG_subroutine_type
     341                            .dwattr $C$DW$T$19, DW_AT_language(DW_LANG_C)
     342                            .dwendtag $C$DW$T$19
     343                    
     344                    $C$DW$T$20      .dwtag  DW_TAG_pointer_type
     345                            .dwattr $C$DW$T$20, DW_AT_type(*$C$DW$T$19)
     346                            .dwattr $C$DW$T$20, DW_AT_address_class(0x20)
     347                    
     348                    $C$DW$T$21      .dwtag  DW_TAG_const_type
     349                            .dwattr $C$DW$T$21, DW_AT_type(*$C$DW$T$20)
     350                    
     351                    
     352                    $C$DW$T$22      .dwtag  DW_TAG_array_type
     353                            .dwattr $C$DW$T$22, DW_AT_type(*$C$DW$T$21)
     354                            .dwattr $C$DW$T$22, DW_AT_language(DW_LANG_C)
     355                            .dwattr $C$DW$T$22, DW_AT_byte_size(0xf0)
     356                    $C$DW$9 .dwtag  DW_TAG_subrange_type
     357                            .dwattr $C$DW$9, DW_AT_upper_bound(0x3b)
     358                    
     359                            .dwendtag $C$DW$T$22
     360                    
     361                    $C$DW$T$4       .dwtag  DW_TAG_base_type
     362                            .dwattr $C$DW$T$4, DW_AT_encoding(DW_ATE_boolean)
     363                            .dwattr $C$DW$T$4, DW_AT_name("bool")
     364                            .dwattr $C$DW$T$4, DW_AT_byte_size(0x01)
     365                    
     366                    $C$DW$T$5       .dwtag  DW_TAG_base_type
     367                            .dwattr $C$DW$T$5, DW_AT_encoding(DW_ATE_signed_char)
     368                            .dwattr $C$DW$T$5, DW_AT_name("signed char")
     369                            .dwattr $C$DW$T$5, DW_AT_byte_size(0x01)
     370                    
     371                    $C$DW$T$23      .dwtag  DW_TAG_typedef
     372                            .dwattr $C$DW$T$23, DW_AT_name("int8_t")
     373                            .dwattr $C$DW$T$23, DW_AT_type(*$C$DW$T$5)
     374                            .dwattr $C$DW$T$23, DW_AT_language(DW_LANG_C)
     375                            .dwattr $C$DW$T$23, DW_AT_decl_file("C:/TI_CodeComposer/ccsv6/tools/compiler/ti-cgt-arm_15.12.
     376                            .dwattr $C$DW$T$23, DW_AT_decl_line(0x2a)
     377                            .dwattr $C$DW$T$23, DW_AT_decl_column(0x1d)
     378                    
     379                    $C$DW$T$24      .dwtag  DW_TAG_typedef
     380                            .dwattr $C$DW$T$24, DW_AT_name("int_least8_t")
     381                            .dwattr $C$DW$T$24, DW_AT_type(*$C$DW$T$23)
     382                            .dwattr $C$DW$T$24, DW_AT_language(DW_LANG_C)
     383                            .dwattr $C$DW$T$24, DW_AT_decl_file("C:/TI_CodeComposer/ccsv6/tools/compiler/ti-cgt-arm_15.12.
     384                            .dwattr $C$DW$T$24, DW_AT_decl_line(0x37)
     385                            .dwattr $C$DW$T$24, DW_AT_decl_column(0x17)
TI ARM Assembler PC v15.12.1 Tue Sep 13 14:23:08 2016

Tools Copyright (c) 1996-2015 Texas Instruments Incorporated
Program_Speakerbuzz_startup.asm                                      PAGE    8

     386                    
     387                    $C$DW$T$6       .dwtag  DW_TAG_base_type
     388                            .dwattr $C$DW$T$6, DW_AT_encoding(DW_ATE_unsigned_char)
     389                            .dwattr $C$DW$T$6, DW_AT_name("unsigned char")
     390                            .dwattr $C$DW$T$6, DW_AT_byte_size(0x01)
     391                    
     392                    $C$DW$T$25      .dwtag  DW_TAG_typedef
     393                            .dwattr $C$DW$T$25, DW_AT_name("uint8_t")
     394                            .dwattr $C$DW$T$25, DW_AT_type(*$C$DW$T$6)
     395                            .dwattr $C$DW$T$25, DW_AT_language(DW_LANG_C)
     396                            .dwattr $C$DW$T$25, DW_AT_decl_file("C:/TI_CodeComposer/ccsv6/tools/compiler/ti-cgt-arm_15.12.
     397                            .dwattr $C$DW$T$25, DW_AT_decl_line(0x2b)
     398                            .dwattr $C$DW$T$25, DW_AT_decl_column(0x1c)
     399                    
     400                    $C$DW$T$26      .dwtag  DW_TAG_typedef
     401                            .dwattr $C$DW$T$26, DW_AT_name("uint_least8_t")
     402                            .dwattr $C$DW$T$26, DW_AT_type(*$C$DW$T$25)
     403                            .dwattr $C$DW$T$26, DW_AT_language(DW_LANG_C)
     404                            .dwattr $C$DW$T$26, DW_AT_decl_file("C:/TI_CodeComposer/ccsv6/tools/compiler/ti-cgt-arm_15.12.
     405                            .dwattr $C$DW$T$26, DW_AT_decl_line(0x38)
     406                            .dwattr $C$DW$T$26, DW_AT_decl_column(0x16)
     407                    
     408                    $C$DW$T$7       .dwtag  DW_TAG_base_type
     409                            .dwattr $C$DW$T$7, DW_AT_encoding(DW_ATE_signed_char)
     410                            .dwattr $C$DW$T$7, DW_AT_name("wchar_t")
     411                            .dwattr $C$DW$T$7, DW_AT_byte_size(0x02)
     412                    
     413                    $C$DW$T$8       .dwtag  DW_TAG_base_type
     414                            .dwattr $C$DW$T$8, DW_AT_encoding(DW_ATE_signed)
     415                            .dwattr $C$DW$T$8, DW_AT_name("short")
     416                            .dwattr $C$DW$T$8, DW_AT_byte_size(0x02)
     417                    
     418                    $C$DW$T$27      .dwtag  DW_TAG_typedef
     419                            .dwattr $C$DW$T$27, DW_AT_name("int16_t")
     420                            .dwattr $C$DW$T$27, DW_AT_type(*$C$DW$T$8)
     421                            .dwattr $C$DW$T$27, DW_AT_language(DW_LANG_C)
     422                            .dwattr $C$DW$T$27, DW_AT_decl_file("C:/TI_CodeComposer/ccsv6/tools/compiler/ti-cgt-arm_15.12.
     423                            .dwattr $C$DW$T$27, DW_AT_decl_line(0x2c)
     424                            .dwattr $C$DW$T$27, DW_AT_decl_column(0x1d)
     425                    
     426                    $C$DW$T$28      .dwtag  DW_TAG_typedef
     427                            .dwattr $C$DW$T$28, DW_AT_name("int_least16_t")
     428                            .dwattr $C$DW$T$28, DW_AT_type(*$C$DW$T$27)
     429                            .dwattr $C$DW$T$28, DW_AT_language(DW_LANG_C)
     430                            .dwattr $C$DW$T$28, DW_AT_decl_file("C:/TI_CodeComposer/ccsv6/tools/compiler/ti-cgt-arm_15.12.
     431                            .dwattr $C$DW$T$28, DW_AT_decl_line(0x3a)
     432                            .dwattr $C$DW$T$28, DW_AT_decl_column(0x17)
     433                    
     434                    $C$DW$T$9       .dwtag  DW_TAG_base_type
     435                            .dwattr $C$DW$T$9, DW_AT_encoding(DW_ATE_unsigned)
     436                            .dwattr $C$DW$T$9, DW_AT_name("unsigned short")
     437                            .dwattr $C$DW$T$9, DW_AT_byte_size(0x02)
     438                    
     439                    $C$DW$T$29      .dwtag  DW_TAG_typedef
     440                            .dwattr $C$DW$T$29, DW_AT_name("uint16_t")
TI ARM Assembler PC v15.12.1 Tue Sep 13 14:23:08 2016

Tools Copyright (c) 1996-2015 Texas Instruments Incorporated
Program_Speakerbuzz_startup.asm                                      PAGE    9

     441                            .dwattr $C$DW$T$29, DW_AT_type(*$C$DW$T$9)
     442                            .dwattr $C$DW$T$29, DW_AT_language(DW_LANG_C)
     443                            .dwattr $C$DW$T$29, DW_AT_decl_file("C:/TI_CodeComposer/ccsv6/tools/compiler/ti-cgt-arm_15.12.
     444                            .dwattr $C$DW$T$29, DW_AT_decl_line(0x2d)
     445                            .dwattr $C$DW$T$29, DW_AT_decl_column(0x1c)
     446                    
     447                    $C$DW$T$30      .dwtag  DW_TAG_typedef
     448                            .dwattr $C$DW$T$30, DW_AT_name("uint_least16_t")
     449                            .dwattr $C$DW$T$30, DW_AT_type(*$C$DW$T$29)
     450                            .dwattr $C$DW$T$30, DW_AT_language(DW_LANG_C)
     451                            .dwattr $C$DW$T$30, DW_AT_decl_file("C:/TI_CodeComposer/ccsv6/tools/compiler/ti-cgt-arm_15.12.
     452                            .dwattr $C$DW$T$30, DW_AT_decl_line(0x3b)
     453                            .dwattr $C$DW$T$30, DW_AT_decl_column(0x16)
     454                    
     455                    $C$DW$T$10      .dwtag  DW_TAG_base_type
     456                            .dwattr $C$DW$T$10, DW_AT_encoding(DW_ATE_signed)
     457                            .dwattr $C$DW$T$10, DW_AT_name("int")
     458                            .dwattr $C$DW$T$10, DW_AT_byte_size(0x04)
     459                    
     460                    $C$DW$T$31      .dwtag  DW_TAG_typedef
     461                            .dwattr $C$DW$T$31, DW_AT_name("int32_t")
     462                            .dwattr $C$DW$T$31, DW_AT_type(*$C$DW$T$10)
     463                            .dwattr $C$DW$T$31, DW_AT_language(DW_LANG_C)
     464                            .dwattr $C$DW$T$31, DW_AT_decl_file("C:/TI_CodeComposer/ccsv6/tools/compiler/ti-cgt-arm_15.12.
     465                            .dwattr $C$DW$T$31, DW_AT_decl_line(0x2e)
     466                            .dwattr $C$DW$T$31, DW_AT_decl_column(0x1d)
     467                    
     468                    $C$DW$T$32      .dwtag  DW_TAG_typedef
     469                            .dwattr $C$DW$T$32, DW_AT_name("int_fast16_t")
     470                            .dwattr $C$DW$T$32, DW_AT_type(*$C$DW$T$31)
     471                            .dwattr $C$DW$T$32, DW_AT_language(DW_LANG_C)
     472                            .dwattr $C$DW$T$32, DW_AT_decl_file("C:/TI_CodeComposer/ccsv6/tools/compiler/ti-cgt-arm_15.12.
     473                            .dwattr $C$DW$T$32, DW_AT_decl_line(0x47)
     474                            .dwattr $C$DW$T$32, DW_AT_decl_column(0x17)
     475                    
     476                    $C$DW$T$33      .dwtag  DW_TAG_typedef
     477                            .dwattr $C$DW$T$33, DW_AT_name("int_fast32_t")
     478                            .dwattr $C$DW$T$33, DW_AT_type(*$C$DW$T$31)
     479                            .dwattr $C$DW$T$33, DW_AT_language(DW_LANG_C)
     480                            .dwattr $C$DW$T$33, DW_AT_decl_file("C:/TI_CodeComposer/ccsv6/tools/compiler/ti-cgt-arm_15.12.
     481                            .dwattr $C$DW$T$33, DW_AT_decl_line(0x4a)
     482                            .dwattr $C$DW$T$33, DW_AT_decl_column(0x17)
     483                    
     484                    $C$DW$T$34      .dwtag  DW_TAG_typedef
     485                            .dwattr $C$DW$T$34, DW_AT_name("int_fast8_t")
     486                            .dwattr $C$DW$T$34, DW_AT_type(*$C$DW$T$31)
     487                            .dwattr $C$DW$T$34, DW_AT_language(DW_LANG_C)
     488                            .dwattr $C$DW$T$34, DW_AT_decl_file("C:/TI_CodeComposer/ccsv6/tools/compiler/ti-cgt-arm_15.12.
     489                            .dwattr $C$DW$T$34, DW_AT_decl_line(0x45)
     490                            .dwattr $C$DW$T$34, DW_AT_decl_column(0x17)
     491                    
     492                    $C$DW$T$35      .dwtag  DW_TAG_typedef
     493                            .dwattr $C$DW$T$35, DW_AT_name("int_least32_t")
     494                            .dwattr $C$DW$T$35, DW_AT_type(*$C$DW$T$31)
     495                            .dwattr $C$DW$T$35, DW_AT_language(DW_LANG_C)
TI ARM Assembler PC v15.12.1 Tue Sep 13 14:23:08 2016

Tools Copyright (c) 1996-2015 Texas Instruments Incorporated
Program_Speakerbuzz_startup.asm                                      PAGE   10

     496                            .dwattr $C$DW$T$35, DW_AT_decl_file("C:/TI_CodeComposer/ccsv6/tools/compiler/ti-cgt-arm_15.12.
     497                            .dwattr $C$DW$T$35, DW_AT_decl_line(0x3c)
     498                            .dwattr $C$DW$T$35, DW_AT_decl_column(0x17)
     499                    
     500                    $C$DW$T$36      .dwtag  DW_TAG_typedef
     501                            .dwattr $C$DW$T$36, DW_AT_name("intptr_t")
     502                            .dwattr $C$DW$T$36, DW_AT_type(*$C$DW$T$10)
     503                            .dwattr $C$DW$T$36, DW_AT_language(DW_LANG_C)
     504                            .dwattr $C$DW$T$36, DW_AT_decl_file("C:/TI_CodeComposer/ccsv6/tools/compiler/ti-cgt-arm_15.12.
     505                            .dwattr $C$DW$T$36, DW_AT_decl_line(0x52)
     506                            .dwattr $C$DW$T$36, DW_AT_decl_column(0x1a)
     507                    
     508                    $C$DW$T$11      .dwtag  DW_TAG_base_type
     509                            .dwattr $C$DW$T$11, DW_AT_encoding(DW_ATE_unsigned)
     510                            .dwattr $C$DW$T$11, DW_AT_name("unsigned int")
     511                            .dwattr $C$DW$T$11, DW_AT_byte_size(0x04)
     512                    
     513                    $C$DW$T$37      .dwtag  DW_TAG_typedef
     514                            .dwattr $C$DW$T$37, DW_AT_name("uint32_t")
     515                            .dwattr $C$DW$T$37, DW_AT_type(*$C$DW$T$11)
     516                            .dwattr $C$DW$T$37, DW_AT_language(DW_LANG_C)
     517                            .dwattr $C$DW$T$37, DW_AT_decl_file("C:/TI_CodeComposer/ccsv6/tools/compiler/ti-cgt-arm_15.12.
     518                            .dwattr $C$DW$T$37, DW_AT_decl_line(0x2f)
     519                            .dwattr $C$DW$T$37, DW_AT_decl_column(0x1c)
     520                    
     521                    $C$DW$T$39      .dwtag  DW_TAG_typedef
     522                            .dwattr $C$DW$T$39, DW_AT_name("uint_fast16_t")
     523                            .dwattr $C$DW$T$39, DW_AT_type(*$C$DW$T$37)
     524                            .dwattr $C$DW$T$39, DW_AT_language(DW_LANG_C)
     525                            .dwattr $C$DW$T$39, DW_AT_decl_file("C:/TI_CodeComposer/ccsv6/tools/compiler/ti-cgt-arm_15.12.
     526                            .dwattr $C$DW$T$39, DW_AT_decl_line(0x48)
     527                            .dwattr $C$DW$T$39, DW_AT_decl_column(0x16)
     528                    
     529                    $C$DW$T$40      .dwtag  DW_TAG_typedef
     530                            .dwattr $C$DW$T$40, DW_AT_name("uint_fast32_t")
     531                            .dwattr $C$DW$T$40, DW_AT_type(*$C$DW$T$37)
     532                            .dwattr $C$DW$T$40, DW_AT_language(DW_LANG_C)
     533                            .dwattr $C$DW$T$40, DW_AT_decl_file("C:/TI_CodeComposer/ccsv6/tools/compiler/ti-cgt-arm_15.12.
     534                            .dwattr $C$DW$T$40, DW_AT_decl_line(0x4b)
     535                            .dwattr $C$DW$T$40, DW_AT_decl_column(0x16)
     536                    
     537                    $C$DW$T$41      .dwtag  DW_TAG_typedef
     538                            .dwattr $C$DW$T$41, DW_AT_name("uint_fast8_t")
     539                            .dwattr $C$DW$T$41, DW_AT_type(*$C$DW$T$37)
     540                            .dwattr $C$DW$T$41, DW_AT_language(DW_LANG_C)
     541                            .dwattr $C$DW$T$41, DW_AT_decl_file("C:/TI_CodeComposer/ccsv6/tools/compiler/ti-cgt-arm_15.12.
     542                            .dwattr $C$DW$T$41, DW_AT_decl_line(0x46)
     543                            .dwattr $C$DW$T$41, DW_AT_decl_column(0x16)
     544                    
     545                    $C$DW$T$42      .dwtag  DW_TAG_typedef
     546                            .dwattr $C$DW$T$42, DW_AT_name("uint_least32_t")
     547                            .dwattr $C$DW$T$42, DW_AT_type(*$C$DW$T$37)
     548                            .dwattr $C$DW$T$42, DW_AT_language(DW_LANG_C)
     549                            .dwattr $C$DW$T$42, DW_AT_decl_file("C:/TI_CodeComposer/ccsv6/tools/compiler/ti-cgt-arm_15.12.
     550                            .dwattr $C$DW$T$42, DW_AT_decl_line(0x3d)
TI ARM Assembler PC v15.12.1 Tue Sep 13 14:23:08 2016

Tools Copyright (c) 1996-2015 Texas Instruments Incorporated
Program_Speakerbuzz_startup.asm                                      PAGE   11

     551                            .dwattr $C$DW$T$42, DW_AT_decl_column(0x16)
     552                    
     553                    $C$DW$T$43      .dwtag  DW_TAG_typedef
     554                            .dwattr $C$DW$T$43, DW_AT_name("uintptr_t")
     555                            .dwattr $C$DW$T$43, DW_AT_type(*$C$DW$T$11)
     556                            .dwattr $C$DW$T$43, DW_AT_language(DW_LANG_C)
     557                            .dwattr $C$DW$T$43, DW_AT_decl_file("C:/TI_CodeComposer/ccsv6/tools/compiler/ti-cgt-arm_15.12.
     558                            .dwattr $C$DW$T$43, DW_AT_decl_line(0x53)
     559                            .dwattr $C$DW$T$43, DW_AT_decl_column(0x1a)
     560                    
     561                    $C$DW$T$12      .dwtag  DW_TAG_base_type
     562                            .dwattr $C$DW$T$12, DW_AT_encoding(DW_ATE_signed)
     563                            .dwattr $C$DW$T$12, DW_AT_name("long")
     564                            .dwattr $C$DW$T$12, DW_AT_byte_size(0x04)
     565                    
     566                    $C$DW$T$13      .dwtag  DW_TAG_base_type
     567                            .dwattr $C$DW$T$13, DW_AT_encoding(DW_ATE_unsigned)
     568                            .dwattr $C$DW$T$13, DW_AT_name("unsigned long")
     569                            .dwattr $C$DW$T$13, DW_AT_byte_size(0x04)
     570                    
     571                    $C$DW$T$14      .dwtag  DW_TAG_base_type
     572                            .dwattr $C$DW$T$14, DW_AT_encoding(DW_ATE_signed)
     573                            .dwattr $C$DW$T$14, DW_AT_name("long long")
     574                            .dwattr $C$DW$T$14, DW_AT_byte_size(0x08)
     575                    
     576                    $C$DW$T$44      .dwtag  DW_TAG_typedef
     577                            .dwattr $C$DW$T$44, DW_AT_name("int64_t")
     578                            .dwattr $C$DW$T$44, DW_AT_type(*$C$DW$T$14)
     579                            .dwattr $C$DW$T$44, DW_AT_language(DW_LANG_C)
     580                            .dwattr $C$DW$T$44, DW_AT_decl_file("C:/TI_CodeComposer/ccsv6/tools/compiler/ti-cgt-arm_15.12.
     581                            .dwattr $C$DW$T$44, DW_AT_decl_line(0x32)
     582                            .dwattr $C$DW$T$44, DW_AT_decl_column(0x21)
     583                    
     584                    $C$DW$T$45      .dwtag  DW_TAG_typedef
     585                            .dwattr $C$DW$T$45, DW_AT_name("int_fast64_t")
     586                            .dwattr $C$DW$T$45, DW_AT_type(*$C$DW$T$44)
     587                            .dwattr $C$DW$T$45, DW_AT_language(DW_LANG_C)
     588                            .dwattr $C$DW$T$45, DW_AT_decl_file("C:/TI_CodeComposer/ccsv6/tools/compiler/ti-cgt-arm_15.12.
     589                            .dwattr $C$DW$T$45, DW_AT_decl_line(0x4e)
     590                            .dwattr $C$DW$T$45, DW_AT_decl_column(0x17)
     591                    
     592                    $C$DW$T$46      .dwtag  DW_TAG_typedef
     593                            .dwattr $C$DW$T$46, DW_AT_name("int_least64_t")
     594                            .dwattr $C$DW$T$46, DW_AT_type(*$C$DW$T$44)
     595                            .dwattr $C$DW$T$46, DW_AT_language(DW_LANG_C)
     596                            .dwattr $C$DW$T$46, DW_AT_decl_file("C:/TI_CodeComposer/ccsv6/tools/compiler/ti-cgt-arm_15.12.
     597                            .dwattr $C$DW$T$46, DW_AT_decl_line(0x40)
     598                            .dwattr $C$DW$T$46, DW_AT_decl_column(0x17)
     599                    
     600                    $C$DW$T$47      .dwtag  DW_TAG_typedef
     601                            .dwattr $C$DW$T$47, DW_AT_name("intmax_t")
     602                            .dwattr $C$DW$T$47, DW_AT_type(*$C$DW$T$14)
     603                            .dwattr $C$DW$T$47, DW_AT_language(DW_LANG_C)
     604                            .dwattr $C$DW$T$47, DW_AT_decl_file("C:/TI_CodeComposer/ccsv6/tools/compiler/ti-cgt-arm_15.12.
     605                            .dwattr $C$DW$T$47, DW_AT_decl_line(0x56)
TI ARM Assembler PC v15.12.1 Tue Sep 13 14:23:08 2016

Tools Copyright (c) 1996-2015 Texas Instruments Incorporated
Program_Speakerbuzz_startup.asm                                      PAGE   12

     606                            .dwattr $C$DW$T$47, DW_AT_decl_column(0x20)
     607                    
     608                    $C$DW$T$15      .dwtag  DW_TAG_base_type
     609                            .dwattr $C$DW$T$15, DW_AT_encoding(DW_ATE_unsigned)
     610                            .dwattr $C$DW$T$15, DW_AT_name("unsigned long long")
     611                            .dwattr $C$DW$T$15, DW_AT_byte_size(0x08)
     612                    
     613                    $C$DW$T$48      .dwtag  DW_TAG_typedef
     614                            .dwattr $C$DW$T$48, DW_AT_name("uint64_t")
     615                            .dwattr $C$DW$T$48, DW_AT_type(*$C$DW$T$15)
     616                            .dwattr $C$DW$T$48, DW_AT_language(DW_LANG_C)
     617                            .dwattr $C$DW$T$48, DW_AT_decl_file("C:/TI_CodeComposer/ccsv6/tools/compiler/ti-cgt-arm_15.12.
     618                            .dwattr $C$DW$T$48, DW_AT_decl_line(0x33)
     619                            .dwattr $C$DW$T$48, DW_AT_decl_column(0x20)
     620                    
     621                    $C$DW$T$49      .dwtag  DW_TAG_typedef
     622                            .dwattr $C$DW$T$49, DW_AT_name("uint_fast64_t")
     623                            .dwattr $C$DW$T$49, DW_AT_type(*$C$DW$T$48)
     624                            .dwattr $C$DW$T$49, DW_AT_language(DW_LANG_C)
     625                            .dwattr $C$DW$T$49, DW_AT_decl_file("C:/TI_CodeComposer/ccsv6/tools/compiler/ti-cgt-arm_15.12.
     626                            .dwattr $C$DW$T$49, DW_AT_decl_line(0x4f)
     627                            .dwattr $C$DW$T$49, DW_AT_decl_column(0x16)
     628                    
     629                    $C$DW$T$50      .dwtag  DW_TAG_typedef
     630                            .dwattr $C$DW$T$50, DW_AT_name("uint_least64_t")
     631                            .dwattr $C$DW$T$50, DW_AT_type(*$C$DW$T$48)
     632                            .dwattr $C$DW$T$50, DW_AT_language(DW_LANG_C)
     633                            .dwattr $C$DW$T$50, DW_AT_decl_file("C:/TI_CodeComposer/ccsv6/tools/compiler/ti-cgt-arm_15.12.
     634                            .dwattr $C$DW$T$50, DW_AT_decl_line(0x41)
     635                            .dwattr $C$DW$T$50, DW_AT_decl_column(0x16)
     636                    
     637                    $C$DW$T$51      .dwtag  DW_TAG_typedef
     638                            .dwattr $C$DW$T$51, DW_AT_name("uintmax_t")
     639                            .dwattr $C$DW$T$51, DW_AT_type(*$C$DW$T$15)
     640                            .dwattr $C$DW$T$51, DW_AT_language(DW_LANG_C)
     641                            .dwattr $C$DW$T$51, DW_AT_decl_file("C:/TI_CodeComposer/ccsv6/tools/compiler/ti-cgt-arm_15.12.
     642                            .dwattr $C$DW$T$51, DW_AT_decl_line(0x57)
     643                            .dwattr $C$DW$T$51, DW_AT_decl_column(0x20)
     644                    
     645                    $C$DW$T$16      .dwtag  DW_TAG_base_type
     646                            .dwattr $C$DW$T$16, DW_AT_encoding(DW_ATE_float)
     647                            .dwattr $C$DW$T$16, DW_AT_name("float")
     648                            .dwattr $C$DW$T$16, DW_AT_byte_size(0x04)
     649                    
     650                    $C$DW$T$17      .dwtag  DW_TAG_base_type
     651                            .dwattr $C$DW$T$17, DW_AT_encoding(DW_ATE_float)
     652                            .dwattr $C$DW$T$17, DW_AT_name("double")
     653                            .dwattr $C$DW$T$17, DW_AT_byte_size(0x08)
     654                    
     655                    $C$DW$T$18      .dwtag  DW_TAG_base_type
     656                            .dwattr $C$DW$T$18, DW_AT_encoding(DW_ATE_float)
     657                            .dwattr $C$DW$T$18, DW_AT_name("long double")
     658                            .dwattr $C$DW$T$18, DW_AT_byte_size(0x08)
     659                    
     660                            .dwattr $C$DW$CU, DW_AT_language(DW_LANG_C)
TI ARM Assembler PC v15.12.1 Tue Sep 13 14:23:08 2016

Tools Copyright (c) 1996-2015 Texas Instruments Incorporated
Program_Speakerbuzz_startup.asm                                      PAGE   13

     661                    
     662                    ;***************************************************************
     663                    ;* DWARF CIE ENTRIES                                           *
     664                    ;***************************************************************
     665                    
     666                    $C$DW$CIE       .dwcie 14
     667                            .dwcfi  cfa_register, 13
     668                            .dwcfi  cfa_offset, 0
     669                            .dwcfi  undefined, 0
     670                            .dwcfi  undefined, 1
     671                            .dwcfi  undefined, 2
     672                            .dwcfi  undefined, 3
     673                            .dwcfi  same_value, 4
     674                            .dwcfi  same_value, 5
     675                            .dwcfi  same_value, 6
     676                            .dwcfi  same_value, 7
     677                            .dwcfi  same_value, 8
     678                            .dwcfi  same_value, 9
     679                            .dwcfi  same_value, 10
     680                            .dwcfi  same_value, 11
     681                            .dwcfi  undefined, 12
     682                            .dwcfi  undefined, 13
     683                            .dwcfi  undefined, 14
     684                            .dwcfi  undefined, 14
     685                            .dwcfi  undefined, 7
     686                            .dwendentry
     687                            .dwendtag $C$DW$CU
     688                    

--------------------------
Thumb2 Statistics
--------------------------
Number of Thumb2 ins converted to Thumb = 0 (0%)
Number of Thumb ins in input = 4 (80%)
Number of Thumb2 ins encoded as Thumb2 = 1 (100%)
Number of Thumb2 ins converted to 2 OPND Thumb = 0


No Assembly Errors, No Assembly Warnings
