TI ARM Assembler PC v15.12.1 Tue Sep 13 14:20:46 2016

Tools Copyright (c) 1996-2015 Texas Instruments Incorporated
Program_Blinky.asm                                                   PAGE    1

       1                    ;******************************************************************************
       2                    ;* TI ARM C/C++ Codegen                                       PC v15.12.1.LTS *
       3                    ;* Date/Time created: Tue Sep 13 14:20:46 2016                                *
       4                    ;******************************************************************************
       5                            .compiler_opts --abi=eabi --arm_vmrs_si_workaround=off --code_state=16 --diag_wrap=off --disab
       6 00000000                   .thumb
       7                    
       8                    $C$DW$CU        .dwtag  DW_TAG_compile_unit
       9                            .dwattr $C$DW$CU, DW_AT_name("../Program_Blinky.c")
      10                            .dwattr $C$DW$CU, DW_AT_producer("TI TI ARM C/C++ Codegen PC v15.12.1.LTS Copyright (c) 1996-2
      11                            .dwattr $C$DW$CU, DW_AT_TI_version(0x01)
      12                            .dwattr $C$DW$CU, DW_AT_comp_dir("H:\EECS_388\TI_ARM_Projects\Program_Speakerbuzz2\Debug")
      13                    
      14                    $C$DW$1 .dwtag  DW_TAG_subprogram
      15                            .dwattr $C$DW$1, DW_AT_name("SysCtlClockSet")
      16                            .dwattr $C$DW$1, DW_AT_TI_symbol_name("SysCtlClockSet")
      17                            .dwattr $C$DW$1, DW_AT_declaration
      18                            .dwattr $C$DW$1, DW_AT_external
      19                            .dwattr $C$DW$1, DW_AT_decl_file("C:/TI_CodeComposer/StellarisWare-LM3S1968/driverlib/sysctl.h
      20                            .dwattr $C$DW$1, DW_AT_decl_line(0x267)
      21                            .dwattr $C$DW$1, DW_AT_decl_column(0x0d)
      22                    $C$DW$2 .dwtag  DW_TAG_formal_parameter
      23                            .dwattr $C$DW$2, DW_AT_type(*$C$DW$T$13)
      24                    
      25                            .dwendtag $C$DW$1
      26                    
      27                    
      28                    $C$DW$3 .dwtag  DW_TAG_subprogram
      29                            .dwattr $C$DW$3, DW_AT_name("SysCtlClockGet")
      30                            .dwattr $C$DW$3, DW_AT_TI_symbol_name("SysCtlClockGet")
      31                            .dwattr $C$DW$3, DW_AT_type(*$C$DW$T$13)
      32                            .dwattr $C$DW$3, DW_AT_declaration
      33                            .dwattr $C$DW$3, DW_AT_external
      34                            .dwattr $C$DW$3, DW_AT_decl_file("C:/TI_CodeComposer/StellarisWare-LM3S1968/driverlib/sysctl.h
      35                            .dwattr $C$DW$3, DW_AT_decl_line(0x268)
      36                            .dwattr $C$DW$3, DW_AT_decl_column(0x16)
      37                            .dwendtag $C$DW$3
      38                    
      39                    
      40                    $C$DW$4 .dwtag  DW_TAG_subprogram
      41                            .dwattr $C$DW$4, DW_AT_name("SysTickEnable")
      42                            .dwattr $C$DW$4, DW_AT_TI_symbol_name("SysTickEnable")
      43                            .dwattr $C$DW$4, DW_AT_declaration
      44                            .dwattr $C$DW$4, DW_AT_external
      45                            .dwattr $C$DW$4, DW_AT_decl_file("C:/TI_CodeComposer/StellarisWare-LM3S1968/driverlib/systick.
      46                            .dwattr $C$DW$4, DW_AT_decl_line(0x3b)
      47                            .dwattr $C$DW$4, DW_AT_decl_column(0x0d)
      48                            .dwendtag $C$DW$4
      49                    
      50                    
      51                    $C$DW$5 .dwtag  DW_TAG_subprogram
      52                            .dwattr $C$DW$5, DW_AT_name("SysTickIntEnable")
      53                            .dwattr $C$DW$5, DW_AT_TI_symbol_name("SysTickIntEnable")
      54                            .dwattr $C$DW$5, DW_AT_declaration
      55                            .dwattr $C$DW$5, DW_AT_external
TI ARM Assembler PC v15.12.1 Tue Sep 13 14:20:46 2016

Tools Copyright (c) 1996-2015 Texas Instruments Incorporated
Program_Blinky.asm                                                   PAGE    2

      56                            .dwattr $C$DW$5, DW_AT_decl_file("C:/TI_CodeComposer/StellarisWare-LM3S1968/driverlib/systick.
      57                            .dwattr $C$DW$5, DW_AT_decl_line(0x3f)
      58                            .dwattr $C$DW$5, DW_AT_decl_column(0x0d)
      59                            .dwendtag $C$DW$5
      60                    
      61                    
      62                    $C$DW$6 .dwtag  DW_TAG_subprogram
      63                            .dwattr $C$DW$6, DW_AT_name("SysTickPeriodSet")
      64                            .dwattr $C$DW$6, DW_AT_TI_symbol_name("SysTickPeriodSet")
      65                            .dwattr $C$DW$6, DW_AT_declaration
      66                            .dwattr $C$DW$6, DW_AT_external
      67                            .dwattr $C$DW$6, DW_AT_decl_file("C:/TI_CodeComposer/StellarisWare-LM3S1968/driverlib/systick.
      68                            .dwattr $C$DW$6, DW_AT_decl_line(0x41)
      69                            .dwattr $C$DW$6, DW_AT_decl_column(0x0d)
      70                    $C$DW$7 .dwtag  DW_TAG_formal_parameter
      71                            .dwattr $C$DW$7, DW_AT_type(*$C$DW$T$13)
      72                    
      73                            .dwendtag $C$DW$6
      74                    
      75                    
      76                    $C$DW$8 .dwtag  DW_TAG_subprogram
      77                            .dwattr $C$DW$8, DW_AT_name("RIT128x96x4StringDraw")
      78                            .dwattr $C$DW$8, DW_AT_TI_symbol_name("RIT128x96x4StringDraw")
      79                            .dwattr $C$DW$8, DW_AT_declaration
      80                            .dwattr $C$DW$8, DW_AT_external
      81                            .dwattr $C$DW$8, DW_AT_decl_file("..\Drivers/rit128x96x4.h")
      82                            .dwattr $C$DW$8, DW_AT_decl_line(0x23)
      83                            .dwattr $C$DW$8, DW_AT_decl_column(0x0d)
      84                    $C$DW$9 .dwtag  DW_TAG_formal_parameter
      85                            .dwattr $C$DW$9, DW_AT_type(*$C$DW$T$29)
      86                    
      87                    $C$DW$10        .dwtag  DW_TAG_formal_parameter
      88                            .dwattr $C$DW$10, DW_AT_type(*$C$DW$T$13)
      89                    
      90                    $C$DW$11        .dwtag  DW_TAG_formal_parameter
      91                            .dwattr $C$DW$11, DW_AT_type(*$C$DW$T$13)
      92                    
      93                    $C$DW$12        .dwtag  DW_TAG_formal_parameter
      94                            .dwattr $C$DW$12, DW_AT_type(*$C$DW$T$6)
      95                    
      96                            .dwendtag $C$DW$8
      97                    
      98                    
      99                    $C$DW$13        .dwtag  DW_TAG_subprogram
     100                            .dwattr $C$DW$13, DW_AT_name("RIT128x96x4Init")
     101                            .dwattr $C$DW$13, DW_AT_TI_symbol_name("RIT128x96x4Init")
     102                            .dwattr $C$DW$13, DW_AT_declaration
     103                            .dwattr $C$DW$13, DW_AT_external
     104                            .dwattr $C$DW$13, DW_AT_decl_file("..\Drivers/rit128x96x4.h")
     105                            .dwattr $C$DW$13, DW_AT_decl_line(0x2c)
     106                            .dwattr $C$DW$13, DW_AT_decl_column(0x0d)
     107                    $C$DW$14        .dwtag  DW_TAG_formal_parameter
     108                            .dwattr $C$DW$14, DW_AT_type(*$C$DW$T$13)
     109                    
     110                            .dwendtag $C$DW$13
TI ARM Assembler PC v15.12.1 Tue Sep 13 14:20:46 2016

Tools Copyright (c) 1996-2015 Texas Instruments Incorporated
Program_Blinky.asm                                                   PAGE    3

     111                    
     112                    
     113                    $C$DW$15        .dwtag  DW_TAG_subprogram
     114                            .dwattr $C$DW$15, DW_AT_name("Task_LEDBlink")
     115                            .dwattr $C$DW$15, DW_AT_TI_symbol_name("Task_LEDBlink")
     116                            .dwattr $C$DW$15, DW_AT_declaration
     117                            .dwattr $C$DW$15, DW_AT_external
     118                            .dwattr $C$DW$15, DW_AT_decl_file("../Program_Blinky.c")
     119                            .dwattr $C$DW$15, DW_AT_decl_line(0x49)
     120                            .dwattr $C$DW$15, DW_AT_decl_column(0x0d)
     121                            .dwendtag $C$DW$15
     122                    
     123                    
     124                    $C$DW$16        .dwtag  DW_TAG_subprogram
     125                            .dwattr $C$DW$16, DW_AT_name("Task_ReportSysTick")
     126                            .dwattr $C$DW$16, DW_AT_TI_symbol_name("Task_ReportSysTick")
     127                            .dwattr $C$DW$16, DW_AT_declaration
     128                            .dwattr $C$DW$16, DW_AT_external
     129                            .dwattr $C$DW$16, DW_AT_decl_file("../Program_Blinky.c")
     130                            .dwattr $C$DW$16, DW_AT_decl_line(0x4a)
     131                            .dwattr $C$DW$16, DW_AT_decl_column(0x0d)
     132                            .dwendtag $C$DW$16
     133                    
     134                    
     135                    $C$DW$17        .dwtag  DW_TAG_subprogram
     136                            .dwattr $C$DW$17, DW_AT_name("Task_Speakerbuzz")
     137                            .dwattr $C$DW$17, DW_AT_TI_symbol_name("Task_Speakerbuzz")
     138                            .dwattr $C$DW$17, DW_AT_declaration
     139                            .dwattr $C$DW$17, DW_AT_external
     140                            .dwattr $C$DW$17, DW_AT_decl_file("../Program_Blinky.c")
     141                            .dwattr $C$DW$17, DW_AT_decl_line(0x4b)
     142                            .dwattr $C$DW$17, DW_AT_decl_column(0x0d)
     143                            .dwendtag $C$DW$17
     144                    
     145                            .global g_ulSystemClock
     146                            .common g_ulSystemClock,4,4
     147                    $C$DW$18        .dwtag  DW_TAG_variable
     148                            .dwattr $C$DW$18, DW_AT_name("g_ulSystemClock")
     149                            .dwattr $C$DW$18, DW_AT_TI_symbol_name("g_ulSystemClock")
     150                            .dwattr $C$DW$18, DW_AT_location[DW_OP_addr g_ulSystemClock]
     151                            .dwattr $C$DW$18, DW_AT_type(*$C$DW$T$53)
     152                            .dwattr $C$DW$18, DW_AT_external
     153                            .dwattr $C$DW$18, DW_AT_decl_file("../Program_Blinky.c")
     154                            .dwattr $C$DW$18, DW_AT_decl_line(0x36)
     155                            .dwattr $C$DW$18, DW_AT_decl_column(0x0a)
     156                    
     157                            .global SysTickFrequency_Nbr
     158 00000000                   .data
     159                            .align  4
     160                            .elfsym SysTickFrequency_Nbr,SYM_SIZE(4)
     161 00000000           SysTickFrequency_Nbr:
     162 00000000 00002710          .bits   10000,32                        ; SysTickFrequency_Nbr @ 0
     163                    
     164                    $C$DW$19        .dwtag  DW_TAG_variable
     165                            .dwattr $C$DW$19, DW_AT_name("SysTickFrequency_Nbr")
TI ARM Assembler PC v15.12.1 Tue Sep 13 14:20:46 2016

Tools Copyright (c) 1996-2015 Texas Instruments Incorporated
Program_Blinky.asm                                                   PAGE    4

     166                            .dwattr $C$DW$19, DW_AT_TI_symbol_name("SysTickFrequency_Nbr")
     167                            .dwattr $C$DW$19, DW_AT_location[DW_OP_addr SysTickFrequency_Nbr]
     168                            .dwattr $C$DW$19, DW_AT_type(*$C$DW$T$53)
     169                            .dwattr $C$DW$19, DW_AT_external
     170                            .dwattr $C$DW$19, DW_AT_decl_file("../Program_Blinky.c")
     171                            .dwattr $C$DW$19, DW_AT_decl_line(0x41)
     172                            .dwattr $C$DW$19, DW_AT_decl_column(0x14)
     173                    
     174                            .global SysTickCount_Nbr
     175 00000004                   .data
     176                            .align  4
     177                            .elfsym SysTickCount_Nbr,SYM_SIZE(4)
     178 00000004           SysTickCount_Nbr:
     179 00000004 00000000          .bits   0,32                    ; SysTickCount_Nbr @ 0
     180                    
     181                    $C$DW$20        .dwtag  DW_TAG_variable
     182                            .dwattr $C$DW$20, DW_AT_name("SysTickCount_Nbr")
     183                            .dwattr $C$DW$20, DW_AT_TI_symbol_name("SysTickCount_Nbr")
     184                            .dwattr $C$DW$20, DW_AT_location[DW_OP_addr SysTickCount_Nbr]
     185                            .dwattr $C$DW$20, DW_AT_type(*$C$DW$T$54)
     186                            .dwattr $C$DW$20, DW_AT_external
     187                            .dwattr $C$DW$20, DW_AT_decl_file("../Program_Blinky.c")
     188                            .dwattr $C$DW$20, DW_AT_decl_line(0x42)
     189                            .dwattr $C$DW$20, DW_AT_decl_column(0x1b)
     190                    
     191                            .global OLED_Initialized
     192 00000008                   .data
     193                            .align  1
     194                            .elfsym OLED_Initialized,SYM_SIZE(1)
     195 00000008           OLED_Initialized:
     196 00000008 00000000          .bits   0,8                     ; OLED_Initialized @ 0
     197                    
     198                    $C$DW$21        .dwtag  DW_TAG_variable
     199                            .dwattr $C$DW$21, DW_AT_name("OLED_Initialized")
     200                            .dwattr $C$DW$21, DW_AT_TI_symbol_name("OLED_Initialized")
     201                            .dwattr $C$DW$21, DW_AT_location[DW_OP_addr OLED_Initialized]
     202                            .dwattr $C$DW$21, DW_AT_type(*$C$DW$T$73)
     203                            .dwattr $C$DW$21, DW_AT_external
     204                            .dwattr $C$DW$21, DW_AT_decl_file("../Program_Blinky.c")
     205                            .dwattr $C$DW$21, DW_AT_decl_line(0x62)
     206                            .dwattr $C$DW$21, DW_AT_decl_column(0x06)
     207                    
     208                    ;       C:\TI_CodeComposer\ccsv6\tools\compiler\ti-cgt-arm_15.12.1.LTS\bin\armacpia.exe -@C:\\Users\\a
     209 00000000                   .sect   ".text"
     210                            .clink
     211                            .thumbfunc SysTickIntHandler
     212 00000000                   .thumb
     213                            .global SysTickIntHandler
     214                    
     215                    $C$DW$22        .dwtag  DW_TAG_subprogram
     216                            .dwattr $C$DW$22, DW_AT_name("SysTickIntHandler")
     217                            .dwattr $C$DW$22, DW_AT_low_pc(SysTickIntHandler)
     218                            .dwattr $C$DW$22, DW_AT_high_pc(0x00)
     219                            .dwattr $C$DW$22, DW_AT_TI_symbol_name("SysTickIntHandler")
     220                            .dwattr $C$DW$22, DW_AT_external
TI ARM Assembler PC v15.12.1 Tue Sep 13 14:20:46 2016

Tools Copyright (c) 1996-2015 Texas Instruments Incorporated
Program_Blinky.asm                                                   PAGE    5

     221                            .dwattr $C$DW$22, DW_AT_TI_begin_file("../Program_Blinky.c")
     222                            .dwattr $C$DW$22, DW_AT_TI_begin_line(0x52)
     223                            .dwattr $C$DW$22, DW_AT_TI_begin_column(0x0d)
     224                            .dwattr $C$DW$22, DW_AT_decl_file("../Program_Blinky.c")
     225                            .dwattr $C$DW$22, DW_AT_decl_line(0x52)
     226                            .dwattr $C$DW$22, DW_AT_decl_column(0x0d)
     227                            .dwattr $C$DW$22, DW_AT_TI_max_frame_size(0x00)
     228                            .dwpsn  file "../Program_Blinky.c",line 82,column 37,is_stmt,address SysTickIntHandler,isa 1
     229                    
     230                            .dwfde $C$DW$CIE, SysTickIntHandler
     231                    
     232                    ;*****************************************************************************
     233                    ;* FUNCTION NAME: SysTickIntHandler                                          *
     234                    ;*                                                                           *
     235                    ;*   Regs Modified     : A1,A2,SR                                            *
     236                    ;*   Regs Used         : A1,A2,LR,SR                                         *
     237                    ;*   Local Frame Size  : 0 Args + 0 Auto + 0 Save = 0 byte                   *
     238                    ;*****************************************************************************
     239 00000000           SysTickIntHandler:
     240                    ;* --------------------------------------------------------------------------*
     241                            .dwcfi  cfa_offset, 0
     242                            .dwpsn  file "../Program_Blinky.c",line 88,column 2,is_stmt,isa 1
     243 00000000 491B              LDR       A2, $C$CON1           ; [DPU_3_PIPE] |88|  ; [ORIG 16-BIT INS]
     244 00000002 6808              LDR       A1, [A2, #0]          ; [DPU_3_PIPE] |88|  ; [ORIG 16-BIT INS]
     245 00000004 1C40              ADDS      A1, A1, #1            ; [DPU_3_PIPE] |88|  ; [ORIG 16-BIT INS]
     246 00000006 6008              STR       A1, [A2, #0]          ; [DPU_3_PIPE] |88|  ; [ORIG 16-BIT INS]
     247                            .dwpsn  file "../Program_Blinky.c",line 90,column 1,is_stmt,isa 1
     248                    $C$DW$23        .dwtag  DW_TAG_TI_branch
     249                            .dwattr $C$DW$23, DW_AT_low_pc(0x00)
     250                            .dwattr $C$DW$23, DW_AT_TI_return
     251                    
     252 00000008 4770              BX        LR                    ; [DPU_3_PIPE]  ; [ORIG 16-BIT INS]
     253                            ; BRANCH OCCURS                  ; [] 
     254                            .dwattr $C$DW$22, DW_AT_TI_end_file("../Program_Blinky.c")
     255                            .dwattr $C$DW$22, DW_AT_TI_end_line(0x5a)
     256                            .dwattr $C$DW$22, DW_AT_TI_end_column(0x01)
     257                            .dwendentry
     258                            .dwendtag $C$DW$22
     259                    
     260 0000000a                   .sect   ".text"
     261                            .clink
     262                            .thumbfunc Initialize_OLED
     263 0000000a                   .thumb
     264                            .global Initialize_OLED
     265                    
     266                    $C$DW$24        .dwtag  DW_TAG_subprogram
     267                            .dwattr $C$DW$24, DW_AT_name("Initialize_OLED")
     268                            .dwattr $C$DW$24, DW_AT_low_pc(Initialize_OLED)
     269                            .dwattr $C$DW$24, DW_AT_high_pc(0x00)
     270                            .dwattr $C$DW$24, DW_AT_TI_symbol_name("Initialize_OLED")
     271                            .dwattr $C$DW$24, DW_AT_external
     272                            .dwattr $C$DW$24, DW_AT_TI_begin_file("../Program_Blinky.c")
     273                            .dwattr $C$DW$24, DW_AT_TI_begin_line(0x64)
     274                            .dwattr $C$DW$24, DW_AT_TI_begin_column(0x0d)
     275                            .dwattr $C$DW$24, DW_AT_decl_file("../Program_Blinky.c")
TI ARM Assembler PC v15.12.1 Tue Sep 13 14:20:46 2016

Tools Copyright (c) 1996-2015 Texas Instruments Incorporated
Program_Blinky.asm                                                   PAGE    6

     276                            .dwattr $C$DW$24, DW_AT_decl_line(0x64)
     277                            .dwattr $C$DW$24, DW_AT_decl_column(0x0d)
     278                            .dwattr $C$DW$24, DW_AT_TI_max_frame_size(0x08)
     279                            .dwpsn  file "../Program_Blinky.c",line 100,column 31,is_stmt,address Initialize_OLED,isa 1
     280                    
     281                            .dwfde $C$DW$CIE, Initialize_OLED
     282                    
     283                    ;*****************************************************************************
     284                    ;* FUNCTION NAME: Initialize_OLED                                            *
     285                    ;*                                                                           *
     286                    ;*   Regs Modified     : A1,A2,A3,A4,V9,SP,LR,SR                             *
     287                    ;*   Regs Used         : A1,A2,A3,A4,V9,SP,LR,SR                             *
     288                    ;*   Local Frame Size  : 0 Args + 0 Auto + 4 Save = 4 byte                   *
     289                    ;*****************************************************************************
     290 0000000a           Initialize_OLED:
     291                    ;* --------------------------------------------------------------------------*
     292                            .dwcfi  cfa_offset, 0
     293 0000000a B508              PUSH      {A4, LR}              ; [DPU_3_PIPE]  ; [ORIG 16-BIT INS]
     294                            .dwcfi  cfa_offset, 8
     295                            .dwcfi  save_reg_to_mem, 14, -4
     296                            .dwcfi  save_reg_to_mem, 3, -8
     297                            .dwpsn  file "../Program_Blinky.c",line 102,column 2,is_stmt,isa 1
     298 0000000c 4819              LDR       A1, $C$CON2           ; [DPU_3_PIPE] |102|  ; [ORIG 16-BIT INS]
     299 0000000e 7800              LDRB      A1, [A1, #0]          ; [DPU_3_PIPE] |102|  ; [ORIG 16-BIT INS]
     300 00000010 B958              CBNZ      A1, ||$C$L1||         ; []  ; [ORIG 16-BIT INS]
     301                            ; BRANCHCC OCCURS {||$C$L1||}    ; [] |102| 
     302                    ;* --------------------------------------------------------------------------*
     303                            .dwpsn  file "../Program_Blinky.c",line 106,column 3,is_stmt,isa 1
     304 00000012 4819              LDR       A1, $C$CON3           ; [DPU_3_PIPE] |106|  ; [ORIG 16-BIT INS]
     305                    $C$DW$25        .dwtag  DW_TAG_TI_branch
     306                            .dwattr $C$DW$25, DW_AT_low_pc(0x00)
     307                            .dwattr $C$DW$25, DW_AT_name("RIT128x96x4Init")
     308                            .dwattr $C$DW$25, DW_AT_TI_call
     309                    
     310 00000014 FFFEF7FF!         BL        RIT128x96x4Init       ; [DPU_3_PIPE] |106|  ; [KEEP 32-BIT INS]
     311                            ; CALL OCCURS {RIT128x96x4Init }  ; [] |106| 
     312                            .dwpsn  file "../Program_Blinky.c",line 107,column 3,is_stmt,isa 1
     313 00000018 A012              ADR       A1, $C$SL1            ; [DPU_3_PIPE] |107|  ; [ORIG 16-BIT INS]
     314 0000001a 2124              MOVS      A2, #36               ; [DPU_3_PIPE] |107|  ; [ORIG 16-BIT INS]
     315 0000001c 2200              MOVS      A3, #0                ; [DPU_3_PIPE] |107|  ; [ORIG 16-BIT INS]
     316 0000001e 2308              MOVS      A4, #8                ; [DPU_3_PIPE] |107|  ; [ORIG 16-BIT INS]
     317                    $C$DW$26        .dwtag  DW_TAG_TI_branch
     318                            .dwattr $C$DW$26, DW_AT_low_pc(0x00)
     319                            .dwattr $C$DW$26, DW_AT_name("RIT128x96x4StringDraw")
     320                            .dwattr $C$DW$26, DW_AT_TI_call
     321                    
     322 00000020 FFFEF7FF!         BL        RIT128x96x4StringDraw ; [DPU_3_PIPE] |107|  ; [KEEP 32-BIT INS]
     323                            ; CALL OCCURS {RIT128x96x4StringDraw }  ; [] |107| 
     324                            .dwpsn  file "../Program_Blinky.c",line 109,column 3,is_stmt,isa 1
     325 00000024 4913              LDR       A2, $C$CON2           ; [DPU_3_PIPE] |109|  ; [ORIG 16-BIT INS]
     326 00000026 2001              MOVS      A1, #1                ; [DPU_3_PIPE] |109|  ; [ORIG 16-BIT INS]
     327 00000028 7008              STRB      A1, [A2, #0]          ; [DPU_3_PIPE] |109|  ; [ORIG 16-BIT INS]
     328                            .dwpsn  file "../Program_Blinky.c",line 112,column 1,is_stmt,isa 1
     329                    ;* --------------------------------------------------------------------------*
     330                    ||$C$L1||:    
TI ARM Assembler PC v15.12.1 Tue Sep 13 14:20:46 2016

Tools Copyright (c) 1996-2015 Texas Instruments Incorporated
Program_Blinky.asm                                                   PAGE    7

     331                    $C$DW$27        .dwtag  DW_TAG_TI_branch
     332                            .dwattr $C$DW$27, DW_AT_low_pc(0x00)
     333                            .dwattr $C$DW$27, DW_AT_TI_return
     334                    
     335 0000002a BD08              POP       {A4, PC}              ; [DPU_3_PIPE]  ; [ORIG 16-BIT INS]
     336                            .dwcfi  cfa_offset, 0
     337                            ; BRANCH OCCURS                  ; [] 
     338                            .dwattr $C$DW$24, DW_AT_TI_end_file("../Program_Blinky.c")
     339                            .dwattr $C$DW$24, DW_AT_TI_end_line(0x70)
     340                            .dwattr $C$DW$24, DW_AT_TI_end_column(0x01)
     341                            .dwendentry
     342                            .dwendtag $C$DW$24
     343                    
     344 0000002c                   .sect   ".text"
     345                            .clink
     346                            .thumbfunc main
     347 0000002c                   .thumb
     348                            .global main
     349                    
     350                    $C$DW$28        .dwtag  DW_TAG_subprogram
     351                            .dwattr $C$DW$28, DW_AT_name("main")
     352                            .dwattr $C$DW$28, DW_AT_low_pc(main)
     353                            .dwattr $C$DW$28, DW_AT_high_pc(0x00)
     354                            .dwattr $C$DW$28, DW_AT_TI_symbol_name("main")
     355                            .dwattr $C$DW$28, DW_AT_external
     356                            .dwattr $C$DW$28, DW_AT_type(*$C$DW$T$10)
     357                            .dwattr $C$DW$28, DW_AT_TI_begin_file("../Program_Blinky.c")
     358                            .dwattr $C$DW$28, DW_AT_TI_begin_line(0x7a)
     359                            .dwattr $C$DW$28, DW_AT_TI_begin_column(0x05)
     360                            .dwattr $C$DW$28, DW_AT_decl_file("../Program_Blinky.c")
     361                            .dwattr $C$DW$28, DW_AT_decl_line(0x7a)
     362                            .dwattr $C$DW$28, DW_AT_decl_column(0x05)
     363                            .dwattr $C$DW$28, DW_AT_TI_max_frame_size(0x08)
     364                            .dwpsn  file "../Program_Blinky.c",line 122,column 19,is_stmt,address main,isa 1
     365                    
     366                            .dwfde $C$DW$CIE, main
     367                    
     368                    ;*****************************************************************************
     369                    ;* FUNCTION NAME: main                                                       *
     370                    ;*                                                                           *
     371                    ;*   Regs Modified     : A1,A2,A3,A4,V9,SP,LR,SR                             *
     372                    ;*   Regs Used         : A1,A2,A3,A4,V9,SP,LR,SR                             *
     373                    ;*   Local Frame Size  : 0 Args + 0 Auto + 4 Save = 4 byte                   *
     374                    ;*****************************************************************************
     375 0000002c           main:
     376                    ;* --------------------------------------------------------------------------*
     377                            .dwcfi  cfa_offset, 0
     378 0000002c B508              PUSH      {A4, LR}              ; [DPU_3_PIPE]  ; [ORIG 16-BIT INS]
     379                            .dwcfi  cfa_offset, 8
     380                            .dwcfi  save_reg_to_mem, 14, -4
     381                            .dwcfi  save_reg_to_mem, 3, -8
     382                            .dwpsn  file "../Program_Blinky.c",line 127,column 5,is_stmt,isa 1
     383 0000002e 4813              LDR       A1, $C$CON4           ; [DPU_3_PIPE] |127|  ; [ORIG 16-BIT INS]
     384                    $C$DW$29        .dwtag  DW_TAG_TI_branch
     385                            .dwattr $C$DW$29, DW_AT_low_pc(0x00)
TI ARM Assembler PC v15.12.1 Tue Sep 13 14:20:46 2016

Tools Copyright (c) 1996-2015 Texas Instruments Incorporated
Program_Blinky.asm                                                   PAGE    8

     386                            .dwattr $C$DW$29, DW_AT_name("SysCtlClockSet")
     387                            .dwattr $C$DW$29, DW_AT_TI_call
     388                    
     389 00000030 FFFEF7FF!         BL        SysCtlClockSet        ; [DPU_3_PIPE] |127|  ; [KEEP 32-BIT INS]
     390                            ; CALL OCCURS {SysCtlClockSet }  ; [] |127| 
     391                            .dwpsn  file "../Program_Blinky.c",line 133,column 2,is_stmt,isa 1
     392                    $C$DW$30        .dwtag  DW_TAG_TI_branch
     393                            .dwattr $C$DW$30, DW_AT_low_pc(0x00)
     394                            .dwattr $C$DW$30, DW_AT_name("SysCtlClockGet")
     395                            .dwattr $C$DW$30, DW_AT_TI_call
     396                    
     397 00000034 FFFEF7FF!         BL        SysCtlClockGet        ; [DPU_3_PIPE] |133|  ; [KEEP 32-BIT INS]
     398                            ; CALL OCCURS {SysCtlClockGet }  ; [] |133| 
     399 00000038 4911              LDR       A2, $C$CON5           ; [DPU_3_PIPE] |133|  ; [ORIG 16-BIT INS]
     400 0000003a 6008              STR       A1, [A2, #0]          ; [DPU_3_PIPE] |133|  ; [ORIG 16-BIT INS]
     401                            .dwpsn  file "../Program_Blinky.c",line 138,column 5,is_stmt,isa 1
     402 0000003c 4811              LDR       A1, $C$CON6           ; [DPU_3_PIPE] |138|  ; [ORIG 16-BIT INS]
     403 0000003e 4910              LDR       A2, $C$CON5           ; [DPU_3_PIPE] |138|  ; [ORIG 16-BIT INS]
     404 00000040 6800              LDR       A1, [A1, #0]          ; [DPU_3_PIPE] |138|  ; [ORIG 16-BIT INS]
     405 00000042 6809              LDR       A2, [A2, #0]          ; [DPU_3_PIPE] |138|  ; [ORIG 16-BIT INS]
     406 00000044 F0F0FBB1          UDIV      A1, A2, A1            ; [DPU_3_PIPE] |138|  ; [KEEP 32-BIT INS]
     407                    $C$DW$31        .dwtag  DW_TAG_TI_branch
     408                            .dwattr $C$DW$31, DW_AT_low_pc(0x00)
     409                            .dwattr $C$DW$31, DW_AT_name("SysTickPeriodSet")
     410                            .dwattr $C$DW$31, DW_AT_TI_call
     411                    
     412 00000048 FFFEF7FF!         BL        SysTickPeriodSet      ; [DPU_3_PIPE] |138|  ; [KEEP 32-BIT INS]
     413                            ; CALL OCCURS {SysTickPeriodSet }  ; [] |138| 
     414                            .dwpsn  file "../Program_Blinky.c",line 139,column 5,is_stmt,isa 1
     415                    $C$DW$32        .dwtag  DW_TAG_TI_branch
     416                            .dwattr $C$DW$32, DW_AT_low_pc(0x00)
     417                            .dwattr $C$DW$32, DW_AT_name("SysTickIntEnable")
     418                            .dwattr $C$DW$32, DW_AT_TI_call
     419                    
     420 0000004c FFFEF7FF!         BL        SysTickIntEnable      ; [DPU_3_PIPE] |139|  ; [KEEP 32-BIT INS]
     421                            ; CALL OCCURS {SysTickIntEnable }  ; [] |139| 
     422                            .dwpsn  file "../Program_Blinky.c",line 140,column 5,is_stmt,isa 1
     423                    $C$DW$33        .dwtag  DW_TAG_TI_branch
     424                            .dwattr $C$DW$33, DW_AT_low_pc(0x00)
     425                            .dwattr $C$DW$33, DW_AT_name("SysTickEnable")
     426                            .dwattr $C$DW$33, DW_AT_TI_call
     427                    
     428 00000050 FFFEF7FF!         BL        SysTickEnable         ; [DPU_3_PIPE] |140|  ; [KEEP 32-BIT INS]
     429                            ; CALL OCCURS {SysTickEnable }   ; [] |140| 
     430                            .dwpsn  file "../Program_Blinky.c",line 146,column 13,is_stmt,isa 1
     431                    ;* --------------------------------------------------------------------------*
     432                    ;*   BEGIN LOOP ||$C$L2||
     433                    ;*
     434                    ;*   Loop source line                : 146
     435                    ;*   Loop closing brace source line  : 150
     436                    ;*   Known Minimum Trip Count        : 1
     437                    ;*   Known Maximum Trip Count        : 4294967295
     438                    ;*   Known Max Trip Count Factor     : 1
     439                    ;* --------------------------------------------------------------------------*
     440 00000054           ||$C$L2||:    
TI ARM Assembler PC v15.12.1 Tue Sep 13 14:20:46 2016

Tools Copyright (c) 1996-2015 Texas Instruments Incorporated
Program_Blinky.asm                                                   PAGE    9

     441                            .dwpsn  file "../Program_Blinky.c",line 147,column 6,is_stmt,isa 1
     442                    $C$DW$34        .dwtag  DW_TAG_TI_branch
     443                            .dwattr $C$DW$34, DW_AT_low_pc(0x00)
     444                            .dwattr $C$DW$34, DW_AT_name("Task_ReportSysTick")
     445                            .dwattr $C$DW$34, DW_AT_TI_call
     446                    
     447 00000054 FFFEF7FF!         BL        Task_ReportSysTick    ; [DPU_3_PIPE] |147|  ; [KEEP 32-BIT INS]
     448                            ; CALL OCCURS {Task_ReportSysTick }  ; [] |147| 
     449                            .dwpsn  file "../Program_Blinky.c",line 148,column 6,is_stmt,isa 1
     450                    $C$DW$35        .dwtag  DW_TAG_TI_branch
     451                            .dwattr $C$DW$35, DW_AT_low_pc(0x00)
     452                            .dwattr $C$DW$35, DW_AT_name("Task_LEDBlink")
     453                            .dwattr $C$DW$35, DW_AT_TI_call
     454                    
     455 00000058 FFFEF7FF!         BL        Task_LEDBlink         ; [DPU_3_PIPE] |148|  ; [KEEP 32-BIT INS]
     456                            ; CALL OCCURS {Task_LEDBlink }   ; [] |148| 
     457                            .dwpsn  file "../Program_Blinky.c",line 149,column 6,is_stmt,isa 1
     458                    $C$DW$36        .dwtag  DW_TAG_TI_branch
     459                            .dwattr $C$DW$36, DW_AT_low_pc(0x00)
     460                            .dwattr $C$DW$36, DW_AT_name("Task_Speakerbuzz")
     461                            .dwattr $C$DW$36, DW_AT_TI_call
     462                    
     463 0000005c FFFEF7FF!         BL        Task_Speakerbuzz      ; [DPU_3_PIPE] |149|  ; [KEEP 32-BIT INS]
     464                            ; CALL OCCURS {Task_Speakerbuzz }  ; [] |149| 
     465                            .dwpsn  file "../Program_Blinky.c",line 146,column 13,is_stmt,isa 1
     466 00000060 E7F8              B         ||$C$L2||             ; [DPU_3_PIPE] |146|  ; [ORIG 16-BIT INS]
     467                            ; BRANCH OCCURS {||$C$L2||}      ; [] |146| 
     468                    ;* --------------------------------------------------------------------------*
     469                            .dwattr $C$DW$28, DW_AT_TI_end_file("../Program_Blinky.c")
     470                            .dwattr $C$DW$28, DW_AT_TI_end_line(0x98)
     471                            .dwattr $C$DW$28, DW_AT_TI_end_column(0x01)
     472                            .dwendentry
     473                            .dwendtag $C$DW$28
     474                    
     475                    ;******************************************************************************
     476                    ;* STRINGS                                                                    *
     477                    ;******************************************************************************
     478 00000062                   .sect   ".text"
     479                            .align  4
     480 00000064 47        ||$C$SL1||:     .string "GSM_Blinky",0
         00000065 53       
         00000066 4D       
         00000067 5F       
         00000068 42       
         00000069 6C       
         0000006a 69       
         0000006b 6E       
         0000006c 6B       
         0000006d 79       
         0000006e 00       
     481                    ;******************************************************************************
     482                    ;* CONSTANT TABLE                                                             *
     483                    ;******************************************************************************
     484 0000006f                   .sect   ".text"
     485                            .align  4
TI ARM Assembler PC v15.12.1 Tue Sep 13 14:20:46 2016

Tools Copyright (c) 1996-2015 Texas Instruments Incorporated
Program_Blinky.asm                                                   PAGE   10

     486 0000006e 0000C000! ||$C$CON1||:    .bits   SysTickCount_Nbr,32
         00000072 00000000 
     487                            .align  4
     488 00000072 00000000! ||$C$CON2||:    .bits   OLED_Initialized,32
         00000076 00000000 
     489                            .align  4
     490 00000076 42400000  ||$C$CON3||:    .bits   1000000,32
         0000007a 0000000F 
     491                            .align  4
     492 0000007a 0380000F  ||$C$CON4||:    .bits   29361024,32
         0000007e 000001C0 
     493                            .align  4
     494 0000007e 000001C0! ||$C$CON5||:    .bits   g_ulSystemClock,32
         00000082 00000000 
     495                            .align  4
     496 00000082 00000000! ||$C$CON6||:    .bits   SysTickFrequency_Nbr,32
         00000086 00000000 
     497                    ;*****************************************************************************
     498                    ;* UNDEFINED EXTERNAL REFERENCES                                             *
     499                    ;*****************************************************************************
     500                            .global SysCtlClockSet
     501                            .global SysCtlClockGet
     502                            .global SysTickEnable
     503                            .global SysTickIntEnable
     504                            .global SysTickPeriodSet
     505                            .global RIT128x96x4StringDraw
     506                            .global RIT128x96x4Init
     507                            .global Task_LEDBlink
     508                            .global Task_ReportSysTick
     509                            .global Task_Speakerbuzz
     510                    
     511                    ;******************************************************************************
     512                    ;* BUILD ATTRIBUTES                                                           *
     513                    ;******************************************************************************
     514                            .battr "aeabi", Tag_File, 1, Tag_ABI_PCS_wchar_t(2)
     515                            .battr "aeabi", Tag_File, 1, Tag_ABI_FP_rounding(0)
     516                            .battr "aeabi", Tag_File, 1, Tag_ABI_FP_denormal(0)
     517                            .battr "aeabi", Tag_File, 1, Tag_ABI_FP_exceptions(0)
     518                            .battr "aeabi", Tag_File, 1, Tag_ABI_FP_number_model(1)
     519                            .battr "aeabi", Tag_File, 1, Tag_ABI_enum_size(0)
     520                            .battr "aeabi", Tag_File, 1, Tag_ABI_optimization_goals(5)
     521                            .battr "aeabi", Tag_File, 1, Tag_ABI_FP_optimization_goals(0)
     522                            .battr "TI", Tag_File, 1, Tag_Bitfield_layout(2)
     523                            .battr "TI", Tag_File, 1, Tag_FP_interface(1)
     524                    
     525                    ;******************************************************************************
     526                    ;* TYPE INFORMATION                                                           *
     527                    ;******************************************************************************
     528                    
     529                    $C$DW$T$20      .dwtag  DW_TAG_structure_type
     530                            .dwattr $C$DW$T$20, DW_AT_byte_size(0x18)
     531                    $C$DW$37        .dwtag  DW_TAG_member
     532                            .dwattr $C$DW$37, DW_AT_type(*$C$DW$T$10)
     533                            .dwattr $C$DW$37, DW_AT_name("fd")
     534                            .dwattr $C$DW$37, DW_AT_TI_symbol_name("fd")
TI ARM Assembler PC v15.12.1 Tue Sep 13 14:20:46 2016

Tools Copyright (c) 1996-2015 Texas Instruments Incorporated
Program_Blinky.asm                                                   PAGE   11

     535                            .dwattr $C$DW$37, DW_AT_data_member_location[DW_OP_plus_uconst 0x0]
     536                            .dwattr $C$DW$37, DW_AT_accessibility(DW_ACCESS_public)
     537                            .dwattr $C$DW$37, DW_AT_decl_file("C:/TI_CodeComposer/ccsv6/tools/compiler/ti-cgt-arm_15.12.1.
     538                            .dwattr $C$DW$37, DW_AT_decl_line(0x5c)
     539                            .dwattr $C$DW$37, DW_AT_decl_column(0x0b)
     540                    
     541                    $C$DW$38        .dwtag  DW_TAG_member
     542                            .dwattr $C$DW$38, DW_AT_type(*$C$DW$T$19)
     543                            .dwattr $C$DW$38, DW_AT_name("buf")
     544                            .dwattr $C$DW$38, DW_AT_TI_symbol_name("buf")
     545                            .dwattr $C$DW$38, DW_AT_data_member_location[DW_OP_plus_uconst 0x4]
     546                            .dwattr $C$DW$38, DW_AT_accessibility(DW_ACCESS_public)
     547                            .dwattr $C$DW$38, DW_AT_decl_file("C:/TI_CodeComposer/ccsv6/tools/compiler/ti-cgt-arm_15.12.1.
     548                            .dwattr $C$DW$38, DW_AT_decl_line(0x5d)
     549                            .dwattr $C$DW$38, DW_AT_decl_column(0x16)
     550                    
     551                    $C$DW$39        .dwtag  DW_TAG_member
     552                            .dwattr $C$DW$39, DW_AT_type(*$C$DW$T$19)
     553                            .dwattr $C$DW$39, DW_AT_name("pos")
     554                            .dwattr $C$DW$39, DW_AT_TI_symbol_name("pos")
     555                            .dwattr $C$DW$39, DW_AT_data_member_location[DW_OP_plus_uconst 0x8]
     556                            .dwattr $C$DW$39, DW_AT_accessibility(DW_ACCESS_public)
     557                            .dwattr $C$DW$39, DW_AT_decl_file("C:/TI_CodeComposer/ccsv6/tools/compiler/ti-cgt-arm_15.12.1.
     558                            .dwattr $C$DW$39, DW_AT_decl_line(0x5e)
     559                            .dwattr $C$DW$39, DW_AT_decl_column(0x16)
     560                    
     561                    $C$DW$40        .dwtag  DW_TAG_member
     562                            .dwattr $C$DW$40, DW_AT_type(*$C$DW$T$19)
     563                            .dwattr $C$DW$40, DW_AT_name("bufend")
     564                            .dwattr $C$DW$40, DW_AT_TI_symbol_name("bufend")
     565                            .dwattr $C$DW$40, DW_AT_data_member_location[DW_OP_plus_uconst 0xc]
     566                            .dwattr $C$DW$40, DW_AT_accessibility(DW_ACCESS_public)
     567                            .dwattr $C$DW$40, DW_AT_decl_file("C:/TI_CodeComposer/ccsv6/tools/compiler/ti-cgt-arm_15.12.1.
     568                            .dwattr $C$DW$40, DW_AT_decl_line(0x5f)
     569                            .dwattr $C$DW$40, DW_AT_decl_column(0x16)
     570                    
     571                    $C$DW$41        .dwtag  DW_TAG_member
     572                            .dwattr $C$DW$41, DW_AT_type(*$C$DW$T$19)
     573                            .dwattr $C$DW$41, DW_AT_name("buff_stop")
     574                            .dwattr $C$DW$41, DW_AT_TI_symbol_name("buff_stop")
     575                            .dwattr $C$DW$41, DW_AT_data_member_location[DW_OP_plus_uconst 0x10]
     576                            .dwattr $C$DW$41, DW_AT_accessibility(DW_ACCESS_public)
     577                            .dwattr $C$DW$41, DW_AT_decl_file("C:/TI_CodeComposer/ccsv6/tools/compiler/ti-cgt-arm_15.12.1.
     578                            .dwattr $C$DW$41, DW_AT_decl_line(0x60)
     579                            .dwattr $C$DW$41, DW_AT_decl_column(0x16)
     580                    
     581                    $C$DW$42        .dwtag  DW_TAG_member
     582                            .dwattr $C$DW$42, DW_AT_type(*$C$DW$T$11)
     583                            .dwattr $C$DW$42, DW_AT_name("flags")
     584                            .dwattr $C$DW$42, DW_AT_TI_symbol_name("flags")
     585                            .dwattr $C$DW$42, DW_AT_data_member_location[DW_OP_plus_uconst 0x14]
     586                            .dwattr $C$DW$42, DW_AT_accessibility(DW_ACCESS_public)
     587                            .dwattr $C$DW$42, DW_AT_decl_file("C:/TI_CodeComposer/ccsv6/tools/compiler/ti-cgt-arm_15.12.1.
     588                            .dwattr $C$DW$42, DW_AT_decl_line(0x61)
     589                            .dwattr $C$DW$42, DW_AT_decl_column(0x16)
TI ARM Assembler PC v15.12.1 Tue Sep 13 14:20:46 2016

Tools Copyright (c) 1996-2015 Texas Instruments Incorporated
Program_Blinky.asm                                                   PAGE   12

     590                    
     591                            .dwattr $C$DW$T$20, DW_AT_decl_file("C:/TI_CodeComposer/ccsv6/tools/compiler/ti-cgt-arm_15.12.
     592                            .dwattr $C$DW$T$20, DW_AT_decl_line(0x5b)
     593                            .dwattr $C$DW$T$20, DW_AT_decl_column(0x10)
     594                            .dwendtag $C$DW$T$20
     595                    
     596                    $C$DW$T$22      .dwtag  DW_TAG_typedef
     597                            .dwattr $C$DW$T$22, DW_AT_name("FILE")
     598                            .dwattr $C$DW$T$22, DW_AT_type(*$C$DW$T$20)
     599                            .dwattr $C$DW$T$22, DW_AT_language(DW_LANG_C)
     600                            .dwattr $C$DW$T$22, DW_AT_decl_file("C:/TI_CodeComposer/ccsv6/tools/compiler/ti-cgt-arm_15.12.
     601                            .dwattr $C$DW$T$22, DW_AT_decl_line(0x62)
     602                            .dwattr $C$DW$T$22, DW_AT_decl_column(0x03)
     603                    
     604                    $C$DW$T$2       .dwtag  DW_TAG_unspecified_type
     605                            .dwattr $C$DW$T$2, DW_AT_name("void")
     606                    
     607                    $C$DW$T$3       .dwtag  DW_TAG_pointer_type
     608                            .dwattr $C$DW$T$3, DW_AT_type(*$C$DW$T$2)
     609                            .dwattr $C$DW$T$3, DW_AT_address_class(0x20)
     610                    
     611                    $C$DW$T$4       .dwtag  DW_TAG_base_type
     612                            .dwattr $C$DW$T$4, DW_AT_encoding(DW_ATE_boolean)
     613                            .dwattr $C$DW$T$4, DW_AT_name("bool")
     614                            .dwattr $C$DW$T$4, DW_AT_byte_size(0x01)
     615                    
     616                    $C$DW$T$5       .dwtag  DW_TAG_base_type
     617                            .dwattr $C$DW$T$5, DW_AT_encoding(DW_ATE_signed_char)
     618                            .dwattr $C$DW$T$5, DW_AT_name("signed char")
     619                            .dwattr $C$DW$T$5, DW_AT_byte_size(0x01)
     620                    
     621                    $C$DW$T$34      .dwtag  DW_TAG_typedef
     622                            .dwattr $C$DW$T$34, DW_AT_name("int8_t")
     623                            .dwattr $C$DW$T$34, DW_AT_type(*$C$DW$T$5)
     624                            .dwattr $C$DW$T$34, DW_AT_language(DW_LANG_C)
     625                            .dwattr $C$DW$T$34, DW_AT_decl_file("C:/TI_CodeComposer/ccsv6/tools/compiler/ti-cgt-arm_15.12.
     626                            .dwattr $C$DW$T$34, DW_AT_decl_line(0x2a)
     627                            .dwattr $C$DW$T$34, DW_AT_decl_column(0x1d)
     628                    
     629                    $C$DW$T$35      .dwtag  DW_TAG_typedef
     630                            .dwattr $C$DW$T$35, DW_AT_name("int_least8_t")
     631                            .dwattr $C$DW$T$35, DW_AT_type(*$C$DW$T$34)
     632                            .dwattr $C$DW$T$35, DW_AT_language(DW_LANG_C)
     633                            .dwattr $C$DW$T$35, DW_AT_decl_file("C:/TI_CodeComposer/ccsv6/tools/compiler/ti-cgt-arm_15.12.
     634                            .dwattr $C$DW$T$35, DW_AT_decl_line(0x37)
     635                            .dwattr $C$DW$T$35, DW_AT_decl_column(0x17)
     636                    
     637                    $C$DW$T$6       .dwtag  DW_TAG_base_type
     638                            .dwattr $C$DW$T$6, DW_AT_encoding(DW_ATE_unsigned_char)
     639                            .dwattr $C$DW$T$6, DW_AT_name("unsigned char")
     640                            .dwattr $C$DW$T$6, DW_AT_byte_size(0x01)
     641                    
     642                    $C$DW$T$19      .dwtag  DW_TAG_pointer_type
     643                            .dwattr $C$DW$T$19, DW_AT_type(*$C$DW$T$6)
     644                            .dwattr $C$DW$T$19, DW_AT_address_class(0x20)
TI ARM Assembler PC v15.12.1 Tue Sep 13 14:20:46 2016

Tools Copyright (c) 1996-2015 Texas Instruments Incorporated
Program_Blinky.asm                                                   PAGE   13

     645                    
     646                    $C$DW$T$36      .dwtag  DW_TAG_typedef
     647                            .dwattr $C$DW$T$36, DW_AT_name("tBoolean")
     648                            .dwattr $C$DW$T$36, DW_AT_type(*$C$DW$T$6)
     649                            .dwattr $C$DW$T$36, DW_AT_language(DW_LANG_C)
     650                            .dwattr $C$DW$T$36, DW_AT_decl_file("C:/TI_CodeComposer/StellarisWare-LM3S1968/inc/hw_types.h"
     651                            .dwattr $C$DW$T$36, DW_AT_decl_line(0x30)
     652                            .dwattr $C$DW$T$36, DW_AT_decl_column(0x17)
     653                    
     654                    $C$DW$T$37      .dwtag  DW_TAG_typedef
     655                            .dwattr $C$DW$T$37, DW_AT_name("uint8_t")
     656                            .dwattr $C$DW$T$37, DW_AT_type(*$C$DW$T$6)
     657                            .dwattr $C$DW$T$37, DW_AT_language(DW_LANG_C)
     658                            .dwattr $C$DW$T$37, DW_AT_decl_file("C:/TI_CodeComposer/ccsv6/tools/compiler/ti-cgt-arm_15.12.
     659                            .dwattr $C$DW$T$37, DW_AT_decl_line(0x2b)
     660                            .dwattr $C$DW$T$37, DW_AT_decl_column(0x1c)
     661                    
     662                    $C$DW$T$38      .dwtag  DW_TAG_typedef
     663                            .dwattr $C$DW$T$38, DW_AT_name("uint_least8_t")
     664                            .dwattr $C$DW$T$38, DW_AT_type(*$C$DW$T$37)
     665                            .dwattr $C$DW$T$38, DW_AT_language(DW_LANG_C)
     666                            .dwattr $C$DW$T$38, DW_AT_decl_file("C:/TI_CodeComposer/ccsv6/tools/compiler/ti-cgt-arm_15.12.
     667                            .dwattr $C$DW$T$38, DW_AT_decl_line(0x38)
     668                            .dwattr $C$DW$T$38, DW_AT_decl_column(0x16)
     669                    
     670                    $C$DW$T$7       .dwtag  DW_TAG_base_type
     671                            .dwattr $C$DW$T$7, DW_AT_encoding(DW_ATE_signed_char)
     672                            .dwattr $C$DW$T$7, DW_AT_name("wchar_t")
     673                            .dwattr $C$DW$T$7, DW_AT_byte_size(0x02)
     674                    
     675                    $C$DW$T$8       .dwtag  DW_TAG_base_type
     676                            .dwattr $C$DW$T$8, DW_AT_encoding(DW_ATE_signed)
     677                            .dwattr $C$DW$T$8, DW_AT_name("short")
     678                            .dwattr $C$DW$T$8, DW_AT_byte_size(0x02)
     679                    
     680                    $C$DW$T$39      .dwtag  DW_TAG_typedef
     681                            .dwattr $C$DW$T$39, DW_AT_name("int16_t")
     682                            .dwattr $C$DW$T$39, DW_AT_type(*$C$DW$T$8)
     683                            .dwattr $C$DW$T$39, DW_AT_language(DW_LANG_C)
     684                            .dwattr $C$DW$T$39, DW_AT_decl_file("C:/TI_CodeComposer/ccsv6/tools/compiler/ti-cgt-arm_15.12.
     685                            .dwattr $C$DW$T$39, DW_AT_decl_line(0x2c)
     686                            .dwattr $C$DW$T$39, DW_AT_decl_column(0x1d)
     687                    
     688                    $C$DW$T$40      .dwtag  DW_TAG_typedef
     689                            .dwattr $C$DW$T$40, DW_AT_name("int_least16_t")
     690                            .dwattr $C$DW$T$40, DW_AT_type(*$C$DW$T$39)
     691                            .dwattr $C$DW$T$40, DW_AT_language(DW_LANG_C)
     692                            .dwattr $C$DW$T$40, DW_AT_decl_file("C:/TI_CodeComposer/ccsv6/tools/compiler/ti-cgt-arm_15.12.
     693                            .dwattr $C$DW$T$40, DW_AT_decl_line(0x3a)
     694                            .dwattr $C$DW$T$40, DW_AT_decl_column(0x17)
     695                    
     696                    $C$DW$T$9       .dwtag  DW_TAG_base_type
     697                            .dwattr $C$DW$T$9, DW_AT_encoding(DW_ATE_unsigned)
     698                            .dwattr $C$DW$T$9, DW_AT_name("unsigned short")
     699                            .dwattr $C$DW$T$9, DW_AT_byte_size(0x02)
TI ARM Assembler PC v15.12.1 Tue Sep 13 14:20:46 2016

Tools Copyright (c) 1996-2015 Texas Instruments Incorporated
Program_Blinky.asm                                                   PAGE   14

     700                    
     701                    $C$DW$T$41      .dwtag  DW_TAG_typedef
     702                            .dwattr $C$DW$T$41, DW_AT_name("uint16_t")
     703                            .dwattr $C$DW$T$41, DW_AT_type(*$C$DW$T$9)
     704                            .dwattr $C$DW$T$41, DW_AT_language(DW_LANG_C)
     705                            .dwattr $C$DW$T$41, DW_AT_decl_file("C:/TI_CodeComposer/ccsv6/tools/compiler/ti-cgt-arm_15.12.
     706                            .dwattr $C$DW$T$41, DW_AT_decl_line(0x2d)
     707                            .dwattr $C$DW$T$41, DW_AT_decl_column(0x1c)
     708                    
     709                    $C$DW$T$42      .dwtag  DW_TAG_typedef
     710                            .dwattr $C$DW$T$42, DW_AT_name("uint_least16_t")
     711                            .dwattr $C$DW$T$42, DW_AT_type(*$C$DW$T$41)
     712                            .dwattr $C$DW$T$42, DW_AT_language(DW_LANG_C)
     713                            .dwattr $C$DW$T$42, DW_AT_decl_file("C:/TI_CodeComposer/ccsv6/tools/compiler/ti-cgt-arm_15.12.
     714                            .dwattr $C$DW$T$42, DW_AT_decl_line(0x3b)
     715                            .dwattr $C$DW$T$42, DW_AT_decl_column(0x16)
     716                    
     717                    $C$DW$T$43      .dwtag  DW_TAG_typedef
     718                            .dwattr $C$DW$T$43, DW_AT_name("wchar_t")
     719                            .dwattr $C$DW$T$43, DW_AT_type(*$C$DW$T$9)
     720                            .dwattr $C$DW$T$43, DW_AT_language(DW_LANG_C)
     721                            .dwattr $C$DW$T$43, DW_AT_decl_file("C:/TI_CodeComposer/ccsv6/tools/compiler/ti-cgt-arm_15.12.
     722                            .dwattr $C$DW$T$43, DW_AT_decl_line(0x41)
     723                            .dwattr $C$DW$T$43, DW_AT_decl_column(0x1a)
     724                    
     725                    $C$DW$T$10      .dwtag  DW_TAG_base_type
     726                            .dwattr $C$DW$T$10, DW_AT_encoding(DW_ATE_signed)
     727                            .dwattr $C$DW$T$10, DW_AT_name("int")
     728                            .dwattr $C$DW$T$10, DW_AT_byte_size(0x04)
     729                    
     730                    $C$DW$T$45      .dwtag  DW_TAG_typedef
     731                            .dwattr $C$DW$T$45, DW_AT_name("int32_t")
     732                            .dwattr $C$DW$T$45, DW_AT_type(*$C$DW$T$10)
     733                            .dwattr $C$DW$T$45, DW_AT_language(DW_LANG_C)
     734                            .dwattr $C$DW$T$45, DW_AT_decl_file("C:/TI_CodeComposer/ccsv6/tools/compiler/ti-cgt-arm_15.12.
     735                            .dwattr $C$DW$T$45, DW_AT_decl_line(0x2e)
     736                            .dwattr $C$DW$T$45, DW_AT_decl_column(0x1d)
     737                    
     738                    $C$DW$T$46      .dwtag  DW_TAG_typedef
     739                            .dwattr $C$DW$T$46, DW_AT_name("int_fast16_t")
     740                            .dwattr $C$DW$T$46, DW_AT_type(*$C$DW$T$45)
     741                            .dwattr $C$DW$T$46, DW_AT_language(DW_LANG_C)
     742                            .dwattr $C$DW$T$46, DW_AT_decl_file("C:/TI_CodeComposer/ccsv6/tools/compiler/ti-cgt-arm_15.12.
     743                            .dwattr $C$DW$T$46, DW_AT_decl_line(0x47)
     744                            .dwattr $C$DW$T$46, DW_AT_decl_column(0x17)
     745                    
     746                    $C$DW$T$47      .dwtag  DW_TAG_typedef
     747                            .dwattr $C$DW$T$47, DW_AT_name("int_fast32_t")
     748                            .dwattr $C$DW$T$47, DW_AT_type(*$C$DW$T$45)
     749                            .dwattr $C$DW$T$47, DW_AT_language(DW_LANG_C)
     750                            .dwattr $C$DW$T$47, DW_AT_decl_file("C:/TI_CodeComposer/ccsv6/tools/compiler/ti-cgt-arm_15.12.
     751                            .dwattr $C$DW$T$47, DW_AT_decl_line(0x4a)
     752                            .dwattr $C$DW$T$47, DW_AT_decl_column(0x17)
     753                    
     754                    $C$DW$T$48      .dwtag  DW_TAG_typedef
TI ARM Assembler PC v15.12.1 Tue Sep 13 14:20:46 2016

Tools Copyright (c) 1996-2015 Texas Instruments Incorporated
Program_Blinky.asm                                                   PAGE   15

     755                            .dwattr $C$DW$T$48, DW_AT_name("int_fast8_t")
     756                            .dwattr $C$DW$T$48, DW_AT_type(*$C$DW$T$45)
     757                            .dwattr $C$DW$T$48, DW_AT_language(DW_LANG_C)
     758                            .dwattr $C$DW$T$48, DW_AT_decl_file("C:/TI_CodeComposer/ccsv6/tools/compiler/ti-cgt-arm_15.12.
     759                            .dwattr $C$DW$T$48, DW_AT_decl_line(0x45)
     760                            .dwattr $C$DW$T$48, DW_AT_decl_column(0x17)
     761                    
     762                    $C$DW$T$49      .dwtag  DW_TAG_typedef
     763                            .dwattr $C$DW$T$49, DW_AT_name("int_least32_t")
     764                            .dwattr $C$DW$T$49, DW_AT_type(*$C$DW$T$45)
     765                            .dwattr $C$DW$T$49, DW_AT_language(DW_LANG_C)
     766                            .dwattr $C$DW$T$49, DW_AT_decl_file("C:/TI_CodeComposer/ccsv6/tools/compiler/ti-cgt-arm_15.12.
     767                            .dwattr $C$DW$T$49, DW_AT_decl_line(0x3c)
     768                            .dwattr $C$DW$T$49, DW_AT_decl_column(0x17)
     769                    
     770                    $C$DW$T$50      .dwtag  DW_TAG_typedef
     771                            .dwattr $C$DW$T$50, DW_AT_name("intptr_t")
     772                            .dwattr $C$DW$T$50, DW_AT_type(*$C$DW$T$10)
     773                            .dwattr $C$DW$T$50, DW_AT_language(DW_LANG_C)
     774                            .dwattr $C$DW$T$50, DW_AT_decl_file("C:/TI_CodeComposer/ccsv6/tools/compiler/ti-cgt-arm_15.12.
     775                            .dwattr $C$DW$T$50, DW_AT_decl_line(0x52)
     776                            .dwattr $C$DW$T$50, DW_AT_decl_column(0x1a)
     777                    
     778                    $C$DW$T$51      .dwtag  DW_TAG_typedef
     779                            .dwattr $C$DW$T$51, DW_AT_name("ptrdiff_t")
     780                            .dwattr $C$DW$T$51, DW_AT_type(*$C$DW$T$10)
     781                            .dwattr $C$DW$T$51, DW_AT_language(DW_LANG_C)
     782                            .dwattr $C$DW$T$51, DW_AT_decl_file("C:/TI_CodeComposer/ccsv6/tools/compiler/ti-cgt-arm_15.12.
     783                            .dwattr $C$DW$T$51, DW_AT_decl_line(0x36)
     784                            .dwattr $C$DW$T$51, DW_AT_decl_column(0x1c)
     785                    
     786                    $C$DW$T$11      .dwtag  DW_TAG_base_type
     787                            .dwattr $C$DW$T$11, DW_AT_encoding(DW_ATE_unsigned)
     788                            .dwattr $C$DW$T$11, DW_AT_name("unsigned int")
     789                            .dwattr $C$DW$T$11, DW_AT_byte_size(0x04)
     790                    
     791                    $C$DW$T$52      .dwtag  DW_TAG_typedef
     792                            .dwattr $C$DW$T$52, DW_AT_name("size_t")
     793                            .dwattr $C$DW$T$52, DW_AT_type(*$C$DW$T$11)
     794                            .dwattr $C$DW$T$52, DW_AT_language(DW_LANG_C)
     795                            .dwattr $C$DW$T$52, DW_AT_decl_file("C:/TI_CodeComposer/ccsv6/tools/compiler/ti-cgt-arm_15.12.
     796                            .dwattr $C$DW$T$52, DW_AT_decl_line(0x3a)
     797                            .dwattr $C$DW$T$52, DW_AT_decl_column(0x19)
     798                    
     799                    $C$DW$T$53      .dwtag  DW_TAG_typedef
     800                            .dwattr $C$DW$T$53, DW_AT_name("uint32_t")
     801                            .dwattr $C$DW$T$53, DW_AT_type(*$C$DW$T$11)
     802                            .dwattr $C$DW$T$53, DW_AT_language(DW_LANG_C)
     803                            .dwattr $C$DW$T$53, DW_AT_decl_file("C:/TI_CodeComposer/ccsv6/tools/compiler/ti-cgt-arm_15.12.
     804                            .dwattr $C$DW$T$53, DW_AT_decl_line(0x2f)
     805                            .dwattr $C$DW$T$53, DW_AT_decl_column(0x1c)
     806                    
     807                    $C$DW$T$54      .dwtag  DW_TAG_volatile_type
     808                            .dwattr $C$DW$T$54, DW_AT_type(*$C$DW$T$53)
     809                    
TI ARM Assembler PC v15.12.1 Tue Sep 13 14:20:46 2016

Tools Copyright (c) 1996-2015 Texas Instruments Incorporated
Program_Blinky.asm                                                   PAGE   16

     810                    $C$DW$T$55      .dwtag  DW_TAG_typedef
     811                            .dwattr $C$DW$T$55, DW_AT_name("uint_fast16_t")
     812                            .dwattr $C$DW$T$55, DW_AT_type(*$C$DW$T$53)
     813                            .dwattr $C$DW$T$55, DW_AT_language(DW_LANG_C)
     814                            .dwattr $C$DW$T$55, DW_AT_decl_file("C:/TI_CodeComposer/ccsv6/tools/compiler/ti-cgt-arm_15.12.
     815                            .dwattr $C$DW$T$55, DW_AT_decl_line(0x48)
     816                            .dwattr $C$DW$T$55, DW_AT_decl_column(0x16)
     817                    
     818                    $C$DW$T$56      .dwtag  DW_TAG_typedef
     819                            .dwattr $C$DW$T$56, DW_AT_name("uint_fast32_t")
     820                            .dwattr $C$DW$T$56, DW_AT_type(*$C$DW$T$53)
     821                            .dwattr $C$DW$T$56, DW_AT_language(DW_LANG_C)
     822                            .dwattr $C$DW$T$56, DW_AT_decl_file("C:/TI_CodeComposer/ccsv6/tools/compiler/ti-cgt-arm_15.12.
     823                            .dwattr $C$DW$T$56, DW_AT_decl_line(0x4b)
     824                            .dwattr $C$DW$T$56, DW_AT_decl_column(0x16)
     825                    
     826                    $C$DW$T$57      .dwtag  DW_TAG_typedef
     827                            .dwattr $C$DW$T$57, DW_AT_name("uint_fast8_t")
     828                            .dwattr $C$DW$T$57, DW_AT_type(*$C$DW$T$53)
     829                            .dwattr $C$DW$T$57, DW_AT_language(DW_LANG_C)
     830                            .dwattr $C$DW$T$57, DW_AT_decl_file("C:/TI_CodeComposer/ccsv6/tools/compiler/ti-cgt-arm_15.12.
     831                            .dwattr $C$DW$T$57, DW_AT_decl_line(0x46)
     832                            .dwattr $C$DW$T$57, DW_AT_decl_column(0x16)
     833                    
     834                    $C$DW$T$58      .dwtag  DW_TAG_typedef
     835                            .dwattr $C$DW$T$58, DW_AT_name("uint_least32_t")
     836                            .dwattr $C$DW$T$58, DW_AT_type(*$C$DW$T$53)
     837                            .dwattr $C$DW$T$58, DW_AT_language(DW_LANG_C)
     838                            .dwattr $C$DW$T$58, DW_AT_decl_file("C:/TI_CodeComposer/ccsv6/tools/compiler/ti-cgt-arm_15.12.
     839                            .dwattr $C$DW$T$58, DW_AT_decl_line(0x3d)
     840                            .dwattr $C$DW$T$58, DW_AT_decl_column(0x16)
     841                    
     842                    $C$DW$T$59      .dwtag  DW_TAG_typedef
     843                            .dwattr $C$DW$T$59, DW_AT_name("uintptr_t")
     844                            .dwattr $C$DW$T$59, DW_AT_type(*$C$DW$T$11)
     845                            .dwattr $C$DW$T$59, DW_AT_language(DW_LANG_C)
     846                            .dwattr $C$DW$T$59, DW_AT_decl_file("C:/TI_CodeComposer/ccsv6/tools/compiler/ti-cgt-arm_15.12.
     847                            .dwattr $C$DW$T$59, DW_AT_decl_line(0x53)
     848                            .dwattr $C$DW$T$59, DW_AT_decl_column(0x1a)
     849                    
     850                    $C$DW$T$12      .dwtag  DW_TAG_base_type
     851                            .dwattr $C$DW$T$12, DW_AT_encoding(DW_ATE_signed)
     852                            .dwattr $C$DW$T$12, DW_AT_name("long")
     853                            .dwattr $C$DW$T$12, DW_AT_byte_size(0x04)
     854                    
     855                    $C$DW$T$60      .dwtag  DW_TAG_typedef
     856                            .dwattr $C$DW$T$60, DW_AT_name("fpos_t")
     857                            .dwattr $C$DW$T$60, DW_AT_type(*$C$DW$T$12)
     858                            .dwattr $C$DW$T$60, DW_AT_language(DW_LANG_C)
     859                            .dwattr $C$DW$T$60, DW_AT_decl_file("C:/TI_CodeComposer/ccsv6/tools/compiler/ti-cgt-arm_15.12.
     860                            .dwattr $C$DW$T$60, DW_AT_decl_line(0x6e)
     861                            .dwattr $C$DW$T$60, DW_AT_decl_column(0x0e)
     862                    
     863                    $C$DW$T$13      .dwtag  DW_TAG_base_type
     864                            .dwattr $C$DW$T$13, DW_AT_encoding(DW_ATE_unsigned)
TI ARM Assembler PC v15.12.1 Tue Sep 13 14:20:46 2016

Tools Copyright (c) 1996-2015 Texas Instruments Incorporated
Program_Blinky.asm                                                   PAGE   17

     865                            .dwattr $C$DW$T$13, DW_AT_name("unsigned long")
     866                            .dwattr $C$DW$T$13, DW_AT_byte_size(0x04)
     867                    
     868                    $C$DW$T$14      .dwtag  DW_TAG_base_type
     869                            .dwattr $C$DW$T$14, DW_AT_encoding(DW_ATE_signed)
     870                            .dwattr $C$DW$T$14, DW_AT_name("long long")
     871                            .dwattr $C$DW$T$14, DW_AT_byte_size(0x08)
     872                    
     873                    $C$DW$T$63      .dwtag  DW_TAG_typedef
     874                            .dwattr $C$DW$T$63, DW_AT_name("int64_t")
     875                            .dwattr $C$DW$T$63, DW_AT_type(*$C$DW$T$14)
     876                            .dwattr $C$DW$T$63, DW_AT_language(DW_LANG_C)
     877                            .dwattr $C$DW$T$63, DW_AT_decl_file("C:/TI_CodeComposer/ccsv6/tools/compiler/ti-cgt-arm_15.12.
     878                            .dwattr $C$DW$T$63, DW_AT_decl_line(0x32)
     879                            .dwattr $C$DW$T$63, DW_AT_decl_column(0x21)
     880                    
     881                    $C$DW$T$64      .dwtag  DW_TAG_typedef
     882                            .dwattr $C$DW$T$64, DW_AT_name("int_fast64_t")
     883                            .dwattr $C$DW$T$64, DW_AT_type(*$C$DW$T$63)
     884                            .dwattr $C$DW$T$64, DW_AT_language(DW_LANG_C)
     885                            .dwattr $C$DW$T$64, DW_AT_decl_file("C:/TI_CodeComposer/ccsv6/tools/compiler/ti-cgt-arm_15.12.
     886                            .dwattr $C$DW$T$64, DW_AT_decl_line(0x4e)
     887                            .dwattr $C$DW$T$64, DW_AT_decl_column(0x17)
     888                    
     889                    $C$DW$T$65      .dwtag  DW_TAG_typedef
     890                            .dwattr $C$DW$T$65, DW_AT_name("int_least64_t")
     891                            .dwattr $C$DW$T$65, DW_AT_type(*$C$DW$T$63)
     892                            .dwattr $C$DW$T$65, DW_AT_language(DW_LANG_C)
     893                            .dwattr $C$DW$T$65, DW_AT_decl_file("C:/TI_CodeComposer/ccsv6/tools/compiler/ti-cgt-arm_15.12.
     894                            .dwattr $C$DW$T$65, DW_AT_decl_line(0x40)
     895                            .dwattr $C$DW$T$65, DW_AT_decl_column(0x17)
     896                    
     897                    $C$DW$T$66      .dwtag  DW_TAG_typedef
     898                            .dwattr $C$DW$T$66, DW_AT_name("intmax_t")
     899                            .dwattr $C$DW$T$66, DW_AT_type(*$C$DW$T$14)
     900                            .dwattr $C$DW$T$66, DW_AT_language(DW_LANG_C)
     901                            .dwattr $C$DW$T$66, DW_AT_decl_file("C:/TI_CodeComposer/ccsv6/tools/compiler/ti-cgt-arm_15.12.
     902                            .dwattr $C$DW$T$66, DW_AT_decl_line(0x56)
     903                            .dwattr $C$DW$T$66, DW_AT_decl_column(0x20)
     904                    
     905                    $C$DW$T$15      .dwtag  DW_TAG_base_type
     906                            .dwattr $C$DW$T$15, DW_AT_encoding(DW_ATE_unsigned)
     907                            .dwattr $C$DW$T$15, DW_AT_name("unsigned long long")
     908                            .dwattr $C$DW$T$15, DW_AT_byte_size(0x08)
     909                    
     910                    $C$DW$T$67      .dwtag  DW_TAG_typedef
     911                            .dwattr $C$DW$T$67, DW_AT_name("uint64_t")
     912                            .dwattr $C$DW$T$67, DW_AT_type(*$C$DW$T$15)
     913                            .dwattr $C$DW$T$67, DW_AT_language(DW_LANG_C)
     914                            .dwattr $C$DW$T$67, DW_AT_decl_file("C:/TI_CodeComposer/ccsv6/tools/compiler/ti-cgt-arm_15.12.
     915                            .dwattr $C$DW$T$67, DW_AT_decl_line(0x33)
     916                            .dwattr $C$DW$T$67, DW_AT_decl_column(0x20)
     917                    
     918                    $C$DW$T$68      .dwtag  DW_TAG_typedef
     919                            .dwattr $C$DW$T$68, DW_AT_name("uint_fast64_t")
TI ARM Assembler PC v15.12.1 Tue Sep 13 14:20:46 2016

Tools Copyright (c) 1996-2015 Texas Instruments Incorporated
Program_Blinky.asm                                                   PAGE   18

     920                            .dwattr $C$DW$T$68, DW_AT_type(*$C$DW$T$67)
     921                            .dwattr $C$DW$T$68, DW_AT_language(DW_LANG_C)
     922                            .dwattr $C$DW$T$68, DW_AT_decl_file("C:/TI_CodeComposer/ccsv6/tools/compiler/ti-cgt-arm_15.12.
     923                            .dwattr $C$DW$T$68, DW_AT_decl_line(0x4f)
     924                            .dwattr $C$DW$T$68, DW_AT_decl_column(0x16)
     925                    
     926                    $C$DW$T$69      .dwtag  DW_TAG_typedef
     927                            .dwattr $C$DW$T$69, DW_AT_name("uint_least64_t")
     928                            .dwattr $C$DW$T$69, DW_AT_type(*$C$DW$T$67)
     929                            .dwattr $C$DW$T$69, DW_AT_language(DW_LANG_C)
     930                            .dwattr $C$DW$T$69, DW_AT_decl_file("C:/TI_CodeComposer/ccsv6/tools/compiler/ti-cgt-arm_15.12.
     931                            .dwattr $C$DW$T$69, DW_AT_decl_line(0x41)
     932                            .dwattr $C$DW$T$69, DW_AT_decl_column(0x16)
     933                    
     934                    $C$DW$T$70      .dwtag  DW_TAG_typedef
     935                            .dwattr $C$DW$T$70, DW_AT_name("uintmax_t")
     936                            .dwattr $C$DW$T$70, DW_AT_type(*$C$DW$T$15)
     937                            .dwattr $C$DW$T$70, DW_AT_language(DW_LANG_C)
     938                            .dwattr $C$DW$T$70, DW_AT_decl_file("C:/TI_CodeComposer/ccsv6/tools/compiler/ti-cgt-arm_15.12.
     939                            .dwattr $C$DW$T$70, DW_AT_decl_line(0x57)
     940                            .dwattr $C$DW$T$70, DW_AT_decl_column(0x20)
     941                    
     942                    $C$DW$T$16      .dwtag  DW_TAG_base_type
     943                            .dwattr $C$DW$T$16, DW_AT_encoding(DW_ATE_float)
     944                            .dwattr $C$DW$T$16, DW_AT_name("float")
     945                            .dwattr $C$DW$T$16, DW_AT_byte_size(0x04)
     946                    
     947                    $C$DW$T$17      .dwtag  DW_TAG_base_type
     948                            .dwattr $C$DW$T$17, DW_AT_encoding(DW_ATE_float)
     949                            .dwattr $C$DW$T$17, DW_AT_name("double")
     950                            .dwattr $C$DW$T$17, DW_AT_byte_size(0x08)
     951                    
     952                    $C$DW$T$18      .dwtag  DW_TAG_base_type
     953                            .dwattr $C$DW$T$18, DW_AT_encoding(DW_ATE_float)
     954                            .dwattr $C$DW$T$18, DW_AT_name("long double")
     955                            .dwattr $C$DW$T$18, DW_AT_byte_size(0x08)
     956                    
     957                    $C$DW$T$28      .dwtag  DW_TAG_const_type
     958                            .dwattr $C$DW$T$28, DW_AT_type(*$C$DW$T$6)
     959                    
     960                    $C$DW$T$29      .dwtag  DW_TAG_pointer_type
     961                            .dwattr $C$DW$T$29, DW_AT_type(*$C$DW$T$28)
     962                            .dwattr $C$DW$T$29, DW_AT_address_class(0x20)
     963                    
     964                    $C$DW$T$73      .dwtag  DW_TAG_base_type
     965                            .dwattr $C$DW$T$73, DW_AT_encoding(DW_ATE_unsigned_char)
     966                            .dwattr $C$DW$T$73, DW_AT_name("unsigned char")
     967                            .dwattr $C$DW$T$73, DW_AT_byte_size(0x01)
     968                    
     969                    
     970                    $C$DW$T$21      .dwtag  DW_TAG_structure_type
     971                            .dwattr $C$DW$T$21, DW_AT_name("__va_list")
     972                            .dwattr $C$DW$T$21, DW_AT_byte_size(0x04)
     973                    $C$DW$43        .dwtag  DW_TAG_member
     974                            .dwattr $C$DW$43, DW_AT_type(*$C$DW$T$3)
TI ARM Assembler PC v15.12.1 Tue Sep 13 14:20:46 2016

Tools Copyright (c) 1996-2015 Texas Instruments Incorporated
Program_Blinky.asm                                                   PAGE   19

     975                            .dwattr $C$DW$43, DW_AT_name("__ap")
     976                            .dwattr $C$DW$43, DW_AT_TI_symbol_name("__ap")
     977                            .dwattr $C$DW$43, DW_AT_data_member_location[DW_OP_plus_uconst 0x0]
     978                            .dwattr $C$DW$43, DW_AT_accessibility(DW_ACCESS_public)
     979                            .dwattr $C$DW$43, DW_AT_decl_file("C:/TI_CodeComposer/ccsv6/tools/compiler/ti-cgt-arm_15.12.1.
     980                            .dwattr $C$DW$43, DW_AT_decl_line(0x38)
     981                            .dwattr $C$DW$43, DW_AT_decl_column(0x0c)
     982                    
     983                            .dwattr $C$DW$T$21, DW_AT_decl_file("C:/TI_CodeComposer/ccsv6/tools/compiler/ti-cgt-arm_15.12.
     984                            .dwattr $C$DW$T$21, DW_AT_decl_line(0x37)
     985                            .dwattr $C$DW$T$21, DW_AT_decl_column(0x10)
     986                            .dwendtag $C$DW$T$21
     987                    
     988                    $C$DW$T$74      .dwtag  DW_TAG_typedef
     989                            .dwattr $C$DW$T$74, DW_AT_name("va_list")
     990                            .dwattr $C$DW$T$74, DW_AT_type(*$C$DW$T$21)
     991                            .dwattr $C$DW$T$74, DW_AT_language(DW_LANG_C)
     992                            .dwattr $C$DW$T$74, DW_AT_decl_file("C:/TI_CodeComposer/ccsv6/tools/compiler/ti-cgt-arm_15.12.
     993                            .dwattr $C$DW$T$74, DW_AT_decl_line(0x39)
     994                            .dwattr $C$DW$T$74, DW_AT_decl_column(0x03)
     995                    
     996                            .dwattr $C$DW$CU, DW_AT_language(DW_LANG_C)
     997                    
     998                    ;***************************************************************
     999                    ;* DWARF CIE ENTRIES                                           *
    1000                    ;***************************************************************
    1001                    
    1002                    $C$DW$CIE       .dwcie 14
    1003                            .dwcfi  cfa_register, 13
    1004                            .dwcfi  cfa_offset, 0
    1005                            .dwcfi  undefined, 0
    1006                            .dwcfi  undefined, 1
    1007                            .dwcfi  undefined, 2
    1008                            .dwcfi  undefined, 3
    1009                            .dwcfi  same_value, 4
    1010                            .dwcfi  same_value, 5
    1011                            .dwcfi  same_value, 6
    1012                            .dwcfi  same_value, 7
    1013                            .dwcfi  same_value, 8
    1014                            .dwcfi  same_value, 9
    1015                            .dwcfi  same_value, 10
    1016                            .dwcfi  same_value, 11
    1017                            .dwcfi  undefined, 12
    1018                            .dwcfi  undefined, 13
    1019                            .dwcfi  undefined, 14
    1020                            .dwcfi  undefined, 14
    1021                            .dwcfi  undefined, 7
    1022                            .dwendentry
    1023                            .dwendtag $C$DW$CU
    1024                    

--------------------------
Thumb2 Statistics
--------------------------
Number of Thumb2 ins converted to Thumb = 0 (0%)
Number of Thumb ins in input = 27 (71%)
Number of Thumb2 ins encoded as Thumb2 = 11 (100%)
Number of Thumb2 ins converted to 2 OPND Thumb = 1


No Assembly Errors, No Assembly Warnings
