TI ARM Assembler PC v15.12.1 Tue Oct 18 12:51:20 2016

Tools Copyright (c) 1996-2015 Texas Instruments Incorporated
UARTStdio_Initialization_LM3S1968.asm                                PAGE    1

       1                    ;******************************************************************************
       2                    ;* TI ARM C/C++ Codegen                                       PC v15.12.1.LTS *
       3                    ;* Date/Time created: Tue Oct 18 12:51:20 2016                                *
       4                    ;******************************************************************************
       5                            .compiler_opts --abi=eabi --arm_vmrs_si_workaround=off --code_state=16 --diag_wrap=off --disab
       6 00000000                   .thumb
       7                    
       8                    $C$DW$CU        .dwtag  DW_TAG_compile_unit
       9                            .dwattr $C$DW$CU, DW_AT_name("../Drivers/UARTStdio_Initialization_LM3S1968.c")
      10                            .dwattr $C$DW$CU, DW_AT_producer("TI TI ARM C/C++ Codegen PC v15.12.1.LTS Copyright (c) 1996-2
      11                            .dwattr $C$DW$CU, DW_AT_TI_version(0x01)
      12                            .dwattr $C$DW$CU, DW_AT_comp_dir("H:\EECS_388\TI_ARM_Projects\FreeRTOS823_LM3S1968_ADC\Debug")
      13                    
      14                    $C$DW$1 .dwtag  DW_TAG_subprogram
      15                            .dwattr $C$DW$1, DW_AT_name("GPIOPinTypeUART")
      16                            .dwattr $C$DW$1, DW_AT_TI_symbol_name("GPIOPinTypeUART")
      17                            .dwattr $C$DW$1, DW_AT_declaration
      18                            .dwattr $C$DW$1, DW_AT_external
      19                            .dwattr $C$DW$1, DW_AT_decl_file("C:/TI_CodeComposer/StellarisWare-LM3S1968/driverlib/gpio.h")
      20                            .dwattr $C$DW$1, DW_AT_decl_line(0xa5)
      21                            .dwattr $C$DW$1, DW_AT_decl_column(0x0d)
      22                    $C$DW$2 .dwtag  DW_TAG_formal_parameter
      23                            .dwattr $C$DW$2, DW_AT_type(*$C$DW$T$13)
      24                    
      25                    $C$DW$3 .dwtag  DW_TAG_formal_parameter
      26                            .dwattr $C$DW$3, DW_AT_type(*$C$DW$T$6)
      27                    
      28                            .dwendtag $C$DW$1
      29                    
      30                    
      31                    $C$DW$4 .dwtag  DW_TAG_subprogram
      32                            .dwattr $C$DW$4, DW_AT_name("SysCtlPeripheralEnable")
      33                            .dwattr $C$DW$4, DW_AT_TI_symbol_name("SysCtlPeripheralEnable")
      34                            .dwattr $C$DW$4, DW_AT_declaration
      35                            .dwattr $C$DW$4, DW_AT_external
      36                            .dwattr $C$DW$4, DW_AT_decl_file("C:/TI_CodeComposer/StellarisWare-LM3S1968/driverlib/sysctl.h
      37                            .dwattr $C$DW$4, DW_AT_decl_line(0x24d)
      38                            .dwattr $C$DW$4, DW_AT_decl_column(0x0d)
      39                    $C$DW$5 .dwtag  DW_TAG_formal_parameter
      40                            .dwattr $C$DW$5, DW_AT_type(*$C$DW$T$13)
      41                    
      42                            .dwendtag $C$DW$4
      43                    
      44                    
      45                    $C$DW$6 .dwtag  DW_TAG_subprogram
      46                            .dwattr $C$DW$6, DW_AT_name("UARTStdioInit")
      47                            .dwattr $C$DW$6, DW_AT_TI_symbol_name("UARTStdioInit")
      48                            .dwattr $C$DW$6, DW_AT_declaration
      49                            .dwattr $C$DW$6, DW_AT_external
      50                            .dwattr $C$DW$6, DW_AT_decl_file("H:/EECS_388/TI_ARM_Projects/FreeRTOS823_LM3S1968_ADC/Drivers
      51                            .dwattr $C$DW$6, DW_AT_decl_line(0x3b)
      52                            .dwattr $C$DW$6, DW_AT_decl_column(0x0d)
      53                    $C$DW$7 .dwtag  DW_TAG_formal_parameter
      54                            .dwattr $C$DW$7, DW_AT_type(*$C$DW$T$13)
      55                    
TI ARM Assembler PC v15.12.1 Tue Oct 18 12:51:20 2016

Tools Copyright (c) 1996-2015 Texas Instruments Incorporated
UARTStdio_Initialization_LM3S1968.asm                                PAGE    2

      56                            .dwendtag $C$DW$6
      57                    
      58                            .global UARTStdioInitFlag
      59 00000000                   .data
      60                            .align  4
      61                            .elfsym UARTStdioInitFlag,SYM_SIZE(4)
      62 00000000           UARTStdioInitFlag:
      63 00000000 00000000          .bits   0,32                    ; UARTStdioInitFlag @ 0
      64                    
      65                    $C$DW$8 .dwtag  DW_TAG_variable
      66                            .dwattr $C$DW$8, DW_AT_name("UARTStdioInitFlag")
      67                            .dwattr $C$DW$8, DW_AT_TI_symbol_name("UARTStdioInitFlag")
      68                            .dwattr $C$DW$8, DW_AT_location[DW_OP_addr UARTStdioInitFlag]
      69                            .dwattr $C$DW$8, DW_AT_type(*$C$DW$T$42)
      70                            .dwattr $C$DW$8, DW_AT_external
      71                            .dwattr $C$DW$8, DW_AT_decl_file("../Drivers/UARTStdio_Initialization_LM3S1968.c")
      72                            .dwattr $C$DW$8, DW_AT_decl_line(0x20)
      73                            .dwattr $C$DW$8, DW_AT_decl_column(0x0d)
      74                    
      75                    ;       C:\TI_CodeComposer\ccsv6\tools\compiler\ti-cgt-arm_15.12.1.LTS\bin\armacpia.exe -@C:\\Users\\a
      76 00000000                   .sect   ".text"
      77                            .clink
      78                            .thumbfunc UARTStdio_Initialization
      79 00000000                   .thumb
      80                            .global UARTStdio_Initialization
      81                    
      82                    $C$DW$9 .dwtag  DW_TAG_subprogram
      83                            .dwattr $C$DW$9, DW_AT_name("UARTStdio_Initialization")
      84                            .dwattr $C$DW$9, DW_AT_low_pc(UARTStdio_Initialization)
      85                            .dwattr $C$DW$9, DW_AT_high_pc(0x00)
      86                            .dwattr $C$DW$9, DW_AT_TI_symbol_name("UARTStdio_Initialization")
      87                            .dwattr $C$DW$9, DW_AT_external
      88                            .dwattr $C$DW$9, DW_AT_type(*$C$DW$T$42)
      89                            .dwattr $C$DW$9, DW_AT_TI_begin_file("../Drivers/UARTStdio_Initialization_LM3S1968.c")
      90                            .dwattr $C$DW$9, DW_AT_TI_begin_line(0x29)
      91                            .dwattr $C$DW$9, DW_AT_TI_begin_column(0x13)
      92                            .dwattr $C$DW$9, DW_AT_decl_file("../Drivers/UARTStdio_Initialization_LM3S1968.c")
      93                            .dwattr $C$DW$9, DW_AT_decl_line(0x29)
      94                            .dwattr $C$DW$9, DW_AT_decl_column(0x13)
      95                            .dwattr $C$DW$9, DW_AT_TI_max_frame_size(0x08)
      96                            .dwpsn  file "../Drivers/UARTStdio_Initialization_LM3S1968.c",line 41,column 46,is_stmt,addres
      97                    
      98                            .dwfde $C$DW$CIE, UARTStdio_Initialization
      99                    
     100                    ;*****************************************************************************
     101                    ;* FUNCTION NAME: UARTStdio_Initialization                                   *
     102                    ;*                                                                           *
     103                    ;*   Regs Modified     : A1,A2,A3,A4,V9,SP,LR,SR                             *
     104                    ;*   Regs Used         : A1,A2,A3,A4,V9,SP,LR,SR                             *
     105                    ;*   Local Frame Size  : 0 Args + 0 Auto + 4 Save = 4 byte                   *
     106                    ;*****************************************************************************
     107 00000000           UARTStdio_Initialization:
     108                    ;* --------------------------------------------------------------------------*
     109                            .dwcfi  cfa_offset, 0
     110 00000000 B508              PUSH      {A4, LR}              ; [DPU_3_PIPE]  ; [ORIG 16-BIT INS]
TI ARM Assembler PC v15.12.1 Tue Oct 18 12:51:20 2016

Tools Copyright (c) 1996-2015 Texas Instruments Incorporated
UARTStdio_Initialization_LM3S1968.asm                                PAGE    3

     111                            .dwcfi  cfa_offset, 8
     112                            .dwcfi  save_reg_to_mem, 14, -4
     113                            .dwcfi  save_reg_to_mem, 3, -8
     114                            .dwpsn  file "../Drivers/UARTStdio_Initialization_LM3S1968.c",line 43,column 4,is_stmt,isa 1
     115 00000002 480B              LDR       A1, $C$CON1           ; [DPU_3_PIPE] |43|  ; [ORIG 16-BIT INS]
     116 00000004 6800              LDR       A1, [A1, #0]          ; [DPU_3_PIPE] |43|  ; [ORIG 16-BIT INS]
     117 00000006 B980              CBNZ      A1, ||$C$L1||         ; []  ; [ORIG 16-BIT INS]
     118                            ; BRANCHCC OCCURS {||$C$L1||}    ; [] |43| 
     119                    ;* --------------------------------------------------------------------------*
     120                            .dwpsn  file "../Drivers/UARTStdio_Initialization_LM3S1968.c",line 53,column 8,is_stmt,isa 1
     121 00000008 480A              LDR       A1, $C$CON2           ; [DPU_3_PIPE] |53|  ; [ORIG 16-BIT INS]
     122                    $C$DW$10        .dwtag  DW_TAG_TI_branch
     123                            .dwattr $C$DW$10, DW_AT_low_pc(0x00)
     124                            .dwattr $C$DW$10, DW_AT_name("SysCtlPeripheralEnable")
     125                            .dwattr $C$DW$10, DW_AT_TI_call
     126                    
     127 0000000a FFFEF7FF!         BL        SysCtlPeripheralEnable ; [DPU_3_PIPE] |53|  ; [KEEP 32-BIT INS]
     128                            ; CALL OCCURS {SysCtlPeripheralEnable }  ; [] |53| 
     129                            .dwpsn  file "../Drivers/UARTStdio_Initialization_LM3S1968.c",line 54,column 8,is_stmt,isa 1
     130 0000000e 480A              LDR       A1, $C$CON3           ; [DPU_3_PIPE] |54|  ; [ORIG 16-BIT INS]
     131                    $C$DW$11        .dwtag  DW_TAG_TI_branch
     132                            .dwattr $C$DW$11, DW_AT_low_pc(0x00)
     133                            .dwattr $C$DW$11, DW_AT_name("SysCtlPeripheralEnable")
     134                            .dwattr $C$DW$11, DW_AT_TI_call
     135                    
     136 00000010 FFFEF7FF!         BL        SysCtlPeripheralEnable ; [DPU_3_PIPE] |54|  ; [KEEP 32-BIT INS]
     137                            ; CALL OCCURS {SysCtlPeripheralEnable }  ; [] |54| 
     138                            .dwpsn  file "../Drivers/UARTStdio_Initialization_LM3S1968.c",line 55,column 8,is_stmt,isa 1
     139 00000014 2040F04F          MOV       A1, #1073758208       ; [DPU_3_PIPE] |55|  ; [KEEP 32-BIT INS]
     140 00000018 2103              MOVS      A2, #3                ; [DPU_3_PIPE] |55|  ; [ORIG 16-BIT INS]
     141                    $C$DW$12        .dwtag  DW_TAG_TI_branch
     142                            .dwattr $C$DW$12, DW_AT_low_pc(0x00)
     143                            .dwattr $C$DW$12, DW_AT_name("GPIOPinTypeUART")
     144                            .dwattr $C$DW$12, DW_AT_TI_call
     145                    
     146 0000001a FFFEF7FF!         BL        GPIOPinTypeUART       ; [DPU_3_PIPE] |55|  ; [KEEP 32-BIT INS]
     147                            ; CALL OCCURS {GPIOPinTypeUART }  ; [] |55| 
     148                            .dwpsn  file "../Drivers/UARTStdio_Initialization_LM3S1968.c",line 60,column 8,is_stmt,isa 1
     149 0000001e 2000              MOVS      A1, #0                ; [DPU_3_PIPE] |60|  ; [ORIG 16-BIT INS]
     150                    $C$DW$13        .dwtag  DW_TAG_TI_branch
     151                            .dwattr $C$DW$13, DW_AT_low_pc(0x00)
     152                            .dwattr $C$DW$13, DW_AT_name("UARTStdioInit")
     153                            .dwattr $C$DW$13, DW_AT_TI_call
     154                    
     155 00000020 FFFEF7FF!         BL        UARTStdioInit         ; [DPU_3_PIPE] |60|  ; [KEEP 32-BIT INS]
     156                            ; CALL OCCURS {UARTStdioInit }   ; [] |60| 
     157                            .dwpsn  file "../Drivers/UARTStdio_Initialization_LM3S1968.c",line 62,column 5,is_stmt,isa 1
     158 00000024 4902              LDR       A2, $C$CON1           ; [DPU_3_PIPE] |62|  ; [ORIG 16-BIT INS]
     159 00000026 2001              MOVS      A1, #1                ; [DPU_3_PIPE] |62|  ; [ORIG 16-BIT INS]
     160 00000028 6008              STR       A1, [A2, #0]          ; [DPU_3_PIPE] |62|  ; [ORIG 16-BIT INS]
     161                    ;* --------------------------------------------------------------------------*
     162 0000002a           ||$C$L1||:    
     163                            .dwpsn  file "../Drivers/UARTStdio_Initialization_LM3S1968.c",line 65,column 5,is_stmt,isa 1
     164 0000002a 2001              MOVS      A1, #1                ; [DPU_3_PIPE] |65|  ; [ORIG 16-BIT INS]
     165                            .dwpsn  file "../Drivers/UARTStdio_Initialization_LM3S1968.c",line 67,column 2,is_stmt,isa 1
TI ARM Assembler PC v15.12.1 Tue Oct 18 12:51:20 2016

Tools Copyright (c) 1996-2015 Texas Instruments Incorporated
UARTStdio_Initialization_LM3S1968.asm                                PAGE    4

     166                    $C$DW$14        .dwtag  DW_TAG_TI_branch
     167                            .dwattr $C$DW$14, DW_AT_low_pc(0x00)
     168                            .dwattr $C$DW$14, DW_AT_TI_return
     169                    
     170 0000002c BD08              POP       {A4, PC}              ; [DPU_3_PIPE]  ; [ORIG 16-BIT INS]
     171                            .dwcfi  cfa_offset, 0
     172                            ; BRANCH OCCURS                  ; [] 
     173                            .dwattr $C$DW$9, DW_AT_TI_end_file("../Drivers/UARTStdio_Initialization_LM3S1968.c")
     174                            .dwattr $C$DW$9, DW_AT_TI_end_line(0x43)
     175                            .dwattr $C$DW$9, DW_AT_TI_end_column(0x02)
     176                            .dwendentry
     177                            .dwendtag $C$DW$9
     178                    
     179                    ;******************************************************************************
     180                    ;* CONSTANT TABLE                                                             *
     181                    ;******************************************************************************
     182 0000002e                   .sect   ".text"
     183                            .align  4
     184 0000002e 000046C0! ||$C$CON1||:    .bits   UARTStdioInitFlag,32
         00000032 00000000 
     185                            .align  4
     186 00000032 00010000  ||$C$CON2||:    .bits   536870913,32
         00000036 00002000 
     187                            .align  4
     188 00000036 00012000  ||$C$CON3||:    .bits   268435457,32
         0000003a 00001000 
     189                    ;*****************************************************************************
     190                    ;* UNDEFINED EXTERNAL REFERENCES                                             *
     191                    ;*****************************************************************************
     192                            .global GPIOPinTypeUART
     193                            .global SysCtlPeripheralEnable
     194                            .global UARTStdioInit
     195                    
     196                    ;******************************************************************************
     197                    ;* BUILD ATTRIBUTES                                                           *
     198                    ;******************************************************************************
     199                            .battr "aeabi", Tag_File, 1, Tag_ABI_PCS_wchar_t(2)
     200                            .battr "aeabi", Tag_File, 1, Tag_ABI_FP_rounding(0)
     201                            .battr "aeabi", Tag_File, 1, Tag_ABI_FP_denormal(0)
     202                            .battr "aeabi", Tag_File, 1, Tag_ABI_FP_exceptions(0)
     203                            .battr "aeabi", Tag_File, 1, Tag_ABI_FP_number_model(1)
     204                            .battr "aeabi", Tag_File, 1, Tag_ABI_enum_size(0)
     205                            .battr "aeabi", Tag_File, 1, Tag_ABI_optimization_goals(5)
     206                            .battr "aeabi", Tag_File, 1, Tag_ABI_FP_optimization_goals(0)
     207                            .battr "TI", Tag_File, 1, Tag_Bitfield_layout(2)
     208                            .battr "TI", Tag_File, 1, Tag_FP_interface(1)
     209                    
     210                    ;******************************************************************************
     211                    ;* TYPE INFORMATION                                                           *
     212                    ;******************************************************************************
     213                    $C$DW$T$2       .dwtag  DW_TAG_unspecified_type
     214                            .dwattr $C$DW$T$2, DW_AT_name("void")
     215                    
     216                    $C$DW$T$3       .dwtag  DW_TAG_pointer_type
     217                            .dwattr $C$DW$T$3, DW_AT_type(*$C$DW$T$2)
TI ARM Assembler PC v15.12.1 Tue Oct 18 12:51:20 2016

Tools Copyright (c) 1996-2015 Texas Instruments Incorporated
UARTStdio_Initialization_LM3S1968.asm                                PAGE    5

     218                            .dwattr $C$DW$T$3, DW_AT_address_class(0x20)
     219                    
     220                    $C$DW$T$4       .dwtag  DW_TAG_base_type
     221                            .dwattr $C$DW$T$4, DW_AT_encoding(DW_ATE_boolean)
     222                            .dwattr $C$DW$T$4, DW_AT_name("bool")
     223                            .dwattr $C$DW$T$4, DW_AT_byte_size(0x01)
     224                    
     225                    $C$DW$T$5       .dwtag  DW_TAG_base_type
     226                            .dwattr $C$DW$T$5, DW_AT_encoding(DW_ATE_signed_char)
     227                            .dwattr $C$DW$T$5, DW_AT_name("signed char")
     228                            .dwattr $C$DW$T$5, DW_AT_byte_size(0x01)
     229                    
     230                    $C$DW$T$24      .dwtag  DW_TAG_typedef
     231                            .dwattr $C$DW$T$24, DW_AT_name("int8_t")
     232                            .dwattr $C$DW$T$24, DW_AT_type(*$C$DW$T$5)
     233                            .dwattr $C$DW$T$24, DW_AT_language(DW_LANG_C)
     234                            .dwattr $C$DW$T$24, DW_AT_decl_file("C:/TI_CodeComposer/ccsv6/tools/compiler/ti-cgt-arm_15.12.
     235                            .dwattr $C$DW$T$24, DW_AT_decl_line(0x2a)
     236                            .dwattr $C$DW$T$24, DW_AT_decl_column(0x1d)
     237                    
     238                    $C$DW$T$25      .dwtag  DW_TAG_typedef
     239                            .dwattr $C$DW$T$25, DW_AT_name("int_least8_t")
     240                            .dwattr $C$DW$T$25, DW_AT_type(*$C$DW$T$24)
     241                            .dwattr $C$DW$T$25, DW_AT_language(DW_LANG_C)
     242                            .dwattr $C$DW$T$25, DW_AT_decl_file("C:/TI_CodeComposer/ccsv6/tools/compiler/ti-cgt-arm_15.12.
     243                            .dwattr $C$DW$T$25, DW_AT_decl_line(0x37)
     244                            .dwattr $C$DW$T$25, DW_AT_decl_column(0x17)
     245                    
     246                    $C$DW$T$6       .dwtag  DW_TAG_base_type
     247                            .dwattr $C$DW$T$6, DW_AT_encoding(DW_ATE_unsigned_char)
     248                            .dwattr $C$DW$T$6, DW_AT_name("unsigned char")
     249                            .dwattr $C$DW$T$6, DW_AT_byte_size(0x01)
     250                    
     251                    $C$DW$T$26      .dwtag  DW_TAG_typedef
     252                            .dwattr $C$DW$T$26, DW_AT_name("tBoolean")
     253                            .dwattr $C$DW$T$26, DW_AT_type(*$C$DW$T$6)
     254                            .dwattr $C$DW$T$26, DW_AT_language(DW_LANG_C)
     255                            .dwattr $C$DW$T$26, DW_AT_decl_file("C:/TI_CodeComposer/StellarisWare-LM3S1968/inc/hw_types.h"
     256                            .dwattr $C$DW$T$26, DW_AT_decl_line(0x30)
     257                            .dwattr $C$DW$T$26, DW_AT_decl_column(0x17)
     258                    
     259                    $C$DW$T$27      .dwtag  DW_TAG_typedef
     260                            .dwattr $C$DW$T$27, DW_AT_name("uint8_t")
     261                            .dwattr $C$DW$T$27, DW_AT_type(*$C$DW$T$6)
     262                            .dwattr $C$DW$T$27, DW_AT_language(DW_LANG_C)
     263                            .dwattr $C$DW$T$27, DW_AT_decl_file("C:/TI_CodeComposer/ccsv6/tools/compiler/ti-cgt-arm_15.12.
     264                            .dwattr $C$DW$T$27, DW_AT_decl_line(0x2b)
     265                            .dwattr $C$DW$T$27, DW_AT_decl_column(0x1c)
     266                    
     267                    $C$DW$T$28      .dwtag  DW_TAG_typedef
     268                            .dwattr $C$DW$T$28, DW_AT_name("uint_least8_t")
     269                            .dwattr $C$DW$T$28, DW_AT_type(*$C$DW$T$27)
     270                            .dwattr $C$DW$T$28, DW_AT_language(DW_LANG_C)
     271                            .dwattr $C$DW$T$28, DW_AT_decl_file("C:/TI_CodeComposer/ccsv6/tools/compiler/ti-cgt-arm_15.12.
     272                            .dwattr $C$DW$T$28, DW_AT_decl_line(0x38)
TI ARM Assembler PC v15.12.1 Tue Oct 18 12:51:20 2016

Tools Copyright (c) 1996-2015 Texas Instruments Incorporated
UARTStdio_Initialization_LM3S1968.asm                                PAGE    6

     273                            .dwattr $C$DW$T$28, DW_AT_decl_column(0x16)
     274                    
     275                    $C$DW$T$7       .dwtag  DW_TAG_base_type
     276                            .dwattr $C$DW$T$7, DW_AT_encoding(DW_ATE_signed_char)
     277                            .dwattr $C$DW$T$7, DW_AT_name("wchar_t")
     278                            .dwattr $C$DW$T$7, DW_AT_byte_size(0x02)
     279                    
     280                    $C$DW$T$8       .dwtag  DW_TAG_base_type
     281                            .dwattr $C$DW$T$8, DW_AT_encoding(DW_ATE_signed)
     282                            .dwattr $C$DW$T$8, DW_AT_name("short")
     283                            .dwattr $C$DW$T$8, DW_AT_byte_size(0x02)
     284                    
     285                    $C$DW$T$29      .dwtag  DW_TAG_typedef
     286                            .dwattr $C$DW$T$29, DW_AT_name("int16_t")
     287                            .dwattr $C$DW$T$29, DW_AT_type(*$C$DW$T$8)
     288                            .dwattr $C$DW$T$29, DW_AT_language(DW_LANG_C)
     289                            .dwattr $C$DW$T$29, DW_AT_decl_file("C:/TI_CodeComposer/ccsv6/tools/compiler/ti-cgt-arm_15.12.
     290                            .dwattr $C$DW$T$29, DW_AT_decl_line(0x2c)
     291                            .dwattr $C$DW$T$29, DW_AT_decl_column(0x1d)
     292                    
     293                    $C$DW$T$30      .dwtag  DW_TAG_typedef
     294                            .dwattr $C$DW$T$30, DW_AT_name("int_least16_t")
     295                            .dwattr $C$DW$T$30, DW_AT_type(*$C$DW$T$29)
     296                            .dwattr $C$DW$T$30, DW_AT_language(DW_LANG_C)
     297                            .dwattr $C$DW$T$30, DW_AT_decl_file("C:/TI_CodeComposer/ccsv6/tools/compiler/ti-cgt-arm_15.12.
     298                            .dwattr $C$DW$T$30, DW_AT_decl_line(0x3a)
     299                            .dwattr $C$DW$T$30, DW_AT_decl_column(0x17)
     300                    
     301                    $C$DW$T$9       .dwtag  DW_TAG_base_type
     302                            .dwattr $C$DW$T$9, DW_AT_encoding(DW_ATE_unsigned)
     303                            .dwattr $C$DW$T$9, DW_AT_name("unsigned short")
     304                            .dwattr $C$DW$T$9, DW_AT_byte_size(0x02)
     305                    
     306                    $C$DW$T$31      .dwtag  DW_TAG_typedef
     307                            .dwattr $C$DW$T$31, DW_AT_name("uint16_t")
     308                            .dwattr $C$DW$T$31, DW_AT_type(*$C$DW$T$9)
     309                            .dwattr $C$DW$T$31, DW_AT_language(DW_LANG_C)
     310                            .dwattr $C$DW$T$31, DW_AT_decl_file("C:/TI_CodeComposer/ccsv6/tools/compiler/ti-cgt-arm_15.12.
     311                            .dwattr $C$DW$T$31, DW_AT_decl_line(0x2d)
     312                            .dwattr $C$DW$T$31, DW_AT_decl_column(0x1c)
     313                    
     314                    $C$DW$T$32      .dwtag  DW_TAG_typedef
     315                            .dwattr $C$DW$T$32, DW_AT_name("uint_least16_t")
     316                            .dwattr $C$DW$T$32, DW_AT_type(*$C$DW$T$31)
     317                            .dwattr $C$DW$T$32, DW_AT_language(DW_LANG_C)
     318                            .dwattr $C$DW$T$32, DW_AT_decl_file("C:/TI_CodeComposer/ccsv6/tools/compiler/ti-cgt-arm_15.12.
     319                            .dwattr $C$DW$T$32, DW_AT_decl_line(0x3b)
     320                            .dwattr $C$DW$T$32, DW_AT_decl_column(0x16)
     321                    
     322                    $C$DW$T$33      .dwtag  DW_TAG_typedef
     323                            .dwattr $C$DW$T$33, DW_AT_name("wchar_t")
     324                            .dwattr $C$DW$T$33, DW_AT_type(*$C$DW$T$9)
     325                            .dwattr $C$DW$T$33, DW_AT_language(DW_LANG_C)
     326                            .dwattr $C$DW$T$33, DW_AT_decl_file("C:/TI_CodeComposer/ccsv6/tools/compiler/ti-cgt-arm_15.12.
     327                            .dwattr $C$DW$T$33, DW_AT_decl_line(0x41)
TI ARM Assembler PC v15.12.1 Tue Oct 18 12:51:20 2016

Tools Copyright (c) 1996-2015 Texas Instruments Incorporated
UARTStdio_Initialization_LM3S1968.asm                                PAGE    7

     328                            .dwattr $C$DW$T$33, DW_AT_decl_column(0x1a)
     329                    
     330                    $C$DW$T$10      .dwtag  DW_TAG_base_type
     331                            .dwattr $C$DW$T$10, DW_AT_encoding(DW_ATE_signed)
     332                            .dwattr $C$DW$T$10, DW_AT_name("int")
     333                            .dwattr $C$DW$T$10, DW_AT_byte_size(0x04)
     334                    
     335                    $C$DW$T$34      .dwtag  DW_TAG_typedef
     336                            .dwattr $C$DW$T$34, DW_AT_name("int32_t")
     337                            .dwattr $C$DW$T$34, DW_AT_type(*$C$DW$T$10)
     338                            .dwattr $C$DW$T$34, DW_AT_language(DW_LANG_C)
     339                            .dwattr $C$DW$T$34, DW_AT_decl_file("C:/TI_CodeComposer/ccsv6/tools/compiler/ti-cgt-arm_15.12.
     340                            .dwattr $C$DW$T$34, DW_AT_decl_line(0x2e)
     341                            .dwattr $C$DW$T$34, DW_AT_decl_column(0x1d)
     342                    
     343                    $C$DW$T$35      .dwtag  DW_TAG_typedef
     344                            .dwattr $C$DW$T$35, DW_AT_name("int_fast16_t")
     345                            .dwattr $C$DW$T$35, DW_AT_type(*$C$DW$T$34)
     346                            .dwattr $C$DW$T$35, DW_AT_language(DW_LANG_C)
     347                            .dwattr $C$DW$T$35, DW_AT_decl_file("C:/TI_CodeComposer/ccsv6/tools/compiler/ti-cgt-arm_15.12.
     348                            .dwattr $C$DW$T$35, DW_AT_decl_line(0x47)
     349                            .dwattr $C$DW$T$35, DW_AT_decl_column(0x17)
     350                    
     351                    $C$DW$T$36      .dwtag  DW_TAG_typedef
     352                            .dwattr $C$DW$T$36, DW_AT_name("int_fast32_t")
     353                            .dwattr $C$DW$T$36, DW_AT_type(*$C$DW$T$34)
     354                            .dwattr $C$DW$T$36, DW_AT_language(DW_LANG_C)
     355                            .dwattr $C$DW$T$36, DW_AT_decl_file("C:/TI_CodeComposer/ccsv6/tools/compiler/ti-cgt-arm_15.12.
     356                            .dwattr $C$DW$T$36, DW_AT_decl_line(0x4a)
     357                            .dwattr $C$DW$T$36, DW_AT_decl_column(0x17)
     358                    
     359                    $C$DW$T$37      .dwtag  DW_TAG_typedef
     360                            .dwattr $C$DW$T$37, DW_AT_name("int_fast8_t")
     361                            .dwattr $C$DW$T$37, DW_AT_type(*$C$DW$T$34)
     362                            .dwattr $C$DW$T$37, DW_AT_language(DW_LANG_C)
     363                            .dwattr $C$DW$T$37, DW_AT_decl_file("C:/TI_CodeComposer/ccsv6/tools/compiler/ti-cgt-arm_15.12.
     364                            .dwattr $C$DW$T$37, DW_AT_decl_line(0x45)
     365                            .dwattr $C$DW$T$37, DW_AT_decl_column(0x17)
     366                    
     367                    $C$DW$T$38      .dwtag  DW_TAG_typedef
     368                            .dwattr $C$DW$T$38, DW_AT_name("int_least32_t")
     369                            .dwattr $C$DW$T$38, DW_AT_type(*$C$DW$T$34)
     370                            .dwattr $C$DW$T$38, DW_AT_language(DW_LANG_C)
     371                            .dwattr $C$DW$T$38, DW_AT_decl_file("C:/TI_CodeComposer/ccsv6/tools/compiler/ti-cgt-arm_15.12.
     372                            .dwattr $C$DW$T$38, DW_AT_decl_line(0x3c)
     373                            .dwattr $C$DW$T$38, DW_AT_decl_column(0x17)
     374                    
     375                    $C$DW$T$39      .dwtag  DW_TAG_typedef
     376                            .dwattr $C$DW$T$39, DW_AT_name("intptr_t")
     377                            .dwattr $C$DW$T$39, DW_AT_type(*$C$DW$T$10)
     378                            .dwattr $C$DW$T$39, DW_AT_language(DW_LANG_C)
     379                            .dwattr $C$DW$T$39, DW_AT_decl_file("C:/TI_CodeComposer/ccsv6/tools/compiler/ti-cgt-arm_15.12.
     380                            .dwattr $C$DW$T$39, DW_AT_decl_line(0x52)
     381                            .dwattr $C$DW$T$39, DW_AT_decl_column(0x1a)
     382                    
TI ARM Assembler PC v15.12.1 Tue Oct 18 12:51:20 2016

Tools Copyright (c) 1996-2015 Texas Instruments Incorporated
UARTStdio_Initialization_LM3S1968.asm                                PAGE    8

     383                    $C$DW$T$40      .dwtag  DW_TAG_typedef
     384                            .dwattr $C$DW$T$40, DW_AT_name("ptrdiff_t")
     385                            .dwattr $C$DW$T$40, DW_AT_type(*$C$DW$T$10)
     386                            .dwattr $C$DW$T$40, DW_AT_language(DW_LANG_C)
     387                            .dwattr $C$DW$T$40, DW_AT_decl_file("C:/TI_CodeComposer/ccsv6/tools/compiler/ti-cgt-arm_15.12.
     388                            .dwattr $C$DW$T$40, DW_AT_decl_line(0x36)
     389                            .dwattr $C$DW$T$40, DW_AT_decl_column(0x1c)
     390                    
     391                    $C$DW$T$11      .dwtag  DW_TAG_base_type
     392                            .dwattr $C$DW$T$11, DW_AT_encoding(DW_ATE_unsigned)
     393                            .dwattr $C$DW$T$11, DW_AT_name("unsigned int")
     394                            .dwattr $C$DW$T$11, DW_AT_byte_size(0x04)
     395                    
     396                    $C$DW$T$41      .dwtag  DW_TAG_typedef
     397                            .dwattr $C$DW$T$41, DW_AT_name("size_t")
     398                            .dwattr $C$DW$T$41, DW_AT_type(*$C$DW$T$11)
     399                            .dwattr $C$DW$T$41, DW_AT_language(DW_LANG_C)
     400                            .dwattr $C$DW$T$41, DW_AT_decl_file("C:/TI_CodeComposer/ccsv6/tools/compiler/ti-cgt-arm_15.12.
     401                            .dwattr $C$DW$T$41, DW_AT_decl_line(0x3a)
     402                            .dwattr $C$DW$T$41, DW_AT_decl_column(0x19)
     403                    
     404                    $C$DW$T$42      .dwtag  DW_TAG_typedef
     405                            .dwattr $C$DW$T$42, DW_AT_name("uint32_t")
     406                            .dwattr $C$DW$T$42, DW_AT_type(*$C$DW$T$11)
     407                            .dwattr $C$DW$T$42, DW_AT_language(DW_LANG_C)
     408                            .dwattr $C$DW$T$42, DW_AT_decl_file("C:/TI_CodeComposer/ccsv6/tools/compiler/ti-cgt-arm_15.12.
     409                            .dwattr $C$DW$T$42, DW_AT_decl_line(0x2f)
     410                            .dwattr $C$DW$T$42, DW_AT_decl_column(0x1c)
     411                    
     412                    $C$DW$T$44      .dwtag  DW_TAG_typedef
     413                            .dwattr $C$DW$T$44, DW_AT_name("uint_fast16_t")
     414                            .dwattr $C$DW$T$44, DW_AT_type(*$C$DW$T$42)
     415                            .dwattr $C$DW$T$44, DW_AT_language(DW_LANG_C)
     416                            .dwattr $C$DW$T$44, DW_AT_decl_file("C:/TI_CodeComposer/ccsv6/tools/compiler/ti-cgt-arm_15.12.
     417                            .dwattr $C$DW$T$44, DW_AT_decl_line(0x48)
     418                            .dwattr $C$DW$T$44, DW_AT_decl_column(0x16)
     419                    
     420                    $C$DW$T$45      .dwtag  DW_TAG_typedef
     421                            .dwattr $C$DW$T$45, DW_AT_name("uint_fast32_t")
     422                            .dwattr $C$DW$T$45, DW_AT_type(*$C$DW$T$42)
     423                            .dwattr $C$DW$T$45, DW_AT_language(DW_LANG_C)
     424                            .dwattr $C$DW$T$45, DW_AT_decl_file("C:/TI_CodeComposer/ccsv6/tools/compiler/ti-cgt-arm_15.12.
     425                            .dwattr $C$DW$T$45, DW_AT_decl_line(0x4b)
     426                            .dwattr $C$DW$T$45, DW_AT_decl_column(0x16)
     427                    
     428                    $C$DW$T$46      .dwtag  DW_TAG_typedef
     429                            .dwattr $C$DW$T$46, DW_AT_name("uint_fast8_t")
     430                            .dwattr $C$DW$T$46, DW_AT_type(*$C$DW$T$42)
     431                            .dwattr $C$DW$T$46, DW_AT_language(DW_LANG_C)
     432                            .dwattr $C$DW$T$46, DW_AT_decl_file("C:/TI_CodeComposer/ccsv6/tools/compiler/ti-cgt-arm_15.12.
     433                            .dwattr $C$DW$T$46, DW_AT_decl_line(0x46)
     434                            .dwattr $C$DW$T$46, DW_AT_decl_column(0x16)
     435                    
     436                    $C$DW$T$47      .dwtag  DW_TAG_typedef
     437                            .dwattr $C$DW$T$47, DW_AT_name("uint_least32_t")
TI ARM Assembler PC v15.12.1 Tue Oct 18 12:51:20 2016

Tools Copyright (c) 1996-2015 Texas Instruments Incorporated
UARTStdio_Initialization_LM3S1968.asm                                PAGE    9

     438                            .dwattr $C$DW$T$47, DW_AT_type(*$C$DW$T$42)
     439                            .dwattr $C$DW$T$47, DW_AT_language(DW_LANG_C)
     440                            .dwattr $C$DW$T$47, DW_AT_decl_file("C:/TI_CodeComposer/ccsv6/tools/compiler/ti-cgt-arm_15.12.
     441                            .dwattr $C$DW$T$47, DW_AT_decl_line(0x3d)
     442                            .dwattr $C$DW$T$47, DW_AT_decl_column(0x16)
     443                    
     444                    $C$DW$T$48      .dwtag  DW_TAG_typedef
     445                            .dwattr $C$DW$T$48, DW_AT_name("uintptr_t")
     446                            .dwattr $C$DW$T$48, DW_AT_type(*$C$DW$T$11)
     447                            .dwattr $C$DW$T$48, DW_AT_language(DW_LANG_C)
     448                            .dwattr $C$DW$T$48, DW_AT_decl_file("C:/TI_CodeComposer/ccsv6/tools/compiler/ti-cgt-arm_15.12.
     449                            .dwattr $C$DW$T$48, DW_AT_decl_line(0x53)
     450                            .dwattr $C$DW$T$48, DW_AT_decl_column(0x1a)
     451                    
     452                    $C$DW$T$12      .dwtag  DW_TAG_base_type
     453                            .dwattr $C$DW$T$12, DW_AT_encoding(DW_ATE_signed)
     454                            .dwattr $C$DW$T$12, DW_AT_name("long")
     455                            .dwattr $C$DW$T$12, DW_AT_byte_size(0x04)
     456                    
     457                    $C$DW$T$13      .dwtag  DW_TAG_base_type
     458                            .dwattr $C$DW$T$13, DW_AT_encoding(DW_ATE_unsigned)
     459                            .dwattr $C$DW$T$13, DW_AT_name("unsigned long")
     460                            .dwattr $C$DW$T$13, DW_AT_byte_size(0x04)
     461                    
     462                    $C$DW$T$14      .dwtag  DW_TAG_base_type
     463                            .dwattr $C$DW$T$14, DW_AT_encoding(DW_ATE_signed)
     464                            .dwattr $C$DW$T$14, DW_AT_name("long long")
     465                            .dwattr $C$DW$T$14, DW_AT_byte_size(0x08)
     466                    
     467                    $C$DW$T$49      .dwtag  DW_TAG_typedef
     468                            .dwattr $C$DW$T$49, DW_AT_name("int64_t")
     469                            .dwattr $C$DW$T$49, DW_AT_type(*$C$DW$T$14)
     470                            .dwattr $C$DW$T$49, DW_AT_language(DW_LANG_C)
     471                            .dwattr $C$DW$T$49, DW_AT_decl_file("C:/TI_CodeComposer/ccsv6/tools/compiler/ti-cgt-arm_15.12.
     472                            .dwattr $C$DW$T$49, DW_AT_decl_line(0x32)
     473                            .dwattr $C$DW$T$49, DW_AT_decl_column(0x21)
     474                    
     475                    $C$DW$T$50      .dwtag  DW_TAG_typedef
     476                            .dwattr $C$DW$T$50, DW_AT_name("int_fast64_t")
     477                            .dwattr $C$DW$T$50, DW_AT_type(*$C$DW$T$49)
     478                            .dwattr $C$DW$T$50, DW_AT_language(DW_LANG_C)
     479                            .dwattr $C$DW$T$50, DW_AT_decl_file("C:/TI_CodeComposer/ccsv6/tools/compiler/ti-cgt-arm_15.12.
     480                            .dwattr $C$DW$T$50, DW_AT_decl_line(0x4e)
     481                            .dwattr $C$DW$T$50, DW_AT_decl_column(0x17)
     482                    
     483                    $C$DW$T$51      .dwtag  DW_TAG_typedef
     484                            .dwattr $C$DW$T$51, DW_AT_name("int_least64_t")
     485                            .dwattr $C$DW$T$51, DW_AT_type(*$C$DW$T$49)
     486                            .dwattr $C$DW$T$51, DW_AT_language(DW_LANG_C)
     487                            .dwattr $C$DW$T$51, DW_AT_decl_file("C:/TI_CodeComposer/ccsv6/tools/compiler/ti-cgt-arm_15.12.
     488                            .dwattr $C$DW$T$51, DW_AT_decl_line(0x40)
     489                            .dwattr $C$DW$T$51, DW_AT_decl_column(0x17)
     490                    
     491                    $C$DW$T$52      .dwtag  DW_TAG_typedef
     492                            .dwattr $C$DW$T$52, DW_AT_name("intmax_t")
TI ARM Assembler PC v15.12.1 Tue Oct 18 12:51:20 2016

Tools Copyright (c) 1996-2015 Texas Instruments Incorporated
UARTStdio_Initialization_LM3S1968.asm                                PAGE   10

     493                            .dwattr $C$DW$T$52, DW_AT_type(*$C$DW$T$14)
     494                            .dwattr $C$DW$T$52, DW_AT_language(DW_LANG_C)
     495                            .dwattr $C$DW$T$52, DW_AT_decl_file("C:/TI_CodeComposer/ccsv6/tools/compiler/ti-cgt-arm_15.12.
     496                            .dwattr $C$DW$T$52, DW_AT_decl_line(0x56)
     497                            .dwattr $C$DW$T$52, DW_AT_decl_column(0x20)
     498                    
     499                    $C$DW$T$15      .dwtag  DW_TAG_base_type
     500                            .dwattr $C$DW$T$15, DW_AT_encoding(DW_ATE_unsigned)
     501                            .dwattr $C$DW$T$15, DW_AT_name("unsigned long long")
     502                            .dwattr $C$DW$T$15, DW_AT_byte_size(0x08)
     503                    
     504                    $C$DW$T$53      .dwtag  DW_TAG_typedef
     505                            .dwattr $C$DW$T$53, DW_AT_name("uint64_t")
     506                            .dwattr $C$DW$T$53, DW_AT_type(*$C$DW$T$15)
     507                            .dwattr $C$DW$T$53, DW_AT_language(DW_LANG_C)
     508                            .dwattr $C$DW$T$53, DW_AT_decl_file("C:/TI_CodeComposer/ccsv6/tools/compiler/ti-cgt-arm_15.12.
     509                            .dwattr $C$DW$T$53, DW_AT_decl_line(0x33)
     510                            .dwattr $C$DW$T$53, DW_AT_decl_column(0x20)
     511                    
     512                    $C$DW$T$54      .dwtag  DW_TAG_typedef
     513                            .dwattr $C$DW$T$54, DW_AT_name("uint_fast64_t")
     514                            .dwattr $C$DW$T$54, DW_AT_type(*$C$DW$T$53)
     515                            .dwattr $C$DW$T$54, DW_AT_language(DW_LANG_C)
     516                            .dwattr $C$DW$T$54, DW_AT_decl_file("C:/TI_CodeComposer/ccsv6/tools/compiler/ti-cgt-arm_15.12.
     517                            .dwattr $C$DW$T$54, DW_AT_decl_line(0x4f)
     518                            .dwattr $C$DW$T$54, DW_AT_decl_column(0x16)
     519                    
     520                    $C$DW$T$55      .dwtag  DW_TAG_typedef
     521                            .dwattr $C$DW$T$55, DW_AT_name("uint_least64_t")
     522                            .dwattr $C$DW$T$55, DW_AT_type(*$C$DW$T$53)
     523                            .dwattr $C$DW$T$55, DW_AT_language(DW_LANG_C)
     524                            .dwattr $C$DW$T$55, DW_AT_decl_file("C:/TI_CodeComposer/ccsv6/tools/compiler/ti-cgt-arm_15.12.
     525                            .dwattr $C$DW$T$55, DW_AT_decl_line(0x41)
     526                            .dwattr $C$DW$T$55, DW_AT_decl_column(0x16)
     527                    
     528                    $C$DW$T$56      .dwtag  DW_TAG_typedef
     529                            .dwattr $C$DW$T$56, DW_AT_name("uintmax_t")
     530                            .dwattr $C$DW$T$56, DW_AT_type(*$C$DW$T$15)
     531                            .dwattr $C$DW$T$56, DW_AT_language(DW_LANG_C)
     532                            .dwattr $C$DW$T$56, DW_AT_decl_file("C:/TI_CodeComposer/ccsv6/tools/compiler/ti-cgt-arm_15.12.
     533                            .dwattr $C$DW$T$56, DW_AT_decl_line(0x57)
     534                            .dwattr $C$DW$T$56, DW_AT_decl_column(0x20)
     535                    
     536                    $C$DW$T$16      .dwtag  DW_TAG_base_type
     537                            .dwattr $C$DW$T$16, DW_AT_encoding(DW_ATE_float)
     538                            .dwattr $C$DW$T$16, DW_AT_name("float")
     539                            .dwattr $C$DW$T$16, DW_AT_byte_size(0x04)
     540                    
     541                    $C$DW$T$17      .dwtag  DW_TAG_base_type
     542                            .dwattr $C$DW$T$17, DW_AT_encoding(DW_ATE_float)
     543                            .dwattr $C$DW$T$17, DW_AT_name("double")
     544                            .dwattr $C$DW$T$17, DW_AT_byte_size(0x08)
     545                    
     546                    $C$DW$T$18      .dwtag  DW_TAG_base_type
     547                            .dwattr $C$DW$T$18, DW_AT_encoding(DW_ATE_float)
TI ARM Assembler PC v15.12.1 Tue Oct 18 12:51:20 2016

Tools Copyright (c) 1996-2015 Texas Instruments Incorporated
UARTStdio_Initialization_LM3S1968.asm                                PAGE   11

     548                            .dwattr $C$DW$T$18, DW_AT_name("long double")
     549                            .dwattr $C$DW$T$18, DW_AT_byte_size(0x08)
     550                    
     551                    
     552                    $C$DW$T$19      .dwtag  DW_TAG_structure_type
     553                            .dwattr $C$DW$T$19, DW_AT_name("__va_list")
     554                            .dwattr $C$DW$T$19, DW_AT_byte_size(0x04)
     555                    $C$DW$15        .dwtag  DW_TAG_member
     556                            .dwattr $C$DW$15, DW_AT_type(*$C$DW$T$3)
     557                            .dwattr $C$DW$15, DW_AT_name("__ap")
     558                            .dwattr $C$DW$15, DW_AT_TI_symbol_name("__ap")
     559                            .dwattr $C$DW$15, DW_AT_data_member_location[DW_OP_plus_uconst 0x0]
     560                            .dwattr $C$DW$15, DW_AT_accessibility(DW_ACCESS_public)
     561                            .dwattr $C$DW$15, DW_AT_decl_file("C:/TI_CodeComposer/ccsv6/tools/compiler/ti-cgt-arm_15.12.1.
     562                            .dwattr $C$DW$15, DW_AT_decl_line(0x38)
     563                            .dwattr $C$DW$15, DW_AT_decl_column(0x0c)
     564                    
     565                            .dwattr $C$DW$T$19, DW_AT_decl_file("C:/TI_CodeComposer/ccsv6/tools/compiler/ti-cgt-arm_15.12.
     566                            .dwattr $C$DW$T$19, DW_AT_decl_line(0x37)
     567                            .dwattr $C$DW$T$19, DW_AT_decl_column(0x10)
     568                            .dwendtag $C$DW$T$19
     569                    
     570                    $C$DW$T$57      .dwtag  DW_TAG_typedef
     571                            .dwattr $C$DW$T$57, DW_AT_name("va_list")
     572                            .dwattr $C$DW$T$57, DW_AT_type(*$C$DW$T$19)
     573                            .dwattr $C$DW$T$57, DW_AT_language(DW_LANG_C)
     574                            .dwattr $C$DW$T$57, DW_AT_decl_file("C:/TI_CodeComposer/ccsv6/tools/compiler/ti-cgt-arm_15.12.
     575                            .dwattr $C$DW$T$57, DW_AT_decl_line(0x39)
     576                            .dwattr $C$DW$T$57, DW_AT_decl_column(0x03)
     577                    
     578                            .dwattr $C$DW$CU, DW_AT_language(DW_LANG_C)
     579                    
     580                    ;***************************************************************
     581                    ;* DWARF CIE ENTRIES                                           *
     582                    ;***************************************************************
     583                    
     584                    $C$DW$CIE       .dwcie 14
     585                            .dwcfi  cfa_register, 13
     586                            .dwcfi  cfa_offset, 0
     587                            .dwcfi  undefined, 0
     588                            .dwcfi  undefined, 1
     589                            .dwcfi  undefined, 2
     590                            .dwcfi  undefined, 3
     591                            .dwcfi  same_value, 4
     592                            .dwcfi  same_value, 5
     593                            .dwcfi  same_value, 6
     594                            .dwcfi  same_value, 7
     595                            .dwcfi  same_value, 8
     596                            .dwcfi  same_value, 9
     597                            .dwcfi  same_value, 10
     598                            .dwcfi  same_value, 11
     599                            .dwcfi  undefined, 12
     600                            .dwcfi  undefined, 13
     601                            .dwcfi  undefined, 14
     602                            .dwcfi  undefined, 14
TI ARM Assembler PC v15.12.1 Tue Oct 18 12:51:20 2016

Tools Copyright (c) 1996-2015 Texas Instruments Incorporated
UARTStdio_Initialization_LM3S1968.asm                                PAGE   12

     603                            .dwcfi  undefined, 7
     604                            .dwendentry
     605                            .dwendtag $C$DW$CU
     606                    

--------------------------
Thumb2 Statistics
--------------------------
Number of Thumb2 ins converted to Thumb = 0 (0%)
Number of Thumb ins in input = 13 (72%)
Number of Thumb2 ins encoded as Thumb2 = 5 (100%)
Number of Thumb2 ins converted to 2 OPND Thumb = 1


No Assembly Errors, No Assembly Warnings
