TI ARM Assembler PC v15.12.1 Tue Sep 27 12:53:57 2016

Tools Copyright (c) 1996-2015 Texas Instruments Incorporated
Task_SpeakerBuzz.asm                                                 PAGE    1

       1                    ;******************************************************************************
       2                    ;* TI ARM C/C++ Codegen                                       PC v15.12.1.LTS *
       3                    ;* Date/Time created: Tue Sep 27 12:53:57 2016                                *
       4                    ;******************************************************************************
       5                            .compiler_opts --abi=eabi --arm_vmrs_si_workaround=off --code_state=16 --diag_wrap=off --disab
       6 00000000                   .thumb
       7                    
       8                    $C$DW$CU        .dwtag  DW_TAG_compile_unit
       9                            .dwattr $C$DW$CU, DW_AT_name("../Tasks/Task_SpeakerBuzz.c")
      10                            .dwattr $C$DW$CU, DW_AT_producer("TI TI ARM C/C++ Codegen PC v15.12.1.LTS Copyright (c) 1996-2
      11                            .dwattr $C$DW$CU, DW_AT_TI_version(0x01)
      12                            .dwattr $C$DW$CU, DW_AT_comp_dir("H:\EECS_388\TI_ARM_Projects\Program_ButtonPush\Debug")
      13                    
      14                    $C$DW$1 .dwtag  DW_TAG_subprogram
      15                            .dwattr $C$DW$1, DW_AT_name("SysCtlPeripheralEnable")
      16                            .dwattr $C$DW$1, DW_AT_TI_symbol_name("SysCtlPeripheralEnable")
      17                            .dwattr $C$DW$1, DW_AT_declaration
      18                            .dwattr $C$DW$1, DW_AT_external
      19                            .dwattr $C$DW$1, DW_AT_decl_file("C:/TI_CodeComposer/StellarisWare-LM3S1968/driverlib/sysctl.h
      20                            .dwattr $C$DW$1, DW_AT_decl_line(0x24d)
      21                            .dwattr $C$DW$1, DW_AT_decl_column(0x0d)
      22                    $C$DW$2 .dwtag  DW_TAG_formal_parameter
      23                            .dwattr $C$DW$2, DW_AT_type(*$C$DW$T$13)
      24                    
      25                            .dwendtag $C$DW$1
      26                    
      27                    
      28                    $C$DW$3 .dwtag  DW_TAG_subprogram
      29                            .dwattr $C$DW$3, DW_AT_name("GPIOPadConfigSet")
      30                            .dwattr $C$DW$3, DW_AT_TI_symbol_name("GPIOPadConfigSet")
      31                            .dwattr $C$DW$3, DW_AT_declaration
      32                            .dwattr $C$DW$3, DW_AT_external
      33                            .dwattr $C$DW$3, DW_AT_decl_file("C:/TI_CodeComposer/StellarisWare-LM3S1968/driverlib/gpio.h")
      34                            .dwattr $C$DW$3, DW_AT_decl_line(0x7f)
      35                            .dwattr $C$DW$3, DW_AT_decl_column(0x0d)
      36                    $C$DW$4 .dwtag  DW_TAG_formal_parameter
      37                            .dwattr $C$DW$4, DW_AT_type(*$C$DW$T$13)
      38                    
      39                    $C$DW$5 .dwtag  DW_TAG_formal_parameter
      40                            .dwattr $C$DW$5, DW_AT_type(*$C$DW$T$6)
      41                    
      42                    $C$DW$6 .dwtag  DW_TAG_formal_parameter
      43                            .dwattr $C$DW$6, DW_AT_type(*$C$DW$T$13)
      44                    
      45                    $C$DW$7 .dwtag  DW_TAG_formal_parameter
      46                            .dwattr $C$DW$7, DW_AT_type(*$C$DW$T$13)
      47                    
      48                            .dwendtag $C$DW$3
      49                    
      50                    
      51                    $C$DW$8 .dwtag  DW_TAG_subprogram
      52                            .dwattr $C$DW$8, DW_AT_name("GPIOPinRead")
      53                            .dwattr $C$DW$8, DW_AT_TI_symbol_name("GPIOPinRead")
      54                            .dwattr $C$DW$8, DW_AT_type(*$C$DW$T$12)
      55                            .dwattr $C$DW$8, DW_AT_declaration
TI ARM Assembler PC v15.12.1 Tue Sep 27 12:53:57 2016

Tools Copyright (c) 1996-2015 Texas Instruments Incorporated
Task_SpeakerBuzz.asm                                                 PAGE    2

      56                            .dwattr $C$DW$8, DW_AT_external
      57                            .dwattr $C$DW$8, DW_AT_decl_file("C:/TI_CodeComposer/StellarisWare-LM3S1968/driverlib/gpio.h")
      58                            .dwattr $C$DW$8, DW_AT_decl_line(0x8c)
      59                            .dwattr $C$DW$8, DW_AT_decl_column(0x0d)
      60                    $C$DW$9 .dwtag  DW_TAG_formal_parameter
      61                            .dwattr $C$DW$9, DW_AT_type(*$C$DW$T$13)
      62                    
      63                    $C$DW$10        .dwtag  DW_TAG_formal_parameter
      64                            .dwattr $C$DW$10, DW_AT_type(*$C$DW$T$6)
      65                    
      66                            .dwendtag $C$DW$8
      67                    
      68                    
      69                    $C$DW$11        .dwtag  DW_TAG_subprogram
      70                            .dwattr $C$DW$11, DW_AT_name("GPIOPinWrite")
      71                            .dwattr $C$DW$11, DW_AT_TI_symbol_name("GPIOPinWrite")
      72                            .dwattr $C$DW$11, DW_AT_declaration
      73                            .dwattr $C$DW$11, DW_AT_external
      74                            .dwattr $C$DW$11, DW_AT_decl_file("C:/TI_CodeComposer/StellarisWare-LM3S1968/driverlib/gpio.h"
      75                            .dwattr $C$DW$11, DW_AT_decl_line(0x8d)
      76                            .dwattr $C$DW$11, DW_AT_decl_column(0x0d)
      77                    $C$DW$12        .dwtag  DW_TAG_formal_parameter
      78                            .dwattr $C$DW$12, DW_AT_type(*$C$DW$T$13)
      79                    
      80                    $C$DW$13        .dwtag  DW_TAG_formal_parameter
      81                            .dwattr $C$DW$13, DW_AT_type(*$C$DW$T$6)
      82                    
      83                    $C$DW$14        .dwtag  DW_TAG_formal_parameter
      84                            .dwattr $C$DW$14, DW_AT_type(*$C$DW$T$6)
      85                    
      86                            .dwendtag $C$DW$11
      87                    
      88                    
      89                    $C$DW$15        .dwtag  DW_TAG_subprogram
      90                            .dwattr $C$DW$15, DW_AT_name("GPIOPinTypeGPIOOutput")
      91                            .dwattr $C$DW$15, DW_AT_TI_symbol_name("GPIOPinTypeGPIOOutput")
      92                            .dwattr $C$DW$15, DW_AT_declaration
      93                            .dwattr $C$DW$15, DW_AT_external
      94                            .dwattr $C$DW$15, DW_AT_decl_file("C:/TI_CodeComposer/StellarisWare-LM3S1968/driverlib/gpio.h"
      95                            .dwattr $C$DW$15, DW_AT_decl_line(0x98)
      96                            .dwattr $C$DW$15, DW_AT_decl_column(0x0d)
      97                    $C$DW$16        .dwtag  DW_TAG_formal_parameter
      98                            .dwattr $C$DW$16, DW_AT_type(*$C$DW$T$13)
      99                    
     100                    $C$DW$17        .dwtag  DW_TAG_formal_parameter
     101                            .dwattr $C$DW$17, DW_AT_type(*$C$DW$T$6)
     102                    
     103                            .dwendtag $C$DW$15
     104                    
     105                    $C$DW$18        .dwtag  DW_TAG_variable
     106                            .dwattr $C$DW$18, DW_AT_name("SysTickFrequency_Nbr")
     107                            .dwattr $C$DW$18, DW_AT_TI_symbol_name("SysTickFrequency_Nbr")
     108                            .dwattr $C$DW$18, DW_AT_type(*$C$DW$T$47)
     109                            .dwattr $C$DW$18, DW_AT_declaration
     110                            .dwattr $C$DW$18, DW_AT_external
TI ARM Assembler PC v15.12.1 Tue Sep 27 12:53:57 2016

Tools Copyright (c) 1996-2015 Texas Instruments Incorporated
Task_SpeakerBuzz.asm                                                 PAGE    3

     111                            .dwattr $C$DW$18, DW_AT_decl_file("../Tasks/Task_SpeakerBuzz.c")
     112                            .dwattr $C$DW$18, DW_AT_decl_line(0x16)
     113                            .dwattr $C$DW$18, DW_AT_decl_column(0x12)
     114                    
     115                    $C$DW$19        .dwtag  DW_TAG_variable
     116                            .dwattr $C$DW$19, DW_AT_name("SysTickCount_Nbr")
     117                            .dwattr $C$DW$19, DW_AT_TI_symbol_name("SysTickCount_Nbr")
     118                            .dwattr $C$DW$19, DW_AT_type(*$C$DW$T$47)
     119                            .dwattr $C$DW$19, DW_AT_declaration
     120                            .dwattr $C$DW$19, DW_AT_external
     121                            .dwattr $C$DW$19, DW_AT_decl_file("../Tasks/Task_SpeakerBuzz.c")
     122                            .dwattr $C$DW$19, DW_AT_decl_line(0x17)
     123                            .dwattr $C$DW$19, DW_AT_decl_column(0x12)
     124                    
     125                    $C$DW$20        .dwtag  DW_TAG_variable
     126                            .dwattr $C$DW$20, DW_AT_name("buttonSound")
     127                            .dwattr $C$DW$20, DW_AT_TI_symbol_name("buttonSound")
     128                            .dwattr $C$DW$20, DW_AT_type(*$C$DW$T$63)
     129                            .dwattr $C$DW$20, DW_AT_declaration
     130                            .dwattr $C$DW$20, DW_AT_external
     131                            .dwattr $C$DW$20, DW_AT_decl_file("../Tasks/Task_SpeakerBuzz.c")
     132                            .dwattr $C$DW$20, DW_AT_decl_line(0x18)
     133                            .dwattr $C$DW$20, DW_AT_decl_column(0x0d)
     134                    
     135 00000000                   .data
     136                            .align  4
     137                            .elfsym Task_SpeakerBuzz_NextExecute,SYM_SIZE(4)
     138 00000000           Task_SpeakerBuzz_NextExecute:
     139 00000000 00000000          .bits   0,32                    ; Task_SpeakerBuzz_NextExecute @ 0
     140                    
     141                    $C$DW$21        .dwtag  DW_TAG_variable
     142                            .dwattr $C$DW$21, DW_AT_name("Task_SpeakerBuzz_NextExecute")
     143                            .dwattr $C$DW$21, DW_AT_TI_symbol_name("Task_SpeakerBuzz_NextExecute")
     144                            .dwattr $C$DW$21, DW_AT_type(*$C$DW$T$47)
     145                            .dwattr $C$DW$21, DW_AT_location[DW_OP_addr Task_SpeakerBuzz_NextExecute]
     146                            .dwattr $C$DW$21, DW_AT_decl_file("../Tasks/Task_SpeakerBuzz.c")
     147                            .dwattr $C$DW$21, DW_AT_decl_line(0x1b)
     148                            .dwattr $C$DW$21, DW_AT_decl_column(0x11)
     149                    
     150 00000000                   .bss    Task_SpeakerBuzz_DeltaExecute,4,4
     151                    $C$DW$22        .dwtag  DW_TAG_variable
     152                            .dwattr $C$DW$22, DW_AT_name("Task_SpeakerBuzz_DeltaExecute")
     153                            .dwattr $C$DW$22, DW_AT_TI_symbol_name("Task_SpeakerBuzz_DeltaExecute")
     154                            .dwattr $C$DW$22, DW_AT_type(*$C$DW$T$47)
     155                            .dwattr $C$DW$22, DW_AT_location[DW_OP_addr Task_SpeakerBuzz_DeltaExecute]
     156                            .dwattr $C$DW$22, DW_AT_decl_file("../Tasks/Task_SpeakerBuzz.c")
     157                            .dwattr $C$DW$22, DW_AT_decl_line(0x1c)
     158                            .dwattr $C$DW$22, DW_AT_decl_column(0x11)
     159                    
     160 00000004                   .data
     161                            .align  1
     162                            .elfsym Task_SpeakerBuzz_Initialized,SYM_SIZE(1)
     163 00000004           Task_SpeakerBuzz_Initialized:
     164 00000004 00000000          .bits   0,8                     ; Task_SpeakerBuzz_Initialized @ 0
     165                    
TI ARM Assembler PC v15.12.1 Tue Sep 27 12:53:57 2016

Tools Copyright (c) 1996-2015 Texas Instruments Incorporated
Task_SpeakerBuzz.asm                                                 PAGE    4

     166                    $C$DW$23        .dwtag  DW_TAG_variable
     167                            .dwattr $C$DW$23, DW_AT_name("Task_SpeakerBuzz_Initialized")
     168                            .dwattr $C$DW$23, DW_AT_TI_symbol_name("Task_SpeakerBuzz_Initialized")
     169                            .dwattr $C$DW$23, DW_AT_type(*$C$DW$T$63)
     170                            .dwattr $C$DW$23, DW_AT_location[DW_OP_addr Task_SpeakerBuzz_Initialized]
     171                            .dwattr $C$DW$23, DW_AT_decl_file("../Tasks/Task_SpeakerBuzz.c")
     172                            .dwattr $C$DW$23, DW_AT_decl_line(0x1d)
     173                            .dwattr $C$DW$23, DW_AT_decl_column(0x0e)
     174                    
     175                    ;       C:\TI_CodeComposer\ccsv6\tools\compiler\ti-cgt-arm_15.12.1.LTS\bin\armacpia.exe -@C:\\Users\\a
     176 00000000                   .sect   ".text"
     177                            .clink
     178                            .thumbfunc Task_SpeakerBuzz
     179 00000000                   .thumb
     180                            .global Task_SpeakerBuzz
     181                    
     182                    $C$DW$24        .dwtag  DW_TAG_subprogram
     183                            .dwattr $C$DW$24, DW_AT_name("Task_SpeakerBuzz")
     184                            .dwattr $C$DW$24, DW_AT_low_pc(Task_SpeakerBuzz)
     185                            .dwattr $C$DW$24, DW_AT_high_pc(0x00)
     186                            .dwattr $C$DW$24, DW_AT_TI_symbol_name("Task_SpeakerBuzz")
     187                            .dwattr $C$DW$24, DW_AT_external
     188                            .dwattr $C$DW$24, DW_AT_TI_begin_file("../Tasks/Task_SpeakerBuzz.c")
     189                            .dwattr $C$DW$24, DW_AT_TI_begin_line(0x20)
     190                            .dwattr $C$DW$24, DW_AT_TI_begin_column(0x0d)
     191                            .dwattr $C$DW$24, DW_AT_decl_file("../Tasks/Task_SpeakerBuzz.c")
     192                            .dwattr $C$DW$24, DW_AT_decl_line(0x20)
     193                            .dwattr $C$DW$24, DW_AT_decl_column(0x0d)
     194                            .dwattr $C$DW$24, DW_AT_TI_max_frame_size(0x08)
     195                            .dwpsn  file "../Tasks/Task_SpeakerBuzz.c",line 32,column 32,is_stmt,address Task_SpeakerBuzz,
     196                    
     197                            .dwfde $C$DW$CIE, Task_SpeakerBuzz
     198                    
     199                    ;*****************************************************************************
     200                    ;* FUNCTION NAME: Task_SpeakerBuzz                                           *
     201                    ;*                                                                           *
     202                    ;*   Regs Modified     : A1,A2,A3,A4,V9,SP,LR,SR                             *
     203                    ;*   Regs Used         : A1,A2,A3,A4,V9,SP,LR,SR                             *
     204                    ;*   Local Frame Size  : 0 Args + 4 Auto + 4 Save = 8 byte                   *
     205                    ;*****************************************************************************
     206 00000000           Task_SpeakerBuzz:
     207                    ;* --------------------------------------------------------------------------*
     208                            .dwcfi  cfa_offset, 0
     209 00000000 B508              PUSH      {A4, LR}              ; [DPU_3_PIPE]  ; [ORIG 16-BIT INS]
     210                            .dwcfi  cfa_offset, 8
     211                            .dwcfi  save_reg_to_mem, 14, -4
     212                            .dwcfi  save_reg_to_mem, 3, -8
     213                    $C$DW$25        .dwtag  DW_TAG_variable
     214                            .dwattr $C$DW$25, DW_AT_name("speakerData")
     215                            .dwattr $C$DW$25, DW_AT_TI_symbol_name("speakerData")
     216                            .dwattr $C$DW$25, DW_AT_type(*$C$DW$T$47)
     217                            .dwattr $C$DW$25, DW_AT_location[DW_OP_breg13 0]
     218                    
     219                            .dwpsn  file "../Tasks/Task_SpeakerBuzz.c",line 33,column 23,is_stmt,isa 1
     220 00000002 2000              MOVS      A1, #0                ; [DPU_3_PIPE] |33|  ; [ORIG 16-BIT INS]
TI ARM Assembler PC v15.12.1 Tue Sep 27 12:53:57 2016

Tools Copyright (c) 1996-2015 Texas Instruments Incorporated
Task_SpeakerBuzz.asm                                                 PAGE    5

     221 00000004 9000              STR       A1, [SP, #0]          ; [DPU_3_PIPE] |33|  ; [ORIG 16-BIT INS]
     222                            .dwpsn  file "../Tasks/Task_SpeakerBuzz.c",line 35,column 2,is_stmt,isa 1
     223 00000006 4824              LDR       A1, $C$CON1           ; [DPU_3_PIPE] |35|  ; [ORIG 16-BIT INS]
     224 00000008 7800              LDRB      A1, [A1, #0]          ; [DPU_3_PIPE] |35|  ; [ORIG 16-BIT INS]
     225 0000000a BB18              CBNZ      A1, ||$C$L1||         ; []  ; [ORIG 16-BIT INS]
     226                            ; BRANCHCC OCCURS {||$C$L1||}    ; [] |35| 
     227                    ;* --------------------------------------------------------------------------*
     228                            .dwpsn  file "../Tasks/Task_SpeakerBuzz.c",line 37,column 3,is_stmt,isa 1
     229 0000000c 4823              LDR       A1, $C$CON2           ; [DPU_3_PIPE] |37|  ; [ORIG 16-BIT INS]
     230                    $C$DW$26        .dwtag  DW_TAG_TI_branch
     231                            .dwattr $C$DW$26, DW_AT_low_pc(0x00)
     232                            .dwattr $C$DW$26, DW_AT_name("SysCtlPeripheralEnable")
     233                            .dwattr $C$DW$26, DW_AT_TI_call
     234                    
     235 0000000e FFFEF7FF!         BL        SysCtlPeripheralEnable ; [DPU_3_PIPE] |37|  ; [KEEP 32-BIT INS]
     236                            ; CALL OCCURS {SysCtlPeripheralEnable }  ; [] |37| 
     237                            .dwpsn  file "../Tasks/Task_SpeakerBuzz.c",line 40,column 3,is_stmt,isa 1
     238 00000012 4823              LDR       A1, $C$CON3           ; [DPU_3_PIPE] |40|  ; [ORIG 16-BIT INS]
     239 00000014 2103              MOVS      A2, #3                ; [DPU_3_PIPE] |40|  ; [ORIG 16-BIT INS]
     240                    $C$DW$27        .dwtag  DW_TAG_TI_branch
     241                            .dwattr $C$DW$27, DW_AT_low_pc(0x00)
     242                            .dwattr $C$DW$27, DW_AT_name("GPIOPinTypeGPIOOutput")
     243                            .dwattr $C$DW$27, DW_AT_TI_call
     244                    
     245 00000016 FFFEF7FF!         BL        GPIOPinTypeGPIOOutput ; [DPU_3_PIPE] |40|  ; [KEEP 32-BIT INS]
     246                            ; CALL OCCURS {GPIOPinTypeGPIOOutput }  ; [] |40| 
     247                            .dwpsn  file "../Tasks/Task_SpeakerBuzz.c",line 41,column 3,is_stmt,isa 1
     248 0000001a 4821              LDR       A1, $C$CON3           ; [DPU_3_PIPE] |41|  ; [ORIG 16-BIT INS]
     249 0000001c 2103              MOVS      A2, #3                ; [DPU_3_PIPE] |41|  ; [ORIG 16-BIT INS]
     250 0000001e 2201              MOVS      A3, #1                ; [DPU_3_PIPE] |41|  ; [ORIG 16-BIT INS]
     251 00000020 2308              MOVS      A4, #8                ; [DPU_3_PIPE] |41|  ; [ORIG 16-BIT INS]
     252                    $C$DW$28        .dwtag  DW_TAG_TI_branch
     253                            .dwattr $C$DW$28, DW_AT_low_pc(0x00)
     254                            .dwattr $C$DW$28, DW_AT_name("GPIOPadConfigSet")
     255                            .dwattr $C$DW$28, DW_AT_TI_call
     256                    
     257 00000022 FFFEF7FF!         BL        GPIOPadConfigSet      ; [DPU_3_PIPE] |41|  ; [KEEP 32-BIT INS]
     258                            ; CALL OCCURS {GPIOPadConfigSet }  ; [] |41| 
     259                            .dwpsn  file "../Tasks/Task_SpeakerBuzz.c",line 44,column 3,is_stmt,isa 1
     260 00000026 481E              LDR       A1, $C$CON3           ; [DPU_3_PIPE] |44|  ; [ORIG 16-BIT INS]
     261 00000028 2103              MOVS      A2, #3                ; [DPU_3_PIPE] |44|  ; [ORIG 16-BIT INS]
     262 0000002a 2201              MOVS      A3, #1                ; [DPU_3_PIPE] |44|  ; [ORIG 16-BIT INS]
     263                    $C$DW$29        .dwtag  DW_TAG_TI_branch
     264                            .dwattr $C$DW$29, DW_AT_low_pc(0x00)
     265                            .dwattr $C$DW$29, DW_AT_name("GPIOPinWrite")
     266                            .dwattr $C$DW$29, DW_AT_TI_call
     267                    
     268 0000002c FFFEF7FF!         BL        GPIOPinWrite          ; [DPU_3_PIPE] |44|  ; [KEEP 32-BIT INS]
     269                            ; CALL OCCURS {GPIOPinWrite }    ; [] |44| 
     270                            .dwpsn  file "../Tasks/Task_SpeakerBuzz.c",line 46,column 3,is_stmt,isa 1
     271 00000030 481D              LDR       A1, $C$CON5           ; [DPU_3_PIPE] |46|  ; [ORIG 16-BIT INS]
     272 00000032 491C              LDR       A2, $C$CON4           ; [DPU_3_PIPE] |46|  ; [ORIG 16-BIT INS]
     273 00000034 6800              LDR       A1, [A1, #0]          ; [DPU_3_PIPE] |46|  ; [ORIG 16-BIT INS]
     274 00000036 725CF44F          MOV       A3, #880              ; [DPU_3_PIPE] |46|  ; [KEEP 32-BIT INS]
     275 0000003a F0F2FBB0          UDIV      A1, A1, A3            ; [DPU_3_PIPE] |46|  ; [KEEP 32-BIT INS]
TI ARM Assembler PC v15.12.1 Tue Sep 27 12:53:57 2016

Tools Copyright (c) 1996-2015 Texas Instruments Incorporated
Task_SpeakerBuzz.asm                                                 PAGE    6

     276 0000003e 6008              STR       A1, [A2, #0]          ; [DPU_3_PIPE] |46|  ; [ORIG 16-BIT INS]
     277                            .dwpsn  file "../Tasks/Task_SpeakerBuzz.c",line 47,column 3,is_stmt,isa 1
     278 00000040 491B              LDR       A2, $C$CON7           ; [DPU_3_PIPE] |47|  ; [ORIG 16-BIT INS]
     279 00000042 4818              LDR       A1, $C$CON4           ; [DPU_3_PIPE] |47|  ; [ORIG 16-BIT INS]
     280 00000044 680A              LDR       A3, [A2, #0]          ; [DPU_3_PIPE] |47|  ; [ORIG 16-BIT INS]
     281 00000046 6800              LDR       A1, [A1, #0]          ; [DPU_3_PIPE] |47|  ; [ORIG 16-BIT INS]
     282 00000048 4918              LDR       A2, $C$CON6           ; [DPU_3_PIPE] |47|  ; [ORIG 16-BIT INS]
     283 0000004a 1880              ADDS      A1, A1, A3            ; [DPU_3_PIPE] |47|  ; [ORIG 16-BIT INS]
     284 0000004c 6008              STR       A1, [A2, #0]          ; [DPU_3_PIPE] |47|  ; [ORIG 16-BIT INS]
     285                            .dwpsn  file "../Tasks/Task_SpeakerBuzz.c",line 48,column 3,is_stmt,isa 1
     286 0000004e 4912              LDR       A2, $C$CON1           ; [DPU_3_PIPE] |48|  ; [ORIG 16-BIT INS]
     287 00000050 2001              MOVS      A1, #1                ; [DPU_3_PIPE] |48|  ; [ORIG 16-BIT INS]
     288 00000052 7008              STRB      A1, [A2, #0]          ; [DPU_3_PIPE] |48|  ; [ORIG 16-BIT INS]
     289                    ;* --------------------------------------------------------------------------*
     290 00000054           ||$C$L1||:    
     291                            .dwpsn  file "../Tasks/Task_SpeakerBuzz.c",line 52,column 2,is_stmt,isa 1
     292 00000054 4817              LDR       A1, $C$CON8           ; [DPU_3_PIPE] |52|  ; [ORIG 16-BIT INS]
     293 00000056 7800              LDRB      A1, [A1, #0]          ; [DPU_3_PIPE] |52|  ; [ORIG 16-BIT INS]
     294 00000058 2801              CMP       A1, #1                ; [DPU_3_PIPE] |52|  ; [ORIG 16-BIT INS]
     295 0000005a D11B              BNE       ||$C$L2||             ; [DPU_3_PIPE] |52|  ; [ORIG 16-BIT INS]
     296                            ; BRANCHCC OCCURS {||$C$L2||}    ; [] |52| 
     297                    ;* --------------------------------------------------------------------------*
     298                            .dwpsn  file "../Tasks/Task_SpeakerBuzz.c",line 53,column 3,is_stmt,isa 1
     299 0000005c 4813              LDR       A1, $C$CON6           ; [DPU_3_PIPE] |53|  ; [ORIG 16-BIT INS]
     300 0000005e 4914              LDR       A2, $C$CON7           ; [DPU_3_PIPE] |53|  ; [ORIG 16-BIT INS]
     301 00000060 6800              LDR       A1, [A1, #0]          ; [DPU_3_PIPE] |53|  ; [ORIG 16-BIT INS]
     302 00000062 6809              LDR       A2, [A2, #0]          ; [DPU_3_PIPE] |53|  ; [ORIG 16-BIT INS]
     303 00000064 4288              CMP       A1, A2                ; [DPU_3_PIPE] |53|  ; [ORIG 16-BIT INS]
     304 00000066 D815              BHI       ||$C$L2||             ; [DPU_3_PIPE] |53|  ; [ORIG 16-BIT INS]
     305                            ; BRANCHCC OCCURS {||$C$L2||}    ; [] |53| 
     306                    ;* --------------------------------------------------------------------------*
     307                            .dwpsn  file "../Tasks/Task_SpeakerBuzz.c",line 55,column 7,is_stmt,isa 1
     308 00000068 480D              LDR       A1, $C$CON3           ; [DPU_3_PIPE] |55|  ; [ORIG 16-BIT INS]
     309 0000006a 2103              MOVS      A2, #3                ; [DPU_3_PIPE] |55|  ; [ORIG 16-BIT INS]
     310                    $C$DW$30        .dwtag  DW_TAG_TI_branch
     311                            .dwattr $C$DW$30, DW_AT_low_pc(0x00)
     312                            .dwattr $C$DW$30, DW_AT_name("GPIOPinRead")
     313                            .dwattr $C$DW$30, DW_AT_TI_call
     314                    
     315 0000006c FFFEF7FF!         BL        GPIOPinRead           ; [DPU_3_PIPE] |55|  ; [KEEP 32-BIT INS]
     316                            ; CALL OCCURS {GPIOPinRead }     ; [] |55| 
     317 00000070 9000              STR       A1, [SP, #0]          ; [DPU_3_PIPE] |55|  ; [ORIG 16-BIT INS]
     318                            .dwpsn  file "../Tasks/Task_SpeakerBuzz.c",line 58,column 7,is_stmt,isa 1
     319 00000072 9800              LDR       A1, [SP, #0]          ; [DPU_3_PIPE] |58|  ; [ORIG 16-BIT INS]
     320 00000074 0003F080          EOR       A1, A1, #3            ; [DPU_3_PIPE] |58|  ; [KEEP 32-BIT INS]
     321 00000078 9000              STR       A1, [SP, #0]          ; [DPU_3_PIPE] |58|  ; [ORIG 16-BIT INS]
     322                            .dwpsn  file "../Tasks/Task_SpeakerBuzz.c",line 61,column 7,is_stmt,isa 1
     323 0000007a 4809              LDR       A1, $C$CON3           ; [DPU_3_PIPE] |61|  ; [ORIG 16-BIT INS]
     324 0000007c 2000F89D          LDRB      A3, [SP, #0]          ; [DPU_3_PIPE] |61|  ; [KEEP 32-BIT INS]
     325 00000080 2103              MOVS      A2, #3                ; [DPU_3_PIPE] |61|  ; [ORIG 16-BIT INS]
     326                    $C$DW$31        .dwtag  DW_TAG_TI_branch
     327                            .dwattr $C$DW$31, DW_AT_low_pc(0x00)
     328                            .dwattr $C$DW$31, DW_AT_name("GPIOPinWrite")
     329                            .dwattr $C$DW$31, DW_AT_TI_call
     330                    
TI ARM Assembler PC v15.12.1 Tue Sep 27 12:53:57 2016

Tools Copyright (c) 1996-2015 Texas Instruments Incorporated
Task_SpeakerBuzz.asm                                                 PAGE    7

     331 00000082 FFFEF7FF!         BL        GPIOPinWrite          ; [DPU_3_PIPE] |61|  ; [KEEP 32-BIT INS]
     332                            ; CALL OCCURS {GPIOPinWrite }    ; [] |61| 
     333                            .dwpsn  file "../Tasks/Task_SpeakerBuzz.c",line 64,column 7,is_stmt,isa 1
     334 00000086 490A              LDR       A2, $C$CON7           ; [DPU_3_PIPE] |64|  ; [ORIG 16-BIT INS]
     335 00000088 4806              LDR       A1, $C$CON4           ; [DPU_3_PIPE] |64|  ; [ORIG 16-BIT INS]
     336 0000008a 680A              LDR       A3, [A2, #0]          ; [DPU_3_PIPE] |64|  ; [ORIG 16-BIT INS]
     337 0000008c 6800              LDR       A1, [A1, #0]          ; [DPU_3_PIPE] |64|  ; [ORIG 16-BIT INS]
     338 0000008e 4907              LDR       A2, $C$CON6           ; [DPU_3_PIPE] |64|  ; [ORIG 16-BIT INS]
     339 00000090 1880              ADDS      A1, A1, A3            ; [DPU_3_PIPE] |64|  ; [ORIG 16-BIT INS]
     340 00000092 6008              STR       A1, [A2, #0]          ; [DPU_3_PIPE] |64|  ; [ORIG 16-BIT INS]
     341                            .dwpsn  file "../Tasks/Task_SpeakerBuzz.c",line 67,column 1,is_stmt,isa 1
     342                    ;* --------------------------------------------------------------------------*
     343                    ||$C$L2||:    
     344                    $C$DW$32        .dwtag  DW_TAG_TI_branch
     345                            .dwattr $C$DW$32, DW_AT_low_pc(0x00)
     346                            .dwattr $C$DW$32, DW_AT_TI_return
     347                    
     348 00000094 BD08              POP       {A4, PC}              ; [DPU_3_PIPE]  ; [ORIG 16-BIT INS]
     349                            .dwcfi  cfa_offset, 0
     350                            ; BRANCH OCCURS                  ; [] 
     351                            .dwattr $C$DW$24, DW_AT_TI_end_file("../Tasks/Task_SpeakerBuzz.c")
     352                            .dwattr $C$DW$24, DW_AT_TI_end_line(0x43)
     353                            .dwattr $C$DW$24, DW_AT_TI_end_column(0x01)
     354                            .dwendentry
     355                            .dwendtag $C$DW$24
     356                    
     357                    ;******************************************************************************
     358                    ;* CONSTANT TABLE                                                             *
     359                    ;******************************************************************************
     360 00000096                   .sect   ".text"
     361                            .align  4
     362 00000096 000046C0! ||$C$CON1||:    .bits   Task_SpeakerBuzz_Initialized,32
         0000009a 00000000 
     363                            .align  4
     364 0000009a 00800000  ||$C$CON2||:    .bits   536871040,32
         0000009e 00002000 
     365                            .align  4
     366 0000009e 70002000  ||$C$CON3||:    .bits   1073901568,32
         000000a2 00004002 
     367                            .align  4
     368 000000a2 00004002! ||$C$CON4||:    .bits   Task_SpeakerBuzz_DeltaExecute,32
         000000a6 00000000 
     369                            .align  4
     370 000000a6 00000000! ||$C$CON5||:    .bits   SysTickFrequency_Nbr,32
         000000aa 00000000 
     371                            .align  4
     372 000000aa 00000000! ||$C$CON6||:    .bits   Task_SpeakerBuzz_NextExecute,32
         000000ae 00000000 
     373                            .align  4
     374 000000ae 00000000! ||$C$CON7||:    .bits   SysTickCount_Nbr,32
         000000b2 00000000 
     375                            .align  4
     376 000000b2 00000000! ||$C$CON8||:    .bits   buttonSound,32
         000000b6 00000000 
     377                    ;*****************************************************************************
TI ARM Assembler PC v15.12.1 Tue Sep 27 12:53:57 2016

Tools Copyright (c) 1996-2015 Texas Instruments Incorporated
Task_SpeakerBuzz.asm                                                 PAGE    8

     378                    ;* UNDEFINED EXTERNAL REFERENCES                                             *
     379                    ;*****************************************************************************
     380                            .global SysCtlPeripheralEnable
     381                            .global GPIOPadConfigSet
     382                            .global GPIOPinRead
     383                            .global GPIOPinWrite
     384                            .global GPIOPinTypeGPIOOutput
     385                            .global SysTickFrequency_Nbr
     386                            .global SysTickCount_Nbr
     387                            .global buttonSound
     388                    
     389                    ;******************************************************************************
     390                    ;* BUILD ATTRIBUTES                                                           *
     391                    ;******************************************************************************
     392                            .battr "aeabi", Tag_File, 1, Tag_ABI_PCS_wchar_t(2)
     393                            .battr "aeabi", Tag_File, 1, Tag_ABI_FP_rounding(0)
     394                            .battr "aeabi", Tag_File, 1, Tag_ABI_FP_denormal(0)
     395                            .battr "aeabi", Tag_File, 1, Tag_ABI_FP_exceptions(0)
     396                            .battr "aeabi", Tag_File, 1, Tag_ABI_FP_number_model(1)
     397                            .battr "aeabi", Tag_File, 1, Tag_ABI_enum_size(0)
     398                            .battr "aeabi", Tag_File, 1, Tag_ABI_optimization_goals(5)
     399                            .battr "aeabi", Tag_File, 1, Tag_ABI_FP_optimization_goals(0)
     400                            .battr "TI", Tag_File, 1, Tag_Bitfield_layout(2)
     401                            .battr "TI", Tag_File, 1, Tag_FP_interface(1)
     402                    
     403                    ;******************************************************************************
     404                    ;* TYPE INFORMATION                                                           *
     405                    ;******************************************************************************
     406                    $C$DW$T$2       .dwtag  DW_TAG_unspecified_type
     407                            .dwattr $C$DW$T$2, DW_AT_name("void")
     408                    
     409                    $C$DW$T$3       .dwtag  DW_TAG_pointer_type
     410                            .dwattr $C$DW$T$3, DW_AT_type(*$C$DW$T$2)
     411                            .dwattr $C$DW$T$3, DW_AT_address_class(0x20)
     412                    
     413                    $C$DW$T$4       .dwtag  DW_TAG_base_type
     414                            .dwattr $C$DW$T$4, DW_AT_encoding(DW_ATE_boolean)
     415                            .dwattr $C$DW$T$4, DW_AT_name("bool")
     416                            .dwattr $C$DW$T$4, DW_AT_byte_size(0x01)
     417                    
     418                    $C$DW$T$5       .dwtag  DW_TAG_base_type
     419                            .dwattr $C$DW$T$5, DW_AT_encoding(DW_ATE_signed_char)
     420                            .dwattr $C$DW$T$5, DW_AT_name("signed char")
     421                            .dwattr $C$DW$T$5, DW_AT_byte_size(0x01)
     422                    
     423                    $C$DW$T$29      .dwtag  DW_TAG_typedef
     424                            .dwattr $C$DW$T$29, DW_AT_name("int8_t")
     425                            .dwattr $C$DW$T$29, DW_AT_type(*$C$DW$T$5)
     426                            .dwattr $C$DW$T$29, DW_AT_language(DW_LANG_C)
     427                            .dwattr $C$DW$T$29, DW_AT_decl_file("C:/TI_CodeComposer/ccsv6/tools/compiler/ti-cgt-arm_15.12.
     428                            .dwattr $C$DW$T$29, DW_AT_decl_line(0x2a)
     429                            .dwattr $C$DW$T$29, DW_AT_decl_column(0x1d)
     430                    
     431                    $C$DW$T$30      .dwtag  DW_TAG_typedef
     432                            .dwattr $C$DW$T$30, DW_AT_name("int_least8_t")
TI ARM Assembler PC v15.12.1 Tue Sep 27 12:53:57 2016

Tools Copyright (c) 1996-2015 Texas Instruments Incorporated
Task_SpeakerBuzz.asm                                                 PAGE    9

     433                            .dwattr $C$DW$T$30, DW_AT_type(*$C$DW$T$29)
     434                            .dwattr $C$DW$T$30, DW_AT_language(DW_LANG_C)
     435                            .dwattr $C$DW$T$30, DW_AT_decl_file("C:/TI_CodeComposer/ccsv6/tools/compiler/ti-cgt-arm_15.12.
     436                            .dwattr $C$DW$T$30, DW_AT_decl_line(0x37)
     437                            .dwattr $C$DW$T$30, DW_AT_decl_column(0x17)
     438                    
     439                    $C$DW$T$6       .dwtag  DW_TAG_base_type
     440                            .dwattr $C$DW$T$6, DW_AT_encoding(DW_ATE_unsigned_char)
     441                            .dwattr $C$DW$T$6, DW_AT_name("unsigned char")
     442                            .dwattr $C$DW$T$6, DW_AT_byte_size(0x01)
     443                    
     444                    $C$DW$T$31      .dwtag  DW_TAG_typedef
     445                            .dwattr $C$DW$T$31, DW_AT_name("tBoolean")
     446                            .dwattr $C$DW$T$31, DW_AT_type(*$C$DW$T$6)
     447                            .dwattr $C$DW$T$31, DW_AT_language(DW_LANG_C)
     448                            .dwattr $C$DW$T$31, DW_AT_decl_file("C:/TI_CodeComposer/StellarisWare-LM3S1968/inc/hw_types.h"
     449                            .dwattr $C$DW$T$31, DW_AT_decl_line(0x30)
     450                            .dwattr $C$DW$T$31, DW_AT_decl_column(0x17)
     451                    
     452                    $C$DW$T$32      .dwtag  DW_TAG_typedef
     453                            .dwattr $C$DW$T$32, DW_AT_name("uint8_t")
     454                            .dwattr $C$DW$T$32, DW_AT_type(*$C$DW$T$6)
     455                            .dwattr $C$DW$T$32, DW_AT_language(DW_LANG_C)
     456                            .dwattr $C$DW$T$32, DW_AT_decl_file("C:/TI_CodeComposer/ccsv6/tools/compiler/ti-cgt-arm_15.12.
     457                            .dwattr $C$DW$T$32, DW_AT_decl_line(0x2b)
     458                            .dwattr $C$DW$T$32, DW_AT_decl_column(0x1c)
     459                    
     460                    $C$DW$T$33      .dwtag  DW_TAG_typedef
     461                            .dwattr $C$DW$T$33, DW_AT_name("uint_least8_t")
     462                            .dwattr $C$DW$T$33, DW_AT_type(*$C$DW$T$32)
     463                            .dwattr $C$DW$T$33, DW_AT_language(DW_LANG_C)
     464                            .dwattr $C$DW$T$33, DW_AT_decl_file("C:/TI_CodeComposer/ccsv6/tools/compiler/ti-cgt-arm_15.12.
     465                            .dwattr $C$DW$T$33, DW_AT_decl_line(0x38)
     466                            .dwattr $C$DW$T$33, DW_AT_decl_column(0x16)
     467                    
     468                    $C$DW$T$7       .dwtag  DW_TAG_base_type
     469                            .dwattr $C$DW$T$7, DW_AT_encoding(DW_ATE_signed_char)
     470                            .dwattr $C$DW$T$7, DW_AT_name("wchar_t")
     471                            .dwattr $C$DW$T$7, DW_AT_byte_size(0x02)
     472                    
     473                    $C$DW$T$8       .dwtag  DW_TAG_base_type
     474                            .dwattr $C$DW$T$8, DW_AT_encoding(DW_ATE_signed)
     475                            .dwattr $C$DW$T$8, DW_AT_name("short")
     476                            .dwattr $C$DW$T$8, DW_AT_byte_size(0x02)
     477                    
     478                    $C$DW$T$34      .dwtag  DW_TAG_typedef
     479                            .dwattr $C$DW$T$34, DW_AT_name("int16_t")
     480                            .dwattr $C$DW$T$34, DW_AT_type(*$C$DW$T$8)
     481                            .dwattr $C$DW$T$34, DW_AT_language(DW_LANG_C)
     482                            .dwattr $C$DW$T$34, DW_AT_decl_file("C:/TI_CodeComposer/ccsv6/tools/compiler/ti-cgt-arm_15.12.
     483                            .dwattr $C$DW$T$34, DW_AT_decl_line(0x2c)
     484                            .dwattr $C$DW$T$34, DW_AT_decl_column(0x1d)
     485                    
     486                    $C$DW$T$35      .dwtag  DW_TAG_typedef
     487                            .dwattr $C$DW$T$35, DW_AT_name("int_least16_t")
TI ARM Assembler PC v15.12.1 Tue Sep 27 12:53:57 2016

Tools Copyright (c) 1996-2015 Texas Instruments Incorporated
Task_SpeakerBuzz.asm                                                 PAGE   10

     488                            .dwattr $C$DW$T$35, DW_AT_type(*$C$DW$T$34)
     489                            .dwattr $C$DW$T$35, DW_AT_language(DW_LANG_C)
     490                            .dwattr $C$DW$T$35, DW_AT_decl_file("C:/TI_CodeComposer/ccsv6/tools/compiler/ti-cgt-arm_15.12.
     491                            .dwattr $C$DW$T$35, DW_AT_decl_line(0x3a)
     492                            .dwattr $C$DW$T$35, DW_AT_decl_column(0x17)
     493                    
     494                    $C$DW$T$9       .dwtag  DW_TAG_base_type
     495                            .dwattr $C$DW$T$9, DW_AT_encoding(DW_ATE_unsigned)
     496                            .dwattr $C$DW$T$9, DW_AT_name("unsigned short")
     497                            .dwattr $C$DW$T$9, DW_AT_byte_size(0x02)
     498                    
     499                    $C$DW$T$36      .dwtag  DW_TAG_typedef
     500                            .dwattr $C$DW$T$36, DW_AT_name("uint16_t")
     501                            .dwattr $C$DW$T$36, DW_AT_type(*$C$DW$T$9)
     502                            .dwattr $C$DW$T$36, DW_AT_language(DW_LANG_C)
     503                            .dwattr $C$DW$T$36, DW_AT_decl_file("C:/TI_CodeComposer/ccsv6/tools/compiler/ti-cgt-arm_15.12.
     504                            .dwattr $C$DW$T$36, DW_AT_decl_line(0x2d)
     505                            .dwattr $C$DW$T$36, DW_AT_decl_column(0x1c)
     506                    
     507                    $C$DW$T$37      .dwtag  DW_TAG_typedef
     508                            .dwattr $C$DW$T$37, DW_AT_name("uint_least16_t")
     509                            .dwattr $C$DW$T$37, DW_AT_type(*$C$DW$T$36)
     510                            .dwattr $C$DW$T$37, DW_AT_language(DW_LANG_C)
     511                            .dwattr $C$DW$T$37, DW_AT_decl_file("C:/TI_CodeComposer/ccsv6/tools/compiler/ti-cgt-arm_15.12.
     512                            .dwattr $C$DW$T$37, DW_AT_decl_line(0x3b)
     513                            .dwattr $C$DW$T$37, DW_AT_decl_column(0x16)
     514                    
     515                    $C$DW$T$38      .dwtag  DW_TAG_typedef
     516                            .dwattr $C$DW$T$38, DW_AT_name("wchar_t")
     517                            .dwattr $C$DW$T$38, DW_AT_type(*$C$DW$T$9)
     518                            .dwattr $C$DW$T$38, DW_AT_language(DW_LANG_C)
     519                            .dwattr $C$DW$T$38, DW_AT_decl_file("C:/TI_CodeComposer/ccsv6/tools/compiler/ti-cgt-arm_15.12.
     520                            .dwattr $C$DW$T$38, DW_AT_decl_line(0x41)
     521                            .dwattr $C$DW$T$38, DW_AT_decl_column(0x1a)
     522                    
     523                    $C$DW$T$10      .dwtag  DW_TAG_base_type
     524                            .dwattr $C$DW$T$10, DW_AT_encoding(DW_ATE_signed)
     525                            .dwattr $C$DW$T$10, DW_AT_name("int")
     526                            .dwattr $C$DW$T$10, DW_AT_byte_size(0x04)
     527                    
     528                    $C$DW$T$39      .dwtag  DW_TAG_typedef
     529                            .dwattr $C$DW$T$39, DW_AT_name("int32_t")
     530                            .dwattr $C$DW$T$39, DW_AT_type(*$C$DW$T$10)
     531                            .dwattr $C$DW$T$39, DW_AT_language(DW_LANG_C)
     532                            .dwattr $C$DW$T$39, DW_AT_decl_file("C:/TI_CodeComposer/ccsv6/tools/compiler/ti-cgt-arm_15.12.
     533                            .dwattr $C$DW$T$39, DW_AT_decl_line(0x2e)
     534                            .dwattr $C$DW$T$39, DW_AT_decl_column(0x1d)
     535                    
     536                    $C$DW$T$40      .dwtag  DW_TAG_typedef
     537                            .dwattr $C$DW$T$40, DW_AT_name("int_fast16_t")
     538                            .dwattr $C$DW$T$40, DW_AT_type(*$C$DW$T$39)
     539                            .dwattr $C$DW$T$40, DW_AT_language(DW_LANG_C)
     540                            .dwattr $C$DW$T$40, DW_AT_decl_file("C:/TI_CodeComposer/ccsv6/tools/compiler/ti-cgt-arm_15.12.
     541                            .dwattr $C$DW$T$40, DW_AT_decl_line(0x47)
     542                            .dwattr $C$DW$T$40, DW_AT_decl_column(0x17)
TI ARM Assembler PC v15.12.1 Tue Sep 27 12:53:57 2016

Tools Copyright (c) 1996-2015 Texas Instruments Incorporated
Task_SpeakerBuzz.asm                                                 PAGE   11

     543                    
     544                    $C$DW$T$41      .dwtag  DW_TAG_typedef
     545                            .dwattr $C$DW$T$41, DW_AT_name("int_fast32_t")
     546                            .dwattr $C$DW$T$41, DW_AT_type(*$C$DW$T$39)
     547                            .dwattr $C$DW$T$41, DW_AT_language(DW_LANG_C)
     548                            .dwattr $C$DW$T$41, DW_AT_decl_file("C:/TI_CodeComposer/ccsv6/tools/compiler/ti-cgt-arm_15.12.
     549                            .dwattr $C$DW$T$41, DW_AT_decl_line(0x4a)
     550                            .dwattr $C$DW$T$41, DW_AT_decl_column(0x17)
     551                    
     552                    $C$DW$T$42      .dwtag  DW_TAG_typedef
     553                            .dwattr $C$DW$T$42, DW_AT_name("int_fast8_t")
     554                            .dwattr $C$DW$T$42, DW_AT_type(*$C$DW$T$39)
     555                            .dwattr $C$DW$T$42, DW_AT_language(DW_LANG_C)
     556                            .dwattr $C$DW$T$42, DW_AT_decl_file("C:/TI_CodeComposer/ccsv6/tools/compiler/ti-cgt-arm_15.12.
     557                            .dwattr $C$DW$T$42, DW_AT_decl_line(0x45)
     558                            .dwattr $C$DW$T$42, DW_AT_decl_column(0x17)
     559                    
     560                    $C$DW$T$43      .dwtag  DW_TAG_typedef
     561                            .dwattr $C$DW$T$43, DW_AT_name("int_least32_t")
     562                            .dwattr $C$DW$T$43, DW_AT_type(*$C$DW$T$39)
     563                            .dwattr $C$DW$T$43, DW_AT_language(DW_LANG_C)
     564                            .dwattr $C$DW$T$43, DW_AT_decl_file("C:/TI_CodeComposer/ccsv6/tools/compiler/ti-cgt-arm_15.12.
     565                            .dwattr $C$DW$T$43, DW_AT_decl_line(0x3c)
     566                            .dwattr $C$DW$T$43, DW_AT_decl_column(0x17)
     567                    
     568                    $C$DW$T$44      .dwtag  DW_TAG_typedef
     569                            .dwattr $C$DW$T$44, DW_AT_name("intptr_t")
     570                            .dwattr $C$DW$T$44, DW_AT_type(*$C$DW$T$10)
     571                            .dwattr $C$DW$T$44, DW_AT_language(DW_LANG_C)
     572                            .dwattr $C$DW$T$44, DW_AT_decl_file("C:/TI_CodeComposer/ccsv6/tools/compiler/ti-cgt-arm_15.12.
     573                            .dwattr $C$DW$T$44, DW_AT_decl_line(0x52)
     574                            .dwattr $C$DW$T$44, DW_AT_decl_column(0x1a)
     575                    
     576                    $C$DW$T$45      .dwtag  DW_TAG_typedef
     577                            .dwattr $C$DW$T$45, DW_AT_name("ptrdiff_t")
     578                            .dwattr $C$DW$T$45, DW_AT_type(*$C$DW$T$10)
     579                            .dwattr $C$DW$T$45, DW_AT_language(DW_LANG_C)
     580                            .dwattr $C$DW$T$45, DW_AT_decl_file("C:/TI_CodeComposer/ccsv6/tools/compiler/ti-cgt-arm_15.12.
     581                            .dwattr $C$DW$T$45, DW_AT_decl_line(0x36)
     582                            .dwattr $C$DW$T$45, DW_AT_decl_column(0x1c)
     583                    
     584                    $C$DW$T$11      .dwtag  DW_TAG_base_type
     585                            .dwattr $C$DW$T$11, DW_AT_encoding(DW_ATE_unsigned)
     586                            .dwattr $C$DW$T$11, DW_AT_name("unsigned int")
     587                            .dwattr $C$DW$T$11, DW_AT_byte_size(0x04)
     588                    
     589                    $C$DW$T$46      .dwtag  DW_TAG_typedef
     590                            .dwattr $C$DW$T$46, DW_AT_name("size_t")
     591                            .dwattr $C$DW$T$46, DW_AT_type(*$C$DW$T$11)
     592                            .dwattr $C$DW$T$46, DW_AT_language(DW_LANG_C)
     593                            .dwattr $C$DW$T$46, DW_AT_decl_file("C:/TI_CodeComposer/ccsv6/tools/compiler/ti-cgt-arm_15.12.
     594                            .dwattr $C$DW$T$46, DW_AT_decl_line(0x3a)
     595                            .dwattr $C$DW$T$46, DW_AT_decl_column(0x19)
     596                    
     597                    $C$DW$T$47      .dwtag  DW_TAG_typedef
TI ARM Assembler PC v15.12.1 Tue Sep 27 12:53:57 2016

Tools Copyright (c) 1996-2015 Texas Instruments Incorporated
Task_SpeakerBuzz.asm                                                 PAGE   12

     598                            .dwattr $C$DW$T$47, DW_AT_name("uint32_t")
     599                            .dwattr $C$DW$T$47, DW_AT_type(*$C$DW$T$11)
     600                            .dwattr $C$DW$T$47, DW_AT_language(DW_LANG_C)
     601                            .dwattr $C$DW$T$47, DW_AT_decl_file("C:/TI_CodeComposer/ccsv6/tools/compiler/ti-cgt-arm_15.12.
     602                            .dwattr $C$DW$T$47, DW_AT_decl_line(0x2f)
     603                            .dwattr $C$DW$T$47, DW_AT_decl_column(0x1c)
     604                    
     605                    $C$DW$T$48      .dwtag  DW_TAG_typedef
     606                            .dwattr $C$DW$T$48, DW_AT_name("uint_fast16_t")
     607                            .dwattr $C$DW$T$48, DW_AT_type(*$C$DW$T$47)
     608                            .dwattr $C$DW$T$48, DW_AT_language(DW_LANG_C)
     609                            .dwattr $C$DW$T$48, DW_AT_decl_file("C:/TI_CodeComposer/ccsv6/tools/compiler/ti-cgt-arm_15.12.
     610                            .dwattr $C$DW$T$48, DW_AT_decl_line(0x48)
     611                            .dwattr $C$DW$T$48, DW_AT_decl_column(0x16)
     612                    
     613                    $C$DW$T$49      .dwtag  DW_TAG_typedef
     614                            .dwattr $C$DW$T$49, DW_AT_name("uint_fast32_t")
     615                            .dwattr $C$DW$T$49, DW_AT_type(*$C$DW$T$47)
     616                            .dwattr $C$DW$T$49, DW_AT_language(DW_LANG_C)
     617                            .dwattr $C$DW$T$49, DW_AT_decl_file("C:/TI_CodeComposer/ccsv6/tools/compiler/ti-cgt-arm_15.12.
     618                            .dwattr $C$DW$T$49, DW_AT_decl_line(0x4b)
     619                            .dwattr $C$DW$T$49, DW_AT_decl_column(0x16)
     620                    
     621                    $C$DW$T$50      .dwtag  DW_TAG_typedef
     622                            .dwattr $C$DW$T$50, DW_AT_name("uint_fast8_t")
     623                            .dwattr $C$DW$T$50, DW_AT_type(*$C$DW$T$47)
     624                            .dwattr $C$DW$T$50, DW_AT_language(DW_LANG_C)
     625                            .dwattr $C$DW$T$50, DW_AT_decl_file("C:/TI_CodeComposer/ccsv6/tools/compiler/ti-cgt-arm_15.12.
     626                            .dwattr $C$DW$T$50, DW_AT_decl_line(0x46)
     627                            .dwattr $C$DW$T$50, DW_AT_decl_column(0x16)
     628                    
     629                    $C$DW$T$51      .dwtag  DW_TAG_typedef
     630                            .dwattr $C$DW$T$51, DW_AT_name("uint_least32_t")
     631                            .dwattr $C$DW$T$51, DW_AT_type(*$C$DW$T$47)
     632                            .dwattr $C$DW$T$51, DW_AT_language(DW_LANG_C)
     633                            .dwattr $C$DW$T$51, DW_AT_decl_file("C:/TI_CodeComposer/ccsv6/tools/compiler/ti-cgt-arm_15.12.
     634                            .dwattr $C$DW$T$51, DW_AT_decl_line(0x3d)
     635                            .dwattr $C$DW$T$51, DW_AT_decl_column(0x16)
     636                    
     637                    $C$DW$T$52      .dwtag  DW_TAG_typedef
     638                            .dwattr $C$DW$T$52, DW_AT_name("uintptr_t")
     639                            .dwattr $C$DW$T$52, DW_AT_type(*$C$DW$T$11)
     640                            .dwattr $C$DW$T$52, DW_AT_language(DW_LANG_C)
     641                            .dwattr $C$DW$T$52, DW_AT_decl_file("C:/TI_CodeComposer/ccsv6/tools/compiler/ti-cgt-arm_15.12.
     642                            .dwattr $C$DW$T$52, DW_AT_decl_line(0x53)
     643                            .dwattr $C$DW$T$52, DW_AT_decl_column(0x1a)
     644                    
     645                    $C$DW$T$12      .dwtag  DW_TAG_base_type
     646                            .dwattr $C$DW$T$12, DW_AT_encoding(DW_ATE_signed)
     647                            .dwattr $C$DW$T$12, DW_AT_name("long")
     648                            .dwattr $C$DW$T$12, DW_AT_byte_size(0x04)
     649                    
     650                    $C$DW$T$13      .dwtag  DW_TAG_base_type
     651                            .dwattr $C$DW$T$13, DW_AT_encoding(DW_ATE_unsigned)
     652                            .dwattr $C$DW$T$13, DW_AT_name("unsigned long")
TI ARM Assembler PC v15.12.1 Tue Sep 27 12:53:57 2016

Tools Copyright (c) 1996-2015 Texas Instruments Incorporated
Task_SpeakerBuzz.asm                                                 PAGE   13

     653                            .dwattr $C$DW$T$13, DW_AT_byte_size(0x04)
     654                    
     655                    $C$DW$T$14      .dwtag  DW_TAG_base_type
     656                            .dwattr $C$DW$T$14, DW_AT_encoding(DW_ATE_signed)
     657                            .dwattr $C$DW$T$14, DW_AT_name("long long")
     658                            .dwattr $C$DW$T$14, DW_AT_byte_size(0x08)
     659                    
     660                    $C$DW$T$55      .dwtag  DW_TAG_typedef
     661                            .dwattr $C$DW$T$55, DW_AT_name("int64_t")
     662                            .dwattr $C$DW$T$55, DW_AT_type(*$C$DW$T$14)
     663                            .dwattr $C$DW$T$55, DW_AT_language(DW_LANG_C)
     664                            .dwattr $C$DW$T$55, DW_AT_decl_file("C:/TI_CodeComposer/ccsv6/tools/compiler/ti-cgt-arm_15.12.
     665                            .dwattr $C$DW$T$55, DW_AT_decl_line(0x32)
     666                            .dwattr $C$DW$T$55, DW_AT_decl_column(0x21)
     667                    
     668                    $C$DW$T$56      .dwtag  DW_TAG_typedef
     669                            .dwattr $C$DW$T$56, DW_AT_name("int_fast64_t")
     670                            .dwattr $C$DW$T$56, DW_AT_type(*$C$DW$T$55)
     671                            .dwattr $C$DW$T$56, DW_AT_language(DW_LANG_C)
     672                            .dwattr $C$DW$T$56, DW_AT_decl_file("C:/TI_CodeComposer/ccsv6/tools/compiler/ti-cgt-arm_15.12.
     673                            .dwattr $C$DW$T$56, DW_AT_decl_line(0x4e)
     674                            .dwattr $C$DW$T$56, DW_AT_decl_column(0x17)
     675                    
     676                    $C$DW$T$57      .dwtag  DW_TAG_typedef
     677                            .dwattr $C$DW$T$57, DW_AT_name("int_least64_t")
     678                            .dwattr $C$DW$T$57, DW_AT_type(*$C$DW$T$55)
     679                            .dwattr $C$DW$T$57, DW_AT_language(DW_LANG_C)
     680                            .dwattr $C$DW$T$57, DW_AT_decl_file("C:/TI_CodeComposer/ccsv6/tools/compiler/ti-cgt-arm_15.12.
     681                            .dwattr $C$DW$T$57, DW_AT_decl_line(0x40)
     682                            .dwattr $C$DW$T$57, DW_AT_decl_column(0x17)
     683                    
     684                    $C$DW$T$58      .dwtag  DW_TAG_typedef
     685                            .dwattr $C$DW$T$58, DW_AT_name("intmax_t")
     686                            .dwattr $C$DW$T$58, DW_AT_type(*$C$DW$T$14)
     687                            .dwattr $C$DW$T$58, DW_AT_language(DW_LANG_C)
     688                            .dwattr $C$DW$T$58, DW_AT_decl_file("C:/TI_CodeComposer/ccsv6/tools/compiler/ti-cgt-arm_15.12.
     689                            .dwattr $C$DW$T$58, DW_AT_decl_line(0x56)
     690                            .dwattr $C$DW$T$58, DW_AT_decl_column(0x20)
     691                    
     692                    $C$DW$T$15      .dwtag  DW_TAG_base_type
     693                            .dwattr $C$DW$T$15, DW_AT_encoding(DW_ATE_unsigned)
     694                            .dwattr $C$DW$T$15, DW_AT_name("unsigned long long")
     695                            .dwattr $C$DW$T$15, DW_AT_byte_size(0x08)
     696                    
     697                    $C$DW$T$59      .dwtag  DW_TAG_typedef
     698                            .dwattr $C$DW$T$59, DW_AT_name("uint64_t")
     699                            .dwattr $C$DW$T$59, DW_AT_type(*$C$DW$T$15)
     700                            .dwattr $C$DW$T$59, DW_AT_language(DW_LANG_C)
     701                            .dwattr $C$DW$T$59, DW_AT_decl_file("C:/TI_CodeComposer/ccsv6/tools/compiler/ti-cgt-arm_15.12.
     702                            .dwattr $C$DW$T$59, DW_AT_decl_line(0x33)
     703                            .dwattr $C$DW$T$59, DW_AT_decl_column(0x20)
     704                    
     705                    $C$DW$T$60      .dwtag  DW_TAG_typedef
     706                            .dwattr $C$DW$T$60, DW_AT_name("uint_fast64_t")
     707                            .dwattr $C$DW$T$60, DW_AT_type(*$C$DW$T$59)
TI ARM Assembler PC v15.12.1 Tue Sep 27 12:53:57 2016

Tools Copyright (c) 1996-2015 Texas Instruments Incorporated
Task_SpeakerBuzz.asm                                                 PAGE   14

     708                            .dwattr $C$DW$T$60, DW_AT_language(DW_LANG_C)
     709                            .dwattr $C$DW$T$60, DW_AT_decl_file("C:/TI_CodeComposer/ccsv6/tools/compiler/ti-cgt-arm_15.12.
     710                            .dwattr $C$DW$T$60, DW_AT_decl_line(0x4f)
     711                            .dwattr $C$DW$T$60, DW_AT_decl_column(0x16)
     712                    
     713                    $C$DW$T$61      .dwtag  DW_TAG_typedef
     714                            .dwattr $C$DW$T$61, DW_AT_name("uint_least64_t")
     715                            .dwattr $C$DW$T$61, DW_AT_type(*$C$DW$T$59)
     716                            .dwattr $C$DW$T$61, DW_AT_language(DW_LANG_C)
     717                            .dwattr $C$DW$T$61, DW_AT_decl_file("C:/TI_CodeComposer/ccsv6/tools/compiler/ti-cgt-arm_15.12.
     718                            .dwattr $C$DW$T$61, DW_AT_decl_line(0x41)
     719                            .dwattr $C$DW$T$61, DW_AT_decl_column(0x16)
     720                    
     721                    $C$DW$T$62      .dwtag  DW_TAG_typedef
     722                            .dwattr $C$DW$T$62, DW_AT_name("uintmax_t")
     723                            .dwattr $C$DW$T$62, DW_AT_type(*$C$DW$T$15)
     724                            .dwattr $C$DW$T$62, DW_AT_language(DW_LANG_C)
     725                            .dwattr $C$DW$T$62, DW_AT_decl_file("C:/TI_CodeComposer/ccsv6/tools/compiler/ti-cgt-arm_15.12.
     726                            .dwattr $C$DW$T$62, DW_AT_decl_line(0x57)
     727                            .dwattr $C$DW$T$62, DW_AT_decl_column(0x20)
     728                    
     729                    $C$DW$T$16      .dwtag  DW_TAG_base_type
     730                            .dwattr $C$DW$T$16, DW_AT_encoding(DW_ATE_float)
     731                            .dwattr $C$DW$T$16, DW_AT_name("float")
     732                            .dwattr $C$DW$T$16, DW_AT_byte_size(0x04)
     733                    
     734                    $C$DW$T$17      .dwtag  DW_TAG_base_type
     735                            .dwattr $C$DW$T$17, DW_AT_encoding(DW_ATE_float)
     736                            .dwattr $C$DW$T$17, DW_AT_name("double")
     737                            .dwattr $C$DW$T$17, DW_AT_byte_size(0x08)
     738                    
     739                    $C$DW$T$18      .dwtag  DW_TAG_base_type
     740                            .dwattr $C$DW$T$18, DW_AT_encoding(DW_ATE_float)
     741                            .dwattr $C$DW$T$18, DW_AT_name("long double")
     742                            .dwattr $C$DW$T$18, DW_AT_byte_size(0x08)
     743                    
     744                    $C$DW$T$63      .dwtag  DW_TAG_base_type
     745                            .dwattr $C$DW$T$63, DW_AT_encoding(DW_ATE_unsigned_char)
     746                            .dwattr $C$DW$T$63, DW_AT_name("unsigned char")
     747                            .dwattr $C$DW$T$63, DW_AT_byte_size(0x01)
     748                    
     749                    
     750                    $C$DW$T$19      .dwtag  DW_TAG_structure_type
     751                            .dwattr $C$DW$T$19, DW_AT_name("__va_list")
     752                            .dwattr $C$DW$T$19, DW_AT_byte_size(0x04)
     753                    $C$DW$33        .dwtag  DW_TAG_member
     754                            .dwattr $C$DW$33, DW_AT_type(*$C$DW$T$3)
     755                            .dwattr $C$DW$33, DW_AT_name("__ap")
     756                            .dwattr $C$DW$33, DW_AT_TI_symbol_name("__ap")
     757                            .dwattr $C$DW$33, DW_AT_data_member_location[DW_OP_plus_uconst 0x0]
     758                            .dwattr $C$DW$33, DW_AT_accessibility(DW_ACCESS_public)
     759                            .dwattr $C$DW$33, DW_AT_decl_file("C:/TI_CodeComposer/ccsv6/tools/compiler/ti-cgt-arm_15.12.1.
     760                            .dwattr $C$DW$33, DW_AT_decl_line(0x38)
     761                            .dwattr $C$DW$33, DW_AT_decl_column(0x0c)
     762                    
TI ARM Assembler PC v15.12.1 Tue Sep 27 12:53:57 2016

Tools Copyright (c) 1996-2015 Texas Instruments Incorporated
Task_SpeakerBuzz.asm                                                 PAGE   15

     763                            .dwattr $C$DW$T$19, DW_AT_decl_file("C:/TI_CodeComposer/ccsv6/tools/compiler/ti-cgt-arm_15.12.
     764                            .dwattr $C$DW$T$19, DW_AT_decl_line(0x37)
     765                            .dwattr $C$DW$T$19, DW_AT_decl_column(0x10)
     766                            .dwendtag $C$DW$T$19
     767                    
     768                    $C$DW$T$64      .dwtag  DW_TAG_typedef
     769                            .dwattr $C$DW$T$64, DW_AT_name("va_list")
     770                            .dwattr $C$DW$T$64, DW_AT_type(*$C$DW$T$19)
     771                            .dwattr $C$DW$T$64, DW_AT_language(DW_LANG_C)
     772                            .dwattr $C$DW$T$64, DW_AT_decl_file("C:/TI_CodeComposer/ccsv6/tools/compiler/ti-cgt-arm_15.12.
     773                            .dwattr $C$DW$T$64, DW_AT_decl_line(0x39)
     774                            .dwattr $C$DW$T$64, DW_AT_decl_column(0x03)
     775                    
     776                            .dwattr $C$DW$CU, DW_AT_language(DW_LANG_C)
     777                    
     778                    ;***************************************************************
     779                    ;* DWARF CIE ENTRIES                                           *
     780                    ;***************************************************************
     781                    
     782                    $C$DW$CIE       .dwcie 14
     783                            .dwcfi  cfa_register, 13
     784                            .dwcfi  cfa_offset, 0
     785                            .dwcfi  undefined, 0
     786                            .dwcfi  undefined, 1
     787                            .dwcfi  undefined, 2
     788                            .dwcfi  undefined, 3
     789                            .dwcfi  same_value, 4
     790                            .dwcfi  same_value, 5
     791                            .dwcfi  same_value, 6
     792                            .dwcfi  same_value, 7
     793                            .dwcfi  same_value, 8
     794                            .dwcfi  same_value, 9
     795                            .dwcfi  same_value, 10
     796                            .dwcfi  same_value, 11
     797                            .dwcfi  undefined, 12
     798                            .dwcfi  undefined, 13
     799                            .dwcfi  undefined, 14
     800                            .dwcfi  undefined, 14
     801                            .dwcfi  undefined, 7
     802                            .dwendentry
     803                            .dwendtag $C$DW$CU
     804                    

--------------------------
Thumb2 Statistics
--------------------------
Number of Thumb2 ins converted to Thumb = 0 (0%)
Number of Thumb ins in input = 56 (84%)
Number of Thumb2 ins encoded as Thumb2 = 10 (100%)
Number of Thumb2 ins converted to 2 OPND Thumb = 0


No Assembly Errors, No Assembly Warnings
