TI ARM Assembler PC v15.12.1 Tue Sep 13 14:05:54 2016

Tools Copyright (c) 1996-2015 Texas Instruments Incorporated
Task_ReportSysTick.asm                                               PAGE    1

       1                    ;******************************************************************************
       2                    ;* TI ARM C/C++ Codegen                                       PC v15.12.1.LTS *
       3                    ;* Date/Time created: Tue Sep 13 14:05:54 2016                                *
       4                    ;******************************************************************************
       5                            .compiler_opts --abi=eabi --arm_vmrs_si_workaround=off --code_state=16 --diag_wrap=off --disab
       6 00000000                   .thumb
       7                    
       8                    $C$DW$CU        .dwtag  DW_TAG_compile_unit
       9                            .dwattr $C$DW$CU, DW_AT_name("../Tasks/Task_ReportSysTick.c")
      10                            .dwattr $C$DW$CU, DW_AT_producer("TI TI ARM C/C++ Codegen PC v15.12.1.LTS Copyright (c) 1996-2
      11                            .dwattr $C$DW$CU, DW_AT_TI_version(0x01)
      12                            .dwattr $C$DW$CU, DW_AT_comp_dir("H:\EECS_388\TI_ARM_Projects\Program_Blinky\Debug")
      13                    
      14                    $C$DW$1 .dwtag  DW_TAG_subprogram
      15                            .dwattr $C$DW$1, DW_AT_name("RIT128x96x4StringDraw")
      16                            .dwattr $C$DW$1, DW_AT_TI_symbol_name("RIT128x96x4StringDraw")
      17                            .dwattr $C$DW$1, DW_AT_declaration
      18                            .dwattr $C$DW$1, DW_AT_external
      19                            .dwattr $C$DW$1, DW_AT_decl_file("H:/EECS_388/TI_ARM_Projects/Program_Blinky/Drivers/rit128x96
      20                            .dwattr $C$DW$1, DW_AT_decl_line(0x23)
      21                            .dwattr $C$DW$1, DW_AT_decl_column(0x0d)
      22                    $C$DW$2 .dwtag  DW_TAG_formal_parameter
      23                            .dwattr $C$DW$2, DW_AT_type(*$C$DW$T$25)
      24                    
      25                    $C$DW$3 .dwtag  DW_TAG_formal_parameter
      26                            .dwattr $C$DW$3, DW_AT_type(*$C$DW$T$13)
      27                    
      28                    $C$DW$4 .dwtag  DW_TAG_formal_parameter
      29                            .dwattr $C$DW$4, DW_AT_type(*$C$DW$T$13)
      30                    
      31                    $C$DW$5 .dwtag  DW_TAG_formal_parameter
      32                            .dwattr $C$DW$5, DW_AT_type(*$C$DW$T$6)
      33                    
      34                            .dwendtag $C$DW$1
      35                    
      36                    
      37                    $C$DW$6 .dwtag  DW_TAG_subprogram
      38                            .dwattr $C$DW$6, DW_AT_name("sprintf")
      39                            .dwattr $C$DW$6, DW_AT_TI_symbol_name("sprintf")
      40                            .dwattr $C$DW$6, DW_AT_type(*$C$DW$T$10)
      41                            .dwattr $C$DW$6, DW_AT_declaration
      42                            .dwattr $C$DW$6, DW_AT_external
      43                            .dwattr $C$DW$6, DW_AT_decl_file("C:/TI_CodeComposer/ccsv6/tools/compiler/ti-cgt-arm_15.12.1.L
      44                            .dwattr $C$DW$6, DW_AT_decl_line(0xf9)
      45                            .dwattr $C$DW$6, DW_AT_decl_column(0x19)
      46                    $C$DW$7 .dwtag  DW_TAG_formal_parameter
      47                            .dwattr $C$DW$7, DW_AT_type(*$C$DW$T$40)
      48                    
      49                    $C$DW$8 .dwtag  DW_TAG_formal_parameter
      50                            .dwattr $C$DW$8, DW_AT_type(*$C$DW$T$25)
      51                    
      52                    $C$DW$9 .dwtag  DW_TAG_unspecified_parameters
      53                    
      54                            .dwendtag $C$DW$6
      55                    
TI ARM Assembler PC v15.12.1 Tue Sep 13 14:05:54 2016

Tools Copyright (c) 1996-2015 Texas Instruments Incorporated
Task_ReportSysTick.asm                                               PAGE    2

      56                    
      57                    $C$DW$10        .dwtag  DW_TAG_subprogram
      58                            .dwattr $C$DW$10, DW_AT_name("Initialize_OLED")
      59                            .dwattr $C$DW$10, DW_AT_TI_symbol_name("Initialize_OLED")
      60                            .dwattr $C$DW$10, DW_AT_declaration
      61                            .dwattr $C$DW$10, DW_AT_external
      62                            .dwattr $C$DW$10, DW_AT_decl_file("../Tasks/Task_ReportSysTick.c")
      63                            .dwattr $C$DW$10, DW_AT_decl_line(0x31)
      64                            .dwattr $C$DW$10, DW_AT_decl_column(0x0d)
      65                            .dwendtag $C$DW$10
      66                    
      67                    $C$DW$11        .dwtag  DW_TAG_variable
      68                            .dwattr $C$DW$11, DW_AT_name("SysTickFrequency_Nbr")
      69                            .dwattr $C$DW$11, DW_AT_TI_symbol_name("SysTickFrequency_Nbr")
      70                            .dwattr $C$DW$11, DW_AT_type(*$C$DW$T$51)
      71                            .dwattr $C$DW$11, DW_AT_declaration
      72                            .dwattr $C$DW$11, DW_AT_external
      73                            .dwattr $C$DW$11, DW_AT_decl_file("../Tasks/Task_ReportSysTick.c")
      74                            .dwattr $C$DW$11, DW_AT_decl_line(0x2e)
      75                            .dwattr $C$DW$11, DW_AT_decl_column(0x12)
      76                    
      77                    $C$DW$12        .dwtag  DW_TAG_variable
      78                            .dwattr $C$DW$12, DW_AT_name("SysTickCount_Nbr")
      79                            .dwattr $C$DW$12, DW_AT_TI_symbol_name("SysTickCount_Nbr")
      80                            .dwattr $C$DW$12, DW_AT_type(*$C$DW$T$51)
      81                            .dwattr $C$DW$12, DW_AT_declaration
      82                            .dwattr $C$DW$12, DW_AT_external
      83                            .dwattr $C$DW$12, DW_AT_decl_file("../Tasks/Task_ReportSysTick.c")
      84                            .dwattr $C$DW$12, DW_AT_decl_line(0x2f)
      85                            .dwattr $C$DW$12, DW_AT_decl_column(0x12)
      86                    
      87 00000000                   .data
      88                            .align  4
      89                            .elfsym Task_ReportSysTick_NextExecute,SYM_SIZE(4)
      90 00000000           Task_ReportSysTick_NextExecute:
      91 00000000 00000000          .bits   0,32                    ; Task_ReportSysTick_NextExecute @ 0
      92                    
      93                    $C$DW$13        .dwtag  DW_TAG_variable
      94                            .dwattr $C$DW$13, DW_AT_name("Task_ReportSysTick_NextExecute")
      95                            .dwattr $C$DW$13, DW_AT_TI_symbol_name("Task_ReportSysTick_NextExecute")
      96                            .dwattr $C$DW$13, DW_AT_type(*$C$DW$T$51)
      97                            .dwattr $C$DW$13, DW_AT_location[DW_OP_addr Task_ReportSysTick_NextExecute]
      98                            .dwattr $C$DW$13, DW_AT_decl_file("../Tasks/Task_ReportSysTick.c")
      99                            .dwattr $C$DW$13, DW_AT_decl_line(0x39)
     100                            .dwattr $C$DW$13, DW_AT_decl_column(0x11)
     101                    
     102 00000000                   .bss    Task_ReportSysTick_DeltaExecute,4,4
     103                    $C$DW$14        .dwtag  DW_TAG_variable
     104                            .dwattr $C$DW$14, DW_AT_name("Task_ReportSysTick_DeltaExecute")
     105                            .dwattr $C$DW$14, DW_AT_TI_symbol_name("Task_ReportSysTick_DeltaExecute")
     106                            .dwattr $C$DW$14, DW_AT_type(*$C$DW$T$51)
     107                            .dwattr $C$DW$14, DW_AT_location[DW_OP_addr Task_ReportSysTick_DeltaExecute]
     108                            .dwattr $C$DW$14, DW_AT_decl_file("../Tasks/Task_ReportSysTick.c")
     109                            .dwattr $C$DW$14, DW_AT_decl_line(0x3a)
     110                            .dwattr $C$DW$14, DW_AT_decl_column(0x11)
TI ARM Assembler PC v15.12.1 Tue Sep 13 14:05:54 2016

Tools Copyright (c) 1996-2015 Texas Instruments Incorporated
Task_ReportSysTick.asm                                               PAGE    3

     111                    
     112 00000004                   .data
     113                            .align  1
     114                            .elfsym Task_ReportSysTick_Initialized,SYM_SIZE(1)
     115 00000004           Task_ReportSysTick_Initialized:
     116 00000004 00000000          .bits   0,8                     ; Task_ReportSysTick_Initialized @ 0
     117                    
     118                    $C$DW$15        .dwtag  DW_TAG_variable
     119                            .dwattr $C$DW$15, DW_AT_name("Task_ReportSysTick_Initialized")
     120                            .dwattr $C$DW$15, DW_AT_TI_symbol_name("Task_ReportSysTick_Initialized")
     121                            .dwattr $C$DW$15, DW_AT_type(*$C$DW$T$71)
     122                            .dwattr $C$DW$15, DW_AT_location[DW_OP_addr Task_ReportSysTick_Initialized]
     123                            .dwattr $C$DW$15, DW_AT_decl_file("../Tasks/Task_ReportSysTick.c")
     124                            .dwattr $C$DW$15, DW_AT_decl_line(0x3b)
     125                            .dwattr $C$DW$15, DW_AT_decl_column(0x0e)
     126                    
     127 00000005                   .data
     128                            .align  4
     129                            .elfsym Task_ReportSysTick_Status,SYM_SIZE(4)
     130 00000008           Task_ReportSysTick_Status:
     131 00000008 00000000          .bits   0,32                    ; Task_ReportSysTick_Status @ 0
     132                    
     133                    $C$DW$16        .dwtag  DW_TAG_variable
     134                            .dwattr $C$DW$16, DW_AT_name("Task_ReportSysTick_Status")
     135                            .dwattr $C$DW$16, DW_AT_TI_symbol_name("Task_ReportSysTick_Status")
     136                            .dwattr $C$DW$16, DW_AT_type(*$C$DW$T$51)
     137                            .dwattr $C$DW$16, DW_AT_location[DW_OP_addr Task_ReportSysTick_Status]
     138                            .dwattr $C$DW$16, DW_AT_decl_file("../Tasks/Task_ReportSysTick.c")
     139                            .dwattr $C$DW$16, DW_AT_decl_line(0x3c)
     140                            .dwattr $C$DW$16, DW_AT_decl_column(0x11)
     141                    
     142                    ;       C:\TI_CodeComposer\ccsv6\tools\compiler\ti-cgt-arm_15.12.1.LTS\bin\armacpia.exe -@C:\\Users\\a
     143 00000000                   .sect   ".text"
     144                            .clink
     145                            .thumbfunc Task_ReportSysTick
     146 00000000                   .thumb
     147                            .global Task_ReportSysTick
     148                    
     149                    $C$DW$17        .dwtag  DW_TAG_subprogram
     150                            .dwattr $C$DW$17, DW_AT_name("Task_ReportSysTick")
     151                            .dwattr $C$DW$17, DW_AT_low_pc(Task_ReportSysTick)
     152                            .dwattr $C$DW$17, DW_AT_high_pc(0x00)
     153                            .dwattr $C$DW$17, DW_AT_TI_symbol_name("Task_ReportSysTick")
     154                            .dwattr $C$DW$17, DW_AT_external
     155                            .dwattr $C$DW$17, DW_AT_TI_begin_file("../Tasks/Task_ReportSysTick.c")
     156                            .dwattr $C$DW$17, DW_AT_TI_begin_line(0x3f)
     157                            .dwattr $C$DW$17, DW_AT_TI_begin_column(0x0d)
     158                            .dwattr $C$DW$17, DW_AT_decl_file("../Tasks/Task_ReportSysTick.c")
     159                            .dwattr $C$DW$17, DW_AT_decl_line(0x3f)
     160                            .dwattr $C$DW$17, DW_AT_decl_column(0x0d)
     161                            .dwattr $C$DW$17, DW_AT_TI_max_frame_size(0x20)
     162                            .dwpsn  file "../Tasks/Task_ReportSysTick.c",line 63,column 34,is_stmt,address Task_ReportSysT
     163                    
     164                            .dwfde $C$DW$CIE, Task_ReportSysTick
     165                    
TI ARM Assembler PC v15.12.1 Tue Sep 13 14:05:54 2016

Tools Copyright (c) 1996-2015 Texas Instruments Incorporated
Task_ReportSysTick.asm                                               PAGE    4

     166                    ;*****************************************************************************
     167                    ;* FUNCTION NAME: Task_ReportSysTick                                         *
     168                    ;*                                                                           *
     169                    ;*   Regs Modified     : A1,A2,A3,A4,V9,SP,LR,SR                             *
     170                    ;*   Regs Used         : A1,A2,A3,A4,V9,SP,LR,SR                             *
     171                    ;*   Local Frame Size  : 0 Args + 24 Auto + 4 Save = 28 byte                 *
     172                    ;*****************************************************************************
     173 00000000           Task_ReportSysTick:
     174                    ;* --------------------------------------------------------------------------*
     175                            .dwcfi  cfa_offset, 0
     176 00000000 B500              PUSH      {LR}                  ; [DPU_3_PIPE]  ; [ORIG 16-BIT INS]
     177                            .dwcfi  cfa_offset, 4
     178                            .dwcfi  save_reg_to_mem, 14, -4
     179 00000002 0D1CF1AD          SUB       SP, SP, #28           ; [DPU_3_PIPE]  ; [KEEP 32-BIT INS]
     180                            .dwcfi  cfa_offset, 32
     181                            .dwpsn  file "../Tasks/Task_ReportSysTick.c",line 65,column 2,is_stmt,isa 1
     182 00000006 4828              LDR       A1, $C$CON1           ; [DPU_3_PIPE] |65|  ; [ORIG 16-BIT INS]
     183 00000008 7800              LDRB      A1, [A1, #0]          ; [DPU_3_PIPE] |65|  ; [ORIG 16-BIT INS]
     184 0000000a B9B0              CBNZ      A1, ||$C$L1||         ; []  ; [ORIG 16-BIT INS]
     185                            ; BRANCHCC OCCURS {||$C$L1||}    ; [] |65| 
     186                    ;* --------------------------------------------------------------------------*
     187                            .dwpsn  file "../Tasks/Task_ReportSysTick.c",line 67,column 3,is_stmt,isa 1
     188                    $C$DW$18        .dwtag  DW_TAG_TI_branch
     189                            .dwattr $C$DW$18, DW_AT_low_pc(0x00)
     190                            .dwattr $C$DW$18, DW_AT_name("Initialize_OLED")
     191                            .dwattr $C$DW$18, DW_AT_TI_call
     192                    
     193 0000000c FFFEF7FF!         BL        Initialize_OLED       ; [DPU_3_PIPE] |67|  ; [KEEP 32-BIT INS]
     194                            ; CALL OCCURS {Initialize_OLED }  ; [] |67| 
     195                            .dwpsn  file "../Tasks/Task_ReportSysTick.c",line 70,column 6,is_stmt,isa 1
     196 00000010 4827              LDR       A1, $C$CON3           ; [DPU_3_PIPE] |70|  ; [ORIG 16-BIT INS]
     197 00000012 4926              LDR       A2, $C$CON2           ; [DPU_3_PIPE] |70|  ; [ORIG 16-BIT INS]
     198 00000014 6802              LDR       A3, [A1, #0]          ; [DPU_3_PIPE] |70|  ; [ORIG 16-BIT INS]
     199 00000016 737AF44F          MOV       A4, #1000             ; [DPU_3_PIPE] |70|  ; [KEEP 32-BIT INS]
     200 0000001a 70FAF44F          MOV       A1, #500              ; [DPU_3_PIPE] |70|  ; [KEEP 32-BIT INS]
     201 0000001e 4350              MULS      A1, A1, A3            ; [DPU_3_PIPE] |70|  ; [ORIG 16-BIT INS]
     202 00000020 F0F3FBB0          UDIV      A1, A1, A4            ; [DPU_3_PIPE] |70|  ; [KEEP 32-BIT INS]
     203 00000024 6008              STR       A1, [A2, #0]          ; [DPU_3_PIPE] |70|  ; [ORIG 16-BIT INS]
     204                            .dwpsn  file "../Tasks/Task_ReportSysTick.c",line 71,column 3,is_stmt,isa 1
     205 00000026 4924              LDR       A2, $C$CON5           ; [DPU_3_PIPE] |71|  ; [ORIG 16-BIT INS]
     206 00000028 4820              LDR       A1, $C$CON2           ; [DPU_3_PIPE] |71|  ; [ORIG 16-BIT INS]
     207 0000002a 680A              LDR       A3, [A2, #0]          ; [DPU_3_PIPE] |71|  ; [ORIG 16-BIT INS]
     208 0000002c 6800              LDR       A1, [A1, #0]          ; [DPU_3_PIPE] |71|  ; [ORIG 16-BIT INS]
     209 0000002e 4921              LDR       A2, $C$CON4           ; [DPU_3_PIPE] |71|  ; [ORIG 16-BIT INS]
     210 00000030 1880              ADDS      A1, A1, A3            ; [DPU_3_PIPE] |71|  ; [ORIG 16-BIT INS]
     211 00000032 6008              STR       A1, [A2, #0]          ; [DPU_3_PIPE] |71|  ; [ORIG 16-BIT INS]
     212                            .dwpsn  file "../Tasks/Task_ReportSysTick.c",line 76,column 3,is_stmt,isa 1
     213 00000034 491C              LDR       A2, $C$CON1           ; [DPU_3_PIPE] |76|  ; [ORIG 16-BIT INS]
     214 00000036 2001              MOVS      A1, #1                ; [DPU_3_PIPE] |76|  ; [ORIG 16-BIT INS]
     215 00000038 7008              STRB      A1, [A2, #0]          ; [DPU_3_PIPE] |76|  ; [ORIG 16-BIT INS]
     216                    ;* --------------------------------------------------------------------------*
     217 0000003a           ||$C$L1||:    
     218                            .dwpsn  file "../Tasks/Task_ReportSysTick.c",line 86,column 2,is_stmt,isa 1
     219 0000003a 481E              LDR       A1, $C$CON4           ; [DPU_3_PIPE] |86|  ; [ORIG 16-BIT INS]
     220 0000003c 491E              LDR       A2, $C$CON5           ; [DPU_3_PIPE] |86|  ; [ORIG 16-BIT INS]
TI ARM Assembler PC v15.12.1 Tue Sep 13 14:05:54 2016

Tools Copyright (c) 1996-2015 Texas Instruments Incorporated
Task_ReportSysTick.asm                                               PAGE    5

     221 0000003e 6800              LDR       A1, [A1, #0]          ; [DPU_3_PIPE] |86|  ; [ORIG 16-BIT INS]
     222 00000040 6809              LDR       A2, [A2, #0]          ; [DPU_3_PIPE] |86|  ; [ORIG 16-BIT INS]
     223 00000042 4288              CMP       A1, A2                ; [DPU_3_PIPE] |86|  ; [ORIG 16-BIT INS]
     224 00000044 D81E              BHI       ||$C$L2||             ; [DPU_3_PIPE] |86|  ; [ORIG 16-BIT INS]
     225                            ; BRANCHCC OCCURS {||$C$L2||}    ; [] |86| 
     226                    ;* --------------------------------------------------------------------------*
     227                    
     228                    $C$DW$19        .dwtag  DW_TAG_lexical_block
     229                            .dwattr $C$DW$19, DW_AT_low_pc(0x00)
     230                            .dwattr $C$DW$19, DW_AT_high_pc(0x00)
     231                    $C$DW$20        .dwtag  DW_TAG_variable
     232                            .dwattr $C$DW$20, DW_AT_name("TimeString")
     233                            .dwattr $C$DW$20, DW_AT_TI_symbol_name("TimeString")
     234                            .dwattr $C$DW$20, DW_AT_type(*$C$DW$T$66)
     235                            .dwattr $C$DW$20, DW_AT_location[DW_OP_breg13 0]
     236                    
     237                            .dwpsn  file "../Tasks/Task_ReportSysTick.c",line 89,column 3,is_stmt,isa 1
     238 00000046 481C              LDR       A1, $C$CON5           ; [DPU_3_PIPE] |89|  ; [ORIG 16-BIT INS]
     239 00000048 6802              LDR       A3, [A1, #0]          ; [DPU_3_PIPE] |89|  ; [ORIG 16-BIT INS]
     240 0000004a A10F              ADR       A2, $C$SL1            ; [DPU_3_PIPE] |89|  ; [ORIG 16-BIT INS]
     241 0000004c 4668              MOV       A1, SP                ; [DPU_3_PIPE] |89|  ; [ORIG 16-BIT INS]
     242                    $C$DW$21        .dwtag  DW_TAG_TI_branch
     243                            .dwattr $C$DW$21, DW_AT_low_pc(0x00)
     244                            .dwattr $C$DW$21, DW_AT_name("sprintf")
     245                            .dwattr $C$DW$21, DW_AT_TI_call
     246                    
     247 0000004e FFFEF7FF!         BL        sprintf               ; [DPU_3_PIPE] |89|  ; [KEEP 32-BIT INS]
     248                            ; CALL OCCURS {sprintf }         ; [] |89| 
     249 00000052 491A              LDR       A2, $C$CON6           ; [DPU_3_PIPE] |89|  ; [ORIG 16-BIT INS]
     250 00000054 6008              STR       A1, [A2, #0]          ; [DPU_3_PIPE] |89|  ; [ORIG 16-BIT INS]
     251                            .dwpsn  file "../Tasks/Task_ReportSysTick.c",line 90,column 3,is_stmt,isa 1
     252 00000056 4819              LDR       A1, $C$CON6           ; [DPU_3_PIPE] |90|  ; [ORIG 16-BIT INS]
     253 00000058 4918              LDR       A2, $C$CON6           ; [DPU_3_PIPE] |90|  ; [ORIG 16-BIT INS]
     254 0000005a 6800              LDR       A1, [A1, #0]          ; [DPU_3_PIPE] |90|  ; [ORIG 16-BIT INS]
     255 0000005c 6008              STR       A1, [A2, #0]          ; [DPU_3_PIPE] |90|  ; [ORIG 16-BIT INS]
     256                            .dwpsn  file "../Tasks/Task_ReportSysTick.c",line 92,column 6,is_stmt,isa 1
     257 0000005e 220C              MOVS      A3, #12               ; [DPU_3_PIPE] |92|  ; [ORIG 16-BIT INS]
     258 00000060 230F              MOVS      A4, #15               ; [DPU_3_PIPE] |92|  ; [ORIG 16-BIT INS]
     259 00000062 2100              MOVS      A2, #0                ; [DPU_3_PIPE] |92|  ; [ORIG 16-BIT INS]
     260 00000064 4668              MOV       A1, SP                ; [DPU_3_PIPE] |92|  ; [ORIG 16-BIT INS]
     261                    $C$DW$22        .dwtag  DW_TAG_TI_branch
     262                            .dwattr $C$DW$22, DW_AT_low_pc(0x00)
     263                            .dwattr $C$DW$22, DW_AT_name("RIT128x96x4StringDraw")
     264                            .dwattr $C$DW$22, DW_AT_TI_call
     265                    
     266 00000066 FFFEF7FF!         BL        RIT128x96x4StringDraw ; [DPU_3_PIPE] |92|  ; [KEEP 32-BIT INS]
     267                            ; CALL OCCURS {RIT128x96x4StringDraw }  ; [] |92| 
     268                            .dwpsn  file "../Tasks/Task_ReportSysTick.c",line 93,column 6,is_stmt,isa 1
     269 0000006a A00B              ADR       A1, $C$SL2            ; [DPU_3_PIPE] |93|  ; [ORIG 16-BIT INS]
     270 0000006c 2100              MOVS      A2, #0                ; [DPU_3_PIPE] |93|  ; [ORIG 16-BIT INS]
     271 0000006e 2224              MOVS      A3, #36               ; [DPU_3_PIPE] |93|  ; [ORIG 16-BIT INS]
     272 00000070 230F              MOVS      A4, #15               ; [DPU_3_PIPE] |93|  ; [ORIG 16-BIT INS]
     273                    $C$DW$23        .dwtag  DW_TAG_TI_branch
     274                            .dwattr $C$DW$23, DW_AT_low_pc(0x00)
     275                            .dwattr $C$DW$23, DW_AT_name("RIT128x96x4StringDraw")
TI ARM Assembler PC v15.12.1 Tue Sep 13 14:05:54 2016

Tools Copyright (c) 1996-2015 Texas Instruments Incorporated
Task_ReportSysTick.asm                                               PAGE    6

     276                            .dwattr $C$DW$23, DW_AT_TI_call
     277                    
     278 00000072 FFFEF7FF!         BL        RIT128x96x4StringDraw ; [DPU_3_PIPE] |93|  ; [KEEP 32-BIT INS]
     279                            ; CALL OCCURS {RIT128x96x4StringDraw }  ; [] |93| 
     280                            .dwpsn  file "../Tasks/Task_ReportSysTick.c",line 98,column 9,is_stmt,isa 1
     281 00000076 4910              LDR       A2, $C$CON5           ; [DPU_3_PIPE] |98|  ; [ORIG 16-BIT INS]
     282 00000078 480C              LDR       A1, $C$CON2           ; [DPU_3_PIPE] |98|  ; [ORIG 16-BIT INS]
     283 0000007a 680A              LDR       A3, [A2, #0]          ; [DPU_3_PIPE] |98|  ; [ORIG 16-BIT INS]
     284 0000007c 6800              LDR       A1, [A1, #0]          ; [DPU_3_PIPE] |98|  ; [ORIG 16-BIT INS]
     285 0000007e 490D              LDR       A2, $C$CON4           ; [DPU_3_PIPE] |98|  ; [ORIG 16-BIT INS]
     286 00000080 1880              ADDS      A1, A1, A3            ; [DPU_3_PIPE] |98|  ; [ORIG 16-BIT INS]
     287 00000082 6008              STR       A1, [A2, #0]          ; [DPU_3_PIPE] |98|  ; [ORIG 16-BIT INS]
     288                            .dwendtag $C$DW$19
     289                    
     290                            .dwpsn  file "../Tasks/Task_ReportSysTick.c",line 101,column 1,is_stmt,isa 1
     291                    ;* --------------------------------------------------------------------------*
     292 00000084           ||$C$L2||:    
     293 00000084 B007              ADD       SP, SP, #28           ; [DPU_3_PIPE]  ; [ORIG 16-BIT INS]
     294                            .dwcfi  cfa_offset, 4
     295                    $C$DW$24        .dwtag  DW_TAG_TI_branch
     296                            .dwattr $C$DW$24, DW_AT_low_pc(0x00)
     297                            .dwattr $C$DW$24, DW_AT_TI_return
     298                    
     299 00000086 BD00              POP       {PC}                  ; [DPU_3_PIPE]  ; [ORIG 16-BIT INS]
     300                            .dwcfi  cfa_offset, 0
     301                            ; BRANCH OCCURS                  ; [] 
     302                            .dwattr $C$DW$17, DW_AT_TI_end_file("../Tasks/Task_ReportSysTick.c")
     303                            .dwattr $C$DW$17, DW_AT_TI_end_line(0x65)
     304                            .dwattr $C$DW$17, DW_AT_TI_end_column(0x01)
     305                            .dwendentry
     306                            .dwendtag $C$DW$17
     307                    
     308                    ;******************************************************************************
     309                    ;* STRINGS                                                                    *
     310                    ;******************************************************************************
     311 00000088                   .sect   ".text"
     312                            .align  4
     313 00000088 54        ||$C$SL1||:     .string "Task_Blinky: %d",0
         00000089 61       
         0000008a 73       
         0000008b 6B       
         0000008c 5F       
         0000008d 42       
         0000008e 6C       
         0000008f 69       
         00000090 6E       
         00000091 6B       
         00000092 79       
         00000093 3A       
         00000094 20       
         00000095 25       
         00000096 64       
         00000097 00       
     314                            .align  4
     315 00000098 42        ||$C$SL2||:     .string "Bud Linville",0
TI ARM Assembler PC v15.12.1 Tue Sep 13 14:05:54 2016

Tools Copyright (c) 1996-2015 Texas Instruments Incorporated
Task_ReportSysTick.asm                                               PAGE    7

         00000099 75       
         0000009a 64       
         0000009b 20       
         0000009c 4C       
         0000009d 69       
         0000009e 6E       
         0000009f 76       
         000000a0 69       
         000000a1 6C       
         000000a2 6C       
         000000a3 65       
         000000a4 00       
     316                    ;******************************************************************************
     317                    ;* CONSTANT TABLE                                                             *
     318                    ;******************************************************************************
     319 000000a5                   .sect   ".text"
     320                            .align  4
     321 000000a8 00000000! ||$C$CON1||:    .bits   Task_ReportSysTick_Initialized,32
     322                            .align  4
     323 000000ac 00000000! ||$C$CON2||:    .bits   Task_ReportSysTick_DeltaExecute,32
     324                            .align  4
     325 000000b0 00000000! ||$C$CON3||:    .bits   SysTickFrequency_Nbr,32
     326                            .align  4
     327 000000b4 00000000! ||$C$CON4||:    .bits   Task_ReportSysTick_NextExecute,32
     328                            .align  4
     329 000000b8 00000000! ||$C$CON5||:    .bits   SysTickCount_Nbr,32
     330                            .align  4
     331 000000bc 00000000! ||$C$CON6||:    .bits   Task_ReportSysTick_Status,32
     332                    ;*****************************************************************************
     333                    ;* UNDEFINED EXTERNAL REFERENCES                                             *
     334                    ;*****************************************************************************
     335                            .global RIT128x96x4StringDraw
     336                            .global sprintf
     337                            .global Initialize_OLED
     338                            .global SysTickFrequency_Nbr
     339                            .global SysTickCount_Nbr
     340                    
     341                    ;******************************************************************************
     342                    ;* BUILD ATTRIBUTES                                                           *
     343                    ;******************************************************************************
     344                            .battr "aeabi", Tag_File, 1, Tag_ABI_PCS_wchar_t(2)
     345                            .battr "aeabi", Tag_File, 1, Tag_ABI_FP_rounding(0)
     346                            .battr "aeabi", Tag_File, 1, Tag_ABI_FP_denormal(0)
     347                            .battr "aeabi", Tag_File, 1, Tag_ABI_FP_exceptions(0)
     348                            .battr "aeabi", Tag_File, 1, Tag_ABI_FP_number_model(1)
     349                            .battr "aeabi", Tag_File, 1, Tag_ABI_enum_size(0)
     350                            .battr "aeabi", Tag_File, 1, Tag_ABI_optimization_goals(5)
     351                            .battr "aeabi", Tag_File, 1, Tag_ABI_FP_optimization_goals(0)
     352                            .battr "TI", Tag_File, 1, Tag_Bitfield_layout(2)
     353                            .battr "TI", Tag_File, 1, Tag_FP_interface(1)
     354                    
     355                    ;******************************************************************************
     356                    ;* TYPE INFORMATION                                                           *
     357                    ;******************************************************************************
     358                    
TI ARM Assembler PC v15.12.1 Tue Sep 13 14:05:54 2016

Tools Copyright (c) 1996-2015 Texas Instruments Incorporated
Task_ReportSysTick.asm                                               PAGE    8

     359                    $C$DW$T$20      .dwtag  DW_TAG_structure_type
     360                            .dwattr $C$DW$T$20, DW_AT_byte_size(0x18)
     361                    $C$DW$25        .dwtag  DW_TAG_member
     362                            .dwattr $C$DW$25, DW_AT_type(*$C$DW$T$10)
     363                            .dwattr $C$DW$25, DW_AT_name("fd")
     364                            .dwattr $C$DW$25, DW_AT_TI_symbol_name("fd")
     365                            .dwattr $C$DW$25, DW_AT_data_member_location[DW_OP_plus_uconst 0x0]
     366                            .dwattr $C$DW$25, DW_AT_accessibility(DW_ACCESS_public)
     367                            .dwattr $C$DW$25, DW_AT_decl_file("C:/TI_CodeComposer/ccsv6/tools/compiler/ti-cgt-arm_15.12.1.
     368                            .dwattr $C$DW$25, DW_AT_decl_line(0x5c)
     369                            .dwattr $C$DW$25, DW_AT_decl_column(0x0b)
     370                    
     371                    $C$DW$26        .dwtag  DW_TAG_member
     372                            .dwattr $C$DW$26, DW_AT_type(*$C$DW$T$19)
     373                            .dwattr $C$DW$26, DW_AT_name("buf")
     374                            .dwattr $C$DW$26, DW_AT_TI_symbol_name("buf")
     375                            .dwattr $C$DW$26, DW_AT_data_member_location[DW_OP_plus_uconst 0x4]
     376                            .dwattr $C$DW$26, DW_AT_accessibility(DW_ACCESS_public)
     377                            .dwattr $C$DW$26, DW_AT_decl_file("C:/TI_CodeComposer/ccsv6/tools/compiler/ti-cgt-arm_15.12.1.
     378                            .dwattr $C$DW$26, DW_AT_decl_line(0x5d)
     379                            .dwattr $C$DW$26, DW_AT_decl_column(0x16)
     380                    
     381                    $C$DW$27        .dwtag  DW_TAG_member
     382                            .dwattr $C$DW$27, DW_AT_type(*$C$DW$T$19)
     383                            .dwattr $C$DW$27, DW_AT_name("pos")
     384                            .dwattr $C$DW$27, DW_AT_TI_symbol_name("pos")
     385                            .dwattr $C$DW$27, DW_AT_data_member_location[DW_OP_plus_uconst 0x8]
     386                            .dwattr $C$DW$27, DW_AT_accessibility(DW_ACCESS_public)
     387                            .dwattr $C$DW$27, DW_AT_decl_file("C:/TI_CodeComposer/ccsv6/tools/compiler/ti-cgt-arm_15.12.1.
     388                            .dwattr $C$DW$27, DW_AT_decl_line(0x5e)
     389                            .dwattr $C$DW$27, DW_AT_decl_column(0x16)
     390                    
     391                    $C$DW$28        .dwtag  DW_TAG_member
     392                            .dwattr $C$DW$28, DW_AT_type(*$C$DW$T$19)
     393                            .dwattr $C$DW$28, DW_AT_name("bufend")
     394                            .dwattr $C$DW$28, DW_AT_TI_symbol_name("bufend")
     395                            .dwattr $C$DW$28, DW_AT_data_member_location[DW_OP_plus_uconst 0xc]
     396                            .dwattr $C$DW$28, DW_AT_accessibility(DW_ACCESS_public)
     397                            .dwattr $C$DW$28, DW_AT_decl_file("C:/TI_CodeComposer/ccsv6/tools/compiler/ti-cgt-arm_15.12.1.
     398                            .dwattr $C$DW$28, DW_AT_decl_line(0x5f)
     399                            .dwattr $C$DW$28, DW_AT_decl_column(0x16)
     400                    
     401                    $C$DW$29        .dwtag  DW_TAG_member
     402                            .dwattr $C$DW$29, DW_AT_type(*$C$DW$T$19)
     403                            .dwattr $C$DW$29, DW_AT_name("buff_stop")
     404                            .dwattr $C$DW$29, DW_AT_TI_symbol_name("buff_stop")
     405                            .dwattr $C$DW$29, DW_AT_data_member_location[DW_OP_plus_uconst 0x10]
     406                            .dwattr $C$DW$29, DW_AT_accessibility(DW_ACCESS_public)
     407                            .dwattr $C$DW$29, DW_AT_decl_file("C:/TI_CodeComposer/ccsv6/tools/compiler/ti-cgt-arm_15.12.1.
     408                            .dwattr $C$DW$29, DW_AT_decl_line(0x60)
     409                            .dwattr $C$DW$29, DW_AT_decl_column(0x16)
     410                    
     411                    $C$DW$30        .dwtag  DW_TAG_member
     412                            .dwattr $C$DW$30, DW_AT_type(*$C$DW$T$11)
     413                            .dwattr $C$DW$30, DW_AT_name("flags")
TI ARM Assembler PC v15.12.1 Tue Sep 13 14:05:54 2016

Tools Copyright (c) 1996-2015 Texas Instruments Incorporated
Task_ReportSysTick.asm                                               PAGE    9

     414                            .dwattr $C$DW$30, DW_AT_TI_symbol_name("flags")
     415                            .dwattr $C$DW$30, DW_AT_data_member_location[DW_OP_plus_uconst 0x14]
     416                            .dwattr $C$DW$30, DW_AT_accessibility(DW_ACCESS_public)
     417                            .dwattr $C$DW$30, DW_AT_decl_file("C:/TI_CodeComposer/ccsv6/tools/compiler/ti-cgt-arm_15.12.1.
     418                            .dwattr $C$DW$30, DW_AT_decl_line(0x61)
     419                            .dwattr $C$DW$30, DW_AT_decl_column(0x16)
     420                    
     421                            .dwattr $C$DW$T$20, DW_AT_decl_file("C:/TI_CodeComposer/ccsv6/tools/compiler/ti-cgt-arm_15.12.
     422                            .dwattr $C$DW$T$20, DW_AT_decl_line(0x5b)
     423                            .dwattr $C$DW$T$20, DW_AT_decl_column(0x10)
     424                            .dwendtag $C$DW$T$20
     425                    
     426                    $C$DW$T$22      .dwtag  DW_TAG_typedef
     427                            .dwattr $C$DW$T$22, DW_AT_name("FILE")
     428                            .dwattr $C$DW$T$22, DW_AT_type(*$C$DW$T$20)
     429                            .dwattr $C$DW$T$22, DW_AT_language(DW_LANG_C)
     430                            .dwattr $C$DW$T$22, DW_AT_decl_file("C:/TI_CodeComposer/ccsv6/tools/compiler/ti-cgt-arm_15.12.
     431                            .dwattr $C$DW$T$22, DW_AT_decl_line(0x62)
     432                            .dwattr $C$DW$T$22, DW_AT_decl_column(0x03)
     433                    
     434                    $C$DW$T$2       .dwtag  DW_TAG_unspecified_type
     435                            .dwattr $C$DW$T$2, DW_AT_name("void")
     436                    
     437                    $C$DW$T$3       .dwtag  DW_TAG_pointer_type
     438                            .dwattr $C$DW$T$3, DW_AT_type(*$C$DW$T$2)
     439                            .dwattr $C$DW$T$3, DW_AT_address_class(0x20)
     440                    
     441                    $C$DW$T$4       .dwtag  DW_TAG_base_type
     442                            .dwattr $C$DW$T$4, DW_AT_encoding(DW_ATE_boolean)
     443                            .dwattr $C$DW$T$4, DW_AT_name("bool")
     444                            .dwattr $C$DW$T$4, DW_AT_byte_size(0x01)
     445                    
     446                    $C$DW$T$5       .dwtag  DW_TAG_base_type
     447                            .dwattr $C$DW$T$5, DW_AT_encoding(DW_ATE_signed_char)
     448                            .dwattr $C$DW$T$5, DW_AT_name("signed char")
     449                            .dwattr $C$DW$T$5, DW_AT_byte_size(0x01)
     450                    
     451                    $C$DW$T$30      .dwtag  DW_TAG_typedef
     452                            .dwattr $C$DW$T$30, DW_AT_name("int8_t")
     453                            .dwattr $C$DW$T$30, DW_AT_type(*$C$DW$T$5)
     454                            .dwattr $C$DW$T$30, DW_AT_language(DW_LANG_C)
     455                            .dwattr $C$DW$T$30, DW_AT_decl_file("C:/TI_CodeComposer/ccsv6/tools/compiler/ti-cgt-arm_15.12.
     456                            .dwattr $C$DW$T$30, DW_AT_decl_line(0x2a)
     457                            .dwattr $C$DW$T$30, DW_AT_decl_column(0x1d)
     458                    
     459                    $C$DW$T$31      .dwtag  DW_TAG_typedef
     460                            .dwattr $C$DW$T$31, DW_AT_name("int_least8_t")
     461                            .dwattr $C$DW$T$31, DW_AT_type(*$C$DW$T$30)
     462                            .dwattr $C$DW$T$31, DW_AT_language(DW_LANG_C)
     463                            .dwattr $C$DW$T$31, DW_AT_decl_file("C:/TI_CodeComposer/ccsv6/tools/compiler/ti-cgt-arm_15.12.
     464                            .dwattr $C$DW$T$31, DW_AT_decl_line(0x37)
     465                            .dwattr $C$DW$T$31, DW_AT_decl_column(0x17)
     466                    
     467                    $C$DW$T$6       .dwtag  DW_TAG_base_type
     468                            .dwattr $C$DW$T$6, DW_AT_encoding(DW_ATE_unsigned_char)
TI ARM Assembler PC v15.12.1 Tue Sep 13 14:05:54 2016

Tools Copyright (c) 1996-2015 Texas Instruments Incorporated
Task_ReportSysTick.asm                                               PAGE   10

     469                            .dwattr $C$DW$T$6, DW_AT_name("unsigned char")
     470                            .dwattr $C$DW$T$6, DW_AT_byte_size(0x01)
     471                    
     472                    $C$DW$T$19      .dwtag  DW_TAG_pointer_type
     473                            .dwattr $C$DW$T$19, DW_AT_type(*$C$DW$T$6)
     474                            .dwattr $C$DW$T$19, DW_AT_address_class(0x20)
     475                    
     476                    $C$DW$T$32      .dwtag  DW_TAG_typedef
     477                            .dwattr $C$DW$T$32, DW_AT_name("tBoolean")
     478                            .dwattr $C$DW$T$32, DW_AT_type(*$C$DW$T$6)
     479                            .dwattr $C$DW$T$32, DW_AT_language(DW_LANG_C)
     480                            .dwattr $C$DW$T$32, DW_AT_decl_file("C:/TI_CodeComposer/StellarisWare-LM3S1968/inc/hw_types.h"
     481                            .dwattr $C$DW$T$32, DW_AT_decl_line(0x30)
     482                            .dwattr $C$DW$T$32, DW_AT_decl_column(0x17)
     483                    
     484                    $C$DW$T$33      .dwtag  DW_TAG_typedef
     485                            .dwattr $C$DW$T$33, DW_AT_name("uint8_t")
     486                            .dwattr $C$DW$T$33, DW_AT_type(*$C$DW$T$6)
     487                            .dwattr $C$DW$T$33, DW_AT_language(DW_LANG_C)
     488                            .dwattr $C$DW$T$33, DW_AT_decl_file("C:/TI_CodeComposer/ccsv6/tools/compiler/ti-cgt-arm_15.12.
     489                            .dwattr $C$DW$T$33, DW_AT_decl_line(0x2b)
     490                            .dwattr $C$DW$T$33, DW_AT_decl_column(0x1c)
     491                    
     492                    $C$DW$T$34      .dwtag  DW_TAG_typedef
     493                            .dwattr $C$DW$T$34, DW_AT_name("uint_least8_t")
     494                            .dwattr $C$DW$T$34, DW_AT_type(*$C$DW$T$33)
     495                            .dwattr $C$DW$T$34, DW_AT_language(DW_LANG_C)
     496                            .dwattr $C$DW$T$34, DW_AT_decl_file("C:/TI_CodeComposer/ccsv6/tools/compiler/ti-cgt-arm_15.12.
     497                            .dwattr $C$DW$T$34, DW_AT_decl_line(0x38)
     498                            .dwattr $C$DW$T$34, DW_AT_decl_column(0x16)
     499                    
     500                    $C$DW$T$7       .dwtag  DW_TAG_base_type
     501                            .dwattr $C$DW$T$7, DW_AT_encoding(DW_ATE_signed_char)
     502                            .dwattr $C$DW$T$7, DW_AT_name("wchar_t")
     503                            .dwattr $C$DW$T$7, DW_AT_byte_size(0x02)
     504                    
     505                    $C$DW$T$8       .dwtag  DW_TAG_base_type
     506                            .dwattr $C$DW$T$8, DW_AT_encoding(DW_ATE_signed)
     507                            .dwattr $C$DW$T$8, DW_AT_name("short")
     508                            .dwattr $C$DW$T$8, DW_AT_byte_size(0x02)
     509                    
     510                    $C$DW$T$35      .dwtag  DW_TAG_typedef
     511                            .dwattr $C$DW$T$35, DW_AT_name("int16_t")
     512                            .dwattr $C$DW$T$35, DW_AT_type(*$C$DW$T$8)
     513                            .dwattr $C$DW$T$35, DW_AT_language(DW_LANG_C)
     514                            .dwattr $C$DW$T$35, DW_AT_decl_file("C:/TI_CodeComposer/ccsv6/tools/compiler/ti-cgt-arm_15.12.
     515                            .dwattr $C$DW$T$35, DW_AT_decl_line(0x2c)
     516                            .dwattr $C$DW$T$35, DW_AT_decl_column(0x1d)
     517                    
     518                    $C$DW$T$36      .dwtag  DW_TAG_typedef
     519                            .dwattr $C$DW$T$36, DW_AT_name("int_least16_t")
     520                            .dwattr $C$DW$T$36, DW_AT_type(*$C$DW$T$35)
     521                            .dwattr $C$DW$T$36, DW_AT_language(DW_LANG_C)
     522                            .dwattr $C$DW$T$36, DW_AT_decl_file("C:/TI_CodeComposer/ccsv6/tools/compiler/ti-cgt-arm_15.12.
     523                            .dwattr $C$DW$T$36, DW_AT_decl_line(0x3a)
TI ARM Assembler PC v15.12.1 Tue Sep 13 14:05:54 2016

Tools Copyright (c) 1996-2015 Texas Instruments Incorporated
Task_ReportSysTick.asm                                               PAGE   11

     524                            .dwattr $C$DW$T$36, DW_AT_decl_column(0x17)
     525                    
     526                    $C$DW$T$9       .dwtag  DW_TAG_base_type
     527                            .dwattr $C$DW$T$9, DW_AT_encoding(DW_ATE_unsigned)
     528                            .dwattr $C$DW$T$9, DW_AT_name("unsigned short")
     529                            .dwattr $C$DW$T$9, DW_AT_byte_size(0x02)
     530                    
     531                    $C$DW$T$37      .dwtag  DW_TAG_typedef
     532                            .dwattr $C$DW$T$37, DW_AT_name("uint16_t")
     533                            .dwattr $C$DW$T$37, DW_AT_type(*$C$DW$T$9)
     534                            .dwattr $C$DW$T$37, DW_AT_language(DW_LANG_C)
     535                            .dwattr $C$DW$T$37, DW_AT_decl_file("C:/TI_CodeComposer/ccsv6/tools/compiler/ti-cgt-arm_15.12.
     536                            .dwattr $C$DW$T$37, DW_AT_decl_line(0x2d)
     537                            .dwattr $C$DW$T$37, DW_AT_decl_column(0x1c)
     538                    
     539                    $C$DW$T$38      .dwtag  DW_TAG_typedef
     540                            .dwattr $C$DW$T$38, DW_AT_name("uint_least16_t")
     541                            .dwattr $C$DW$T$38, DW_AT_type(*$C$DW$T$37)
     542                            .dwattr $C$DW$T$38, DW_AT_language(DW_LANG_C)
     543                            .dwattr $C$DW$T$38, DW_AT_decl_file("C:/TI_CodeComposer/ccsv6/tools/compiler/ti-cgt-arm_15.12.
     544                            .dwattr $C$DW$T$38, DW_AT_decl_line(0x3b)
     545                            .dwattr $C$DW$T$38, DW_AT_decl_column(0x16)
     546                    
     547                    $C$DW$T$39      .dwtag  DW_TAG_typedef
     548                            .dwattr $C$DW$T$39, DW_AT_name("wchar_t")
     549                            .dwattr $C$DW$T$39, DW_AT_type(*$C$DW$T$9)
     550                            .dwattr $C$DW$T$39, DW_AT_language(DW_LANG_C)
     551                            .dwattr $C$DW$T$39, DW_AT_decl_file("C:/TI_CodeComposer/ccsv6/tools/compiler/ti-cgt-arm_15.12.
     552                            .dwattr $C$DW$T$39, DW_AT_decl_line(0x41)
     553                            .dwattr $C$DW$T$39, DW_AT_decl_column(0x1a)
     554                    
     555                    $C$DW$T$10      .dwtag  DW_TAG_base_type
     556                            .dwattr $C$DW$T$10, DW_AT_encoding(DW_ATE_signed)
     557                            .dwattr $C$DW$T$10, DW_AT_name("int")
     558                            .dwattr $C$DW$T$10, DW_AT_byte_size(0x04)
     559                    
     560                    $C$DW$T$43      .dwtag  DW_TAG_typedef
     561                            .dwattr $C$DW$T$43, DW_AT_name("int32_t")
     562                            .dwattr $C$DW$T$43, DW_AT_type(*$C$DW$T$10)
     563                            .dwattr $C$DW$T$43, DW_AT_language(DW_LANG_C)
     564                            .dwattr $C$DW$T$43, DW_AT_decl_file("C:/TI_CodeComposer/ccsv6/tools/compiler/ti-cgt-arm_15.12.
     565                            .dwattr $C$DW$T$43, DW_AT_decl_line(0x2e)
     566                            .dwattr $C$DW$T$43, DW_AT_decl_column(0x1d)
     567                    
     568                    $C$DW$T$44      .dwtag  DW_TAG_typedef
     569                            .dwattr $C$DW$T$44, DW_AT_name("int_fast16_t")
     570                            .dwattr $C$DW$T$44, DW_AT_type(*$C$DW$T$43)
     571                            .dwattr $C$DW$T$44, DW_AT_language(DW_LANG_C)
     572                            .dwattr $C$DW$T$44, DW_AT_decl_file("C:/TI_CodeComposer/ccsv6/tools/compiler/ti-cgt-arm_15.12.
     573                            .dwattr $C$DW$T$44, DW_AT_decl_line(0x47)
     574                            .dwattr $C$DW$T$44, DW_AT_decl_column(0x17)
     575                    
     576                    $C$DW$T$45      .dwtag  DW_TAG_typedef
     577                            .dwattr $C$DW$T$45, DW_AT_name("int_fast32_t")
     578                            .dwattr $C$DW$T$45, DW_AT_type(*$C$DW$T$43)
TI ARM Assembler PC v15.12.1 Tue Sep 13 14:05:54 2016

Tools Copyright (c) 1996-2015 Texas Instruments Incorporated
Task_ReportSysTick.asm                                               PAGE   12

     579                            .dwattr $C$DW$T$45, DW_AT_language(DW_LANG_C)
     580                            .dwattr $C$DW$T$45, DW_AT_decl_file("C:/TI_CodeComposer/ccsv6/tools/compiler/ti-cgt-arm_15.12.
     581                            .dwattr $C$DW$T$45, DW_AT_decl_line(0x4a)
     582                            .dwattr $C$DW$T$45, DW_AT_decl_column(0x17)
     583                    
     584                    $C$DW$T$46      .dwtag  DW_TAG_typedef
     585                            .dwattr $C$DW$T$46, DW_AT_name("int_fast8_t")
     586                            .dwattr $C$DW$T$46, DW_AT_type(*$C$DW$T$43)
     587                            .dwattr $C$DW$T$46, DW_AT_language(DW_LANG_C)
     588                            .dwattr $C$DW$T$46, DW_AT_decl_file("C:/TI_CodeComposer/ccsv6/tools/compiler/ti-cgt-arm_15.12.
     589                            .dwattr $C$DW$T$46, DW_AT_decl_line(0x45)
     590                            .dwattr $C$DW$T$46, DW_AT_decl_column(0x17)
     591                    
     592                    $C$DW$T$47      .dwtag  DW_TAG_typedef
     593                            .dwattr $C$DW$T$47, DW_AT_name("int_least32_t")
     594                            .dwattr $C$DW$T$47, DW_AT_type(*$C$DW$T$43)
     595                            .dwattr $C$DW$T$47, DW_AT_language(DW_LANG_C)
     596                            .dwattr $C$DW$T$47, DW_AT_decl_file("C:/TI_CodeComposer/ccsv6/tools/compiler/ti-cgt-arm_15.12.
     597                            .dwattr $C$DW$T$47, DW_AT_decl_line(0x3c)
     598                            .dwattr $C$DW$T$47, DW_AT_decl_column(0x17)
     599                    
     600                    $C$DW$T$48      .dwtag  DW_TAG_typedef
     601                            .dwattr $C$DW$T$48, DW_AT_name("intptr_t")
     602                            .dwattr $C$DW$T$48, DW_AT_type(*$C$DW$T$10)
     603                            .dwattr $C$DW$T$48, DW_AT_language(DW_LANG_C)
     604                            .dwattr $C$DW$T$48, DW_AT_decl_file("C:/TI_CodeComposer/ccsv6/tools/compiler/ti-cgt-arm_15.12.
     605                            .dwattr $C$DW$T$48, DW_AT_decl_line(0x52)
     606                            .dwattr $C$DW$T$48, DW_AT_decl_column(0x1a)
     607                    
     608                    $C$DW$T$49      .dwtag  DW_TAG_typedef
     609                            .dwattr $C$DW$T$49, DW_AT_name("ptrdiff_t")
     610                            .dwattr $C$DW$T$49, DW_AT_type(*$C$DW$T$10)
     611                            .dwattr $C$DW$T$49, DW_AT_language(DW_LANG_C)
     612                            .dwattr $C$DW$T$49, DW_AT_decl_file("C:/TI_CodeComposer/ccsv6/tools/compiler/ti-cgt-arm_15.12.
     613                            .dwattr $C$DW$T$49, DW_AT_decl_line(0x36)
     614                            .dwattr $C$DW$T$49, DW_AT_decl_column(0x1c)
     615                    
     616                    $C$DW$T$11      .dwtag  DW_TAG_base_type
     617                            .dwattr $C$DW$T$11, DW_AT_encoding(DW_ATE_unsigned)
     618                            .dwattr $C$DW$T$11, DW_AT_name("unsigned int")
     619                            .dwattr $C$DW$T$11, DW_AT_byte_size(0x04)
     620                    
     621                    $C$DW$T$50      .dwtag  DW_TAG_typedef
     622                            .dwattr $C$DW$T$50, DW_AT_name("size_t")
     623                            .dwattr $C$DW$T$50, DW_AT_type(*$C$DW$T$11)
     624                            .dwattr $C$DW$T$50, DW_AT_language(DW_LANG_C)
     625                            .dwattr $C$DW$T$50, DW_AT_decl_file("C:/TI_CodeComposer/ccsv6/tools/compiler/ti-cgt-arm_15.12.
     626                            .dwattr $C$DW$T$50, DW_AT_decl_line(0x3a)
     627                            .dwattr $C$DW$T$50, DW_AT_decl_column(0x19)
     628                    
     629                    $C$DW$T$51      .dwtag  DW_TAG_typedef
     630                            .dwattr $C$DW$T$51, DW_AT_name("uint32_t")
     631                            .dwattr $C$DW$T$51, DW_AT_type(*$C$DW$T$11)
     632                            .dwattr $C$DW$T$51, DW_AT_language(DW_LANG_C)
     633                            .dwattr $C$DW$T$51, DW_AT_decl_file("C:/TI_CodeComposer/ccsv6/tools/compiler/ti-cgt-arm_15.12.
TI ARM Assembler PC v15.12.1 Tue Sep 13 14:05:54 2016

Tools Copyright (c) 1996-2015 Texas Instruments Incorporated
Task_ReportSysTick.asm                                               PAGE   13

     634                            .dwattr $C$DW$T$51, DW_AT_decl_line(0x2f)
     635                            .dwattr $C$DW$T$51, DW_AT_decl_column(0x1c)
     636                    
     637                    $C$DW$T$52      .dwtag  DW_TAG_typedef
     638                            .dwattr $C$DW$T$52, DW_AT_name("uint_fast16_t")
     639                            .dwattr $C$DW$T$52, DW_AT_type(*$C$DW$T$51)
     640                            .dwattr $C$DW$T$52, DW_AT_language(DW_LANG_C)
     641                            .dwattr $C$DW$T$52, DW_AT_decl_file("C:/TI_CodeComposer/ccsv6/tools/compiler/ti-cgt-arm_15.12.
     642                            .dwattr $C$DW$T$52, DW_AT_decl_line(0x48)
     643                            .dwattr $C$DW$T$52, DW_AT_decl_column(0x16)
     644                    
     645                    $C$DW$T$53      .dwtag  DW_TAG_typedef
     646                            .dwattr $C$DW$T$53, DW_AT_name("uint_fast32_t")
     647                            .dwattr $C$DW$T$53, DW_AT_type(*$C$DW$T$51)
     648                            .dwattr $C$DW$T$53, DW_AT_language(DW_LANG_C)
     649                            .dwattr $C$DW$T$53, DW_AT_decl_file("C:/TI_CodeComposer/ccsv6/tools/compiler/ti-cgt-arm_15.12.
     650                            .dwattr $C$DW$T$53, DW_AT_decl_line(0x4b)
     651                            .dwattr $C$DW$T$53, DW_AT_decl_column(0x16)
     652                    
     653                    $C$DW$T$54      .dwtag  DW_TAG_typedef
     654                            .dwattr $C$DW$T$54, DW_AT_name("uint_fast8_t")
     655                            .dwattr $C$DW$T$54, DW_AT_type(*$C$DW$T$51)
     656                            .dwattr $C$DW$T$54, DW_AT_language(DW_LANG_C)
     657                            .dwattr $C$DW$T$54, DW_AT_decl_file("C:/TI_CodeComposer/ccsv6/tools/compiler/ti-cgt-arm_15.12.
     658                            .dwattr $C$DW$T$54, DW_AT_decl_line(0x46)
     659                            .dwattr $C$DW$T$54, DW_AT_decl_column(0x16)
     660                    
     661                    $C$DW$T$55      .dwtag  DW_TAG_typedef
     662                            .dwattr $C$DW$T$55, DW_AT_name("uint_least32_t")
     663                            .dwattr $C$DW$T$55, DW_AT_type(*$C$DW$T$51)
     664                            .dwattr $C$DW$T$55, DW_AT_language(DW_LANG_C)
     665                            .dwattr $C$DW$T$55, DW_AT_decl_file("C:/TI_CodeComposer/ccsv6/tools/compiler/ti-cgt-arm_15.12.
     666                            .dwattr $C$DW$T$55, DW_AT_decl_line(0x3d)
     667                            .dwattr $C$DW$T$55, DW_AT_decl_column(0x16)
     668                    
     669                    $C$DW$T$56      .dwtag  DW_TAG_typedef
     670                            .dwattr $C$DW$T$56, DW_AT_name("uintptr_t")
     671                            .dwattr $C$DW$T$56, DW_AT_type(*$C$DW$T$11)
     672                            .dwattr $C$DW$T$56, DW_AT_language(DW_LANG_C)
     673                            .dwattr $C$DW$T$56, DW_AT_decl_file("C:/TI_CodeComposer/ccsv6/tools/compiler/ti-cgt-arm_15.12.
     674                            .dwattr $C$DW$T$56, DW_AT_decl_line(0x53)
     675                            .dwattr $C$DW$T$56, DW_AT_decl_column(0x1a)
     676                    
     677                    $C$DW$T$12      .dwtag  DW_TAG_base_type
     678                            .dwattr $C$DW$T$12, DW_AT_encoding(DW_ATE_signed)
     679                            .dwattr $C$DW$T$12, DW_AT_name("long")
     680                            .dwattr $C$DW$T$12, DW_AT_byte_size(0x04)
     681                    
     682                    $C$DW$T$57      .dwtag  DW_TAG_typedef
     683                            .dwattr $C$DW$T$57, DW_AT_name("fpos_t")
     684                            .dwattr $C$DW$T$57, DW_AT_type(*$C$DW$T$12)
     685                            .dwattr $C$DW$T$57, DW_AT_language(DW_LANG_C)
     686                            .dwattr $C$DW$T$57, DW_AT_decl_file("C:/TI_CodeComposer/ccsv6/tools/compiler/ti-cgt-arm_15.12.
     687                            .dwattr $C$DW$T$57, DW_AT_decl_line(0x6e)
     688                            .dwattr $C$DW$T$57, DW_AT_decl_column(0x0e)
TI ARM Assembler PC v15.12.1 Tue Sep 13 14:05:54 2016

Tools Copyright (c) 1996-2015 Texas Instruments Incorporated
Task_ReportSysTick.asm                                               PAGE   14

     689                    
     690                    $C$DW$T$13      .dwtag  DW_TAG_base_type
     691                            .dwattr $C$DW$T$13, DW_AT_encoding(DW_ATE_unsigned)
     692                            .dwattr $C$DW$T$13, DW_AT_name("unsigned long")
     693                            .dwattr $C$DW$T$13, DW_AT_byte_size(0x04)
     694                    
     695                    $C$DW$T$14      .dwtag  DW_TAG_base_type
     696                            .dwattr $C$DW$T$14, DW_AT_encoding(DW_ATE_signed)
     697                            .dwattr $C$DW$T$14, DW_AT_name("long long")
     698                            .dwattr $C$DW$T$14, DW_AT_byte_size(0x08)
     699                    
     700                    $C$DW$T$58      .dwtag  DW_TAG_typedef
     701                            .dwattr $C$DW$T$58, DW_AT_name("int64_t")
     702                            .dwattr $C$DW$T$58, DW_AT_type(*$C$DW$T$14)
     703                            .dwattr $C$DW$T$58, DW_AT_language(DW_LANG_C)
     704                            .dwattr $C$DW$T$58, DW_AT_decl_file("C:/TI_CodeComposer/ccsv6/tools/compiler/ti-cgt-arm_15.12.
     705                            .dwattr $C$DW$T$58, DW_AT_decl_line(0x32)
     706                            .dwattr $C$DW$T$58, DW_AT_decl_column(0x21)
     707                    
     708                    $C$DW$T$59      .dwtag  DW_TAG_typedef
     709                            .dwattr $C$DW$T$59, DW_AT_name("int_fast64_t")
     710                            .dwattr $C$DW$T$59, DW_AT_type(*$C$DW$T$58)
     711                            .dwattr $C$DW$T$59, DW_AT_language(DW_LANG_C)
     712                            .dwattr $C$DW$T$59, DW_AT_decl_file("C:/TI_CodeComposer/ccsv6/tools/compiler/ti-cgt-arm_15.12.
     713                            .dwattr $C$DW$T$59, DW_AT_decl_line(0x4e)
     714                            .dwattr $C$DW$T$59, DW_AT_decl_column(0x17)
     715                    
     716                    $C$DW$T$60      .dwtag  DW_TAG_typedef
     717                            .dwattr $C$DW$T$60, DW_AT_name("int_least64_t")
     718                            .dwattr $C$DW$T$60, DW_AT_type(*$C$DW$T$58)
     719                            .dwattr $C$DW$T$60, DW_AT_language(DW_LANG_C)
     720                            .dwattr $C$DW$T$60, DW_AT_decl_file("C:/TI_CodeComposer/ccsv6/tools/compiler/ti-cgt-arm_15.12.
     721                            .dwattr $C$DW$T$60, DW_AT_decl_line(0x40)
     722                            .dwattr $C$DW$T$60, DW_AT_decl_column(0x17)
     723                    
     724                    $C$DW$T$61      .dwtag  DW_TAG_typedef
     725                            .dwattr $C$DW$T$61, DW_AT_name("intmax_t")
     726                            .dwattr $C$DW$T$61, DW_AT_type(*$C$DW$T$14)
     727                            .dwattr $C$DW$T$61, DW_AT_language(DW_LANG_C)
     728                            .dwattr $C$DW$T$61, DW_AT_decl_file("C:/TI_CodeComposer/ccsv6/tools/compiler/ti-cgt-arm_15.12.
     729                            .dwattr $C$DW$T$61, DW_AT_decl_line(0x56)
     730                            .dwattr $C$DW$T$61, DW_AT_decl_column(0x20)
     731                    
     732                    $C$DW$T$15      .dwtag  DW_TAG_base_type
     733                            .dwattr $C$DW$T$15, DW_AT_encoding(DW_ATE_unsigned)
     734                            .dwattr $C$DW$T$15, DW_AT_name("unsigned long long")
     735                            .dwattr $C$DW$T$15, DW_AT_byte_size(0x08)
     736                    
     737                    $C$DW$T$62      .dwtag  DW_TAG_typedef
     738                            .dwattr $C$DW$T$62, DW_AT_name("uint64_t")
     739                            .dwattr $C$DW$T$62, DW_AT_type(*$C$DW$T$15)
     740                            .dwattr $C$DW$T$62, DW_AT_language(DW_LANG_C)
     741                            .dwattr $C$DW$T$62, DW_AT_decl_file("C:/TI_CodeComposer/ccsv6/tools/compiler/ti-cgt-arm_15.12.
     742                            .dwattr $C$DW$T$62, DW_AT_decl_line(0x33)
     743                            .dwattr $C$DW$T$62, DW_AT_decl_column(0x20)
TI ARM Assembler PC v15.12.1 Tue Sep 13 14:05:54 2016

Tools Copyright (c) 1996-2015 Texas Instruments Incorporated
Task_ReportSysTick.asm                                               PAGE   15

     744                    
     745                    $C$DW$T$63      .dwtag  DW_TAG_typedef
     746                            .dwattr $C$DW$T$63, DW_AT_name("uint_fast64_t")
     747                            .dwattr $C$DW$T$63, DW_AT_type(*$C$DW$T$62)
     748                            .dwattr $C$DW$T$63, DW_AT_language(DW_LANG_C)
     749                            .dwattr $C$DW$T$63, DW_AT_decl_file("C:/TI_CodeComposer/ccsv6/tools/compiler/ti-cgt-arm_15.12.
     750                            .dwattr $C$DW$T$63, DW_AT_decl_line(0x4f)
     751                            .dwattr $C$DW$T$63, DW_AT_decl_column(0x16)
     752                    
     753                    $C$DW$T$64      .dwtag  DW_TAG_typedef
     754                            .dwattr $C$DW$T$64, DW_AT_name("uint_least64_t")
     755                            .dwattr $C$DW$T$64, DW_AT_type(*$C$DW$T$62)
     756                            .dwattr $C$DW$T$64, DW_AT_language(DW_LANG_C)
     757                            .dwattr $C$DW$T$64, DW_AT_decl_file("C:/TI_CodeComposer/ccsv6/tools/compiler/ti-cgt-arm_15.12.
     758                            .dwattr $C$DW$T$64, DW_AT_decl_line(0x41)
     759                            .dwattr $C$DW$T$64, DW_AT_decl_column(0x16)
     760                    
     761                    $C$DW$T$65      .dwtag  DW_TAG_typedef
     762                            .dwattr $C$DW$T$65, DW_AT_name("uintmax_t")
     763                            .dwattr $C$DW$T$65, DW_AT_type(*$C$DW$T$15)
     764                            .dwattr $C$DW$T$65, DW_AT_language(DW_LANG_C)
     765                            .dwattr $C$DW$T$65, DW_AT_decl_file("C:/TI_CodeComposer/ccsv6/tools/compiler/ti-cgt-arm_15.12.
     766                            .dwattr $C$DW$T$65, DW_AT_decl_line(0x57)
     767                            .dwattr $C$DW$T$65, DW_AT_decl_column(0x20)
     768                    
     769                    $C$DW$T$16      .dwtag  DW_TAG_base_type
     770                            .dwattr $C$DW$T$16, DW_AT_encoding(DW_ATE_float)
     771                            .dwattr $C$DW$T$16, DW_AT_name("float")
     772                            .dwattr $C$DW$T$16, DW_AT_byte_size(0x04)
     773                    
     774                    $C$DW$T$17      .dwtag  DW_TAG_base_type
     775                            .dwattr $C$DW$T$17, DW_AT_encoding(DW_ATE_float)
     776                            .dwattr $C$DW$T$17, DW_AT_name("double")
     777                            .dwattr $C$DW$T$17, DW_AT_byte_size(0x08)
     778                    
     779                    $C$DW$T$18      .dwtag  DW_TAG_base_type
     780                            .dwattr $C$DW$T$18, DW_AT_encoding(DW_ATE_float)
     781                            .dwattr $C$DW$T$18, DW_AT_name("long double")
     782                            .dwattr $C$DW$T$18, DW_AT_byte_size(0x08)
     783                    
     784                    $C$DW$T$24      .dwtag  DW_TAG_const_type
     785                            .dwattr $C$DW$T$24, DW_AT_type(*$C$DW$T$6)
     786                    
     787                    $C$DW$T$25      .dwtag  DW_TAG_pointer_type
     788                            .dwattr $C$DW$T$25, DW_AT_type(*$C$DW$T$24)
     789                            .dwattr $C$DW$T$25, DW_AT_address_class(0x20)
     790                    
     791                    $C$DW$T$40      .dwtag  DW_TAG_pointer_type
     792                            .dwattr $C$DW$T$40, DW_AT_type(*$C$DW$T$6)
     793                            .dwattr $C$DW$T$40, DW_AT_address_class(0x20)
     794                    
     795                    
     796                    $C$DW$T$66      .dwtag  DW_TAG_array_type
     797                            .dwattr $C$DW$T$66, DW_AT_type(*$C$DW$T$6)
     798                            .dwattr $C$DW$T$66, DW_AT_language(DW_LANG_C)
TI ARM Assembler PC v15.12.1 Tue Sep 13 14:05:54 2016

Tools Copyright (c) 1996-2015 Texas Instruments Incorporated
Task_ReportSysTick.asm                                               PAGE   16

     799                            .dwattr $C$DW$T$66, DW_AT_byte_size(0x18)
     800                    $C$DW$31        .dwtag  DW_TAG_subrange_type
     801                            .dwattr $C$DW$31, DW_AT_upper_bound(0x17)
     802                    
     803                            .dwendtag $C$DW$T$66
     804                    
     805                    $C$DW$T$71      .dwtag  DW_TAG_base_type
     806                            .dwattr $C$DW$T$71, DW_AT_encoding(DW_ATE_unsigned_char)
     807                            .dwattr $C$DW$T$71, DW_AT_name("unsigned char")
     808                            .dwattr $C$DW$T$71, DW_AT_byte_size(0x01)
     809                    
     810                    
     811                    $C$DW$T$21      .dwtag  DW_TAG_structure_type
     812                            .dwattr $C$DW$T$21, DW_AT_name("__va_list")
     813                            .dwattr $C$DW$T$21, DW_AT_byte_size(0x04)
     814                    $C$DW$32        .dwtag  DW_TAG_member
     815                            .dwattr $C$DW$32, DW_AT_type(*$C$DW$T$3)
     816                            .dwattr $C$DW$32, DW_AT_name("__ap")
     817                            .dwattr $C$DW$32, DW_AT_TI_symbol_name("__ap")
     818                            .dwattr $C$DW$32, DW_AT_data_member_location[DW_OP_plus_uconst 0x0]
     819                            .dwattr $C$DW$32, DW_AT_accessibility(DW_ACCESS_public)
     820                            .dwattr $C$DW$32, DW_AT_decl_file("C:/TI_CodeComposer/ccsv6/tools/compiler/ti-cgt-arm_15.12.1.
     821                            .dwattr $C$DW$32, DW_AT_decl_line(0x38)
     822                            .dwattr $C$DW$32, DW_AT_decl_column(0x0c)
     823                    
     824                            .dwattr $C$DW$T$21, DW_AT_decl_file("C:/TI_CodeComposer/ccsv6/tools/compiler/ti-cgt-arm_15.12.
     825                            .dwattr $C$DW$T$21, DW_AT_decl_line(0x37)
     826                            .dwattr $C$DW$T$21, DW_AT_decl_column(0x10)
     827                            .dwendtag $C$DW$T$21
     828                    
     829                    $C$DW$T$72      .dwtag  DW_TAG_typedef
     830                            .dwattr $C$DW$T$72, DW_AT_name("va_list")
     831                            .dwattr $C$DW$T$72, DW_AT_type(*$C$DW$T$21)
     832                            .dwattr $C$DW$T$72, DW_AT_language(DW_LANG_C)
     833                            .dwattr $C$DW$T$72, DW_AT_decl_file("C:/TI_CodeComposer/ccsv6/tools/compiler/ti-cgt-arm_15.12.
     834                            .dwattr $C$DW$T$72, DW_AT_decl_line(0x39)
     835                            .dwattr $C$DW$T$72, DW_AT_decl_column(0x03)
     836                    
     837                            .dwattr $C$DW$CU, DW_AT_language(DW_LANG_C)
     838                    
     839                    ;***************************************************************
     840                    ;* DWARF CIE ENTRIES                                           *
     841                    ;***************************************************************
     842                    
     843                    $C$DW$CIE       .dwcie 14
     844                            .dwcfi  cfa_register, 13
     845                            .dwcfi  cfa_offset, 0
     846                            .dwcfi  undefined, 0
     847                            .dwcfi  undefined, 1
     848                            .dwcfi  undefined, 2
     849                            .dwcfi  undefined, 3
     850                            .dwcfi  same_value, 4
     851                            .dwcfi  same_value, 5
     852                            .dwcfi  same_value, 6
     853                            .dwcfi  same_value, 7
TI ARM Assembler PC v15.12.1 Tue Sep 13 14:05:54 2016

Tools Copyright (c) 1996-2015 Texas Instruments Incorporated
Task_ReportSysTick.asm                                               PAGE   17

     854                            .dwcfi  same_value, 8
     855                            .dwcfi  same_value, 9
     856                            .dwcfi  same_value, 10
     857                            .dwcfi  same_value, 11
     858                            .dwcfi  undefined, 12
     859                            .dwcfi  undefined, 13
     860                            .dwcfi  undefined, 14
     861                            .dwcfi  undefined, 14
     862                            .dwcfi  undefined, 7
     863                            .dwendentry
     864                            .dwendtag $C$DW$CU
     865                    

--------------------------
Thumb2 Statistics
--------------------------
Number of Thumb2 ins converted to Thumb = 0 (0%)
Number of Thumb ins in input = 56 (87%)
Number of Thumb2 ins encoded as Thumb2 = 8 (100%)
Number of Thumb2 ins converted to 2 OPND Thumb = 2


No Assembly Errors, No Assembly Warnings
