
**** Build of configuration Debug for project FreeRTOS823_LM3S1968_PWM ****

"C:\\TI_CodeComposer\\ccsv6\\utils\\bin\\gmake" -k all 
'Building file: ../Tasks/Task_PwmDriveServo.c'
'Invoking: ARM Compiler'
"C:/TI_CodeComposer/ccsv6/tools/compiler/ti-cgt-arm_15.12.1.LTS/bin/armcl" -mv7M3 --code_state=16 -me --include_path="H:/EECS_388/TI_ARM_Projects/FreeRTOS823_LM3S1968_PWM" --include_path="H:/EECS_388/TI_ARM_Projects" --include_path="H:/EECS_388/TI_ARM_Projects/FreeRTOS823_LM3S1968_PWM/Source/portable/CCS/ARM_CM3" --include_path="H:/EECS_388/TI_ARM_Projects/FreeRTOS823_LM3S1968_PWM/Source/include" --include_path="C:/TI_CodeComposer/ccsv6/tools/compiler/ti-cgt-arm_15.12.1.LTS/include" --include_path="C:/TI_CodeComposer/StellarisWare-LM3S1968" -g --gcc --define="ccs" --define=PART_LM3S1968 --define=ARM_CM3 --super_quiet --diag_wrap=off --diag_warning=225 --display_error_number --abi=eabi --printf_support=full -k --asm_listing --preproc_with_compile --preproc_dependency="Tasks/Task_PwmDriveServo.d" --obj_directory="Tasks"  "../Tasks/Task_PwmDriveServo.c"
'Finished building: ../Tasks/Task_PwmDriveServo.c'
' '
'Building target: FreeRTOS823_LM3S1968_PWM.out'
'Invoking: ARM Linker'
"C:/TI_CodeComposer/ccsv6/tools/compiler/ti-cgt-arm_15.12.1.LTS/bin/armcl" -mv7M3 --code_state=16 -me -g --gcc --define="ccs" --define=PART_LM3S1968 --define=ARM_CM3 --super_quiet --diag_wrap=off --diag_warning=225 --display_error_number --abi=eabi --printf_support=full -k --asm_listing -z -m"FreeRTOS823_LM3S1968_PWM.map" --stack_size=0x0800 --heap_size=0x0800 -i"C:/TI_CodeComposer/ccsv6/tools/compiler/ti-cgt-arm_15.12.1.LTS/lib" -i"C:/TI_CodeComposer/ccsv6/tools/compiler/ti-cgt-arm_15.12.1.LTS/include" --reread_libs --display_error_number --warn_sections --diag_wrap=off --xml_link_info="FreeRTOS823_LM3S1968_PWM_linkInfo.xml" --rom_model -o "FreeRTOS823_LM3S1968_PWM.out" "./FreeRTOS_LM3S_Startup.obj" "./Main_Blinky.obj" "./heap_2.obj" "./Drivers/UARTStdio_Initialization_LM3S1968.obj" "./Drivers/rit128x96x4.obj" "./Drivers/uartstdio.obj" "./Source/croutine.obj" "./Source/event_groups.obj" "./Source/list.obj" "./Source/queue.obj" "./Source/tasks.obj" "./Source/timers.obj" "./Source/portable/CCS/ARM_CM3/port.obj" "./Source/portable/CCS/ARM_CM3/portasm.obj" "./Tasks/Task_Blinky.obj" "./Tasks/Task_PwmDriveServo.obj" "./Tasks/Task_ReportSysTick.obj" "../lm3s1968.cmd"  -l"C:/TI_CodeComposer/StellarisWare-LM3S1968/driverlib/ccs-cm3/Debug/driverlib-cm3.lib" -llibc.a 
'Finished building target: FreeRTOS823_LM3S1968_PWM.out'
' '
'Invoking: ARM Hex Utility'
"C:/TI_CodeComposer/ccsv6/tools/compiler/ti-cgt-arm_15.12.1.LTS/bin/armhex"  -o "FreeRTOS823_LM3S1968_PWM.hex"  "FreeRTOS823_LM3S1968_PWM.out" 
Translating to Extended Tektronix format...
   "FreeRTOS823_LM3S1968_PWM.out" .intvecs ==> .intvecs
   "FreeRTOS823_LM3S1968_PWM.out" .text ==> .text
   "FreeRTOS823_LM3S1968_PWM.out" .const ==> .const
   "FreeRTOS823_LM3S1968_PWM.out" .cinit ==> .cinit
warning: section FreeRTOS823_LM3S1968_PWM.out(.text) was padded by 2 to a size
   of 12432 to satisfy the specified memory width of 4
'Finished building: FreeRTOS823_LM3S1968_PWM.hex'
' '

**** Build Finished ****
