TI ARM Assembler PC v15.12.1 Wed Sep 14 14:35:13 2016

Tools Copyright (c) 1996-2015 Texas Instruments Incorporated
Task_Speakerbuzz.asm                                                 PAGE    1

       1                    ;******************************************************************************
       2                    ;* TI ARM C/C++ Codegen                                       PC v15.12.1.LTS *
       3                    ;* Date/Time created: Wed Sep 14 14:35:13 2016                                *
       4                    ;******************************************************************************
       5                            .compiler_opts --abi=eabi --arm_vmrs_si_workaround=off --code_state=16 --diag_wrap=off --disab
       6 00000000                   .thumb
       7                    
       8                    $C$DW$CU        .dwtag  DW_TAG_compile_unit
       9                            .dwattr $C$DW$CU, DW_AT_name("../Tasks/Task_Speakerbuzz.c")
      10                            .dwattr $C$DW$CU, DW_AT_producer("TI TI ARM C/C++ Codegen PC v15.12.1.LTS Copyright (c) 1996-2
      11                            .dwattr $C$DW$CU, DW_AT_TI_version(0x01)
      12                            .dwattr $C$DW$CU, DW_AT_comp_dir("H:\EECS_388\TI_ARM_Projects\Program_Speakerbuzz2\Debug")
      13                    
      14                    $C$DW$1 .dwtag  DW_TAG_subprogram
      15                            .dwattr $C$DW$1, DW_AT_name("SysCtlPeripheralEnable")
      16                            .dwattr $C$DW$1, DW_AT_TI_symbol_name("SysCtlPeripheralEnable")
      17                            .dwattr $C$DW$1, DW_AT_declaration
      18                            .dwattr $C$DW$1, DW_AT_external
      19                            .dwattr $C$DW$1, DW_AT_decl_file("C:/TI_CodeComposer/StellarisWare-LM3S1968/driverlib/sysctl.h
      20                            .dwattr $C$DW$1, DW_AT_decl_line(0x24d)
      21                            .dwattr $C$DW$1, DW_AT_decl_column(0x0d)
      22                    $C$DW$2 .dwtag  DW_TAG_formal_parameter
      23                            .dwattr $C$DW$2, DW_AT_type(*$C$DW$T$13)
      24                    
      25                            .dwendtag $C$DW$1
      26                    
      27                    
      28                    $C$DW$3 .dwtag  DW_TAG_subprogram
      29                            .dwattr $C$DW$3, DW_AT_name("GPIOPadConfigSet")
      30                            .dwattr $C$DW$3, DW_AT_TI_symbol_name("GPIOPadConfigSet")
      31                            .dwattr $C$DW$3, DW_AT_declaration
      32                            .dwattr $C$DW$3, DW_AT_external
      33                            .dwattr $C$DW$3, DW_AT_decl_file("C:/TI_CodeComposer/StellarisWare-LM3S1968/driverlib/gpio.h")
      34                            .dwattr $C$DW$3, DW_AT_decl_line(0x7f)
      35                            .dwattr $C$DW$3, DW_AT_decl_column(0x0d)
      36                    $C$DW$4 .dwtag  DW_TAG_formal_parameter
      37                            .dwattr $C$DW$4, DW_AT_type(*$C$DW$T$13)
      38                    
      39                    $C$DW$5 .dwtag  DW_TAG_formal_parameter
      40                            .dwattr $C$DW$5, DW_AT_type(*$C$DW$T$6)
      41                    
      42                    $C$DW$6 .dwtag  DW_TAG_formal_parameter
      43                            .dwattr $C$DW$6, DW_AT_type(*$C$DW$T$13)
      44                    
      45                    $C$DW$7 .dwtag  DW_TAG_formal_parameter
      46                            .dwattr $C$DW$7, DW_AT_type(*$C$DW$T$13)
      47                    
      48                            .dwendtag $C$DW$3
      49                    
      50                    
      51                    $C$DW$8 .dwtag  DW_TAG_subprogram
      52                            .dwattr $C$DW$8, DW_AT_name("GPIOPinRead")
      53                            .dwattr $C$DW$8, DW_AT_TI_symbol_name("GPIOPinRead")
      54                            .dwattr $C$DW$8, DW_AT_type(*$C$DW$T$12)
      55                            .dwattr $C$DW$8, DW_AT_declaration
TI ARM Assembler PC v15.12.1 Wed Sep 14 14:35:13 2016

Tools Copyright (c) 1996-2015 Texas Instruments Incorporated
Task_Speakerbuzz.asm                                                 PAGE    2

      56                            .dwattr $C$DW$8, DW_AT_external
      57                            .dwattr $C$DW$8, DW_AT_decl_file("C:/TI_CodeComposer/StellarisWare-LM3S1968/driverlib/gpio.h")
      58                            .dwattr $C$DW$8, DW_AT_decl_line(0x8c)
      59                            .dwattr $C$DW$8, DW_AT_decl_column(0x0d)
      60                    $C$DW$9 .dwtag  DW_TAG_formal_parameter
      61                            .dwattr $C$DW$9, DW_AT_type(*$C$DW$T$13)
      62                    
      63                    $C$DW$10        .dwtag  DW_TAG_formal_parameter
      64                            .dwattr $C$DW$10, DW_AT_type(*$C$DW$T$6)
      65                    
      66                            .dwendtag $C$DW$8
      67                    
      68                    
      69                    $C$DW$11        .dwtag  DW_TAG_subprogram
      70                            .dwattr $C$DW$11, DW_AT_name("GPIOPinWrite")
      71                            .dwattr $C$DW$11, DW_AT_TI_symbol_name("GPIOPinWrite")
      72                            .dwattr $C$DW$11, DW_AT_declaration
      73                            .dwattr $C$DW$11, DW_AT_external
      74                            .dwattr $C$DW$11, DW_AT_decl_file("C:/TI_CodeComposer/StellarisWare-LM3S1968/driverlib/gpio.h"
      75                            .dwattr $C$DW$11, DW_AT_decl_line(0x8d)
      76                            .dwattr $C$DW$11, DW_AT_decl_column(0x0d)
      77                    $C$DW$12        .dwtag  DW_TAG_formal_parameter
      78                            .dwattr $C$DW$12, DW_AT_type(*$C$DW$T$13)
      79                    
      80                    $C$DW$13        .dwtag  DW_TAG_formal_parameter
      81                            .dwattr $C$DW$13, DW_AT_type(*$C$DW$T$6)
      82                    
      83                    $C$DW$14        .dwtag  DW_TAG_formal_parameter
      84                            .dwattr $C$DW$14, DW_AT_type(*$C$DW$T$6)
      85                    
      86                            .dwendtag $C$DW$11
      87                    
      88                    
      89                    $C$DW$15        .dwtag  DW_TAG_subprogram
      90                            .dwattr $C$DW$15, DW_AT_name("GPIOPinTypeGPIOOutput")
      91                            .dwattr $C$DW$15, DW_AT_TI_symbol_name("GPIOPinTypeGPIOOutput")
      92                            .dwattr $C$DW$15, DW_AT_declaration
      93                            .dwattr $C$DW$15, DW_AT_external
      94                            .dwattr $C$DW$15, DW_AT_decl_file("C:/TI_CodeComposer/StellarisWare-LM3S1968/driverlib/gpio.h"
      95                            .dwattr $C$DW$15, DW_AT_decl_line(0x98)
      96                            .dwattr $C$DW$15, DW_AT_decl_column(0x0d)
      97                    $C$DW$16        .dwtag  DW_TAG_formal_parameter
      98                            .dwattr $C$DW$16, DW_AT_type(*$C$DW$T$13)
      99                    
     100                    $C$DW$17        .dwtag  DW_TAG_formal_parameter
     101                            .dwattr $C$DW$17, DW_AT_type(*$C$DW$T$6)
     102                    
     103                            .dwendtag $C$DW$15
     104                    
     105                    $C$DW$18        .dwtag  DW_TAG_variable
     106                            .dwattr $C$DW$18, DW_AT_name("SysTickFrequency_Nbr")
     107                            .dwattr $C$DW$18, DW_AT_TI_symbol_name("SysTickFrequency_Nbr")
     108                            .dwattr $C$DW$18, DW_AT_type(*$C$DW$T$47)
     109                            .dwattr $C$DW$18, DW_AT_declaration
     110                            .dwattr $C$DW$18, DW_AT_external
TI ARM Assembler PC v15.12.1 Wed Sep 14 14:35:13 2016

Tools Copyright (c) 1996-2015 Texas Instruments Incorporated
Task_Speakerbuzz.asm                                                 PAGE    3

     111                            .dwattr $C$DW$18, DW_AT_decl_file("../Tasks/Task_Speakerbuzz.c")
     112                            .dwattr $C$DW$18, DW_AT_decl_line(0x16)
     113                            .dwattr $C$DW$18, DW_AT_decl_column(0x12)
     114                    
     115                    $C$DW$19        .dwtag  DW_TAG_variable
     116                            .dwattr $C$DW$19, DW_AT_name("SysTickCount_Nbr")
     117                            .dwattr $C$DW$19, DW_AT_TI_symbol_name("SysTickCount_Nbr")
     118                            .dwattr $C$DW$19, DW_AT_type(*$C$DW$T$47)
     119                            .dwattr $C$DW$19, DW_AT_declaration
     120                            .dwattr $C$DW$19, DW_AT_external
     121                            .dwattr $C$DW$19, DW_AT_decl_file("../Tasks/Task_Speakerbuzz.c")
     122                            .dwattr $C$DW$19, DW_AT_decl_line(0x17)
     123                            .dwattr $C$DW$19, DW_AT_decl_column(0x12)
     124                    
     125 00000000                   .data
     126                            .align  4
     127                            .elfsym Task_SpeakerBuzz_NextExecute,SYM_SIZE(4)
     128 00000000           Task_SpeakerBuzz_NextExecute:
     129 00000000 00000000          .bits   0,32                    ; Task_SpeakerBuzz_NextExecute @ 0
     130                    
     131                    $C$DW$20        .dwtag  DW_TAG_variable
     132                            .dwattr $C$DW$20, DW_AT_name("Task_SpeakerBuzz_NextExecute")
     133                            .dwattr $C$DW$20, DW_AT_TI_symbol_name("Task_SpeakerBuzz_NextExecute")
     134                            .dwattr $C$DW$20, DW_AT_type(*$C$DW$T$47)
     135                            .dwattr $C$DW$20, DW_AT_location[DW_OP_addr Task_SpeakerBuzz_NextExecute]
     136                            .dwattr $C$DW$20, DW_AT_decl_file("../Tasks/Task_Speakerbuzz.c")
     137                            .dwattr $C$DW$20, DW_AT_decl_line(0x1a)
     138                            .dwattr $C$DW$20, DW_AT_decl_column(0x11)
     139                    
     140 00000000                   .bss    Task_SpeakerBuzz_DeltaExecute,4,4
     141                    $C$DW$21        .dwtag  DW_TAG_variable
     142                            .dwattr $C$DW$21, DW_AT_name("Task_SpeakerBuzz_DeltaExecute")
     143                            .dwattr $C$DW$21, DW_AT_TI_symbol_name("Task_SpeakerBuzz_DeltaExecute")
     144                            .dwattr $C$DW$21, DW_AT_type(*$C$DW$T$47)
     145                            .dwattr $C$DW$21, DW_AT_location[DW_OP_addr Task_SpeakerBuzz_DeltaExecute]
     146                            .dwattr $C$DW$21, DW_AT_decl_file("../Tasks/Task_Speakerbuzz.c")
     147                            .dwattr $C$DW$21, DW_AT_decl_line(0x1b)
     148                            .dwattr $C$DW$21, DW_AT_decl_column(0x11)
     149                    
     150 00000004                   .data
     151                            .align  1
     152                            .elfsym Task_SpeakerBuzz_Initialized,SYM_SIZE(1)
     153 00000004           Task_SpeakerBuzz_Initialized:
     154 00000004 00000000          .bits   0,8                     ; Task_SpeakerBuzz_Initialized @ 0
     155                    
     156                    $C$DW$22        .dwtag  DW_TAG_variable
     157                            .dwattr $C$DW$22, DW_AT_name("Task_SpeakerBuzz_Initialized")
     158                            .dwattr $C$DW$22, DW_AT_TI_symbol_name("Task_SpeakerBuzz_Initialized")
     159                            .dwattr $C$DW$22, DW_AT_type(*$C$DW$T$63)
     160                            .dwattr $C$DW$22, DW_AT_location[DW_OP_addr Task_SpeakerBuzz_Initialized]
     161                            .dwattr $C$DW$22, DW_AT_decl_file("../Tasks/Task_Speakerbuzz.c")
     162                            .dwattr $C$DW$22, DW_AT_decl_line(0x1c)
     163                            .dwattr $C$DW$22, DW_AT_decl_column(0x0e)
     164                    
     165 00000004                   .bss    Task_ToneChange_DeltaExecute,4,4
TI ARM Assembler PC v15.12.1 Wed Sep 14 14:35:13 2016

Tools Copyright (c) 1996-2015 Texas Instruments Incorporated
Task_Speakerbuzz.asm                                                 PAGE    4

     166                    $C$DW$23        .dwtag  DW_TAG_variable
     167                            .dwattr $C$DW$23, DW_AT_name("Task_ToneChange_DeltaExecute")
     168                            .dwattr $C$DW$23, DW_AT_TI_symbol_name("Task_ToneChange_DeltaExecute")
     169                            .dwattr $C$DW$23, DW_AT_type(*$C$DW$T$47)
     170                            .dwattr $C$DW$23, DW_AT_location[DW_OP_addr Task_ToneChange_DeltaExecute]
     171                            .dwattr $C$DW$23, DW_AT_decl_file("../Tasks/Task_Speakerbuzz.c")
     172                            .dwattr $C$DW$23, DW_AT_decl_line(0x1d)
     173                            .dwattr $C$DW$23, DW_AT_decl_column(0x11)
     174                    
     175                    ;       C:\TI_CodeComposer\ccsv6\tools\compiler\ti-cgt-arm_15.12.1.LTS\bin\armacpia.exe -@C:\\Users\\a
     176 00000000                   .sect   ".text"
     177                            .clink
     178                            .thumbfunc Task_Speakerbuzz
     179 00000000                   .thumb
     180                            .global Task_Speakerbuzz
     181                    
     182                    $C$DW$24        .dwtag  DW_TAG_subprogram
     183                            .dwattr $C$DW$24, DW_AT_name("Task_Speakerbuzz")
     184                            .dwattr $C$DW$24, DW_AT_low_pc(Task_Speakerbuzz)
     185                            .dwattr $C$DW$24, DW_AT_high_pc(0x00)
     186                            .dwattr $C$DW$24, DW_AT_TI_symbol_name("Task_Speakerbuzz")
     187                            .dwattr $C$DW$24, DW_AT_external
     188                            .dwattr $C$DW$24, DW_AT_TI_begin_file("../Tasks/Task_Speakerbuzz.c")
     189                            .dwattr $C$DW$24, DW_AT_TI_begin_line(0x1f)
     190                            .dwattr $C$DW$24, DW_AT_TI_begin_column(0x0d)
     191                            .dwattr $C$DW$24, DW_AT_decl_file("../Tasks/Task_Speakerbuzz.c")
     192                            .dwattr $C$DW$24, DW_AT_decl_line(0x1f)
     193                            .dwattr $C$DW$24, DW_AT_decl_column(0x0d)
     194                            .dwattr $C$DW$24, DW_AT_TI_max_frame_size(0x08)
     195                            .dwpsn  file "../Tasks/Task_Speakerbuzz.c",line 31,column 32,is_stmt,address Task_Speakerbuzz,
     196                    
     197                            .dwfde $C$DW$CIE, Task_Speakerbuzz
     198                    
     199                    ;*****************************************************************************
     200                    ;* FUNCTION NAME: Task_Speakerbuzz                                           *
     201                    ;*                                                                           *
     202                    ;*   Regs Modified     : A1,A2,A3,A4,V9,SP,LR,SR                             *
     203                    ;*   Regs Used         : A1,A2,A3,A4,V9,SP,LR,SR                             *
     204                    ;*   Local Frame Size  : 0 Args + 4 Auto + 4 Save = 8 byte                   *
     205                    ;*****************************************************************************
     206 00000000           Task_Speakerbuzz:
     207                    ;* --------------------------------------------------------------------------*
     208                            .dwcfi  cfa_offset, 0
     209 00000000 B508              PUSH      {A4, LR}              ; [DPU_3_PIPE]  ; [ORIG 16-BIT INS]
     210                            .dwcfi  cfa_offset, 8
     211                            .dwcfi  save_reg_to_mem, 14, -4
     212                            .dwcfi  save_reg_to_mem, 3, -8
     213                    $C$DW$25        .dwtag  DW_TAG_variable
     214                            .dwattr $C$DW$25, DW_AT_name("speakerData")
     215                            .dwattr $C$DW$25, DW_AT_TI_symbol_name("speakerData")
     216                            .dwattr $C$DW$25, DW_AT_type(*$C$DW$T$47)
     217                            .dwattr $C$DW$25, DW_AT_location[DW_OP_breg13 0]
     218                    
     219                            .dwpsn  file "../Tasks/Task_Speakerbuzz.c",line 32,column 23,is_stmt,isa 1
     220 00000002 2000              MOVS      A1, #0                ; [DPU_3_PIPE] |32|  ; [ORIG 16-BIT INS]
TI ARM Assembler PC v15.12.1 Wed Sep 14 14:35:13 2016

Tools Copyright (c) 1996-2015 Texas Instruments Incorporated
Task_Speakerbuzz.asm                                                 PAGE    5

     221 00000004 9000              STR       A1, [SP, #0]          ; [DPU_3_PIPE] |32|  ; [ORIG 16-BIT INS]
     222                            .dwpsn  file "../Tasks/Task_Speakerbuzz.c",line 34,column 2,is_stmt,isa 1
     223 00000006 483A              LDR       A1, $C$CON1           ; [DPU_3_PIPE] |34|  ; [ORIG 16-BIT INS]
     224 00000008 7800              LDRB      A1, [A1, #0]          ; [DPU_3_PIPE] |34|  ; [ORIG 16-BIT INS]
     225 0000000a BB58              CBNZ      A1, ||$C$L1||         ; []  ; [ORIG 16-BIT INS]
     226                            ; BRANCHCC OCCURS {||$C$L1||}    ; [] |34| 
     227                    ;* --------------------------------------------------------------------------*
     228                            .dwpsn  file "../Tasks/Task_Speakerbuzz.c",line 36,column 3,is_stmt,isa 1
     229 0000000c 4839              LDR       A1, $C$CON2           ; [DPU_3_PIPE] |36|  ; [ORIG 16-BIT INS]
     230                    $C$DW$26        .dwtag  DW_TAG_TI_branch
     231                            .dwattr $C$DW$26, DW_AT_low_pc(0x00)
     232                            .dwattr $C$DW$26, DW_AT_name("SysCtlPeripheralEnable")
     233                            .dwattr $C$DW$26, DW_AT_TI_call
     234                    
     235 0000000e FFFEF7FF!         BL        SysCtlPeripheralEnable ; [DPU_3_PIPE] |36|  ; [KEEP 32-BIT INS]
     236                            ; CALL OCCURS {SysCtlPeripheralEnable }  ; [] |36| 
     237                            .dwpsn  file "../Tasks/Task_Speakerbuzz.c",line 39,column 3,is_stmt,isa 1
     238 00000012 4839              LDR       A1, $C$CON3           ; [DPU_3_PIPE] |39|  ; [ORIG 16-BIT INS]
     239 00000014 2103              MOVS      A2, #3                ; [DPU_3_PIPE] |39|  ; [ORIG 16-BIT INS]
     240                    $C$DW$27        .dwtag  DW_TAG_TI_branch
     241                            .dwattr $C$DW$27, DW_AT_low_pc(0x00)
     242                            .dwattr $C$DW$27, DW_AT_name("GPIOPinTypeGPIOOutput")
     243                            .dwattr $C$DW$27, DW_AT_TI_call
     244                    
     245 00000016 FFFEF7FF!         BL        GPIOPinTypeGPIOOutput ; [DPU_3_PIPE] |39|  ; [KEEP 32-BIT INS]
     246                            ; CALL OCCURS {GPIOPinTypeGPIOOutput }  ; [] |39| 
     247                            .dwpsn  file "../Tasks/Task_Speakerbuzz.c",line 40,column 3,is_stmt,isa 1
     248 0000001a 4837              LDR       A1, $C$CON3           ; [DPU_3_PIPE] |40|  ; [ORIG 16-BIT INS]
     249 0000001c 2103              MOVS      A2, #3                ; [DPU_3_PIPE] |40|  ; [ORIG 16-BIT INS]
     250 0000001e 2201              MOVS      A3, #1                ; [DPU_3_PIPE] |40|  ; [ORIG 16-BIT INS]
     251 00000020 2308              MOVS      A4, #8                ; [DPU_3_PIPE] |40|  ; [ORIG 16-BIT INS]
     252                    $C$DW$28        .dwtag  DW_TAG_TI_branch
     253                            .dwattr $C$DW$28, DW_AT_low_pc(0x00)
     254                            .dwattr $C$DW$28, DW_AT_name("GPIOPadConfigSet")
     255                            .dwattr $C$DW$28, DW_AT_TI_call
     256                    
     257 00000022 FFFEF7FF!         BL        GPIOPadConfigSet      ; [DPU_3_PIPE] |40|  ; [KEEP 32-BIT INS]
     258                            ; CALL OCCURS {GPIOPadConfigSet }  ; [] |40| 
     259                            .dwpsn  file "../Tasks/Task_Speakerbuzz.c",line 43,column 3,is_stmt,isa 1
     260 00000026 4834              LDR       A1, $C$CON3           ; [DPU_3_PIPE] |43|  ; [ORIG 16-BIT INS]
     261 00000028 2103              MOVS      A2, #3                ; [DPU_3_PIPE] |43|  ; [ORIG 16-BIT INS]
     262 0000002a 2201              MOVS      A3, #1                ; [DPU_3_PIPE] |43|  ; [ORIG 16-BIT INS]
     263                    $C$DW$29        .dwtag  DW_TAG_TI_branch
     264                            .dwattr $C$DW$29, DW_AT_low_pc(0x00)
     265                            .dwattr $C$DW$29, DW_AT_name("GPIOPinWrite")
     266                            .dwattr $C$DW$29, DW_AT_TI_call
     267                    
     268 0000002c FFFEF7FF!         BL        GPIOPinWrite          ; [DPU_3_PIPE] |43|  ; [KEEP 32-BIT INS]
     269                            ; CALL OCCURS {GPIOPinWrite }    ; [] |43| 
     270                            .dwpsn  file "../Tasks/Task_Speakerbuzz.c",line 45,column 3,is_stmt,isa 1
     271 00000030 4833              LDR       A1, $C$CON5           ; [DPU_3_PIPE] |45|  ; [ORIG 16-BIT INS]
     272 00000032 4932              LDR       A2, $C$CON4           ; [DPU_3_PIPE] |45|  ; [ORIG 16-BIT INS]
     273 00000034 6800              LDR       A1, [A1, #0]          ; [DPU_3_PIPE] |45|  ; [ORIG 16-BIT INS]
     274 00000036 6282F240          MOV       A3, #1666             ; [DPU_3_PIPE] |45|  ; [KEEP 32-BIT INS]
     275 0000003a F0F2FBB0          UDIV      A1, A1, A3            ; [DPU_3_PIPE] |45|  ; [KEEP 32-BIT INS]
TI ARM Assembler PC v15.12.1 Wed Sep 14 14:35:13 2016

Tools Copyright (c) 1996-2015 Texas Instruments Incorporated
Task_Speakerbuzz.asm                                                 PAGE    6

     276 0000003e 6008              STR       A1, [A2, #0]          ; [DPU_3_PIPE] |45|  ; [ORIG 16-BIT INS]
     277                            .dwpsn  file "../Tasks/Task_Speakerbuzz.c",line 46,column 3,is_stmt,isa 1
     278 00000040 482F              LDR       A1, $C$CON5           ; [DPU_3_PIPE] |46|  ; [ORIG 16-BIT INS]
     279 00000042 4930              LDR       A2, $C$CON6           ; [DPU_3_PIPE] |46|  ; [ORIG 16-BIT INS]
     280 00000044 6800              LDR       A1, [A1, #0]          ; [DPU_3_PIPE] |46|  ; [ORIG 16-BIT INS]
     281 00000046 6282F240          MOV       A3, #1666             ; [DPU_3_PIPE] |46|  ; [KEEP 32-BIT INS]
     282 0000004a F0F2FBB0          UDIV      A1, A1, A3            ; [DPU_3_PIPE] |46|  ; [KEEP 32-BIT INS]
     283 0000004e 6008              STR       A1, [A2, #0]          ; [DPU_3_PIPE] |46|  ; [ORIG 16-BIT INS]
     284                            .dwpsn  file "../Tasks/Task_Speakerbuzz.c",line 47,column 3,is_stmt,isa 1
     285 00000050 492E              LDR       A2, $C$CON8           ; [DPU_3_PIPE] |47|  ; [ORIG 16-BIT INS]
     286 00000052 482A              LDR       A1, $C$CON4           ; [DPU_3_PIPE] |47|  ; [ORIG 16-BIT INS]
     287 00000054 680A              LDR       A3, [A2, #0]          ; [DPU_3_PIPE] |47|  ; [ORIG 16-BIT INS]
     288 00000056 6800              LDR       A1, [A1, #0]          ; [DPU_3_PIPE] |47|  ; [ORIG 16-BIT INS]
     289 00000058 492B              LDR       A2, $C$CON7           ; [DPU_3_PIPE] |47|  ; [ORIG 16-BIT INS]
     290 0000005a 1880              ADDS      A1, A1, A3            ; [DPU_3_PIPE] |47|  ; [ORIG 16-BIT INS]
     291 0000005c 6008              STR       A1, [A2, #0]          ; [DPU_3_PIPE] |47|  ; [ORIG 16-BIT INS]
     292                            .dwpsn  file "../Tasks/Task_Speakerbuzz.c",line 48,column 3,is_stmt,isa 1
     293 0000005e 4924              LDR       A2, $C$CON1           ; [DPU_3_PIPE] |48|  ; [ORIG 16-BIT INS]
     294 00000060 2001              MOVS      A1, #1                ; [DPU_3_PIPE] |48|  ; [ORIG 16-BIT INS]
     295 00000062 7008              STRB      A1, [A2, #0]          ; [DPU_3_PIPE] |48|  ; [ORIG 16-BIT INS]
     296                    ;* --------------------------------------------------------------------------*
     297 00000064           ||$C$L1||:    
     298                            .dwpsn  file "../Tasks/Task_Speakerbuzz.c",line 53,column 2,is_stmt,isa 1
     299 00000064 4828              LDR       A1, $C$CON7           ; [DPU_3_PIPE] |53|  ; [ORIG 16-BIT INS]
     300 00000066 4929              LDR       A2, $C$CON8           ; [DPU_3_PIPE] |53|  ; [ORIG 16-BIT INS]
     301 00000068 6800              LDR       A1, [A1, #0]          ; [DPU_3_PIPE] |53|  ; [ORIG 16-BIT INS]
     302 0000006a 6809              LDR       A2, [A2, #0]          ; [DPU_3_PIPE] |53|  ; [ORIG 16-BIT INS]
     303 0000006c 4288              CMP       A1, A2                ; [DPU_3_PIPE] |53|  ; [ORIG 16-BIT INS]
     304 0000006e D815              BHI       ||$C$L2||             ; [DPU_3_PIPE] |53|  ; [ORIG 16-BIT INS]
     305                            ; BRANCHCC OCCURS {||$C$L2||}    ; [] |53| 
     306                    ;* --------------------------------------------------------------------------*
     307                            .dwpsn  file "../Tasks/Task_Speakerbuzz.c",line 55,column 9,is_stmt,isa 1
     308 00000070 4821              LDR       A1, $C$CON3           ; [DPU_3_PIPE] |55|  ; [ORIG 16-BIT INS]
     309 00000072 2103              MOVS      A2, #3                ; [DPU_3_PIPE] |55|  ; [ORIG 16-BIT INS]
     310                    $C$DW$30        .dwtag  DW_TAG_TI_branch
     311                            .dwattr $C$DW$30, DW_AT_low_pc(0x00)
     312                            .dwattr $C$DW$30, DW_AT_name("GPIOPinRead")
     313                            .dwattr $C$DW$30, DW_AT_TI_call
     314                    
     315 00000074 FFFEF7FF!         BL        GPIOPinRead           ; [DPU_3_PIPE] |55|  ; [KEEP 32-BIT INS]
     316                            ; CALL OCCURS {GPIOPinRead }     ; [] |55| 
     317 00000078 9000              STR       A1, [SP, #0]          ; [DPU_3_PIPE] |55|  ; [ORIG 16-BIT INS]
     318                            .dwpsn  file "../Tasks/Task_Speakerbuzz.c",line 58,column 9,is_stmt,isa 1
     319 0000007a 9800              LDR       A1, [SP, #0]          ; [DPU_3_PIPE] |58|  ; [ORIG 16-BIT INS]
     320 0000007c 0003F080          EOR       A1, A1, #3            ; [DPU_3_PIPE] |58|  ; [KEEP 32-BIT INS]
     321 00000080 9000              STR       A1, [SP, #0]          ; [DPU_3_PIPE] |58|  ; [ORIG 16-BIT INS]
     322                            .dwpsn  file "../Tasks/Task_Speakerbuzz.c",line 61,column 9,is_stmt,isa 1
     323 00000082 481D              LDR       A1, $C$CON3           ; [DPU_3_PIPE] |61|  ; [ORIG 16-BIT INS]
     324 00000084 2000F89D          LDRB      A3, [SP, #0]          ; [DPU_3_PIPE] |61|  ; [KEEP 32-BIT INS]
     325 00000088 2103              MOVS      A2, #3                ; [DPU_3_PIPE] |61|  ; [ORIG 16-BIT INS]
     326                    $C$DW$31        .dwtag  DW_TAG_TI_branch
     327                            .dwattr $C$DW$31, DW_AT_low_pc(0x00)
     328                            .dwattr $C$DW$31, DW_AT_name("GPIOPinWrite")
     329                            .dwattr $C$DW$31, DW_AT_TI_call
     330                    
TI ARM Assembler PC v15.12.1 Wed Sep 14 14:35:13 2016

Tools Copyright (c) 1996-2015 Texas Instruments Incorporated
Task_Speakerbuzz.asm                                                 PAGE    7

     331 0000008a FFFEF7FF!         BL        GPIOPinWrite          ; [DPU_3_PIPE] |61|  ; [KEEP 32-BIT INS]
     332                            ; CALL OCCURS {GPIOPinWrite }    ; [] |61| 
     333                            .dwpsn  file "../Tasks/Task_Speakerbuzz.c",line 65,column 9,is_stmt,isa 1
     334 0000008e 491F              LDR       A2, $C$CON8           ; [DPU_3_PIPE] |65|  ; [ORIG 16-BIT INS]
     335 00000090 481A              LDR       A1, $C$CON4           ; [DPU_3_PIPE] |65|  ; [ORIG 16-BIT INS]
     336 00000092 680A              LDR       A3, [A2, #0]          ; [DPU_3_PIPE] |65|  ; [ORIG 16-BIT INS]
     337 00000094 6800              LDR       A1, [A1, #0]          ; [DPU_3_PIPE] |65|  ; [ORIG 16-BIT INS]
     338 00000096 491C              LDR       A2, $C$CON7           ; [DPU_3_PIPE] |65|  ; [ORIG 16-BIT INS]
     339 00000098 1880              ADDS      A1, A1, A3            ; [DPU_3_PIPE] |65|  ; [ORIG 16-BIT INS]
     340 0000009a 6008              STR       A1, [A2, #0]          ; [DPU_3_PIPE] |65|  ; [ORIG 16-BIT INS]
     341                    ;* --------------------------------------------------------------------------*
     342 0000009c           ||$C$L2||:    
     343                            .dwpsn  file "../Tasks/Task_Speakerbuzz.c",line 69,column 2,is_stmt,isa 1
     344 0000009c 4819              LDR       A1, $C$CON6           ; [DPU_3_PIPE] |69|  ; [ORIG 16-BIT INS]
     345 0000009e 491B              LDR       A2, $C$CON8           ; [DPU_3_PIPE] |69|  ; [ORIG 16-BIT INS]
     346 000000a0 6800              LDR       A1, [A1, #0]          ; [DPU_3_PIPE] |69|  ; [ORIG 16-BIT INS]
     347 000000a2 6809              LDR       A2, [A2, #0]          ; [DPU_3_PIPE] |69|  ; [ORIG 16-BIT INS]
     348 000000a4 4288              CMP       A1, A2                ; [DPU_3_PIPE] |69|  ; [ORIG 16-BIT INS]
     349 000000a6 D821              BHI       ||$C$L5||             ; [DPU_3_PIPE] |69|  ; [ORIG 16-BIT INS]
     350                            ; BRANCHCC OCCURS {||$C$L5||}    ; [] |69| 
     351                    ;* --------------------------------------------------------------------------*
     352                            .dwpsn  file "../Tasks/Task_Speakerbuzz.c",line 70,column 3,is_stmt,isa 1
     353 000000a8 4815              LDR       A1, $C$CON5           ; [DPU_3_PIPE] |70|  ; [ORIG 16-BIT INS]
     354 000000aa 4914              LDR       A2, $C$CON4           ; [DPU_3_PIPE] |70|  ; [ORIG 16-BIT INS]
     355 000000ac 6800              LDR       A1, [A1, #0]          ; [DPU_3_PIPE] |70|  ; [ORIG 16-BIT INS]
     356 000000ae 6809              LDR       A2, [A2, #0]          ; [DPU_3_PIPE] |70|  ; [ORIG 16-BIT INS]
     357 000000b0 6282F240          MOV       A3, #1666             ; [DPU_3_PIPE] |70|  ; [KEEP 32-BIT INS]
     358 000000b4 F0F2FBB0          UDIV      A1, A1, A3            ; [DPU_3_PIPE] |70|  ; [KEEP 32-BIT INS]
     359 000000b8 4288              CMP       A1, A2                ; [DPU_3_PIPE] |70|  ; [ORIG 16-BIT INS]
     360 000000ba D108              BNE       ||$C$L3||             ; [DPU_3_PIPE] |70|  ; [ORIG 16-BIT INS]
     361                            ; BRANCHCC OCCURS {||$C$L3||}    ; [] |70| 
     362                    ;* --------------------------------------------------------------------------*
     363                            .dwpsn  file "../Tasks/Task_Speakerbuzz.c",line 71,column 4,is_stmt,isa 1
     364 000000bc 4810              LDR       A1, $C$CON5           ; [DPU_3_PIPE] |71|  ; [ORIG 16-BIT INS]
     365 000000be 490F              LDR       A2, $C$CON4           ; [DPU_3_PIPE] |71|  ; [ORIG 16-BIT INS]
     366 000000c0 6800              LDR       A1, [A1, #0]          ; [DPU_3_PIPE] |71|  ; [ORIG 16-BIT INS]
     367 000000c2 725EF44F          MOV       A3, #888              ; [DPU_3_PIPE] |71|  ; [KEEP 32-BIT INS]
     368 000000c6 F0F2FBB0          UDIV      A1, A1, A3            ; [DPU_3_PIPE] |71|  ; [KEEP 32-BIT INS]
     369 000000ca 6008              STR       A1, [A2, #0]          ; [DPU_3_PIPE] |71|  ; [ORIG 16-BIT INS]
     370                            .dwpsn  file "../Tasks/Task_Speakerbuzz.c",line 72,column 3,is_stmt,isa 1
     371 000000cc E007              B         ||$C$L4||             ; [DPU_3_PIPE] |72|  ; [ORIG 16-BIT INS]
     372                            ; BRANCH OCCURS {||$C$L4||}      ; [] |72| 
     373                    ;* --------------------------------------------------------------------------*
     374 000000ce           ||$C$L3||:    
     375                            .dwpsn  file "../Tasks/Task_Speakerbuzz.c",line 73,column 4,is_stmt,isa 1
     376 000000ce 480C              LDR       A1, $C$CON5           ; [DPU_3_PIPE] |73|  ; [ORIG 16-BIT INS]
     377 000000d0 490A              LDR       A2, $C$CON4           ; [DPU_3_PIPE] |73|  ; [ORIG 16-BIT INS]
     378 000000d2 6800              LDR       A1, [A1, #0]          ; [DPU_3_PIPE] |73|  ; [ORIG 16-BIT INS]
     379 000000d4 6282F240          MOV       A3, #1666             ; [DPU_3_PIPE] |73|  ; [KEEP 32-BIT INS]
     380 000000d8 F0F2FBB0          UDIV      A1, A1, A3            ; [DPU_3_PIPE] |73|  ; [KEEP 32-BIT INS]
     381 000000dc 6008              STR       A1, [A2, #0]          ; [DPU_3_PIPE] |73|  ; [ORIG 16-BIT INS]
     382                    ;* --------------------------------------------------------------------------*
     383 000000de           ||$C$L4||:    
     384                            .dwpsn  file "../Tasks/Task_Speakerbuzz.c",line 76,column 3,is_stmt,isa 1
     385 000000de 480B              LDR       A1, $C$CON8           ; [DPU_3_PIPE] |76|  ; [ORIG 16-BIT INS]
TI ARM Assembler PC v15.12.1 Wed Sep 14 14:35:13 2016

Tools Copyright (c) 1996-2015 Texas Instruments Incorporated
Task_Speakerbuzz.asm                                                 PAGE    8

     386 000000e0 4908              LDR       A2, $C$CON6           ; [DPU_3_PIPE] |76|  ; [ORIG 16-BIT INS]
     387 000000e2 6802              LDR       A3, [A1, #0]          ; [DPU_3_PIPE] |76|  ; [ORIG 16-BIT INS]
     388 000000e4 504CF641          MOV       A1, #7500             ; [DPU_3_PIPE] |76|  ; [KEEP 32-BIT INS]
     389 000000e8 1880              ADDS      A1, A1, A3            ; [DPU_3_PIPE] |76|  ; [ORIG 16-BIT INS]
     390 000000ea 6008              STR       A1, [A2, #0]          ; [DPU_3_PIPE] |76|  ; [ORIG 16-BIT INS]
     391                            .dwpsn  file "../Tasks/Task_Speakerbuzz.c",line 79,column 1,is_stmt,isa 1
     392                    ;* --------------------------------------------------------------------------*
     393                    ||$C$L5||:    
     394                    $C$DW$32        .dwtag  DW_TAG_TI_branch
     395                            .dwattr $C$DW$32, DW_AT_low_pc(0x00)
     396                            .dwattr $C$DW$32, DW_AT_TI_return
     397                    
     398 000000ec BD08              POP       {A4, PC}              ; [DPU_3_PIPE]  ; [ORIG 16-BIT INS]
     399                            .dwcfi  cfa_offset, 0
     400                            ; BRANCH OCCURS                  ; [] 
     401                            .dwattr $C$DW$24, DW_AT_TI_end_file("../Tasks/Task_Speakerbuzz.c")
     402                            .dwattr $C$DW$24, DW_AT_TI_end_line(0x4f)
     403                            .dwattr $C$DW$24, DW_AT_TI_end_column(0x01)
     404                            .dwendentry
     405                            .dwendtag $C$DW$24
     406                    
     407                    ;******************************************************************************
     408                    ;* CONSTANT TABLE                                                             *
     409                    ;******************************************************************************
     410 000000ee                   .sect   ".text"
     411                            .align  4
     412 000000ee 000046C0! ||$C$CON1||:    .bits   Task_SpeakerBuzz_Initialized,32
         000000f2 00000000 
     413                            .align  4
     414 000000f2 00800000  ||$C$CON2||:    .bits   536871040,32
         000000f6 00002000 
     415                            .align  4
     416 000000f6 70002000  ||$C$CON3||:    .bits   1073901568,32
         000000fa 00004002 
     417                            .align  4
     418 000000fa 00004002! ||$C$CON4||:    .bits   Task_SpeakerBuzz_DeltaExecute,32
         000000fe 00000000 
     419                            .align  4
     420 000000fe 00000000! ||$C$CON5||:    .bits   SysTickFrequency_Nbr,32
         00000102 00000000 
     421                            .align  4
     422 00000102 00000000! ||$C$CON6||:    .bits   Task_ToneChange_DeltaExecute,32
         00000106 00000000 
     423                            .align  4
     424 00000106 00000000! ||$C$CON7||:    .bits   Task_SpeakerBuzz_NextExecute,32
         0000010a 00000000 
     425                            .align  4
     426 0000010a 00000000! ||$C$CON8||:    .bits   SysTickCount_Nbr,32
         0000010e 00000000 
     427                    ;*****************************************************************************
     428                    ;* UNDEFINED EXTERNAL REFERENCES                                             *
     429                    ;*****************************************************************************
     430                            .global SysCtlPeripheralEnable
     431                            .global GPIOPadConfigSet
     432                            .global GPIOPinRead
TI ARM Assembler PC v15.12.1 Wed Sep 14 14:35:13 2016

Tools Copyright (c) 1996-2015 Texas Instruments Incorporated
Task_Speakerbuzz.asm                                                 PAGE    9

     433                            .global GPIOPinWrite
     434                            .global GPIOPinTypeGPIOOutput
     435                            .global SysTickFrequency_Nbr
     436                            .global SysTickCount_Nbr
     437                    
     438                    ;******************************************************************************
     439                    ;* BUILD ATTRIBUTES                                                           *
     440                    ;******************************************************************************
     441                            .battr "aeabi", Tag_File, 1, Tag_ABI_PCS_wchar_t(2)
     442                            .battr "aeabi", Tag_File, 1, Tag_ABI_FP_rounding(0)
     443                            .battr "aeabi", Tag_File, 1, Tag_ABI_FP_denormal(0)
     444                            .battr "aeabi", Tag_File, 1, Tag_ABI_FP_exceptions(0)
     445                            .battr "aeabi", Tag_File, 1, Tag_ABI_FP_number_model(1)
     446                            .battr "aeabi", Tag_File, 1, Tag_ABI_enum_size(0)
     447                            .battr "aeabi", Tag_File, 1, Tag_ABI_optimization_goals(5)
     448                            .battr "aeabi", Tag_File, 1, Tag_ABI_FP_optimization_goals(0)
     449                            .battr "TI", Tag_File, 1, Tag_Bitfield_layout(2)
     450                            .battr "TI", Tag_File, 1, Tag_FP_interface(1)
     451                    
     452                    ;******************************************************************************
     453                    ;* TYPE INFORMATION                                                           *
     454                    ;******************************************************************************
     455                    $C$DW$T$2       .dwtag  DW_TAG_unspecified_type
     456                            .dwattr $C$DW$T$2, DW_AT_name("void")
     457                    
     458                    $C$DW$T$3       .dwtag  DW_TAG_pointer_type
     459                            .dwattr $C$DW$T$3, DW_AT_type(*$C$DW$T$2)
     460                            .dwattr $C$DW$T$3, DW_AT_address_class(0x20)
     461                    
     462                    $C$DW$T$4       .dwtag  DW_TAG_base_type
     463                            .dwattr $C$DW$T$4, DW_AT_encoding(DW_ATE_boolean)
     464                            .dwattr $C$DW$T$4, DW_AT_name("bool")
     465                            .dwattr $C$DW$T$4, DW_AT_byte_size(0x01)
     466                    
     467                    $C$DW$T$5       .dwtag  DW_TAG_base_type
     468                            .dwattr $C$DW$T$5, DW_AT_encoding(DW_ATE_signed_char)
     469                            .dwattr $C$DW$T$5, DW_AT_name("signed char")
     470                            .dwattr $C$DW$T$5, DW_AT_byte_size(0x01)
     471                    
     472                    $C$DW$T$29      .dwtag  DW_TAG_typedef
     473                            .dwattr $C$DW$T$29, DW_AT_name("int8_t")
     474                            .dwattr $C$DW$T$29, DW_AT_type(*$C$DW$T$5)
     475                            .dwattr $C$DW$T$29, DW_AT_language(DW_LANG_C)
     476                            .dwattr $C$DW$T$29, DW_AT_decl_file("C:/TI_CodeComposer/ccsv6/tools/compiler/ti-cgt-arm_15.12.
     477                            .dwattr $C$DW$T$29, DW_AT_decl_line(0x2a)
     478                            .dwattr $C$DW$T$29, DW_AT_decl_column(0x1d)
     479                    
     480                    $C$DW$T$30      .dwtag  DW_TAG_typedef
     481                            .dwattr $C$DW$T$30, DW_AT_name("int_least8_t")
     482                            .dwattr $C$DW$T$30, DW_AT_type(*$C$DW$T$29)
     483                            .dwattr $C$DW$T$30, DW_AT_language(DW_LANG_C)
     484                            .dwattr $C$DW$T$30, DW_AT_decl_file("C:/TI_CodeComposer/ccsv6/tools/compiler/ti-cgt-arm_15.12.
     485                            .dwattr $C$DW$T$30, DW_AT_decl_line(0x37)
     486                            .dwattr $C$DW$T$30, DW_AT_decl_column(0x17)
     487                    
TI ARM Assembler PC v15.12.1 Wed Sep 14 14:35:13 2016

Tools Copyright (c) 1996-2015 Texas Instruments Incorporated
Task_Speakerbuzz.asm                                                 PAGE   10

     488                    $C$DW$T$6       .dwtag  DW_TAG_base_type
     489                            .dwattr $C$DW$T$6, DW_AT_encoding(DW_ATE_unsigned_char)
     490                            .dwattr $C$DW$T$6, DW_AT_name("unsigned char")
     491                            .dwattr $C$DW$T$6, DW_AT_byte_size(0x01)
     492                    
     493                    $C$DW$T$31      .dwtag  DW_TAG_typedef
     494                            .dwattr $C$DW$T$31, DW_AT_name("tBoolean")
     495                            .dwattr $C$DW$T$31, DW_AT_type(*$C$DW$T$6)
     496                            .dwattr $C$DW$T$31, DW_AT_language(DW_LANG_C)
     497                            .dwattr $C$DW$T$31, DW_AT_decl_file("C:/TI_CodeComposer/StellarisWare-LM3S1968/inc/hw_types.h"
     498                            .dwattr $C$DW$T$31, DW_AT_decl_line(0x30)
     499                            .dwattr $C$DW$T$31, DW_AT_decl_column(0x17)
     500                    
     501                    $C$DW$T$32      .dwtag  DW_TAG_typedef
     502                            .dwattr $C$DW$T$32, DW_AT_name("uint8_t")
     503                            .dwattr $C$DW$T$32, DW_AT_type(*$C$DW$T$6)
     504                            .dwattr $C$DW$T$32, DW_AT_language(DW_LANG_C)
     505                            .dwattr $C$DW$T$32, DW_AT_decl_file("C:/TI_CodeComposer/ccsv6/tools/compiler/ti-cgt-arm_15.12.
     506                            .dwattr $C$DW$T$32, DW_AT_decl_line(0x2b)
     507                            .dwattr $C$DW$T$32, DW_AT_decl_column(0x1c)
     508                    
     509                    $C$DW$T$33      .dwtag  DW_TAG_typedef
     510                            .dwattr $C$DW$T$33, DW_AT_name("uint_least8_t")
     511                            .dwattr $C$DW$T$33, DW_AT_type(*$C$DW$T$32)
     512                            .dwattr $C$DW$T$33, DW_AT_language(DW_LANG_C)
     513                            .dwattr $C$DW$T$33, DW_AT_decl_file("C:/TI_CodeComposer/ccsv6/tools/compiler/ti-cgt-arm_15.12.
     514                            .dwattr $C$DW$T$33, DW_AT_decl_line(0x38)
     515                            .dwattr $C$DW$T$33, DW_AT_decl_column(0x16)
     516                    
     517                    $C$DW$T$7       .dwtag  DW_TAG_base_type
     518                            .dwattr $C$DW$T$7, DW_AT_encoding(DW_ATE_signed_char)
     519                            .dwattr $C$DW$T$7, DW_AT_name("wchar_t")
     520                            .dwattr $C$DW$T$7, DW_AT_byte_size(0x02)
     521                    
     522                    $C$DW$T$8       .dwtag  DW_TAG_base_type
     523                            .dwattr $C$DW$T$8, DW_AT_encoding(DW_ATE_signed)
     524                            .dwattr $C$DW$T$8, DW_AT_name("short")
     525                            .dwattr $C$DW$T$8, DW_AT_byte_size(0x02)
     526                    
     527                    $C$DW$T$34      .dwtag  DW_TAG_typedef
     528                            .dwattr $C$DW$T$34, DW_AT_name("int16_t")
     529                            .dwattr $C$DW$T$34, DW_AT_type(*$C$DW$T$8)
     530                            .dwattr $C$DW$T$34, DW_AT_language(DW_LANG_C)
     531                            .dwattr $C$DW$T$34, DW_AT_decl_file("C:/TI_CodeComposer/ccsv6/tools/compiler/ti-cgt-arm_15.12.
     532                            .dwattr $C$DW$T$34, DW_AT_decl_line(0x2c)
     533                            .dwattr $C$DW$T$34, DW_AT_decl_column(0x1d)
     534                    
     535                    $C$DW$T$35      .dwtag  DW_TAG_typedef
     536                            .dwattr $C$DW$T$35, DW_AT_name("int_least16_t")
     537                            .dwattr $C$DW$T$35, DW_AT_type(*$C$DW$T$34)
     538                            .dwattr $C$DW$T$35, DW_AT_language(DW_LANG_C)
     539                            .dwattr $C$DW$T$35, DW_AT_decl_file("C:/TI_CodeComposer/ccsv6/tools/compiler/ti-cgt-arm_15.12.
     540                            .dwattr $C$DW$T$35, DW_AT_decl_line(0x3a)
     541                            .dwattr $C$DW$T$35, DW_AT_decl_column(0x17)
     542                    
TI ARM Assembler PC v15.12.1 Wed Sep 14 14:35:13 2016

Tools Copyright (c) 1996-2015 Texas Instruments Incorporated
Task_Speakerbuzz.asm                                                 PAGE   11

     543                    $C$DW$T$9       .dwtag  DW_TAG_base_type
     544                            .dwattr $C$DW$T$9, DW_AT_encoding(DW_ATE_unsigned)
     545                            .dwattr $C$DW$T$9, DW_AT_name("unsigned short")
     546                            .dwattr $C$DW$T$9, DW_AT_byte_size(0x02)
     547                    
     548                    $C$DW$T$36      .dwtag  DW_TAG_typedef
     549                            .dwattr $C$DW$T$36, DW_AT_name("uint16_t")
     550                            .dwattr $C$DW$T$36, DW_AT_type(*$C$DW$T$9)
     551                            .dwattr $C$DW$T$36, DW_AT_language(DW_LANG_C)
     552                            .dwattr $C$DW$T$36, DW_AT_decl_file("C:/TI_CodeComposer/ccsv6/tools/compiler/ti-cgt-arm_15.12.
     553                            .dwattr $C$DW$T$36, DW_AT_decl_line(0x2d)
     554                            .dwattr $C$DW$T$36, DW_AT_decl_column(0x1c)
     555                    
     556                    $C$DW$T$37      .dwtag  DW_TAG_typedef
     557                            .dwattr $C$DW$T$37, DW_AT_name("uint_least16_t")
     558                            .dwattr $C$DW$T$37, DW_AT_type(*$C$DW$T$36)
     559                            .dwattr $C$DW$T$37, DW_AT_language(DW_LANG_C)
     560                            .dwattr $C$DW$T$37, DW_AT_decl_file("C:/TI_CodeComposer/ccsv6/tools/compiler/ti-cgt-arm_15.12.
     561                            .dwattr $C$DW$T$37, DW_AT_decl_line(0x3b)
     562                            .dwattr $C$DW$T$37, DW_AT_decl_column(0x16)
     563                    
     564                    $C$DW$T$38      .dwtag  DW_TAG_typedef
     565                            .dwattr $C$DW$T$38, DW_AT_name("wchar_t")
     566                            .dwattr $C$DW$T$38, DW_AT_type(*$C$DW$T$9)
     567                            .dwattr $C$DW$T$38, DW_AT_language(DW_LANG_C)
     568                            .dwattr $C$DW$T$38, DW_AT_decl_file("C:/TI_CodeComposer/ccsv6/tools/compiler/ti-cgt-arm_15.12.
     569                            .dwattr $C$DW$T$38, DW_AT_decl_line(0x41)
     570                            .dwattr $C$DW$T$38, DW_AT_decl_column(0x1a)
     571                    
     572                    $C$DW$T$10      .dwtag  DW_TAG_base_type
     573                            .dwattr $C$DW$T$10, DW_AT_encoding(DW_ATE_signed)
     574                            .dwattr $C$DW$T$10, DW_AT_name("int")
     575                            .dwattr $C$DW$T$10, DW_AT_byte_size(0x04)
     576                    
     577                    $C$DW$T$39      .dwtag  DW_TAG_typedef
     578                            .dwattr $C$DW$T$39, DW_AT_name("int32_t")
     579                            .dwattr $C$DW$T$39, DW_AT_type(*$C$DW$T$10)
     580                            .dwattr $C$DW$T$39, DW_AT_language(DW_LANG_C)
     581                            .dwattr $C$DW$T$39, DW_AT_decl_file("C:/TI_CodeComposer/ccsv6/tools/compiler/ti-cgt-arm_15.12.
     582                            .dwattr $C$DW$T$39, DW_AT_decl_line(0x2e)
     583                            .dwattr $C$DW$T$39, DW_AT_decl_column(0x1d)
     584                    
     585                    $C$DW$T$40      .dwtag  DW_TAG_typedef
     586                            .dwattr $C$DW$T$40, DW_AT_name("int_fast16_t")
     587                            .dwattr $C$DW$T$40, DW_AT_type(*$C$DW$T$39)
     588                            .dwattr $C$DW$T$40, DW_AT_language(DW_LANG_C)
     589                            .dwattr $C$DW$T$40, DW_AT_decl_file("C:/TI_CodeComposer/ccsv6/tools/compiler/ti-cgt-arm_15.12.
     590                            .dwattr $C$DW$T$40, DW_AT_decl_line(0x47)
     591                            .dwattr $C$DW$T$40, DW_AT_decl_column(0x17)
     592                    
     593                    $C$DW$T$41      .dwtag  DW_TAG_typedef
     594                            .dwattr $C$DW$T$41, DW_AT_name("int_fast32_t")
     595                            .dwattr $C$DW$T$41, DW_AT_type(*$C$DW$T$39)
     596                            .dwattr $C$DW$T$41, DW_AT_language(DW_LANG_C)
     597                            .dwattr $C$DW$T$41, DW_AT_decl_file("C:/TI_CodeComposer/ccsv6/tools/compiler/ti-cgt-arm_15.12.
TI ARM Assembler PC v15.12.1 Wed Sep 14 14:35:13 2016

Tools Copyright (c) 1996-2015 Texas Instruments Incorporated
Task_Speakerbuzz.asm                                                 PAGE   12

     598                            .dwattr $C$DW$T$41, DW_AT_decl_line(0x4a)
     599                            .dwattr $C$DW$T$41, DW_AT_decl_column(0x17)
     600                    
     601                    $C$DW$T$42      .dwtag  DW_TAG_typedef
     602                            .dwattr $C$DW$T$42, DW_AT_name("int_fast8_t")
     603                            .dwattr $C$DW$T$42, DW_AT_type(*$C$DW$T$39)
     604                            .dwattr $C$DW$T$42, DW_AT_language(DW_LANG_C)
     605                            .dwattr $C$DW$T$42, DW_AT_decl_file("C:/TI_CodeComposer/ccsv6/tools/compiler/ti-cgt-arm_15.12.
     606                            .dwattr $C$DW$T$42, DW_AT_decl_line(0x45)
     607                            .dwattr $C$DW$T$42, DW_AT_decl_column(0x17)
     608                    
     609                    $C$DW$T$43      .dwtag  DW_TAG_typedef
     610                            .dwattr $C$DW$T$43, DW_AT_name("int_least32_t")
     611                            .dwattr $C$DW$T$43, DW_AT_type(*$C$DW$T$39)
     612                            .dwattr $C$DW$T$43, DW_AT_language(DW_LANG_C)
     613                            .dwattr $C$DW$T$43, DW_AT_decl_file("C:/TI_CodeComposer/ccsv6/tools/compiler/ti-cgt-arm_15.12.
     614                            .dwattr $C$DW$T$43, DW_AT_decl_line(0x3c)
     615                            .dwattr $C$DW$T$43, DW_AT_decl_column(0x17)
     616                    
     617                    $C$DW$T$44      .dwtag  DW_TAG_typedef
     618                            .dwattr $C$DW$T$44, DW_AT_name("intptr_t")
     619                            .dwattr $C$DW$T$44, DW_AT_type(*$C$DW$T$10)
     620                            .dwattr $C$DW$T$44, DW_AT_language(DW_LANG_C)
     621                            .dwattr $C$DW$T$44, DW_AT_decl_file("C:/TI_CodeComposer/ccsv6/tools/compiler/ti-cgt-arm_15.12.
     622                            .dwattr $C$DW$T$44, DW_AT_decl_line(0x52)
     623                            .dwattr $C$DW$T$44, DW_AT_decl_column(0x1a)
     624                    
     625                    $C$DW$T$45      .dwtag  DW_TAG_typedef
     626                            .dwattr $C$DW$T$45, DW_AT_name("ptrdiff_t")
     627                            .dwattr $C$DW$T$45, DW_AT_type(*$C$DW$T$10)
     628                            .dwattr $C$DW$T$45, DW_AT_language(DW_LANG_C)
     629                            .dwattr $C$DW$T$45, DW_AT_decl_file("C:/TI_CodeComposer/ccsv6/tools/compiler/ti-cgt-arm_15.12.
     630                            .dwattr $C$DW$T$45, DW_AT_decl_line(0x36)
     631                            .dwattr $C$DW$T$45, DW_AT_decl_column(0x1c)
     632                    
     633                    $C$DW$T$11      .dwtag  DW_TAG_base_type
     634                            .dwattr $C$DW$T$11, DW_AT_encoding(DW_ATE_unsigned)
     635                            .dwattr $C$DW$T$11, DW_AT_name("unsigned int")
     636                            .dwattr $C$DW$T$11, DW_AT_byte_size(0x04)
     637                    
     638                    $C$DW$T$46      .dwtag  DW_TAG_typedef
     639                            .dwattr $C$DW$T$46, DW_AT_name("size_t")
     640                            .dwattr $C$DW$T$46, DW_AT_type(*$C$DW$T$11)
     641                            .dwattr $C$DW$T$46, DW_AT_language(DW_LANG_C)
     642                            .dwattr $C$DW$T$46, DW_AT_decl_file("C:/TI_CodeComposer/ccsv6/tools/compiler/ti-cgt-arm_15.12.
     643                            .dwattr $C$DW$T$46, DW_AT_decl_line(0x3a)
     644                            .dwattr $C$DW$T$46, DW_AT_decl_column(0x19)
     645                    
     646                    $C$DW$T$47      .dwtag  DW_TAG_typedef
     647                            .dwattr $C$DW$T$47, DW_AT_name("uint32_t")
     648                            .dwattr $C$DW$T$47, DW_AT_type(*$C$DW$T$11)
     649                            .dwattr $C$DW$T$47, DW_AT_language(DW_LANG_C)
     650                            .dwattr $C$DW$T$47, DW_AT_decl_file("C:/TI_CodeComposer/ccsv6/tools/compiler/ti-cgt-arm_15.12.
     651                            .dwattr $C$DW$T$47, DW_AT_decl_line(0x2f)
     652                            .dwattr $C$DW$T$47, DW_AT_decl_column(0x1c)
TI ARM Assembler PC v15.12.1 Wed Sep 14 14:35:13 2016

Tools Copyright (c) 1996-2015 Texas Instruments Incorporated
Task_Speakerbuzz.asm                                                 PAGE   13

     653                    
     654                    $C$DW$T$48      .dwtag  DW_TAG_typedef
     655                            .dwattr $C$DW$T$48, DW_AT_name("uint_fast16_t")
     656                            .dwattr $C$DW$T$48, DW_AT_type(*$C$DW$T$47)
     657                            .dwattr $C$DW$T$48, DW_AT_language(DW_LANG_C)
     658                            .dwattr $C$DW$T$48, DW_AT_decl_file("C:/TI_CodeComposer/ccsv6/tools/compiler/ti-cgt-arm_15.12.
     659                            .dwattr $C$DW$T$48, DW_AT_decl_line(0x48)
     660                            .dwattr $C$DW$T$48, DW_AT_decl_column(0x16)
     661                    
     662                    $C$DW$T$49      .dwtag  DW_TAG_typedef
     663                            .dwattr $C$DW$T$49, DW_AT_name("uint_fast32_t")
     664                            .dwattr $C$DW$T$49, DW_AT_type(*$C$DW$T$47)
     665                            .dwattr $C$DW$T$49, DW_AT_language(DW_LANG_C)
     666                            .dwattr $C$DW$T$49, DW_AT_decl_file("C:/TI_CodeComposer/ccsv6/tools/compiler/ti-cgt-arm_15.12.
     667                            .dwattr $C$DW$T$49, DW_AT_decl_line(0x4b)
     668                            .dwattr $C$DW$T$49, DW_AT_decl_column(0x16)
     669                    
     670                    $C$DW$T$50      .dwtag  DW_TAG_typedef
     671                            .dwattr $C$DW$T$50, DW_AT_name("uint_fast8_t")
     672                            .dwattr $C$DW$T$50, DW_AT_type(*$C$DW$T$47)
     673                            .dwattr $C$DW$T$50, DW_AT_language(DW_LANG_C)
     674                            .dwattr $C$DW$T$50, DW_AT_decl_file("C:/TI_CodeComposer/ccsv6/tools/compiler/ti-cgt-arm_15.12.
     675                            .dwattr $C$DW$T$50, DW_AT_decl_line(0x46)
     676                            .dwattr $C$DW$T$50, DW_AT_decl_column(0x16)
     677                    
     678                    $C$DW$T$51      .dwtag  DW_TAG_typedef
     679                            .dwattr $C$DW$T$51, DW_AT_name("uint_least32_t")
     680                            .dwattr $C$DW$T$51, DW_AT_type(*$C$DW$T$47)
     681                            .dwattr $C$DW$T$51, DW_AT_language(DW_LANG_C)
     682                            .dwattr $C$DW$T$51, DW_AT_decl_file("C:/TI_CodeComposer/ccsv6/tools/compiler/ti-cgt-arm_15.12.
     683                            .dwattr $C$DW$T$51, DW_AT_decl_line(0x3d)
     684                            .dwattr $C$DW$T$51, DW_AT_decl_column(0x16)
     685                    
     686                    $C$DW$T$52      .dwtag  DW_TAG_typedef
     687                            .dwattr $C$DW$T$52, DW_AT_name("uintptr_t")
     688                            .dwattr $C$DW$T$52, DW_AT_type(*$C$DW$T$11)
     689                            .dwattr $C$DW$T$52, DW_AT_language(DW_LANG_C)
     690                            .dwattr $C$DW$T$52, DW_AT_decl_file("C:/TI_CodeComposer/ccsv6/tools/compiler/ti-cgt-arm_15.12.
     691                            .dwattr $C$DW$T$52, DW_AT_decl_line(0x53)
     692                            .dwattr $C$DW$T$52, DW_AT_decl_column(0x1a)
     693                    
     694                    $C$DW$T$12      .dwtag  DW_TAG_base_type
     695                            .dwattr $C$DW$T$12, DW_AT_encoding(DW_ATE_signed)
     696                            .dwattr $C$DW$T$12, DW_AT_name("long")
     697                            .dwattr $C$DW$T$12, DW_AT_byte_size(0x04)
     698                    
     699                    $C$DW$T$13      .dwtag  DW_TAG_base_type
     700                            .dwattr $C$DW$T$13, DW_AT_encoding(DW_ATE_unsigned)
     701                            .dwattr $C$DW$T$13, DW_AT_name("unsigned long")
     702                            .dwattr $C$DW$T$13, DW_AT_byte_size(0x04)
     703                    
     704                    $C$DW$T$14      .dwtag  DW_TAG_base_type
     705                            .dwattr $C$DW$T$14, DW_AT_encoding(DW_ATE_signed)
     706                            .dwattr $C$DW$T$14, DW_AT_name("long long")
     707                            .dwattr $C$DW$T$14, DW_AT_byte_size(0x08)
TI ARM Assembler PC v15.12.1 Wed Sep 14 14:35:13 2016

Tools Copyright (c) 1996-2015 Texas Instruments Incorporated
Task_Speakerbuzz.asm                                                 PAGE   14

     708                    
     709                    $C$DW$T$55      .dwtag  DW_TAG_typedef
     710                            .dwattr $C$DW$T$55, DW_AT_name("int64_t")
     711                            .dwattr $C$DW$T$55, DW_AT_type(*$C$DW$T$14)
     712                            .dwattr $C$DW$T$55, DW_AT_language(DW_LANG_C)
     713                            .dwattr $C$DW$T$55, DW_AT_decl_file("C:/TI_CodeComposer/ccsv6/tools/compiler/ti-cgt-arm_15.12.
     714                            .dwattr $C$DW$T$55, DW_AT_decl_line(0x32)
     715                            .dwattr $C$DW$T$55, DW_AT_decl_column(0x21)
     716                    
     717                    $C$DW$T$56      .dwtag  DW_TAG_typedef
     718                            .dwattr $C$DW$T$56, DW_AT_name("int_fast64_t")
     719                            .dwattr $C$DW$T$56, DW_AT_type(*$C$DW$T$55)
     720                            .dwattr $C$DW$T$56, DW_AT_language(DW_LANG_C)
     721                            .dwattr $C$DW$T$56, DW_AT_decl_file("C:/TI_CodeComposer/ccsv6/tools/compiler/ti-cgt-arm_15.12.
     722                            .dwattr $C$DW$T$56, DW_AT_decl_line(0x4e)
     723                            .dwattr $C$DW$T$56, DW_AT_decl_column(0x17)
     724                    
     725                    $C$DW$T$57      .dwtag  DW_TAG_typedef
     726                            .dwattr $C$DW$T$57, DW_AT_name("int_least64_t")
     727                            .dwattr $C$DW$T$57, DW_AT_type(*$C$DW$T$55)
     728                            .dwattr $C$DW$T$57, DW_AT_language(DW_LANG_C)
     729                            .dwattr $C$DW$T$57, DW_AT_decl_file("C:/TI_CodeComposer/ccsv6/tools/compiler/ti-cgt-arm_15.12.
     730                            .dwattr $C$DW$T$57, DW_AT_decl_line(0x40)
     731                            .dwattr $C$DW$T$57, DW_AT_decl_column(0x17)
     732                    
     733                    $C$DW$T$58      .dwtag  DW_TAG_typedef
     734                            .dwattr $C$DW$T$58, DW_AT_name("intmax_t")
     735                            .dwattr $C$DW$T$58, DW_AT_type(*$C$DW$T$14)
     736                            .dwattr $C$DW$T$58, DW_AT_language(DW_LANG_C)
     737                            .dwattr $C$DW$T$58, DW_AT_decl_file("C:/TI_CodeComposer/ccsv6/tools/compiler/ti-cgt-arm_15.12.
     738                            .dwattr $C$DW$T$58, DW_AT_decl_line(0x56)
     739                            .dwattr $C$DW$T$58, DW_AT_decl_column(0x20)
     740                    
     741                    $C$DW$T$15      .dwtag  DW_TAG_base_type
     742                            .dwattr $C$DW$T$15, DW_AT_encoding(DW_ATE_unsigned)
     743                            .dwattr $C$DW$T$15, DW_AT_name("unsigned long long")
     744                            .dwattr $C$DW$T$15, DW_AT_byte_size(0x08)
     745                    
     746                    $C$DW$T$59      .dwtag  DW_TAG_typedef
     747                            .dwattr $C$DW$T$59, DW_AT_name("uint64_t")
     748                            .dwattr $C$DW$T$59, DW_AT_type(*$C$DW$T$15)
     749                            .dwattr $C$DW$T$59, DW_AT_language(DW_LANG_C)
     750                            .dwattr $C$DW$T$59, DW_AT_decl_file("C:/TI_CodeComposer/ccsv6/tools/compiler/ti-cgt-arm_15.12.
     751                            .dwattr $C$DW$T$59, DW_AT_decl_line(0x33)
     752                            .dwattr $C$DW$T$59, DW_AT_decl_column(0x20)
     753                    
     754                    $C$DW$T$60      .dwtag  DW_TAG_typedef
     755                            .dwattr $C$DW$T$60, DW_AT_name("uint_fast64_t")
     756                            .dwattr $C$DW$T$60, DW_AT_type(*$C$DW$T$59)
     757                            .dwattr $C$DW$T$60, DW_AT_language(DW_LANG_C)
     758                            .dwattr $C$DW$T$60, DW_AT_decl_file("C:/TI_CodeComposer/ccsv6/tools/compiler/ti-cgt-arm_15.12.
     759                            .dwattr $C$DW$T$60, DW_AT_decl_line(0x4f)
     760                            .dwattr $C$DW$T$60, DW_AT_decl_column(0x16)
     761                    
     762                    $C$DW$T$61      .dwtag  DW_TAG_typedef
TI ARM Assembler PC v15.12.1 Wed Sep 14 14:35:13 2016

Tools Copyright (c) 1996-2015 Texas Instruments Incorporated
Task_Speakerbuzz.asm                                                 PAGE   15

     763                            .dwattr $C$DW$T$61, DW_AT_name("uint_least64_t")
     764                            .dwattr $C$DW$T$61, DW_AT_type(*$C$DW$T$59)
     765                            .dwattr $C$DW$T$61, DW_AT_language(DW_LANG_C)
     766                            .dwattr $C$DW$T$61, DW_AT_decl_file("C:/TI_CodeComposer/ccsv6/tools/compiler/ti-cgt-arm_15.12.
     767                            .dwattr $C$DW$T$61, DW_AT_decl_line(0x41)
     768                            .dwattr $C$DW$T$61, DW_AT_decl_column(0x16)
     769                    
     770                    $C$DW$T$62      .dwtag  DW_TAG_typedef
     771                            .dwattr $C$DW$T$62, DW_AT_name("uintmax_t")
     772                            .dwattr $C$DW$T$62, DW_AT_type(*$C$DW$T$15)
     773                            .dwattr $C$DW$T$62, DW_AT_language(DW_LANG_C)
     774                            .dwattr $C$DW$T$62, DW_AT_decl_file("C:/TI_CodeComposer/ccsv6/tools/compiler/ti-cgt-arm_15.12.
     775                            .dwattr $C$DW$T$62, DW_AT_decl_line(0x57)
     776                            .dwattr $C$DW$T$62, DW_AT_decl_column(0x20)
     777                    
     778                    $C$DW$T$16      .dwtag  DW_TAG_base_type
     779                            .dwattr $C$DW$T$16, DW_AT_encoding(DW_ATE_float)
     780                            .dwattr $C$DW$T$16, DW_AT_name("float")
     781                            .dwattr $C$DW$T$16, DW_AT_byte_size(0x04)
     782                    
     783                    $C$DW$T$17      .dwtag  DW_TAG_base_type
     784                            .dwattr $C$DW$T$17, DW_AT_encoding(DW_ATE_float)
     785                            .dwattr $C$DW$T$17, DW_AT_name("double")
     786                            .dwattr $C$DW$T$17, DW_AT_byte_size(0x08)
     787                    
     788                    $C$DW$T$18      .dwtag  DW_TAG_base_type
     789                            .dwattr $C$DW$T$18, DW_AT_encoding(DW_ATE_float)
     790                            .dwattr $C$DW$T$18, DW_AT_name("long double")
     791                            .dwattr $C$DW$T$18, DW_AT_byte_size(0x08)
     792                    
     793                    $C$DW$T$63      .dwtag  DW_TAG_base_type
     794                            .dwattr $C$DW$T$63, DW_AT_encoding(DW_ATE_unsigned_char)
     795                            .dwattr $C$DW$T$63, DW_AT_name("unsigned char")
     796                            .dwattr $C$DW$T$63, DW_AT_byte_size(0x01)
     797                    
     798                    
     799                    $C$DW$T$19      .dwtag  DW_TAG_structure_type
     800                            .dwattr $C$DW$T$19, DW_AT_name("__va_list")
     801                            .dwattr $C$DW$T$19, DW_AT_byte_size(0x04)
     802                    $C$DW$33        .dwtag  DW_TAG_member
     803                            .dwattr $C$DW$33, DW_AT_type(*$C$DW$T$3)
     804                            .dwattr $C$DW$33, DW_AT_name("__ap")
     805                            .dwattr $C$DW$33, DW_AT_TI_symbol_name("__ap")
     806                            .dwattr $C$DW$33, DW_AT_data_member_location[DW_OP_plus_uconst 0x0]
     807                            .dwattr $C$DW$33, DW_AT_accessibility(DW_ACCESS_public)
     808                            .dwattr $C$DW$33, DW_AT_decl_file("C:/TI_CodeComposer/ccsv6/tools/compiler/ti-cgt-arm_15.12.1.
     809                            .dwattr $C$DW$33, DW_AT_decl_line(0x38)
     810                            .dwattr $C$DW$33, DW_AT_decl_column(0x0c)
     811                    
     812                            .dwattr $C$DW$T$19, DW_AT_decl_file("C:/TI_CodeComposer/ccsv6/tools/compiler/ti-cgt-arm_15.12.
     813                            .dwattr $C$DW$T$19, DW_AT_decl_line(0x37)
     814                            .dwattr $C$DW$T$19, DW_AT_decl_column(0x10)
     815                            .dwendtag $C$DW$T$19
     816                    
     817                    $C$DW$T$64      .dwtag  DW_TAG_typedef
TI ARM Assembler PC v15.12.1 Wed Sep 14 14:35:13 2016

Tools Copyright (c) 1996-2015 Texas Instruments Incorporated
Task_Speakerbuzz.asm                                                 PAGE   16

     818                            .dwattr $C$DW$T$64, DW_AT_name("va_list")
     819                            .dwattr $C$DW$T$64, DW_AT_type(*$C$DW$T$19)
     820                            .dwattr $C$DW$T$64, DW_AT_language(DW_LANG_C)
     821                            .dwattr $C$DW$T$64, DW_AT_decl_file("C:/TI_CodeComposer/ccsv6/tools/compiler/ti-cgt-arm_15.12.
     822                            .dwattr $C$DW$T$64, DW_AT_decl_line(0x39)
     823                            .dwattr $C$DW$T$64, DW_AT_decl_column(0x03)
     824                    
     825                            .dwattr $C$DW$CU, DW_AT_language(DW_LANG_C)
     826                    
     827                    ;***************************************************************
     828                    ;* DWARF CIE ENTRIES                                           *
     829                    ;***************************************************************
     830                    
     831                    $C$DW$CIE       .dwcie 14
     832                            .dwcfi  cfa_register, 13
     833                            .dwcfi  cfa_offset, 0
     834                            .dwcfi  undefined, 0
     835                            .dwcfi  undefined, 1
     836                            .dwcfi  undefined, 2
     837                            .dwcfi  undefined, 3
     838                            .dwcfi  same_value, 4
     839                            .dwcfi  same_value, 5
     840                            .dwcfi  same_value, 6
     841                            .dwcfi  same_value, 7
     842                            .dwcfi  same_value, 8
     843                            .dwcfi  same_value, 9
     844                            .dwcfi  same_value, 10
     845                            .dwcfi  same_value, 11
     846                            .dwcfi  undefined, 12
     847                            .dwcfi  undefined, 13
     848                            .dwcfi  undefined, 14
     849                            .dwcfi  undefined, 14
     850                            .dwcfi  undefined, 7
     851                            .dwendentry
     852                            .dwendtag $C$DW$CU
     853                    

--------------------------
Thumb2 Statistics
--------------------------
Number of Thumb2 ins converted to Thumb = 0 (0%)
Number of Thumb ins in input = 82 (81%)
Number of Thumb2 ins encoded as Thumb2 = 19 (100%)
Number of Thumb2 ins converted to 2 OPND Thumb = 0


No Assembly Errors, No Assembly Warnings
