TI ARM Assembler PC v15.12.1 Tue Sep 13 14:20:48 2016

Tools Copyright (c) 1996-2015 Texas Instruments Incorporated
Task_LEDBlink.asm                                                    PAGE    1

       1                    ;******************************************************************************
       2                    ;* TI ARM C/C++ Codegen                                       PC v15.12.1.LTS *
       3                    ;* Date/Time created: Tue Sep 13 14:20:48 2016                                *
       4                    ;******************************************************************************
       5                            .compiler_opts --abi=eabi --arm_vmrs_si_workaround=off --code_state=16 --diag_wrap=off --disab
       6 00000000                   .thumb
       7                    
       8                    $C$DW$CU        .dwtag  DW_TAG_compile_unit
       9                            .dwattr $C$DW$CU, DW_AT_name("../Tasks/Task_LEDBlink.c")
      10                            .dwattr $C$DW$CU, DW_AT_producer("TI TI ARM C/C++ Codegen PC v15.12.1.LTS Copyright (c) 1996-2
      11                            .dwattr $C$DW$CU, DW_AT_TI_version(0x01)
      12                            .dwattr $C$DW$CU, DW_AT_comp_dir("H:\EECS_388\TI_ARM_Projects\Program_Speakerbuzz2\Debug")
      13                    
      14                    $C$DW$1 .dwtag  DW_TAG_subprogram
      15                            .dwattr $C$DW$1, DW_AT_name("SysCtlPeripheralEnable")
      16                            .dwattr $C$DW$1, DW_AT_TI_symbol_name("SysCtlPeripheralEnable")
      17                            .dwattr $C$DW$1, DW_AT_declaration
      18                            .dwattr $C$DW$1, DW_AT_external
      19                            .dwattr $C$DW$1, DW_AT_decl_file("C:/TI_CodeComposer/StellarisWare-LM3S1968/driverlib/sysctl.h
      20                            .dwattr $C$DW$1, DW_AT_decl_line(0x24d)
      21                            .dwattr $C$DW$1, DW_AT_decl_column(0x0d)
      22                    $C$DW$2 .dwtag  DW_TAG_formal_parameter
      23                            .dwattr $C$DW$2, DW_AT_type(*$C$DW$T$13)
      24                    
      25                            .dwendtag $C$DW$1
      26                    
      27                    
      28                    $C$DW$3 .dwtag  DW_TAG_subprogram
      29                            .dwattr $C$DW$3, DW_AT_name("GPIOPadConfigSet")
      30                            .dwattr $C$DW$3, DW_AT_TI_symbol_name("GPIOPadConfigSet")
      31                            .dwattr $C$DW$3, DW_AT_declaration
      32                            .dwattr $C$DW$3, DW_AT_external
      33                            .dwattr $C$DW$3, DW_AT_decl_file("C:/TI_CodeComposer/StellarisWare-LM3S1968/driverlib/gpio.h")
      34                            .dwattr $C$DW$3, DW_AT_decl_line(0x7f)
      35                            .dwattr $C$DW$3, DW_AT_decl_column(0x0d)
      36                    $C$DW$4 .dwtag  DW_TAG_formal_parameter
      37                            .dwattr $C$DW$4, DW_AT_type(*$C$DW$T$13)
      38                    
      39                    $C$DW$5 .dwtag  DW_TAG_formal_parameter
      40                            .dwattr $C$DW$5, DW_AT_type(*$C$DW$T$6)
      41                    
      42                    $C$DW$6 .dwtag  DW_TAG_formal_parameter
      43                            .dwattr $C$DW$6, DW_AT_type(*$C$DW$T$13)
      44                    
      45                    $C$DW$7 .dwtag  DW_TAG_formal_parameter
      46                            .dwattr $C$DW$7, DW_AT_type(*$C$DW$T$13)
      47                    
      48                            .dwendtag $C$DW$3
      49                    
      50                    
      51                    $C$DW$8 .dwtag  DW_TAG_subprogram
      52                            .dwattr $C$DW$8, DW_AT_name("GPIOPinRead")
      53                            .dwattr $C$DW$8, DW_AT_TI_symbol_name("GPIOPinRead")
      54                            .dwattr $C$DW$8, DW_AT_type(*$C$DW$T$12)
      55                            .dwattr $C$DW$8, DW_AT_declaration
TI ARM Assembler PC v15.12.1 Tue Sep 13 14:20:48 2016

Tools Copyright (c) 1996-2015 Texas Instruments Incorporated
Task_LEDBlink.asm                                                    PAGE    2

      56                            .dwattr $C$DW$8, DW_AT_external
      57                            .dwattr $C$DW$8, DW_AT_decl_file("C:/TI_CodeComposer/StellarisWare-LM3S1968/driverlib/gpio.h")
      58                            .dwattr $C$DW$8, DW_AT_decl_line(0x8c)
      59                            .dwattr $C$DW$8, DW_AT_decl_column(0x0d)
      60                    $C$DW$9 .dwtag  DW_TAG_formal_parameter
      61                            .dwattr $C$DW$9, DW_AT_type(*$C$DW$T$13)
      62                    
      63                    $C$DW$10        .dwtag  DW_TAG_formal_parameter
      64                            .dwattr $C$DW$10, DW_AT_type(*$C$DW$T$6)
      65                    
      66                            .dwendtag $C$DW$8
      67                    
      68                    
      69                    $C$DW$11        .dwtag  DW_TAG_subprogram
      70                            .dwattr $C$DW$11, DW_AT_name("GPIOPinWrite")
      71                            .dwattr $C$DW$11, DW_AT_TI_symbol_name("GPIOPinWrite")
      72                            .dwattr $C$DW$11, DW_AT_declaration
      73                            .dwattr $C$DW$11, DW_AT_external
      74                            .dwattr $C$DW$11, DW_AT_decl_file("C:/TI_CodeComposer/StellarisWare-LM3S1968/driverlib/gpio.h"
      75                            .dwattr $C$DW$11, DW_AT_decl_line(0x8d)
      76                            .dwattr $C$DW$11, DW_AT_decl_column(0x0d)
      77                    $C$DW$12        .dwtag  DW_TAG_formal_parameter
      78                            .dwattr $C$DW$12, DW_AT_type(*$C$DW$T$13)
      79                    
      80                    $C$DW$13        .dwtag  DW_TAG_formal_parameter
      81                            .dwattr $C$DW$13, DW_AT_type(*$C$DW$T$6)
      82                    
      83                    $C$DW$14        .dwtag  DW_TAG_formal_parameter
      84                            .dwattr $C$DW$14, DW_AT_type(*$C$DW$T$6)
      85                    
      86                            .dwendtag $C$DW$11
      87                    
      88                    
      89                    $C$DW$15        .dwtag  DW_TAG_subprogram
      90                            .dwattr $C$DW$15, DW_AT_name("GPIOPinTypeGPIOOutput")
      91                            .dwattr $C$DW$15, DW_AT_TI_symbol_name("GPIOPinTypeGPIOOutput")
      92                            .dwattr $C$DW$15, DW_AT_declaration
      93                            .dwattr $C$DW$15, DW_AT_external
      94                            .dwattr $C$DW$15, DW_AT_decl_file("C:/TI_CodeComposer/StellarisWare-LM3S1968/driverlib/gpio.h"
      95                            .dwattr $C$DW$15, DW_AT_decl_line(0x98)
      96                            .dwattr $C$DW$15, DW_AT_decl_column(0x0d)
      97                    $C$DW$16        .dwtag  DW_TAG_formal_parameter
      98                            .dwattr $C$DW$16, DW_AT_type(*$C$DW$T$13)
      99                    
     100                    $C$DW$17        .dwtag  DW_TAG_formal_parameter
     101                            .dwattr $C$DW$17, DW_AT_type(*$C$DW$T$6)
     102                    
     103                            .dwendtag $C$DW$15
     104                    
     105                    $C$DW$18        .dwtag  DW_TAG_variable
     106                            .dwattr $C$DW$18, DW_AT_name("SysTickFrequency_Nbr")
     107                            .dwattr $C$DW$18, DW_AT_TI_symbol_name("SysTickFrequency_Nbr")
     108                            .dwattr $C$DW$18, DW_AT_type(*$C$DW$T$47)
     109                            .dwattr $C$DW$18, DW_AT_declaration
     110                            .dwattr $C$DW$18, DW_AT_external
TI ARM Assembler PC v15.12.1 Tue Sep 13 14:20:48 2016

Tools Copyright (c) 1996-2015 Texas Instruments Incorporated
Task_LEDBlink.asm                                                    PAGE    3

     111                            .dwattr $C$DW$18, DW_AT_decl_file("../Tasks/Task_LEDBlink.c")
     112                            .dwattr $C$DW$18, DW_AT_decl_line(0x2b)
     113                            .dwattr $C$DW$18, DW_AT_decl_column(0x12)
     114                    
     115                    $C$DW$19        .dwtag  DW_TAG_variable
     116                            .dwattr $C$DW$19, DW_AT_name("SysTickCount_Nbr")
     117                            .dwattr $C$DW$19, DW_AT_TI_symbol_name("SysTickCount_Nbr")
     118                            .dwattr $C$DW$19, DW_AT_type(*$C$DW$T$47)
     119                            .dwattr $C$DW$19, DW_AT_declaration
     120                            .dwattr $C$DW$19, DW_AT_external
     121                            .dwattr $C$DW$19, DW_AT_decl_file("../Tasks/Task_LEDBlink.c")
     122                            .dwattr $C$DW$19, DW_AT_decl_line(0x2c)
     123                            .dwattr $C$DW$19, DW_AT_decl_column(0x12)
     124                    
     125 00000000                   .data
     126                            .align  4
     127                            .elfsym Task_LEDBlink_NextExecute,SYM_SIZE(4)
     128 00000000           Task_LEDBlink_NextExecute:
     129 00000000 00000000          .bits   0,32                    ; Task_LEDBlink_NextExecute @ 0
     130                    
     131                    $C$DW$20        .dwtag  DW_TAG_variable
     132                            .dwattr $C$DW$20, DW_AT_name("Task_LEDBlink_NextExecute")
     133                            .dwattr $C$DW$20, DW_AT_TI_symbol_name("Task_LEDBlink_NextExecute")
     134                            .dwattr $C$DW$20, DW_AT_type(*$C$DW$T$47)
     135                            .dwattr $C$DW$20, DW_AT_location[DW_OP_addr Task_LEDBlink_NextExecute]
     136                            .dwattr $C$DW$20, DW_AT_decl_file("../Tasks/Task_LEDBlink.c")
     137                            .dwattr $C$DW$20, DW_AT_decl_line(0x36)
     138                            .dwattr $C$DW$20, DW_AT_decl_column(0x11)
     139                    
     140 00000000                   .bss    Task_LEDBlink_DeltaExecute,4,4
     141                    $C$DW$21        .dwtag  DW_TAG_variable
     142                            .dwattr $C$DW$21, DW_AT_name("Task_LEDBlink_DeltaExecute")
     143                            .dwattr $C$DW$21, DW_AT_TI_symbol_name("Task_LEDBlink_DeltaExecute")
     144                            .dwattr $C$DW$21, DW_AT_type(*$C$DW$T$47)
     145                            .dwattr $C$DW$21, DW_AT_location[DW_OP_addr Task_LEDBlink_DeltaExecute]
     146                            .dwattr $C$DW$21, DW_AT_decl_file("../Tasks/Task_LEDBlink.c")
     147                            .dwattr $C$DW$21, DW_AT_decl_line(0x37)
     148                            .dwattr $C$DW$21, DW_AT_decl_column(0x11)
     149                    
     150 00000004                   .data
     151                            .align  1
     152                            .elfsym Task_LEDBlink_Initialized,SYM_SIZE(1)
     153 00000004           Task_LEDBlink_Initialized:
     154 00000004 00000000          .bits   0,8                     ; Task_LEDBlink_Initialized @ 0
     155                    
     156                    $C$DW$22        .dwtag  DW_TAG_variable
     157                            .dwattr $C$DW$22, DW_AT_name("Task_LEDBlink_Initialized")
     158                            .dwattr $C$DW$22, DW_AT_TI_symbol_name("Task_LEDBlink_Initialized")
     159                            .dwattr $C$DW$22, DW_AT_type(*$C$DW$T$63)
     160                            .dwattr $C$DW$22, DW_AT_location[DW_OP_addr Task_LEDBlink_Initialized]
     161                            .dwattr $C$DW$22, DW_AT_decl_file("../Tasks/Task_LEDBlink.c")
     162                            .dwattr $C$DW$22, DW_AT_decl_line(0x38)
     163                            .dwattr $C$DW$22, DW_AT_decl_column(0x0e)
     164                    
     165                    ;       C:\TI_CodeComposer\ccsv6\tools\compiler\ti-cgt-arm_15.12.1.LTS\bin\armacpia.exe -@C:\\Users\\a
TI ARM Assembler PC v15.12.1 Tue Sep 13 14:20:48 2016

Tools Copyright (c) 1996-2015 Texas Instruments Incorporated
Task_LEDBlink.asm                                                    PAGE    4

     166 00000000                   .sect   ".text"
     167                            .clink
     168                            .thumbfunc Task_LEDBlink
     169 00000000                   .thumb
     170                            .global Task_LEDBlink
     171                    
     172                    $C$DW$23        .dwtag  DW_TAG_subprogram
     173                            .dwattr $C$DW$23, DW_AT_name("Task_LEDBlink")
     174                            .dwattr $C$DW$23, DW_AT_low_pc(Task_LEDBlink)
     175                            .dwattr $C$DW$23, DW_AT_high_pc(0x00)
     176                            .dwattr $C$DW$23, DW_AT_TI_symbol_name("Task_LEDBlink")
     177                            .dwattr $C$DW$23, DW_AT_external
     178                            .dwattr $C$DW$23, DW_AT_TI_begin_file("../Tasks/Task_LEDBlink.c")
     179                            .dwattr $C$DW$23, DW_AT_TI_begin_line(0x3a)
     180                            .dwattr $C$DW$23, DW_AT_TI_begin_column(0x0d)
     181                            .dwattr $C$DW$23, DW_AT_decl_file("../Tasks/Task_LEDBlink.c")
     182                            .dwattr $C$DW$23, DW_AT_decl_line(0x3a)
     183                            .dwattr $C$DW$23, DW_AT_decl_column(0x0d)
     184                            .dwattr $C$DW$23, DW_AT_TI_max_frame_size(0x08)
     185                            .dwpsn  file "../Tasks/Task_LEDBlink.c",line 58,column 29,is_stmt,address Task_LEDBlink,isa 1
     186                    
     187                            .dwfde $C$DW$CIE, Task_LEDBlink
     188                    
     189                    ;*****************************************************************************
     190                    ;* FUNCTION NAME: Task_LEDBlink                                              *
     191                    ;*                                                                           *
     192                    ;*   Regs Modified     : A1,A2,A3,A4,V9,SP,LR,SR                             *
     193                    ;*   Regs Used         : A1,A2,A3,A4,V9,SP,LR,SR                             *
     194                    ;*   Local Frame Size  : 0 Args + 4 Auto + 4 Save = 8 byte                   *
     195                    ;*****************************************************************************
     196 00000000           Task_LEDBlink:
     197                    ;* --------------------------------------------------------------------------*
     198                            .dwcfi  cfa_offset, 0
     199 00000000 B508              PUSH      {A4, LR}              ; [DPU_3_PIPE]  ; [ORIG 16-BIT INS]
     200                            .dwcfi  cfa_offset, 8
     201                            .dwcfi  save_reg_to_mem, 14, -4
     202                            .dwcfi  save_reg_to_mem, 3, -8
     203                    $C$DW$24        .dwtag  DW_TAG_variable
     204                            .dwattr $C$DW$24, DW_AT_name("LED_Data")
     205                            .dwattr $C$DW$24, DW_AT_TI_symbol_name("LED_Data")
     206                            .dwattr $C$DW$24, DW_AT_type(*$C$DW$T$47)
     207                            .dwattr $C$DW$24, DW_AT_location[DW_OP_breg13 0]
     208                    
     209                            .dwpsn  file "../Tasks/Task_LEDBlink.c",line 60,column 20,is_stmt,isa 1
     210 00000002 2000              MOVS      A1, #0                ; [DPU_3_PIPE] |60|  ; [ORIG 16-BIT INS]
     211 00000004 9000              STR       A1, [SP, #0]          ; [DPU_3_PIPE] |60|  ; [ORIG 16-BIT INS]
     212                            .dwpsn  file "../Tasks/Task_LEDBlink.c",line 62,column 2,is_stmt,isa 1
     213 00000006 4821              LDR       A1, $C$CON1           ; [DPU_3_PIPE] |62|  ; [ORIG 16-BIT INS]
     214 00000008 7800              LDRB      A1, [A1, #0]          ; [DPU_3_PIPE] |62|  ; [ORIG 16-BIT INS]
     215 0000000a BB08              CBNZ      A1, ||$C$L1||         ; []  ; [ORIG 16-BIT INS]
     216                            ; BRANCHCC OCCURS {||$C$L1||}    ; [] |62| 
     217                    ;* --------------------------------------------------------------------------*
     218                            .dwpsn  file "../Tasks/Task_LEDBlink.c",line 66,column 6,is_stmt,isa 1
     219 0000000c 4820              LDR       A1, $C$CON2           ; [DPU_3_PIPE] |66|  ; [ORIG 16-BIT INS]
     220                    $C$DW$25        .dwtag  DW_TAG_TI_branch
TI ARM Assembler PC v15.12.1 Tue Sep 13 14:20:48 2016

Tools Copyright (c) 1996-2015 Texas Instruments Incorporated
Task_LEDBlink.asm                                                    PAGE    5

     221                            .dwattr $C$DW$25, DW_AT_low_pc(0x00)
     222                            .dwattr $C$DW$25, DW_AT_name("SysCtlPeripheralEnable")
     223                            .dwattr $C$DW$25, DW_AT_TI_call
     224                    
     225 0000000e FFFEF7FF!         BL        SysCtlPeripheralEnable ; [DPU_3_PIPE] |66|  ; [KEEP 32-BIT INS]
     226                            ; CALL OCCURS {SysCtlPeripheralEnable }  ; [] |66| 
     227                            .dwpsn  file "../Tasks/Task_LEDBlink.c",line 71,column 6,is_stmt,isa 1
     228 00000012 4820              LDR       A1, $C$CON3           ; [DPU_3_PIPE] |71|  ; [ORIG 16-BIT INS]
     229 00000014 2104              MOVS      A2, #4                ; [DPU_3_PIPE] |71|  ; [ORIG 16-BIT INS]
     230                    $C$DW$26        .dwtag  DW_TAG_TI_branch
     231                            .dwattr $C$DW$26, DW_AT_low_pc(0x00)
     232                            .dwattr $C$DW$26, DW_AT_name("GPIOPinTypeGPIOOutput")
     233                            .dwattr $C$DW$26, DW_AT_TI_call
     234                    
     235 00000016 FFFEF7FF!         BL        GPIOPinTypeGPIOOutput ; [DPU_3_PIPE] |71|  ; [KEEP 32-BIT INS]
     236                            ; CALL OCCURS {GPIOPinTypeGPIOOutput }  ; [] |71| 
     237                            .dwpsn  file "../Tasks/Task_LEDBlink.c",line 72,column 6,is_stmt,isa 1
     238 0000001a 481E              LDR       A1, $C$CON3           ; [DPU_3_PIPE] |72|  ; [ORIG 16-BIT INS]
     239 0000001c 2104              MOVS      A2, #4                ; [DPU_3_PIPE] |72|  ; [ORIG 16-BIT INS]
     240 0000001e 2201              MOVS      A3, #1                ; [DPU_3_PIPE] |72|  ; [ORIG 16-BIT INS]
     241 00000020 230A              MOVS      A4, #10               ; [DPU_3_PIPE] |72|  ; [ORIG 16-BIT INS]
     242                    $C$DW$27        .dwtag  DW_TAG_TI_branch
     243                            .dwattr $C$DW$27, DW_AT_low_pc(0x00)
     244                            .dwattr $C$DW$27, DW_AT_name("GPIOPadConfigSet")
     245                            .dwattr $C$DW$27, DW_AT_TI_call
     246                    
     247 00000022 FFFEF7FF!         BL        GPIOPadConfigSet      ; [DPU_3_PIPE] |72|  ; [KEEP 32-BIT INS]
     248                            ; CALL OCCURS {GPIOPadConfigSet }  ; [] |72| 
     249                            .dwpsn  file "../Tasks/Task_LEDBlink.c",line 79,column 6,is_stmt,isa 1
     250 00000026 481D              LDR       A1, $C$CON5           ; [DPU_3_PIPE] |79|  ; [ORIG 16-BIT INS]
     251 00000028 491B              LDR       A2, $C$CON4           ; [DPU_3_PIPE] |79|  ; [ORIG 16-BIT INS]
     252 0000002a 6802              LDR       A3, [A1, #0]          ; [DPU_3_PIPE] |79|  ; [ORIG 16-BIT INS]
     253 0000002c 737AF44F          MOV       A4, #1000             ; [DPU_3_PIPE] |79|  ; [KEEP 32-BIT INS]
     254 00000030 0050              LSLS      A1, A3, #1            ; [DPU_3_PIPE] |79|  ; [ORIG 16-BIT INS]
     255 00000032 10C2EB00          ADD       A1, A1, A3, LSL #7    ; [DPU_3_PIPE] |79|  ; [KEEP 32-BIT INS]
     256 00000036 F0F3FBB0          UDIV      A1, A1, A4            ; [DPU_3_PIPE] |79|  ; [KEEP 32-BIT INS]
     257 0000003a 6008              STR       A1, [A2, #0]          ; [DPU_3_PIPE] |79|  ; [ORIG 16-BIT INS]
     258                            .dwpsn  file "../Tasks/Task_LEDBlink.c",line 80,column 3,is_stmt,isa 1
     259 0000003c 4919              LDR       A2, $C$CON7           ; [DPU_3_PIPE] |80|  ; [ORIG 16-BIT INS]
     260 0000003e 4816              LDR       A1, $C$CON4           ; [DPU_3_PIPE] |80|  ; [ORIG 16-BIT INS]
     261 00000040 680A              LDR       A3, [A2, #0]          ; [DPU_3_PIPE] |80|  ; [ORIG 16-BIT INS]
     262 00000042 6800              LDR       A1, [A1, #0]          ; [DPU_3_PIPE] |80|  ; [ORIG 16-BIT INS]
     263 00000044 4916              LDR       A2, $C$CON6           ; [DPU_3_PIPE] |80|  ; [ORIG 16-BIT INS]
     264 00000046 1880              ADDS      A1, A1, A3            ; [DPU_3_PIPE] |80|  ; [ORIG 16-BIT INS]
     265 00000048 6008              STR       A1, [A2, #0]          ; [DPU_3_PIPE] |80|  ; [ORIG 16-BIT INS]
     266                            .dwpsn  file "../Tasks/Task_LEDBlink.c",line 85,column 3,is_stmt,isa 1
     267 0000004a 4910              LDR       A2, $C$CON1           ; [DPU_3_PIPE] |85|  ; [ORIG 16-BIT INS]
     268 0000004c 2001              MOVS      A1, #1                ; [DPU_3_PIPE] |85|  ; [ORIG 16-BIT INS]
     269 0000004e 7008              STRB      A1, [A2, #0]          ; [DPU_3_PIPE] |85|  ; [ORIG 16-BIT INS]
     270                    ;* --------------------------------------------------------------------------*
     271 00000050           ||$C$L1||:    
     272                            .dwpsn  file "../Tasks/Task_LEDBlink.c",line 95,column 2,is_stmt,isa 1
     273 00000050 4813              LDR       A1, $C$CON6           ; [DPU_3_PIPE] |95|  ; [ORIG 16-BIT INS]
     274 00000052 4914              LDR       A2, $C$CON7           ; [DPU_3_PIPE] |95|  ; [ORIG 16-BIT INS]
     275 00000054 6800              LDR       A1, [A1, #0]          ; [DPU_3_PIPE] |95|  ; [ORIG 16-BIT INS]
TI ARM Assembler PC v15.12.1 Tue Sep 13 14:20:48 2016

Tools Copyright (c) 1996-2015 Texas Instruments Incorporated
Task_LEDBlink.asm                                                    PAGE    6

     276 00000056 6809              LDR       A2, [A2, #0]          ; [DPU_3_PIPE] |95|  ; [ORIG 16-BIT INS]
     277 00000058 4288              CMP       A1, A2                ; [DPU_3_PIPE] |95|  ; [ORIG 16-BIT INS]
     278 0000005a D815              BHI       ||$C$L2||             ; [DPU_3_PIPE] |95|  ; [ORIG 16-BIT INS]
     279                            ; BRANCHCC OCCURS {||$C$L2||}    ; [] |95| 
     280                    ;* --------------------------------------------------------------------------*
     281                            .dwpsn  file "../Tasks/Task_LEDBlink.c",line 100,column 3,is_stmt,isa 1
     282 0000005c 480D              LDR       A1, $C$CON3           ; [DPU_3_PIPE] |100|  ; [ORIG 16-BIT INS]
     283 0000005e 2104              MOVS      A2, #4                ; [DPU_3_PIPE] |100|  ; [ORIG 16-BIT INS]
     284                    $C$DW$28        .dwtag  DW_TAG_TI_branch
     285                            .dwattr $C$DW$28, DW_AT_low_pc(0x00)
     286                            .dwattr $C$DW$28, DW_AT_name("GPIOPinRead")
     287                            .dwattr $C$DW$28, DW_AT_TI_call
     288                    
     289 00000060 FFFEF7FF!         BL        GPIOPinRead           ; [DPU_3_PIPE] |100|  ; [KEEP 32-BIT INS]
     290                            ; CALL OCCURS {GPIOPinRead }     ; [] |100| 
     291 00000064 9000              STR       A1, [SP, #0]          ; [DPU_3_PIPE] |100|  ; [ORIG 16-BIT INS]
     292                            .dwpsn  file "../Tasks/Task_LEDBlink.c",line 101,column 3,is_stmt,isa 1
     293 00000066 9800              LDR       A1, [SP, #0]          ; [DPU_3_PIPE] |101|  ; [ORIG 16-BIT INS]
     294 00000068 0004F080          EOR       A1, A1, #4            ; [DPU_3_PIPE] |101|  ; [KEEP 32-BIT INS]
     295 0000006c 9000              STR       A1, [SP, #0]          ; [DPU_3_PIPE] |101|  ; [ORIG 16-BIT INS]
     296                            .dwpsn  file "../Tasks/Task_LEDBlink.c",line 102,column 9,is_stmt,isa 1
     297 0000006e 4809              LDR       A1, $C$CON3           ; [DPU_3_PIPE] |102|  ; [ORIG 16-BIT INS]
     298 00000070 2000F89D          LDRB      A3, [SP, #0]          ; [DPU_3_PIPE] |102|  ; [KEEP 32-BIT INS]
     299 00000074 2104              MOVS      A2, #4                ; [DPU_3_PIPE] |102|  ; [ORIG 16-BIT INS]
     300                    $C$DW$29        .dwtag  DW_TAG_TI_branch
     301                            .dwattr $C$DW$29, DW_AT_low_pc(0x00)
     302                            .dwattr $C$DW$29, DW_AT_name("GPIOPinWrite")
     303                            .dwattr $C$DW$29, DW_AT_TI_call
     304                    
     305 00000076 FFFEF7FF!         BL        GPIOPinWrite          ; [DPU_3_PIPE] |102|  ; [KEEP 32-BIT INS]
     306                            ; CALL OCCURS {GPIOPinWrite }    ; [] |102| 
     307                            .dwpsn  file "../Tasks/Task_LEDBlink.c",line 108,column 9,is_stmt,isa 1
     308 0000007a 490A              LDR       A2, $C$CON7           ; [DPU_3_PIPE] |108|  ; [ORIG 16-BIT INS]
     309 0000007c 4806              LDR       A1, $C$CON4           ; [DPU_3_PIPE] |108|  ; [ORIG 16-BIT INS]
     310 0000007e 680A              LDR       A3, [A2, #0]          ; [DPU_3_PIPE] |108|  ; [ORIG 16-BIT INS]
     311 00000080 6800              LDR       A1, [A1, #0]          ; [DPU_3_PIPE] |108|  ; [ORIG 16-BIT INS]
     312 00000082 4907              LDR       A2, $C$CON6           ; [DPU_3_PIPE] |108|  ; [ORIG 16-BIT INS]
     313 00000084 1880              ADDS      A1, A1, A3            ; [DPU_3_PIPE] |108|  ; [ORIG 16-BIT INS]
     314 00000086 6008              STR       A1, [A2, #0]          ; [DPU_3_PIPE] |108|  ; [ORIG 16-BIT INS]
     315                            .dwpsn  file "../Tasks/Task_LEDBlink.c",line 111,column 1,is_stmt,isa 1
     316                    ;* --------------------------------------------------------------------------*
     317                    ||$C$L2||:    
     318                    $C$DW$30        .dwtag  DW_TAG_TI_branch
     319                            .dwattr $C$DW$30, DW_AT_low_pc(0x00)
     320                            .dwattr $C$DW$30, DW_AT_TI_return
     321                    
     322 00000088 BD08              POP       {A4, PC}              ; [DPU_3_PIPE]  ; [ORIG 16-BIT INS]
     323                            .dwcfi  cfa_offset, 0
     324                            ; BRANCH OCCURS                  ; [] 
     325                            .dwattr $C$DW$23, DW_AT_TI_end_file("../Tasks/Task_LEDBlink.c")
     326                            .dwattr $C$DW$23, DW_AT_TI_end_line(0x6f)
     327                            .dwattr $C$DW$23, DW_AT_TI_end_column(0x01)
     328                            .dwendentry
     329                            .dwendtag $C$DW$23
     330                    
TI ARM Assembler PC v15.12.1 Tue Sep 13 14:20:48 2016

Tools Copyright (c) 1996-2015 Texas Instruments Incorporated
Task_LEDBlink.asm                                                    PAGE    7

     331                    ;******************************************************************************
     332                    ;* CONSTANT TABLE                                                             *
     333                    ;******************************************************************************
     334 0000008a                   .sect   ".text"
     335                            .align  4
     336 0000008a 000046C0! ||$C$CON1||:    .bits   Task_LEDBlink_Initialized,32
         0000008e 00000000 
     337                            .align  4
     338 0000008e 00400000  ||$C$CON2||:    .bits   536870976,32
         00000092 00002000 
     339                            .align  4
     340 00000092 60002000  ||$C$CON3||:    .bits   1073897472,32
         00000096 00004002 
     341                            .align  4
     342 00000096 00004002! ||$C$CON4||:    .bits   Task_LEDBlink_DeltaExecute,32
         0000009a 00000000 
     343                            .align  4
     344 0000009a 00000000! ||$C$CON5||:    .bits   SysTickFrequency_Nbr,32
         0000009e 00000000 
     345                            .align  4
     346 0000009e 00000000! ||$C$CON6||:    .bits   Task_LEDBlink_NextExecute,32
         000000a2 00000000 
     347                            .align  4
     348 000000a2 00000000! ||$C$CON7||:    .bits   SysTickCount_Nbr,32
         000000a6 00000000 
     349                    ;*****************************************************************************
     350                    ;* UNDEFINED EXTERNAL REFERENCES                                             *
     351                    ;*****************************************************************************
     352                            .global SysCtlPeripheralEnable
     353                            .global GPIOPadConfigSet
     354                            .global GPIOPinRead
     355                            .global GPIOPinWrite
     356                            .global GPIOPinTypeGPIOOutput
     357                            .global SysTickFrequency_Nbr
     358                            .global SysTickCount_Nbr
     359                    
     360                    ;******************************************************************************
     361                    ;* BUILD ATTRIBUTES                                                           *
     362                    ;******************************************************************************
     363                            .battr "aeabi", Tag_File, 1, Tag_ABI_PCS_wchar_t(2)
     364                            .battr "aeabi", Tag_File, 1, Tag_ABI_FP_rounding(0)
     365                            .battr "aeabi", Tag_File, 1, Tag_ABI_FP_denormal(0)
     366                            .battr "aeabi", Tag_File, 1, Tag_ABI_FP_exceptions(0)
     367                            .battr "aeabi", Tag_File, 1, Tag_ABI_FP_number_model(1)
     368                            .battr "aeabi", Tag_File, 1, Tag_ABI_enum_size(0)
     369                            .battr "aeabi", Tag_File, 1, Tag_ABI_optimization_goals(5)
     370                            .battr "aeabi", Tag_File, 1, Tag_ABI_FP_optimization_goals(0)
     371                            .battr "TI", Tag_File, 1, Tag_Bitfield_layout(2)
     372                            .battr "TI", Tag_File, 1, Tag_FP_interface(1)
     373                    
     374                    ;******************************************************************************
     375                    ;* TYPE INFORMATION                                                           *
     376                    ;******************************************************************************
     377                    $C$DW$T$2       .dwtag  DW_TAG_unspecified_type
     378                            .dwattr $C$DW$T$2, DW_AT_name("void")
TI ARM Assembler PC v15.12.1 Tue Sep 13 14:20:48 2016

Tools Copyright (c) 1996-2015 Texas Instruments Incorporated
Task_LEDBlink.asm                                                    PAGE    8

     379                    
     380                    $C$DW$T$3       .dwtag  DW_TAG_pointer_type
     381                            .dwattr $C$DW$T$3, DW_AT_type(*$C$DW$T$2)
     382                            .dwattr $C$DW$T$3, DW_AT_address_class(0x20)
     383                    
     384                    $C$DW$T$4       .dwtag  DW_TAG_base_type
     385                            .dwattr $C$DW$T$4, DW_AT_encoding(DW_ATE_boolean)
     386                            .dwattr $C$DW$T$4, DW_AT_name("bool")
     387                            .dwattr $C$DW$T$4, DW_AT_byte_size(0x01)
     388                    
     389                    $C$DW$T$5       .dwtag  DW_TAG_base_type
     390                            .dwattr $C$DW$T$5, DW_AT_encoding(DW_ATE_signed_char)
     391                            .dwattr $C$DW$T$5, DW_AT_name("signed char")
     392                            .dwattr $C$DW$T$5, DW_AT_byte_size(0x01)
     393                    
     394                    $C$DW$T$29      .dwtag  DW_TAG_typedef
     395                            .dwattr $C$DW$T$29, DW_AT_name("int8_t")
     396                            .dwattr $C$DW$T$29, DW_AT_type(*$C$DW$T$5)
     397                            .dwattr $C$DW$T$29, DW_AT_language(DW_LANG_C)
     398                            .dwattr $C$DW$T$29, DW_AT_decl_file("C:/TI_CodeComposer/ccsv6/tools/compiler/ti-cgt-arm_15.12.
     399                            .dwattr $C$DW$T$29, DW_AT_decl_line(0x2a)
     400                            .dwattr $C$DW$T$29, DW_AT_decl_column(0x1d)
     401                    
     402                    $C$DW$T$30      .dwtag  DW_TAG_typedef
     403                            .dwattr $C$DW$T$30, DW_AT_name("int_least8_t")
     404                            .dwattr $C$DW$T$30, DW_AT_type(*$C$DW$T$29)
     405                            .dwattr $C$DW$T$30, DW_AT_language(DW_LANG_C)
     406                            .dwattr $C$DW$T$30, DW_AT_decl_file("C:/TI_CodeComposer/ccsv6/tools/compiler/ti-cgt-arm_15.12.
     407                            .dwattr $C$DW$T$30, DW_AT_decl_line(0x37)
     408                            .dwattr $C$DW$T$30, DW_AT_decl_column(0x17)
     409                    
     410                    $C$DW$T$6       .dwtag  DW_TAG_base_type
     411                            .dwattr $C$DW$T$6, DW_AT_encoding(DW_ATE_unsigned_char)
     412                            .dwattr $C$DW$T$6, DW_AT_name("unsigned char")
     413                            .dwattr $C$DW$T$6, DW_AT_byte_size(0x01)
     414                    
     415                    $C$DW$T$31      .dwtag  DW_TAG_typedef
     416                            .dwattr $C$DW$T$31, DW_AT_name("tBoolean")
     417                            .dwattr $C$DW$T$31, DW_AT_type(*$C$DW$T$6)
     418                            .dwattr $C$DW$T$31, DW_AT_language(DW_LANG_C)
     419                            .dwattr $C$DW$T$31, DW_AT_decl_file("C:/TI_CodeComposer/StellarisWare-LM3S1968/inc/hw_types.h"
     420                            .dwattr $C$DW$T$31, DW_AT_decl_line(0x30)
     421                            .dwattr $C$DW$T$31, DW_AT_decl_column(0x17)
     422                    
     423                    $C$DW$T$32      .dwtag  DW_TAG_typedef
     424                            .dwattr $C$DW$T$32, DW_AT_name("uint8_t")
     425                            .dwattr $C$DW$T$32, DW_AT_type(*$C$DW$T$6)
     426                            .dwattr $C$DW$T$32, DW_AT_language(DW_LANG_C)
     427                            .dwattr $C$DW$T$32, DW_AT_decl_file("C:/TI_CodeComposer/ccsv6/tools/compiler/ti-cgt-arm_15.12.
     428                            .dwattr $C$DW$T$32, DW_AT_decl_line(0x2b)
     429                            .dwattr $C$DW$T$32, DW_AT_decl_column(0x1c)
     430                    
     431                    $C$DW$T$33      .dwtag  DW_TAG_typedef
     432                            .dwattr $C$DW$T$33, DW_AT_name("uint_least8_t")
     433                            .dwattr $C$DW$T$33, DW_AT_type(*$C$DW$T$32)
TI ARM Assembler PC v15.12.1 Tue Sep 13 14:20:48 2016

Tools Copyright (c) 1996-2015 Texas Instruments Incorporated
Task_LEDBlink.asm                                                    PAGE    9

     434                            .dwattr $C$DW$T$33, DW_AT_language(DW_LANG_C)
     435                            .dwattr $C$DW$T$33, DW_AT_decl_file("C:/TI_CodeComposer/ccsv6/tools/compiler/ti-cgt-arm_15.12.
     436                            .dwattr $C$DW$T$33, DW_AT_decl_line(0x38)
     437                            .dwattr $C$DW$T$33, DW_AT_decl_column(0x16)
     438                    
     439                    $C$DW$T$7       .dwtag  DW_TAG_base_type
     440                            .dwattr $C$DW$T$7, DW_AT_encoding(DW_ATE_signed_char)
     441                            .dwattr $C$DW$T$7, DW_AT_name("wchar_t")
     442                            .dwattr $C$DW$T$7, DW_AT_byte_size(0x02)
     443                    
     444                    $C$DW$T$8       .dwtag  DW_TAG_base_type
     445                            .dwattr $C$DW$T$8, DW_AT_encoding(DW_ATE_signed)
     446                            .dwattr $C$DW$T$8, DW_AT_name("short")
     447                            .dwattr $C$DW$T$8, DW_AT_byte_size(0x02)
     448                    
     449                    $C$DW$T$34      .dwtag  DW_TAG_typedef
     450                            .dwattr $C$DW$T$34, DW_AT_name("int16_t")
     451                            .dwattr $C$DW$T$34, DW_AT_type(*$C$DW$T$8)
     452                            .dwattr $C$DW$T$34, DW_AT_language(DW_LANG_C)
     453                            .dwattr $C$DW$T$34, DW_AT_decl_file("C:/TI_CodeComposer/ccsv6/tools/compiler/ti-cgt-arm_15.12.
     454                            .dwattr $C$DW$T$34, DW_AT_decl_line(0x2c)
     455                            .dwattr $C$DW$T$34, DW_AT_decl_column(0x1d)
     456                    
     457                    $C$DW$T$35      .dwtag  DW_TAG_typedef
     458                            .dwattr $C$DW$T$35, DW_AT_name("int_least16_t")
     459                            .dwattr $C$DW$T$35, DW_AT_type(*$C$DW$T$34)
     460                            .dwattr $C$DW$T$35, DW_AT_language(DW_LANG_C)
     461                            .dwattr $C$DW$T$35, DW_AT_decl_file("C:/TI_CodeComposer/ccsv6/tools/compiler/ti-cgt-arm_15.12.
     462                            .dwattr $C$DW$T$35, DW_AT_decl_line(0x3a)
     463                            .dwattr $C$DW$T$35, DW_AT_decl_column(0x17)
     464                    
     465                    $C$DW$T$9       .dwtag  DW_TAG_base_type
     466                            .dwattr $C$DW$T$9, DW_AT_encoding(DW_ATE_unsigned)
     467                            .dwattr $C$DW$T$9, DW_AT_name("unsigned short")
     468                            .dwattr $C$DW$T$9, DW_AT_byte_size(0x02)
     469                    
     470                    $C$DW$T$36      .dwtag  DW_TAG_typedef
     471                            .dwattr $C$DW$T$36, DW_AT_name("uint16_t")
     472                            .dwattr $C$DW$T$36, DW_AT_type(*$C$DW$T$9)
     473                            .dwattr $C$DW$T$36, DW_AT_language(DW_LANG_C)
     474                            .dwattr $C$DW$T$36, DW_AT_decl_file("C:/TI_CodeComposer/ccsv6/tools/compiler/ti-cgt-arm_15.12.
     475                            .dwattr $C$DW$T$36, DW_AT_decl_line(0x2d)
     476                            .dwattr $C$DW$T$36, DW_AT_decl_column(0x1c)
     477                    
     478                    $C$DW$T$37      .dwtag  DW_TAG_typedef
     479                            .dwattr $C$DW$T$37, DW_AT_name("uint_least16_t")
     480                            .dwattr $C$DW$T$37, DW_AT_type(*$C$DW$T$36)
     481                            .dwattr $C$DW$T$37, DW_AT_language(DW_LANG_C)
     482                            .dwattr $C$DW$T$37, DW_AT_decl_file("C:/TI_CodeComposer/ccsv6/tools/compiler/ti-cgt-arm_15.12.
     483                            .dwattr $C$DW$T$37, DW_AT_decl_line(0x3b)
     484                            .dwattr $C$DW$T$37, DW_AT_decl_column(0x16)
     485                    
     486                    $C$DW$T$38      .dwtag  DW_TAG_typedef
     487                            .dwattr $C$DW$T$38, DW_AT_name("wchar_t")
     488                            .dwattr $C$DW$T$38, DW_AT_type(*$C$DW$T$9)
TI ARM Assembler PC v15.12.1 Tue Sep 13 14:20:48 2016

Tools Copyright (c) 1996-2015 Texas Instruments Incorporated
Task_LEDBlink.asm                                                    PAGE   10

     489                            .dwattr $C$DW$T$38, DW_AT_language(DW_LANG_C)
     490                            .dwattr $C$DW$T$38, DW_AT_decl_file("C:/TI_CodeComposer/ccsv6/tools/compiler/ti-cgt-arm_15.12.
     491                            .dwattr $C$DW$T$38, DW_AT_decl_line(0x41)
     492                            .dwattr $C$DW$T$38, DW_AT_decl_column(0x1a)
     493                    
     494                    $C$DW$T$10      .dwtag  DW_TAG_base_type
     495                            .dwattr $C$DW$T$10, DW_AT_encoding(DW_ATE_signed)
     496                            .dwattr $C$DW$T$10, DW_AT_name("int")
     497                            .dwattr $C$DW$T$10, DW_AT_byte_size(0x04)
     498                    
     499                    $C$DW$T$39      .dwtag  DW_TAG_typedef
     500                            .dwattr $C$DW$T$39, DW_AT_name("int32_t")
     501                            .dwattr $C$DW$T$39, DW_AT_type(*$C$DW$T$10)
     502                            .dwattr $C$DW$T$39, DW_AT_language(DW_LANG_C)
     503                            .dwattr $C$DW$T$39, DW_AT_decl_file("C:/TI_CodeComposer/ccsv6/tools/compiler/ti-cgt-arm_15.12.
     504                            .dwattr $C$DW$T$39, DW_AT_decl_line(0x2e)
     505                            .dwattr $C$DW$T$39, DW_AT_decl_column(0x1d)
     506                    
     507                    $C$DW$T$40      .dwtag  DW_TAG_typedef
     508                            .dwattr $C$DW$T$40, DW_AT_name("int_fast16_t")
     509                            .dwattr $C$DW$T$40, DW_AT_type(*$C$DW$T$39)
     510                            .dwattr $C$DW$T$40, DW_AT_language(DW_LANG_C)
     511                            .dwattr $C$DW$T$40, DW_AT_decl_file("C:/TI_CodeComposer/ccsv6/tools/compiler/ti-cgt-arm_15.12.
     512                            .dwattr $C$DW$T$40, DW_AT_decl_line(0x47)
     513                            .dwattr $C$DW$T$40, DW_AT_decl_column(0x17)
     514                    
     515                    $C$DW$T$41      .dwtag  DW_TAG_typedef
     516                            .dwattr $C$DW$T$41, DW_AT_name("int_fast32_t")
     517                            .dwattr $C$DW$T$41, DW_AT_type(*$C$DW$T$39)
     518                            .dwattr $C$DW$T$41, DW_AT_language(DW_LANG_C)
     519                            .dwattr $C$DW$T$41, DW_AT_decl_file("C:/TI_CodeComposer/ccsv6/tools/compiler/ti-cgt-arm_15.12.
     520                            .dwattr $C$DW$T$41, DW_AT_decl_line(0x4a)
     521                            .dwattr $C$DW$T$41, DW_AT_decl_column(0x17)
     522                    
     523                    $C$DW$T$42      .dwtag  DW_TAG_typedef
     524                            .dwattr $C$DW$T$42, DW_AT_name("int_fast8_t")
     525                            .dwattr $C$DW$T$42, DW_AT_type(*$C$DW$T$39)
     526                            .dwattr $C$DW$T$42, DW_AT_language(DW_LANG_C)
     527                            .dwattr $C$DW$T$42, DW_AT_decl_file("C:/TI_CodeComposer/ccsv6/tools/compiler/ti-cgt-arm_15.12.
     528                            .dwattr $C$DW$T$42, DW_AT_decl_line(0x45)
     529                            .dwattr $C$DW$T$42, DW_AT_decl_column(0x17)
     530                    
     531                    $C$DW$T$43      .dwtag  DW_TAG_typedef
     532                            .dwattr $C$DW$T$43, DW_AT_name("int_least32_t")
     533                            .dwattr $C$DW$T$43, DW_AT_type(*$C$DW$T$39)
     534                            .dwattr $C$DW$T$43, DW_AT_language(DW_LANG_C)
     535                            .dwattr $C$DW$T$43, DW_AT_decl_file("C:/TI_CodeComposer/ccsv6/tools/compiler/ti-cgt-arm_15.12.
     536                            .dwattr $C$DW$T$43, DW_AT_decl_line(0x3c)
     537                            .dwattr $C$DW$T$43, DW_AT_decl_column(0x17)
     538                    
     539                    $C$DW$T$44      .dwtag  DW_TAG_typedef
     540                            .dwattr $C$DW$T$44, DW_AT_name("intptr_t")
     541                            .dwattr $C$DW$T$44, DW_AT_type(*$C$DW$T$10)
     542                            .dwattr $C$DW$T$44, DW_AT_language(DW_LANG_C)
     543                            .dwattr $C$DW$T$44, DW_AT_decl_file("C:/TI_CodeComposer/ccsv6/tools/compiler/ti-cgt-arm_15.12.
TI ARM Assembler PC v15.12.1 Tue Sep 13 14:20:48 2016

Tools Copyright (c) 1996-2015 Texas Instruments Incorporated
Task_LEDBlink.asm                                                    PAGE   11

     544                            .dwattr $C$DW$T$44, DW_AT_decl_line(0x52)
     545                            .dwattr $C$DW$T$44, DW_AT_decl_column(0x1a)
     546                    
     547                    $C$DW$T$45      .dwtag  DW_TAG_typedef
     548                            .dwattr $C$DW$T$45, DW_AT_name("ptrdiff_t")
     549                            .dwattr $C$DW$T$45, DW_AT_type(*$C$DW$T$10)
     550                            .dwattr $C$DW$T$45, DW_AT_language(DW_LANG_C)
     551                            .dwattr $C$DW$T$45, DW_AT_decl_file("C:/TI_CodeComposer/ccsv6/tools/compiler/ti-cgt-arm_15.12.
     552                            .dwattr $C$DW$T$45, DW_AT_decl_line(0x36)
     553                            .dwattr $C$DW$T$45, DW_AT_decl_column(0x1c)
     554                    
     555                    $C$DW$T$11      .dwtag  DW_TAG_base_type
     556                            .dwattr $C$DW$T$11, DW_AT_encoding(DW_ATE_unsigned)
     557                            .dwattr $C$DW$T$11, DW_AT_name("unsigned int")
     558                            .dwattr $C$DW$T$11, DW_AT_byte_size(0x04)
     559                    
     560                    $C$DW$T$46      .dwtag  DW_TAG_typedef
     561                            .dwattr $C$DW$T$46, DW_AT_name("size_t")
     562                            .dwattr $C$DW$T$46, DW_AT_type(*$C$DW$T$11)
     563                            .dwattr $C$DW$T$46, DW_AT_language(DW_LANG_C)
     564                            .dwattr $C$DW$T$46, DW_AT_decl_file("C:/TI_CodeComposer/ccsv6/tools/compiler/ti-cgt-arm_15.12.
     565                            .dwattr $C$DW$T$46, DW_AT_decl_line(0x3a)
     566                            .dwattr $C$DW$T$46, DW_AT_decl_column(0x19)
     567                    
     568                    $C$DW$T$47      .dwtag  DW_TAG_typedef
     569                            .dwattr $C$DW$T$47, DW_AT_name("uint32_t")
     570                            .dwattr $C$DW$T$47, DW_AT_type(*$C$DW$T$11)
     571                            .dwattr $C$DW$T$47, DW_AT_language(DW_LANG_C)
     572                            .dwattr $C$DW$T$47, DW_AT_decl_file("C:/TI_CodeComposer/ccsv6/tools/compiler/ti-cgt-arm_15.12.
     573                            .dwattr $C$DW$T$47, DW_AT_decl_line(0x2f)
     574                            .dwattr $C$DW$T$47, DW_AT_decl_column(0x1c)
     575                    
     576                    $C$DW$T$48      .dwtag  DW_TAG_typedef
     577                            .dwattr $C$DW$T$48, DW_AT_name("uint_fast16_t")
     578                            .dwattr $C$DW$T$48, DW_AT_type(*$C$DW$T$47)
     579                            .dwattr $C$DW$T$48, DW_AT_language(DW_LANG_C)
     580                            .dwattr $C$DW$T$48, DW_AT_decl_file("C:/TI_CodeComposer/ccsv6/tools/compiler/ti-cgt-arm_15.12.
     581                            .dwattr $C$DW$T$48, DW_AT_decl_line(0x48)
     582                            .dwattr $C$DW$T$48, DW_AT_decl_column(0x16)
     583                    
     584                    $C$DW$T$49      .dwtag  DW_TAG_typedef
     585                            .dwattr $C$DW$T$49, DW_AT_name("uint_fast32_t")
     586                            .dwattr $C$DW$T$49, DW_AT_type(*$C$DW$T$47)
     587                            .dwattr $C$DW$T$49, DW_AT_language(DW_LANG_C)
     588                            .dwattr $C$DW$T$49, DW_AT_decl_file("C:/TI_CodeComposer/ccsv6/tools/compiler/ti-cgt-arm_15.12.
     589                            .dwattr $C$DW$T$49, DW_AT_decl_line(0x4b)
     590                            .dwattr $C$DW$T$49, DW_AT_decl_column(0x16)
     591                    
     592                    $C$DW$T$50      .dwtag  DW_TAG_typedef
     593                            .dwattr $C$DW$T$50, DW_AT_name("uint_fast8_t")
     594                            .dwattr $C$DW$T$50, DW_AT_type(*$C$DW$T$47)
     595                            .dwattr $C$DW$T$50, DW_AT_language(DW_LANG_C)
     596                            .dwattr $C$DW$T$50, DW_AT_decl_file("C:/TI_CodeComposer/ccsv6/tools/compiler/ti-cgt-arm_15.12.
     597                            .dwattr $C$DW$T$50, DW_AT_decl_line(0x46)
     598                            .dwattr $C$DW$T$50, DW_AT_decl_column(0x16)
TI ARM Assembler PC v15.12.1 Tue Sep 13 14:20:48 2016

Tools Copyright (c) 1996-2015 Texas Instruments Incorporated
Task_LEDBlink.asm                                                    PAGE   12

     599                    
     600                    $C$DW$T$51      .dwtag  DW_TAG_typedef
     601                            .dwattr $C$DW$T$51, DW_AT_name("uint_least32_t")
     602                            .dwattr $C$DW$T$51, DW_AT_type(*$C$DW$T$47)
     603                            .dwattr $C$DW$T$51, DW_AT_language(DW_LANG_C)
     604                            .dwattr $C$DW$T$51, DW_AT_decl_file("C:/TI_CodeComposer/ccsv6/tools/compiler/ti-cgt-arm_15.12.
     605                            .dwattr $C$DW$T$51, DW_AT_decl_line(0x3d)
     606                            .dwattr $C$DW$T$51, DW_AT_decl_column(0x16)
     607                    
     608                    $C$DW$T$52      .dwtag  DW_TAG_typedef
     609                            .dwattr $C$DW$T$52, DW_AT_name("uintptr_t")
     610                            .dwattr $C$DW$T$52, DW_AT_type(*$C$DW$T$11)
     611                            .dwattr $C$DW$T$52, DW_AT_language(DW_LANG_C)
     612                            .dwattr $C$DW$T$52, DW_AT_decl_file("C:/TI_CodeComposer/ccsv6/tools/compiler/ti-cgt-arm_15.12.
     613                            .dwattr $C$DW$T$52, DW_AT_decl_line(0x53)
     614                            .dwattr $C$DW$T$52, DW_AT_decl_column(0x1a)
     615                    
     616                    $C$DW$T$12      .dwtag  DW_TAG_base_type
     617                            .dwattr $C$DW$T$12, DW_AT_encoding(DW_ATE_signed)
     618                            .dwattr $C$DW$T$12, DW_AT_name("long")
     619                            .dwattr $C$DW$T$12, DW_AT_byte_size(0x04)
     620                    
     621                    $C$DW$T$13      .dwtag  DW_TAG_base_type
     622                            .dwattr $C$DW$T$13, DW_AT_encoding(DW_ATE_unsigned)
     623                            .dwattr $C$DW$T$13, DW_AT_name("unsigned long")
     624                            .dwattr $C$DW$T$13, DW_AT_byte_size(0x04)
     625                    
     626                    $C$DW$T$14      .dwtag  DW_TAG_base_type
     627                            .dwattr $C$DW$T$14, DW_AT_encoding(DW_ATE_signed)
     628                            .dwattr $C$DW$T$14, DW_AT_name("long long")
     629                            .dwattr $C$DW$T$14, DW_AT_byte_size(0x08)
     630                    
     631                    $C$DW$T$55      .dwtag  DW_TAG_typedef
     632                            .dwattr $C$DW$T$55, DW_AT_name("int64_t")
     633                            .dwattr $C$DW$T$55, DW_AT_type(*$C$DW$T$14)
     634                            .dwattr $C$DW$T$55, DW_AT_language(DW_LANG_C)
     635                            .dwattr $C$DW$T$55, DW_AT_decl_file("C:/TI_CodeComposer/ccsv6/tools/compiler/ti-cgt-arm_15.12.
     636                            .dwattr $C$DW$T$55, DW_AT_decl_line(0x32)
     637                            .dwattr $C$DW$T$55, DW_AT_decl_column(0x21)
     638                    
     639                    $C$DW$T$56      .dwtag  DW_TAG_typedef
     640                            .dwattr $C$DW$T$56, DW_AT_name("int_fast64_t")
     641                            .dwattr $C$DW$T$56, DW_AT_type(*$C$DW$T$55)
     642                            .dwattr $C$DW$T$56, DW_AT_language(DW_LANG_C)
     643                            .dwattr $C$DW$T$56, DW_AT_decl_file("C:/TI_CodeComposer/ccsv6/tools/compiler/ti-cgt-arm_15.12.
     644                            .dwattr $C$DW$T$56, DW_AT_decl_line(0x4e)
     645                            .dwattr $C$DW$T$56, DW_AT_decl_column(0x17)
     646                    
     647                    $C$DW$T$57      .dwtag  DW_TAG_typedef
     648                            .dwattr $C$DW$T$57, DW_AT_name("int_least64_t")
     649                            .dwattr $C$DW$T$57, DW_AT_type(*$C$DW$T$55)
     650                            .dwattr $C$DW$T$57, DW_AT_language(DW_LANG_C)
     651                            .dwattr $C$DW$T$57, DW_AT_decl_file("C:/TI_CodeComposer/ccsv6/tools/compiler/ti-cgt-arm_15.12.
     652                            .dwattr $C$DW$T$57, DW_AT_decl_line(0x40)
     653                            .dwattr $C$DW$T$57, DW_AT_decl_column(0x17)
TI ARM Assembler PC v15.12.1 Tue Sep 13 14:20:48 2016

Tools Copyright (c) 1996-2015 Texas Instruments Incorporated
Task_LEDBlink.asm                                                    PAGE   13

     654                    
     655                    $C$DW$T$58      .dwtag  DW_TAG_typedef
     656                            .dwattr $C$DW$T$58, DW_AT_name("intmax_t")
     657                            .dwattr $C$DW$T$58, DW_AT_type(*$C$DW$T$14)
     658                            .dwattr $C$DW$T$58, DW_AT_language(DW_LANG_C)
     659                            .dwattr $C$DW$T$58, DW_AT_decl_file("C:/TI_CodeComposer/ccsv6/tools/compiler/ti-cgt-arm_15.12.
     660                            .dwattr $C$DW$T$58, DW_AT_decl_line(0x56)
     661                            .dwattr $C$DW$T$58, DW_AT_decl_column(0x20)
     662                    
     663                    $C$DW$T$15      .dwtag  DW_TAG_base_type
     664                            .dwattr $C$DW$T$15, DW_AT_encoding(DW_ATE_unsigned)
     665                            .dwattr $C$DW$T$15, DW_AT_name("unsigned long long")
     666                            .dwattr $C$DW$T$15, DW_AT_byte_size(0x08)
     667                    
     668                    $C$DW$T$59      .dwtag  DW_TAG_typedef
     669                            .dwattr $C$DW$T$59, DW_AT_name("uint64_t")
     670                            .dwattr $C$DW$T$59, DW_AT_type(*$C$DW$T$15)
     671                            .dwattr $C$DW$T$59, DW_AT_language(DW_LANG_C)
     672                            .dwattr $C$DW$T$59, DW_AT_decl_file("C:/TI_CodeComposer/ccsv6/tools/compiler/ti-cgt-arm_15.12.
     673                            .dwattr $C$DW$T$59, DW_AT_decl_line(0x33)
     674                            .dwattr $C$DW$T$59, DW_AT_decl_column(0x20)
     675                    
     676                    $C$DW$T$60      .dwtag  DW_TAG_typedef
     677                            .dwattr $C$DW$T$60, DW_AT_name("uint_fast64_t")
     678                            .dwattr $C$DW$T$60, DW_AT_type(*$C$DW$T$59)
     679                            .dwattr $C$DW$T$60, DW_AT_language(DW_LANG_C)
     680                            .dwattr $C$DW$T$60, DW_AT_decl_file("C:/TI_CodeComposer/ccsv6/tools/compiler/ti-cgt-arm_15.12.
     681                            .dwattr $C$DW$T$60, DW_AT_decl_line(0x4f)
     682                            .dwattr $C$DW$T$60, DW_AT_decl_column(0x16)
     683                    
     684                    $C$DW$T$61      .dwtag  DW_TAG_typedef
     685                            .dwattr $C$DW$T$61, DW_AT_name("uint_least64_t")
     686                            .dwattr $C$DW$T$61, DW_AT_type(*$C$DW$T$59)
     687                            .dwattr $C$DW$T$61, DW_AT_language(DW_LANG_C)
     688                            .dwattr $C$DW$T$61, DW_AT_decl_file("C:/TI_CodeComposer/ccsv6/tools/compiler/ti-cgt-arm_15.12.
     689                            .dwattr $C$DW$T$61, DW_AT_decl_line(0x41)
     690                            .dwattr $C$DW$T$61, DW_AT_decl_column(0x16)
     691                    
     692                    $C$DW$T$62      .dwtag  DW_TAG_typedef
     693                            .dwattr $C$DW$T$62, DW_AT_name("uintmax_t")
     694                            .dwattr $C$DW$T$62, DW_AT_type(*$C$DW$T$15)
     695                            .dwattr $C$DW$T$62, DW_AT_language(DW_LANG_C)
     696                            .dwattr $C$DW$T$62, DW_AT_decl_file("C:/TI_CodeComposer/ccsv6/tools/compiler/ti-cgt-arm_15.12.
     697                            .dwattr $C$DW$T$62, DW_AT_decl_line(0x57)
     698                            .dwattr $C$DW$T$62, DW_AT_decl_column(0x20)
     699                    
     700                    $C$DW$T$16      .dwtag  DW_TAG_base_type
     701                            .dwattr $C$DW$T$16, DW_AT_encoding(DW_ATE_float)
     702                            .dwattr $C$DW$T$16, DW_AT_name("float")
     703                            .dwattr $C$DW$T$16, DW_AT_byte_size(0x04)
     704                    
     705                    $C$DW$T$17      .dwtag  DW_TAG_base_type
     706                            .dwattr $C$DW$T$17, DW_AT_encoding(DW_ATE_float)
     707                            .dwattr $C$DW$T$17, DW_AT_name("double")
     708                            .dwattr $C$DW$T$17, DW_AT_byte_size(0x08)
TI ARM Assembler PC v15.12.1 Tue Sep 13 14:20:48 2016

Tools Copyright (c) 1996-2015 Texas Instruments Incorporated
Task_LEDBlink.asm                                                    PAGE   14

     709                    
     710                    $C$DW$T$18      .dwtag  DW_TAG_base_type
     711                            .dwattr $C$DW$T$18, DW_AT_encoding(DW_ATE_float)
     712                            .dwattr $C$DW$T$18, DW_AT_name("long double")
     713                            .dwattr $C$DW$T$18, DW_AT_byte_size(0x08)
     714                    
     715                    $C$DW$T$63      .dwtag  DW_TAG_base_type
     716                            .dwattr $C$DW$T$63, DW_AT_encoding(DW_ATE_unsigned_char)
     717                            .dwattr $C$DW$T$63, DW_AT_name("unsigned char")
     718                            .dwattr $C$DW$T$63, DW_AT_byte_size(0x01)
     719                    
     720                    
     721                    $C$DW$T$19      .dwtag  DW_TAG_structure_type
     722                            .dwattr $C$DW$T$19, DW_AT_name("__va_list")
     723                            .dwattr $C$DW$T$19, DW_AT_byte_size(0x04)
     724                    $C$DW$31        .dwtag  DW_TAG_member
     725                            .dwattr $C$DW$31, DW_AT_type(*$C$DW$T$3)
     726                            .dwattr $C$DW$31, DW_AT_name("__ap")
     727                            .dwattr $C$DW$31, DW_AT_TI_symbol_name("__ap")
     728                            .dwattr $C$DW$31, DW_AT_data_member_location[DW_OP_plus_uconst 0x0]
     729                            .dwattr $C$DW$31, DW_AT_accessibility(DW_ACCESS_public)
     730                            .dwattr $C$DW$31, DW_AT_decl_file("C:/TI_CodeComposer/ccsv6/tools/compiler/ti-cgt-arm_15.12.1.
     731                            .dwattr $C$DW$31, DW_AT_decl_line(0x38)
     732                            .dwattr $C$DW$31, DW_AT_decl_column(0x0c)
     733                    
     734                            .dwattr $C$DW$T$19, DW_AT_decl_file("C:/TI_CodeComposer/ccsv6/tools/compiler/ti-cgt-arm_15.12.
     735                            .dwattr $C$DW$T$19, DW_AT_decl_line(0x37)
     736                            .dwattr $C$DW$T$19, DW_AT_decl_column(0x10)
     737                            .dwendtag $C$DW$T$19
     738                    
     739                    $C$DW$T$64      .dwtag  DW_TAG_typedef
     740                            .dwattr $C$DW$T$64, DW_AT_name("va_list")
     741                            .dwattr $C$DW$T$64, DW_AT_type(*$C$DW$T$19)
     742                            .dwattr $C$DW$T$64, DW_AT_language(DW_LANG_C)
     743                            .dwattr $C$DW$T$64, DW_AT_decl_file("C:/TI_CodeComposer/ccsv6/tools/compiler/ti-cgt-arm_15.12.
     744                            .dwattr $C$DW$T$64, DW_AT_decl_line(0x39)
     745                            .dwattr $C$DW$T$64, DW_AT_decl_column(0x03)
     746                    
     747                            .dwattr $C$DW$CU, DW_AT_language(DW_LANG_C)
     748                    
     749                    ;***************************************************************
     750                    ;* DWARF CIE ENTRIES                                           *
     751                    ;***************************************************************
     752                    
     753                    $C$DW$CIE       .dwcie 14
     754                            .dwcfi  cfa_register, 13
     755                            .dwcfi  cfa_offset, 0
     756                            .dwcfi  undefined, 0
     757                            .dwcfi  undefined, 1
     758                            .dwcfi  undefined, 2
     759                            .dwcfi  undefined, 3
     760                            .dwcfi  same_value, 4
     761                            .dwcfi  same_value, 5
     762                            .dwcfi  same_value, 6
     763                            .dwcfi  same_value, 7
TI ARM Assembler PC v15.12.1 Tue Sep 13 14:20:48 2016

Tools Copyright (c) 1996-2015 Texas Instruments Incorporated
Task_LEDBlink.asm                                                    PAGE   15

     764                            .dwcfi  same_value, 8
     765                            .dwcfi  same_value, 9
     766                            .dwcfi  same_value, 10
     767                            .dwcfi  same_value, 11
     768                            .dwcfi  undefined, 12
     769                            .dwcfi  undefined, 13
     770                            .dwcfi  undefined, 14
     771                            .dwcfi  undefined, 14
     772                            .dwcfi  undefined, 7
     773                            .dwendentry
     774                            .dwendtag $C$DW$CU
     775                    

--------------------------
Thumb2 Statistics
--------------------------
Number of Thumb2 ins converted to Thumb = 0 (0%)
Number of Thumb ins in input = 49 (83%)
Number of Thumb2 ins encoded as Thumb2 = 10 (100%)
Number of Thumb2 ins converted to 2 OPND Thumb = 0


No Assembly Errors, No Assembly Warnings
