TI ARM Assembler PC v15.12.1 Mon Nov 07 14:34:22 2016

Tools Copyright (c) 1996-2015 Texas Instruments Incorporated
Program_Blinky.asm                                                   PAGE    1

       1                    ;******************************************************************************
       2                    ;* TI ARM C/C++ Codegen                                       PC v15.12.1.LTS *
       3                    ;* Date/Time created: Mon Nov 07 14:34:22 2016                                *
       4                    ;******************************************************************************
       5                            .compiler_opts --abi=eabi --arm_vmrs_si_workaround=off --code_state=16 --diag_wrap=off --disab
       6 00000000                   .thumb
       7                    
       8                    $C$DW$CU        .dwtag  DW_TAG_compile_unit
       9                            .dwattr $C$DW$CU, DW_AT_name("../Program_Blinky.c")
      10                            .dwattr $C$DW$CU, DW_AT_producer("TI TI ARM C/C++ Codegen PC v15.12.1.LTS Copyright (c) 1996-2
      11                            .dwattr $C$DW$CU, DW_AT_TI_version(0x01)
      12                            .dwattr $C$DW$CU, DW_AT_comp_dir("H:\EECS_388\TI_ARM_Projects\Program_Blinky\Debug")
      13                    
      14                    $C$DW$1 .dwtag  DW_TAG_subprogram
      15                            .dwattr $C$DW$1, DW_AT_name("SysCtlClockSet")
      16                            .dwattr $C$DW$1, DW_AT_TI_symbol_name("SysCtlClockSet")
      17                            .dwattr $C$DW$1, DW_AT_declaration
      18                            .dwattr $C$DW$1, DW_AT_external
      19                            .dwattr $C$DW$1, DW_AT_decl_file("C:/TI_CodeComposer/StellarisWare-LM3S1968/driverlib/sysctl.h
      20                            .dwattr $C$DW$1, DW_AT_decl_line(0x267)
      21                            .dwattr $C$DW$1, DW_AT_decl_column(0x0d)
      22                    $C$DW$2 .dwtag  DW_TAG_formal_parameter
      23                            .dwattr $C$DW$2, DW_AT_type(*$C$DW$T$13)
      24                    
      25                            .dwendtag $C$DW$1
      26                    
      27                    
      28                    $C$DW$3 .dwtag  DW_TAG_subprogram
      29                            .dwattr $C$DW$3, DW_AT_name("SysCtlClockGet")
      30                            .dwattr $C$DW$3, DW_AT_TI_symbol_name("SysCtlClockGet")
      31                            .dwattr $C$DW$3, DW_AT_type(*$C$DW$T$13)
      32                            .dwattr $C$DW$3, DW_AT_declaration
      33                            .dwattr $C$DW$3, DW_AT_external
      34                            .dwattr $C$DW$3, DW_AT_decl_file("C:/TI_CodeComposer/StellarisWare-LM3S1968/driverlib/sysctl.h
      35                            .dwattr $C$DW$3, DW_AT_decl_line(0x268)
      36                            .dwattr $C$DW$3, DW_AT_decl_column(0x16)
      37                            .dwendtag $C$DW$3
      38                    
      39                    
      40                    $C$DW$4 .dwtag  DW_TAG_subprogram
      41                            .dwattr $C$DW$4, DW_AT_name("SysTickEnable")
      42                            .dwattr $C$DW$4, DW_AT_TI_symbol_name("SysTickEnable")
      43                            .dwattr $C$DW$4, DW_AT_declaration
      44                            .dwattr $C$DW$4, DW_AT_external
      45                            .dwattr $C$DW$4, DW_AT_decl_file("C:/TI_CodeComposer/StellarisWare-LM3S1968/driverlib/systick.
      46                            .dwattr $C$DW$4, DW_AT_decl_line(0x3b)
      47                            .dwattr $C$DW$4, DW_AT_decl_column(0x0d)
      48                            .dwendtag $C$DW$4
      49                    
      50                    
      51                    $C$DW$5 .dwtag  DW_TAG_subprogram
      52                            .dwattr $C$DW$5, DW_AT_name("SysTickIntEnable")
      53                            .dwattr $C$DW$5, DW_AT_TI_symbol_name("SysTickIntEnable")
      54                            .dwattr $C$DW$5, DW_AT_declaration
      55                            .dwattr $C$DW$5, DW_AT_external
TI ARM Assembler PC v15.12.1 Mon Nov 07 14:34:22 2016

Tools Copyright (c) 1996-2015 Texas Instruments Incorporated
Program_Blinky.asm                                                   PAGE    2

      56                            .dwattr $C$DW$5, DW_AT_decl_file("C:/TI_CodeComposer/StellarisWare-LM3S1968/driverlib/systick.
      57                            .dwattr $C$DW$5, DW_AT_decl_line(0x3f)
      58                            .dwattr $C$DW$5, DW_AT_decl_column(0x0d)
      59                            .dwendtag $C$DW$5
      60                    
      61                    
      62                    $C$DW$6 .dwtag  DW_TAG_subprogram
      63                            .dwattr $C$DW$6, DW_AT_name("SysTickPeriodSet")
      64                            .dwattr $C$DW$6, DW_AT_TI_symbol_name("SysTickPeriodSet")
      65                            .dwattr $C$DW$6, DW_AT_declaration
      66                            .dwattr $C$DW$6, DW_AT_external
      67                            .dwattr $C$DW$6, DW_AT_decl_file("C:/TI_CodeComposer/StellarisWare-LM3S1968/driverlib/systick.
      68                            .dwattr $C$DW$6, DW_AT_decl_line(0x41)
      69                            .dwattr $C$DW$6, DW_AT_decl_column(0x0d)
      70                    $C$DW$7 .dwtag  DW_TAG_formal_parameter
      71                            .dwattr $C$DW$7, DW_AT_type(*$C$DW$T$13)
      72                    
      73                            .dwendtag $C$DW$6
      74                    
      75                    
      76                    $C$DW$8 .dwtag  DW_TAG_subprogram
      77                            .dwattr $C$DW$8, DW_AT_name("RIT128x96x4StringDraw")
      78                            .dwattr $C$DW$8, DW_AT_TI_symbol_name("RIT128x96x4StringDraw")
      79                            .dwattr $C$DW$8, DW_AT_declaration
      80                            .dwattr $C$DW$8, DW_AT_external
      81                            .dwattr $C$DW$8, DW_AT_decl_file("..\Drivers/rit128x96x4.h")
      82                            .dwattr $C$DW$8, DW_AT_decl_line(0x23)
      83                            .dwattr $C$DW$8, DW_AT_decl_column(0x0d)
      84                    $C$DW$9 .dwtag  DW_TAG_formal_parameter
      85                            .dwattr $C$DW$9, DW_AT_type(*$C$DW$T$29)
      86                    
      87                    $C$DW$10        .dwtag  DW_TAG_formal_parameter
      88                            .dwattr $C$DW$10, DW_AT_type(*$C$DW$T$13)
      89                    
      90                    $C$DW$11        .dwtag  DW_TAG_formal_parameter
      91                            .dwattr $C$DW$11, DW_AT_type(*$C$DW$T$13)
      92                    
      93                    $C$DW$12        .dwtag  DW_TAG_formal_parameter
      94                            .dwattr $C$DW$12, DW_AT_type(*$C$DW$T$6)
      95                    
      96                            .dwendtag $C$DW$8
      97                    
      98                    
      99                    $C$DW$13        .dwtag  DW_TAG_subprogram
     100                            .dwattr $C$DW$13, DW_AT_name("RIT128x96x4Init")
     101                            .dwattr $C$DW$13, DW_AT_TI_symbol_name("RIT128x96x4Init")
     102                            .dwattr $C$DW$13, DW_AT_declaration
     103                            .dwattr $C$DW$13, DW_AT_external
     104                            .dwattr $C$DW$13, DW_AT_decl_file("..\Drivers/rit128x96x4.h")
     105                            .dwattr $C$DW$13, DW_AT_decl_line(0x2c)
     106                            .dwattr $C$DW$13, DW_AT_decl_column(0x0d)
     107                    $C$DW$14        .dwtag  DW_TAG_formal_parameter
     108                            .dwattr $C$DW$14, DW_AT_type(*$C$DW$T$13)
     109                    
     110                            .dwendtag $C$DW$13
TI ARM Assembler PC v15.12.1 Mon Nov 07 14:34:22 2016

Tools Copyright (c) 1996-2015 Texas Instruments Incorporated
Program_Blinky.asm                                                   PAGE    3

     111                    
     112                    
     113                    $C$DW$15        .dwtag  DW_TAG_subprogram
     114                            .dwattr $C$DW$15, DW_AT_name("Trivial")
     115                            .dwattr $C$DW$15, DW_AT_TI_symbol_name("Trivial")
     116                            .dwattr $C$DW$15, DW_AT_declaration
     117                            .dwattr $C$DW$15, DW_AT_external
     118                            .dwattr $C$DW$15, DW_AT_decl_file("../Program_Blinky.c")
     119                            .dwattr $C$DW$15, DW_AT_decl_line(0x4b)
     120                            .dwattr $C$DW$15, DW_AT_decl_column(0x0d)
     121                            .dwendtag $C$DW$15
     122                    
     123                            .global g_ulSystemClock
     124                            .common g_ulSystemClock,4,4
     125                    $C$DW$16        .dwtag  DW_TAG_variable
     126                            .dwattr $C$DW$16, DW_AT_name("g_ulSystemClock")
     127                            .dwattr $C$DW$16, DW_AT_TI_symbol_name("g_ulSystemClock")
     128                            .dwattr $C$DW$16, DW_AT_location[DW_OP_addr g_ulSystemClock]
     129                            .dwattr $C$DW$16, DW_AT_type(*$C$DW$T$53)
     130                            .dwattr $C$DW$16, DW_AT_external
     131                            .dwattr $C$DW$16, DW_AT_decl_file("../Program_Blinky.c")
     132                            .dwattr $C$DW$16, DW_AT_decl_line(0x36)
     133                            .dwattr $C$DW$16, DW_AT_decl_column(0x0a)
     134                    
     135                            .global SysTickFrequency_Nbr
     136 00000000                   .data
     137                            .align  4
     138                            .elfsym SysTickFrequency_Nbr,SYM_SIZE(4)
     139 00000000           SysTickFrequency_Nbr:
     140 00000000 00002710          .bits   10000,32                        ; SysTickFrequency_Nbr @ 0
     141                    
     142                    $C$DW$17        .dwtag  DW_TAG_variable
     143                            .dwattr $C$DW$17, DW_AT_name("SysTickFrequency_Nbr")
     144                            .dwattr $C$DW$17, DW_AT_TI_symbol_name("SysTickFrequency_Nbr")
     145                            .dwattr $C$DW$17, DW_AT_location[DW_OP_addr SysTickFrequency_Nbr]
     146                            .dwattr $C$DW$17, DW_AT_type(*$C$DW$T$53)
     147                            .dwattr $C$DW$17, DW_AT_external
     148                            .dwattr $C$DW$17, DW_AT_decl_file("../Program_Blinky.c")
     149                            .dwattr $C$DW$17, DW_AT_decl_line(0x41)
     150                            .dwattr $C$DW$17, DW_AT_decl_column(0x14)
     151                    
     152                            .global SysTickCount_Nbr
     153 00000004                   .data
     154                            .align  4
     155                            .elfsym SysTickCount_Nbr,SYM_SIZE(4)
     156 00000004           SysTickCount_Nbr:
     157 00000004 00000000          .bits   0,32                    ; SysTickCount_Nbr @ 0
     158                    
     159                    $C$DW$18        .dwtag  DW_TAG_variable
     160                            .dwattr $C$DW$18, DW_AT_name("SysTickCount_Nbr")
     161                            .dwattr $C$DW$18, DW_AT_TI_symbol_name("SysTickCount_Nbr")
     162                            .dwattr $C$DW$18, DW_AT_location[DW_OP_addr SysTickCount_Nbr]
     163                            .dwattr $C$DW$18, DW_AT_type(*$C$DW$T$54)
     164                            .dwattr $C$DW$18, DW_AT_external
     165                            .dwattr $C$DW$18, DW_AT_decl_file("../Program_Blinky.c")
TI ARM Assembler PC v15.12.1 Mon Nov 07 14:34:22 2016

Tools Copyright (c) 1996-2015 Texas Instruments Incorporated
Program_Blinky.asm                                                   PAGE    4

     166                            .dwattr $C$DW$18, DW_AT_decl_line(0x42)
     167                            .dwattr $C$DW$18, DW_AT_decl_column(0x1b)
     168                    
     169                            .global OLED_Initialized
     170 00000008                   .data
     171                            .align  1
     172                            .elfsym OLED_Initialized,SYM_SIZE(1)
     173 00000008           OLED_Initialized:
     174 00000008 00000000          .bits   0,8                     ; OLED_Initialized @ 0
     175                    
     176                    $C$DW$19        .dwtag  DW_TAG_variable
     177                            .dwattr $C$DW$19, DW_AT_name("OLED_Initialized")
     178                            .dwattr $C$DW$19, DW_AT_TI_symbol_name("OLED_Initialized")
     179                            .dwattr $C$DW$19, DW_AT_location[DW_OP_addr OLED_Initialized]
     180                            .dwattr $C$DW$19, DW_AT_type(*$C$DW$T$73)
     181                            .dwattr $C$DW$19, DW_AT_external
     182                            .dwattr $C$DW$19, DW_AT_decl_file("../Program_Blinky.c")
     183                            .dwattr $C$DW$19, DW_AT_decl_line(0x62)
     184                            .dwattr $C$DW$19, DW_AT_decl_column(0x06)
     185                    
     186                    ;       C:\TI_CodeComposer\ccsv6\tools\compiler\ti-cgt-arm_15.12.1.LTS\bin\armacpia.exe -@C:\\Users\\a
     187 00000000                   .sect   ".text"
     188                            .clink
     189                            .thumbfunc SysTickIntHandler
     190 00000000                   .thumb
     191                            .global SysTickIntHandler
     192                    
     193                    $C$DW$20        .dwtag  DW_TAG_subprogram
     194                            .dwattr $C$DW$20, DW_AT_name("SysTickIntHandler")
     195                            .dwattr $C$DW$20, DW_AT_low_pc(SysTickIntHandler)
     196                            .dwattr $C$DW$20, DW_AT_high_pc(0x00)
     197                            .dwattr $C$DW$20, DW_AT_TI_symbol_name("SysTickIntHandler")
     198                            .dwattr $C$DW$20, DW_AT_external
     199                            .dwattr $C$DW$20, DW_AT_TI_begin_file("../Program_Blinky.c")
     200                            .dwattr $C$DW$20, DW_AT_TI_begin_line(0x52)
     201                            .dwattr $C$DW$20, DW_AT_TI_begin_column(0x0d)
     202                            .dwattr $C$DW$20, DW_AT_decl_file("../Program_Blinky.c")
     203                            .dwattr $C$DW$20, DW_AT_decl_line(0x52)
     204                            .dwattr $C$DW$20, DW_AT_decl_column(0x0d)
     205                            .dwattr $C$DW$20, DW_AT_TI_max_frame_size(0x00)
     206                            .dwpsn  file "../Program_Blinky.c",line 82,column 37,is_stmt,address SysTickIntHandler,isa 1
     207                    
     208                            .dwfde $C$DW$CIE, SysTickIntHandler
     209                    
     210                    ;*****************************************************************************
     211                    ;* FUNCTION NAME: SysTickIntHandler                                          *
     212                    ;*                                                                           *
     213                    ;*   Regs Modified     : A1,A2,SR                                            *
     214                    ;*   Regs Used         : A1,A2,LR,SR                                         *
     215                    ;*   Local Frame Size  : 0 Args + 0 Auto + 0 Save = 0 byte                   *
     216                    ;*****************************************************************************
     217 00000000           SysTickIntHandler:
     218                    ;* --------------------------------------------------------------------------*
     219                            .dwcfi  cfa_offset, 0
     220                            .dwpsn  file "../Program_Blinky.c",line 88,column 2,is_stmt,isa 1
TI ARM Assembler PC v15.12.1 Mon Nov 07 14:34:22 2016

Tools Copyright (c) 1996-2015 Texas Instruments Incorporated
Program_Blinky.asm                                                   PAGE    5

     221 00000000 4919              LDR       A2, $C$CON1           ; [DPU_3_PIPE] |88|  ; [ORIG 16-BIT INS]
     222 00000002 6808              LDR       A1, [A2, #0]          ; [DPU_3_PIPE] |88|  ; [ORIG 16-BIT INS]
     223 00000004 1C40              ADDS      A1, A1, #1            ; [DPU_3_PIPE] |88|  ; [ORIG 16-BIT INS]
     224 00000006 6008              STR       A1, [A2, #0]          ; [DPU_3_PIPE] |88|  ; [ORIG 16-BIT INS]
     225                            .dwpsn  file "../Program_Blinky.c",line 90,column 1,is_stmt,isa 1
     226                    $C$DW$21        .dwtag  DW_TAG_TI_branch
     227                            .dwattr $C$DW$21, DW_AT_low_pc(0x00)
     228                            .dwattr $C$DW$21, DW_AT_TI_return
     229                    
     230 00000008 4770              BX        LR                    ; [DPU_3_PIPE]  ; [ORIG 16-BIT INS]
     231                            ; BRANCH OCCURS                  ; [] 
     232                            .dwattr $C$DW$20, DW_AT_TI_end_file("../Program_Blinky.c")
     233                            .dwattr $C$DW$20, DW_AT_TI_end_line(0x5a)
     234                            .dwattr $C$DW$20, DW_AT_TI_end_column(0x01)
     235                            .dwendentry
     236                            .dwendtag $C$DW$20
     237                    
     238 0000000a                   .sect   ".text"
     239                            .clink
     240                            .thumbfunc Initialize_OLED
     241 0000000a                   .thumb
     242                            .global Initialize_OLED
     243                    
     244                    $C$DW$22        .dwtag  DW_TAG_subprogram
     245                            .dwattr $C$DW$22, DW_AT_name("Initialize_OLED")
     246                            .dwattr $C$DW$22, DW_AT_low_pc(Initialize_OLED)
     247                            .dwattr $C$DW$22, DW_AT_high_pc(0x00)
     248                            .dwattr $C$DW$22, DW_AT_TI_symbol_name("Initialize_OLED")
     249                            .dwattr $C$DW$22, DW_AT_external
     250                            .dwattr $C$DW$22, DW_AT_TI_begin_file("../Program_Blinky.c")
     251                            .dwattr $C$DW$22, DW_AT_TI_begin_line(0x64)
     252                            .dwattr $C$DW$22, DW_AT_TI_begin_column(0x0d)
     253                            .dwattr $C$DW$22, DW_AT_decl_file("../Program_Blinky.c")
     254                            .dwattr $C$DW$22, DW_AT_decl_line(0x64)
     255                            .dwattr $C$DW$22, DW_AT_decl_column(0x0d)
     256                            .dwattr $C$DW$22, DW_AT_TI_max_frame_size(0x08)
     257                            .dwpsn  file "../Program_Blinky.c",line 100,column 31,is_stmt,address Initialize_OLED,isa 1
     258                    
     259                            .dwfde $C$DW$CIE, Initialize_OLED
     260                    
     261                    ;*****************************************************************************
     262                    ;* FUNCTION NAME: Initialize_OLED                                            *
     263                    ;*                                                                           *
     264                    ;*   Regs Modified     : A1,A2,A3,A4,V9,SP,LR,SR                             *
     265                    ;*   Regs Used         : A1,A2,A3,A4,V9,SP,LR,SR                             *
     266                    ;*   Local Frame Size  : 0 Args + 0 Auto + 4 Save = 4 byte                   *
     267                    ;*****************************************************************************
     268 0000000a           Initialize_OLED:
     269                    ;* --------------------------------------------------------------------------*
     270                            .dwcfi  cfa_offset, 0
     271 0000000a B508              PUSH      {A4, LR}              ; [DPU_3_PIPE]  ; [ORIG 16-BIT INS]
     272                            .dwcfi  cfa_offset, 8
     273                            .dwcfi  save_reg_to_mem, 14, -4
     274                            .dwcfi  save_reg_to_mem, 3, -8
     275                            .dwpsn  file "../Program_Blinky.c",line 102,column 2,is_stmt,isa 1
TI ARM Assembler PC v15.12.1 Mon Nov 07 14:34:22 2016

Tools Copyright (c) 1996-2015 Texas Instruments Incorporated
Program_Blinky.asm                                                   PAGE    6

     276 0000000c 4817              LDR       A1, $C$CON2           ; [DPU_3_PIPE] |102|  ; [ORIG 16-BIT INS]
     277 0000000e 7800              LDRB      A1, [A1, #0]          ; [DPU_3_PIPE] |102|  ; [ORIG 16-BIT INS]
     278 00000010 B958              CBNZ      A1, ||$C$L1||         ; []  ; [ORIG 16-BIT INS]
     279                            ; BRANCHCC OCCURS {||$C$L1||}    ; [] |102| 
     280                    ;* --------------------------------------------------------------------------*
     281                            .dwpsn  file "../Program_Blinky.c",line 106,column 3,is_stmt,isa 1
     282 00000012 4817              LDR       A1, $C$CON3           ; [DPU_3_PIPE] |106|  ; [ORIG 16-BIT INS]
     283                    $C$DW$23        .dwtag  DW_TAG_TI_branch
     284                            .dwattr $C$DW$23, DW_AT_low_pc(0x00)
     285                            .dwattr $C$DW$23, DW_AT_name("RIT128x96x4Init")
     286                            .dwattr $C$DW$23, DW_AT_TI_call
     287                    
     288 00000014 FFFEF7FF!         BL        RIT128x96x4Init       ; [DPU_3_PIPE] |106|  ; [KEEP 32-BIT INS]
     289                            ; CALL OCCURS {RIT128x96x4Init }  ; [] |106| 
     290                            .dwpsn  file "../Program_Blinky.c",line 107,column 3,is_stmt,isa 1
     291 00000018 A010              ADR       A1, $C$SL1            ; [DPU_3_PIPE] |107|  ; [ORIG 16-BIT INS]
     292 0000001a 2124              MOVS      A2, #36               ; [DPU_3_PIPE] |107|  ; [ORIG 16-BIT INS]
     293 0000001c 2200              MOVS      A3, #0                ; [DPU_3_PIPE] |107|  ; [ORIG 16-BIT INS]
     294 0000001e 2308              MOVS      A4, #8                ; [DPU_3_PIPE] |107|  ; [ORIG 16-BIT INS]
     295                    $C$DW$24        .dwtag  DW_TAG_TI_branch
     296                            .dwattr $C$DW$24, DW_AT_low_pc(0x00)
     297                            .dwattr $C$DW$24, DW_AT_name("RIT128x96x4StringDraw")
     298                            .dwattr $C$DW$24, DW_AT_TI_call
     299                    
     300 00000020 FFFEF7FF!         BL        RIT128x96x4StringDraw ; [DPU_3_PIPE] |107|  ; [KEEP 32-BIT INS]
     301                            ; CALL OCCURS {RIT128x96x4StringDraw }  ; [] |107| 
     302                            .dwpsn  file "../Program_Blinky.c",line 109,column 3,is_stmt,isa 1
     303 00000024 4911              LDR       A2, $C$CON2           ; [DPU_3_PIPE] |109|  ; [ORIG 16-BIT INS]
     304 00000026 2001              MOVS      A1, #1                ; [DPU_3_PIPE] |109|  ; [ORIG 16-BIT INS]
     305 00000028 7008              STRB      A1, [A2, #0]          ; [DPU_3_PIPE] |109|  ; [ORIG 16-BIT INS]
     306                            .dwpsn  file "../Program_Blinky.c",line 112,column 1,is_stmt,isa 1
     307                    ;* --------------------------------------------------------------------------*
     308                    ||$C$L1||:    
     309                    $C$DW$25        .dwtag  DW_TAG_TI_branch
     310                            .dwattr $C$DW$25, DW_AT_low_pc(0x00)
     311                            .dwattr $C$DW$25, DW_AT_TI_return
     312                    
     313 0000002a BD08              POP       {A4, PC}              ; [DPU_3_PIPE]  ; [ORIG 16-BIT INS]
     314                            .dwcfi  cfa_offset, 0
     315                            ; BRANCH OCCURS                  ; [] 
     316                            .dwattr $C$DW$22, DW_AT_TI_end_file("../Program_Blinky.c")
     317                            .dwattr $C$DW$22, DW_AT_TI_end_line(0x70)
     318                            .dwattr $C$DW$22, DW_AT_TI_end_column(0x01)
     319                            .dwendentry
     320                            .dwendtag $C$DW$22
     321                    
     322 0000002c                   .sect   ".text"
     323                            .clink
     324                            .thumbfunc main
     325 0000002c                   .thumb
     326                            .global main
     327                    
     328                    $C$DW$26        .dwtag  DW_TAG_subprogram
     329                            .dwattr $C$DW$26, DW_AT_name("main")
     330                            .dwattr $C$DW$26, DW_AT_low_pc(main)
TI ARM Assembler PC v15.12.1 Mon Nov 07 14:34:22 2016

Tools Copyright (c) 1996-2015 Texas Instruments Incorporated
Program_Blinky.asm                                                   PAGE    7

     331                            .dwattr $C$DW$26, DW_AT_high_pc(0x00)
     332                            .dwattr $C$DW$26, DW_AT_TI_symbol_name("main")
     333                            .dwattr $C$DW$26, DW_AT_external
     334                            .dwattr $C$DW$26, DW_AT_type(*$C$DW$T$10)
     335                            .dwattr $C$DW$26, DW_AT_TI_begin_file("../Program_Blinky.c")
     336                            .dwattr $C$DW$26, DW_AT_TI_begin_line(0x7a)
     337                            .dwattr $C$DW$26, DW_AT_TI_begin_column(0x05)
     338                            .dwattr $C$DW$26, DW_AT_decl_file("../Program_Blinky.c")
     339                            .dwattr $C$DW$26, DW_AT_decl_line(0x7a)
     340                            .dwattr $C$DW$26, DW_AT_decl_column(0x05)
     341                            .dwattr $C$DW$26, DW_AT_TI_max_frame_size(0x08)
     342                            .dwpsn  file "../Program_Blinky.c",line 122,column 19,is_stmt,address main,isa 1
     343                    
     344                            .dwfde $C$DW$CIE, main
     345                    
     346                    ;*****************************************************************************
     347                    ;* FUNCTION NAME: main                                                       *
     348                    ;*                                                                           *
     349                    ;*   Regs Modified     : A1,A2,A3,A4,V9,SP,LR,SR                             *
     350                    ;*   Regs Used         : A1,A2,A3,A4,V9,SP,LR,SR                             *
     351                    ;*   Local Frame Size  : 0 Args + 0 Auto + 4 Save = 4 byte                   *
     352                    ;*****************************************************************************
     353 0000002c           main:
     354                    ;* --------------------------------------------------------------------------*
     355                            .dwcfi  cfa_offset, 0
     356 0000002c B508              PUSH      {A4, LR}              ; [DPU_3_PIPE]  ; [ORIG 16-BIT INS]
     357                            .dwcfi  cfa_offset, 8
     358                            .dwcfi  save_reg_to_mem, 14, -4
     359                            .dwcfi  save_reg_to_mem, 3, -8
     360                            .dwpsn  file "../Program_Blinky.c",line 127,column 5,is_stmt,isa 1
     361 0000002e 4811              LDR       A1, $C$CON4           ; [DPU_3_PIPE] |127|  ; [ORIG 16-BIT INS]
     362                    $C$DW$27        .dwtag  DW_TAG_TI_branch
     363                            .dwattr $C$DW$27, DW_AT_low_pc(0x00)
     364                            .dwattr $C$DW$27, DW_AT_name("SysCtlClockSet")
     365                            .dwattr $C$DW$27, DW_AT_TI_call
     366                    
     367 00000030 FFFEF7FF!         BL        SysCtlClockSet        ; [DPU_3_PIPE] |127|  ; [KEEP 32-BIT INS]
     368                            ; CALL OCCURS {SysCtlClockSet }  ; [] |127| 
     369                            .dwpsn  file "../Program_Blinky.c",line 133,column 2,is_stmt,isa 1
     370                    $C$DW$28        .dwtag  DW_TAG_TI_branch
     371                            .dwattr $C$DW$28, DW_AT_low_pc(0x00)
     372                            .dwattr $C$DW$28, DW_AT_name("SysCtlClockGet")
     373                            .dwattr $C$DW$28, DW_AT_TI_call
     374                    
     375 00000034 FFFEF7FF!         BL        SysCtlClockGet        ; [DPU_3_PIPE] |133|  ; [KEEP 32-BIT INS]
     376                            ; CALL OCCURS {SysCtlClockGet }  ; [] |133| 
     377 00000038 490F              LDR       A2, $C$CON5           ; [DPU_3_PIPE] |133|  ; [ORIG 16-BIT INS]
     378 0000003a 6008              STR       A1, [A2, #0]          ; [DPU_3_PIPE] |133|  ; [ORIG 16-BIT INS]
     379                            .dwpsn  file "../Program_Blinky.c",line 138,column 5,is_stmt,isa 1
     380 0000003c 480F              LDR       A1, $C$CON6           ; [DPU_3_PIPE] |138|  ; [ORIG 16-BIT INS]
     381 0000003e 490E              LDR       A2, $C$CON5           ; [DPU_3_PIPE] |138|  ; [ORIG 16-BIT INS]
     382 00000040 6800              LDR       A1, [A1, #0]          ; [DPU_3_PIPE] |138|  ; [ORIG 16-BIT INS]
     383 00000042 6809              LDR       A2, [A2, #0]          ; [DPU_3_PIPE] |138|  ; [ORIG 16-BIT INS]
     384 00000044 F0F0FBB1          UDIV      A1, A2, A1            ; [DPU_3_PIPE] |138|  ; [KEEP 32-BIT INS]
     385                    $C$DW$29        .dwtag  DW_TAG_TI_branch
TI ARM Assembler PC v15.12.1 Mon Nov 07 14:34:22 2016

Tools Copyright (c) 1996-2015 Texas Instruments Incorporated
Program_Blinky.asm                                                   PAGE    8

     386                            .dwattr $C$DW$29, DW_AT_low_pc(0x00)
     387                            .dwattr $C$DW$29, DW_AT_name("SysTickPeriodSet")
     388                            .dwattr $C$DW$29, DW_AT_TI_call
     389                    
     390 00000048 FFFEF7FF!         BL        SysTickPeriodSet      ; [DPU_3_PIPE] |138|  ; [KEEP 32-BIT INS]
     391                            ; CALL OCCURS {SysTickPeriodSet }  ; [] |138| 
     392                            .dwpsn  file "../Program_Blinky.c",line 139,column 5,is_stmt,isa 1
     393                    $C$DW$30        .dwtag  DW_TAG_TI_branch
     394                            .dwattr $C$DW$30, DW_AT_low_pc(0x00)
     395                            .dwattr $C$DW$30, DW_AT_name("SysTickIntEnable")
     396                            .dwattr $C$DW$30, DW_AT_TI_call
     397                    
     398 0000004c FFFEF7FF!         BL        SysTickIntEnable      ; [DPU_3_PIPE] |139|  ; [KEEP 32-BIT INS]
     399                            ; CALL OCCURS {SysTickIntEnable }  ; [] |139| 
     400                            .dwpsn  file "../Program_Blinky.c",line 140,column 5,is_stmt,isa 1
     401                    $C$DW$31        .dwtag  DW_TAG_TI_branch
     402                            .dwattr $C$DW$31, DW_AT_low_pc(0x00)
     403                            .dwattr $C$DW$31, DW_AT_name("SysTickEnable")
     404                            .dwattr $C$DW$31, DW_AT_TI_call
     405                    
     406 00000050 FFFEF7FF!         BL        SysTickEnable         ; [DPU_3_PIPE] |140|  ; [KEEP 32-BIT INS]
     407                            ; CALL OCCURS {SysTickEnable }   ; [] |140| 
     408                            .dwpsn  file "../Program_Blinky.c",line 146,column 13,is_stmt,isa 1
     409                    ;* --------------------------------------------------------------------------*
     410                    ;*   BEGIN LOOP ||$C$L2||
     411                    ;*
     412                    ;*   Loop source line                : 146
     413                    ;*   Loop closing brace source line  : 151
     414                    ;*   Known Minimum Trip Count        : 1
     415                    ;*   Known Maximum Trip Count        : 4294967295
     416                    ;*   Known Max Trip Count Factor     : 1
     417                    ;* --------------------------------------------------------------------------*
     418 00000054           ||$C$L2||:    
     419                            .dwpsn  file "../Program_Blinky.c",line 150,column 6,is_stmt,isa 1
     420                    $C$DW$32        .dwtag  DW_TAG_TI_branch
     421                            .dwattr $C$DW$32, DW_AT_low_pc(0x00)
     422                            .dwattr $C$DW$32, DW_AT_name("Trivial")
     423                            .dwattr $C$DW$32, DW_AT_TI_call
     424                    
     425 00000054 FFFEF7FF!         BL        Trivial               ; [DPU_3_PIPE] |150|  ; [KEEP 32-BIT INS]
     426                            ; CALL OCCURS {Trivial }         ; [] |150| 
     427                            .dwpsn  file "../Program_Blinky.c",line 146,column 13,is_stmt,isa 1
     428 00000058 E7FC              B         ||$C$L2||             ; [DPU_3_PIPE] |146|  ; [ORIG 16-BIT INS]
     429                            ; BRANCH OCCURS {||$C$L2||}      ; [] |146| 
     430                    ;* --------------------------------------------------------------------------*
     431                            .dwattr $C$DW$26, DW_AT_TI_end_file("../Program_Blinky.c")
     432                            .dwattr $C$DW$26, DW_AT_TI_end_line(0x99)
     433                            .dwattr $C$DW$26, DW_AT_TI_end_column(0x01)
     434                            .dwendentry
     435                            .dwendtag $C$DW$26
     436                    
     437                    ;******************************************************************************
     438                    ;* STRINGS                                                                    *
     439                    ;******************************************************************************
     440 0000005a                   .sect   ".text"
TI ARM Assembler PC v15.12.1 Mon Nov 07 14:34:22 2016

Tools Copyright (c) 1996-2015 Texas Instruments Incorporated
Program_Blinky.asm                                                   PAGE    9

     441                            .align  4
     442 0000005c 47        ||$C$SL1||:     .string "GSM_Blinky",0
         0000005d 53       
         0000005e 4D       
         0000005f 5F       
         00000060 42       
         00000061 6C       
         00000062 69       
         00000063 6E       
         00000064 6B       
         00000065 79       
         00000066 00       
     443                    ;******************************************************************************
     444                    ;* CONSTANT TABLE                                                             *
     445                    ;******************************************************************************
     446 00000067                   .sect   ".text"
     447                            .align  4
     448 00000066 0000C000! ||$C$CON1||:    .bits   SysTickCount_Nbr,32
         0000006a 00000000 
     449                            .align  4
     450 0000006a 00000000! ||$C$CON2||:    .bits   OLED_Initialized,32
         0000006e 00000000 
     451                            .align  4
     452 0000006e 42400000  ||$C$CON3||:    .bits   1000000,32
         00000072 0000000F 
     453                            .align  4
     454 00000072 0380000F  ||$C$CON4||:    .bits   29361024,32
         00000076 000001C0 
     455                            .align  4
     456 00000076 000001C0! ||$C$CON5||:    .bits   g_ulSystemClock,32
         0000007a 00000000 
     457                            .align  4
     458 0000007a 00000000! ||$C$CON6||:    .bits   SysTickFrequency_Nbr,32
         0000007e 00000000 
     459                    ;*****************************************************************************
     460                    ;* UNDEFINED EXTERNAL REFERENCES                                             *
     461                    ;*****************************************************************************
     462                            .global SysCtlClockSet
     463                            .global SysCtlClockGet
     464                            .global SysTickEnable
     465                            .global SysTickIntEnable
     466                            .global SysTickPeriodSet
     467                            .global RIT128x96x4StringDraw
     468                            .global RIT128x96x4Init
     469                            .global Trivial
     470                    
     471                    ;******************************************************************************
     472                    ;* BUILD ATTRIBUTES                                                           *
     473                    ;******************************************************************************
     474                            .battr "aeabi", Tag_File, 1, Tag_ABI_PCS_wchar_t(2)
     475                            .battr "aeabi", Tag_File, 1, Tag_ABI_FP_rounding(0)
     476                            .battr "aeabi", Tag_File, 1, Tag_ABI_FP_denormal(0)
     477                            .battr "aeabi", Tag_File, 1, Tag_ABI_FP_exceptions(0)
     478                            .battr "aeabi", Tag_File, 1, Tag_ABI_FP_number_model(1)
     479                            .battr "aeabi", Tag_File, 1, Tag_ABI_enum_size(0)
TI ARM Assembler PC v15.12.1 Mon Nov 07 14:34:22 2016

Tools Copyright (c) 1996-2015 Texas Instruments Incorporated
Program_Blinky.asm                                                   PAGE   10

     480                            .battr "aeabi", Tag_File, 1, Tag_ABI_optimization_goals(5)
     481                            .battr "aeabi", Tag_File, 1, Tag_ABI_FP_optimization_goals(0)
     482                            .battr "TI", Tag_File, 1, Tag_Bitfield_layout(2)
     483                            .battr "TI", Tag_File, 1, Tag_FP_interface(1)
     484                    
     485                    ;******************************************************************************
     486                    ;* TYPE INFORMATION                                                           *
     487                    ;******************************************************************************
     488                    
     489                    $C$DW$T$20      .dwtag  DW_TAG_structure_type
     490                            .dwattr $C$DW$T$20, DW_AT_byte_size(0x18)
     491                    $C$DW$33        .dwtag  DW_TAG_member
     492                            .dwattr $C$DW$33, DW_AT_type(*$C$DW$T$10)
     493                            .dwattr $C$DW$33, DW_AT_name("fd")
     494                            .dwattr $C$DW$33, DW_AT_TI_symbol_name("fd")
     495                            .dwattr $C$DW$33, DW_AT_data_member_location[DW_OP_plus_uconst 0x0]
     496                            .dwattr $C$DW$33, DW_AT_accessibility(DW_ACCESS_public)
     497                            .dwattr $C$DW$33, DW_AT_decl_file("C:/TI_CodeComposer/ccsv6/tools/compiler/ti-cgt-arm_15.12.1.
     498                            .dwattr $C$DW$33, DW_AT_decl_line(0x5c)
     499                            .dwattr $C$DW$33, DW_AT_decl_column(0x0b)
     500                    
     501                    $C$DW$34        .dwtag  DW_TAG_member
     502                            .dwattr $C$DW$34, DW_AT_type(*$C$DW$T$19)
     503                            .dwattr $C$DW$34, DW_AT_name("buf")
     504                            .dwattr $C$DW$34, DW_AT_TI_symbol_name("buf")
     505                            .dwattr $C$DW$34, DW_AT_data_member_location[DW_OP_plus_uconst 0x4]
     506                            .dwattr $C$DW$34, DW_AT_accessibility(DW_ACCESS_public)
     507                            .dwattr $C$DW$34, DW_AT_decl_file("C:/TI_CodeComposer/ccsv6/tools/compiler/ti-cgt-arm_15.12.1.
     508                            .dwattr $C$DW$34, DW_AT_decl_line(0x5d)
     509                            .dwattr $C$DW$34, DW_AT_decl_column(0x16)
     510                    
     511                    $C$DW$35        .dwtag  DW_TAG_member
     512                            .dwattr $C$DW$35, DW_AT_type(*$C$DW$T$19)
     513                            .dwattr $C$DW$35, DW_AT_name("pos")
     514                            .dwattr $C$DW$35, DW_AT_TI_symbol_name("pos")
     515                            .dwattr $C$DW$35, DW_AT_data_member_location[DW_OP_plus_uconst 0x8]
     516                            .dwattr $C$DW$35, DW_AT_accessibility(DW_ACCESS_public)
     517                            .dwattr $C$DW$35, DW_AT_decl_file("C:/TI_CodeComposer/ccsv6/tools/compiler/ti-cgt-arm_15.12.1.
     518                            .dwattr $C$DW$35, DW_AT_decl_line(0x5e)
     519                            .dwattr $C$DW$35, DW_AT_decl_column(0x16)
     520                    
     521                    $C$DW$36        .dwtag  DW_TAG_member
     522                            .dwattr $C$DW$36, DW_AT_type(*$C$DW$T$19)
     523                            .dwattr $C$DW$36, DW_AT_name("bufend")
     524                            .dwattr $C$DW$36, DW_AT_TI_symbol_name("bufend")
     525                            .dwattr $C$DW$36, DW_AT_data_member_location[DW_OP_plus_uconst 0xc]
     526                            .dwattr $C$DW$36, DW_AT_accessibility(DW_ACCESS_public)
     527                            .dwattr $C$DW$36, DW_AT_decl_file("C:/TI_CodeComposer/ccsv6/tools/compiler/ti-cgt-arm_15.12.1.
     528                            .dwattr $C$DW$36, DW_AT_decl_line(0x5f)
     529                            .dwattr $C$DW$36, DW_AT_decl_column(0x16)
     530                    
     531                    $C$DW$37        .dwtag  DW_TAG_member
     532                            .dwattr $C$DW$37, DW_AT_type(*$C$DW$T$19)
     533                            .dwattr $C$DW$37, DW_AT_name("buff_stop")
     534                            .dwattr $C$DW$37, DW_AT_TI_symbol_name("buff_stop")
TI ARM Assembler PC v15.12.1 Mon Nov 07 14:34:22 2016

Tools Copyright (c) 1996-2015 Texas Instruments Incorporated
Program_Blinky.asm                                                   PAGE   11

     535                            .dwattr $C$DW$37, DW_AT_data_member_location[DW_OP_plus_uconst 0x10]
     536                            .dwattr $C$DW$37, DW_AT_accessibility(DW_ACCESS_public)
     537                            .dwattr $C$DW$37, DW_AT_decl_file("C:/TI_CodeComposer/ccsv6/tools/compiler/ti-cgt-arm_15.12.1.
     538                            .dwattr $C$DW$37, DW_AT_decl_line(0x60)
     539                            .dwattr $C$DW$37, DW_AT_decl_column(0x16)
     540                    
     541                    $C$DW$38        .dwtag  DW_TAG_member
     542                            .dwattr $C$DW$38, DW_AT_type(*$C$DW$T$11)
     543                            .dwattr $C$DW$38, DW_AT_name("flags")
     544                            .dwattr $C$DW$38, DW_AT_TI_symbol_name("flags")
     545                            .dwattr $C$DW$38, DW_AT_data_member_location[DW_OP_plus_uconst 0x14]
     546                            .dwattr $C$DW$38, DW_AT_accessibility(DW_ACCESS_public)
     547                            .dwattr $C$DW$38, DW_AT_decl_file("C:/TI_CodeComposer/ccsv6/tools/compiler/ti-cgt-arm_15.12.1.
     548                            .dwattr $C$DW$38, DW_AT_decl_line(0x61)
     549                            .dwattr $C$DW$38, DW_AT_decl_column(0x16)
     550                    
     551                            .dwattr $C$DW$T$20, DW_AT_decl_file("C:/TI_CodeComposer/ccsv6/tools/compiler/ti-cgt-arm_15.12.
     552                            .dwattr $C$DW$T$20, DW_AT_decl_line(0x5b)
     553                            .dwattr $C$DW$T$20, DW_AT_decl_column(0x10)
     554                            .dwendtag $C$DW$T$20
     555                    
     556                    $C$DW$T$22      .dwtag  DW_TAG_typedef
     557                            .dwattr $C$DW$T$22, DW_AT_name("FILE")
     558                            .dwattr $C$DW$T$22, DW_AT_type(*$C$DW$T$20)
     559                            .dwattr $C$DW$T$22, DW_AT_language(DW_LANG_C)
     560                            .dwattr $C$DW$T$22, DW_AT_decl_file("C:/TI_CodeComposer/ccsv6/tools/compiler/ti-cgt-arm_15.12.
     561                            .dwattr $C$DW$T$22, DW_AT_decl_line(0x62)
     562                            .dwattr $C$DW$T$22, DW_AT_decl_column(0x03)
     563                    
     564                    $C$DW$T$2       .dwtag  DW_TAG_unspecified_type
     565                            .dwattr $C$DW$T$2, DW_AT_name("void")
     566                    
     567                    $C$DW$T$3       .dwtag  DW_TAG_pointer_type
     568                            .dwattr $C$DW$T$3, DW_AT_type(*$C$DW$T$2)
     569                            .dwattr $C$DW$T$3, DW_AT_address_class(0x20)
     570                    
     571                    $C$DW$T$4       .dwtag  DW_TAG_base_type
     572                            .dwattr $C$DW$T$4, DW_AT_encoding(DW_ATE_boolean)
     573                            .dwattr $C$DW$T$4, DW_AT_name("bool")
     574                            .dwattr $C$DW$T$4, DW_AT_byte_size(0x01)
     575                    
     576                    $C$DW$T$5       .dwtag  DW_TAG_base_type
     577                            .dwattr $C$DW$T$5, DW_AT_encoding(DW_ATE_signed_char)
     578                            .dwattr $C$DW$T$5, DW_AT_name("signed char")
     579                            .dwattr $C$DW$T$5, DW_AT_byte_size(0x01)
     580                    
     581                    $C$DW$T$34      .dwtag  DW_TAG_typedef
     582                            .dwattr $C$DW$T$34, DW_AT_name("int8_t")
     583                            .dwattr $C$DW$T$34, DW_AT_type(*$C$DW$T$5)
     584                            .dwattr $C$DW$T$34, DW_AT_language(DW_LANG_C)
     585                            .dwattr $C$DW$T$34, DW_AT_decl_file("C:/TI_CodeComposer/ccsv6/tools/compiler/ti-cgt-arm_15.12.
     586                            .dwattr $C$DW$T$34, DW_AT_decl_line(0x2a)
     587                            .dwattr $C$DW$T$34, DW_AT_decl_column(0x1d)
     588                    
     589                    $C$DW$T$35      .dwtag  DW_TAG_typedef
TI ARM Assembler PC v15.12.1 Mon Nov 07 14:34:22 2016

Tools Copyright (c) 1996-2015 Texas Instruments Incorporated
Program_Blinky.asm                                                   PAGE   12

     590                            .dwattr $C$DW$T$35, DW_AT_name("int_least8_t")
     591                            .dwattr $C$DW$T$35, DW_AT_type(*$C$DW$T$34)
     592                            .dwattr $C$DW$T$35, DW_AT_language(DW_LANG_C)
     593                            .dwattr $C$DW$T$35, DW_AT_decl_file("C:/TI_CodeComposer/ccsv6/tools/compiler/ti-cgt-arm_15.12.
     594                            .dwattr $C$DW$T$35, DW_AT_decl_line(0x37)
     595                            .dwattr $C$DW$T$35, DW_AT_decl_column(0x17)
     596                    
     597                    $C$DW$T$6       .dwtag  DW_TAG_base_type
     598                            .dwattr $C$DW$T$6, DW_AT_encoding(DW_ATE_unsigned_char)
     599                            .dwattr $C$DW$T$6, DW_AT_name("unsigned char")
     600                            .dwattr $C$DW$T$6, DW_AT_byte_size(0x01)
     601                    
     602                    $C$DW$T$19      .dwtag  DW_TAG_pointer_type
     603                            .dwattr $C$DW$T$19, DW_AT_type(*$C$DW$T$6)
     604                            .dwattr $C$DW$T$19, DW_AT_address_class(0x20)
     605                    
     606                    $C$DW$T$36      .dwtag  DW_TAG_typedef
     607                            .dwattr $C$DW$T$36, DW_AT_name("tBoolean")
     608                            .dwattr $C$DW$T$36, DW_AT_type(*$C$DW$T$6)
     609                            .dwattr $C$DW$T$36, DW_AT_language(DW_LANG_C)
     610                            .dwattr $C$DW$T$36, DW_AT_decl_file("C:/TI_CodeComposer/StellarisWare-LM3S1968/inc/hw_types.h"
     611                            .dwattr $C$DW$T$36, DW_AT_decl_line(0x30)
     612                            .dwattr $C$DW$T$36, DW_AT_decl_column(0x17)
     613                    
     614                    $C$DW$T$37      .dwtag  DW_TAG_typedef
     615                            .dwattr $C$DW$T$37, DW_AT_name("uint8_t")
     616                            .dwattr $C$DW$T$37, DW_AT_type(*$C$DW$T$6)
     617                            .dwattr $C$DW$T$37, DW_AT_language(DW_LANG_C)
     618                            .dwattr $C$DW$T$37, DW_AT_decl_file("C:/TI_CodeComposer/ccsv6/tools/compiler/ti-cgt-arm_15.12.
     619                            .dwattr $C$DW$T$37, DW_AT_decl_line(0x2b)
     620                            .dwattr $C$DW$T$37, DW_AT_decl_column(0x1c)
     621                    
     622                    $C$DW$T$38      .dwtag  DW_TAG_typedef
     623                            .dwattr $C$DW$T$38, DW_AT_name("uint_least8_t")
     624                            .dwattr $C$DW$T$38, DW_AT_type(*$C$DW$T$37)
     625                            .dwattr $C$DW$T$38, DW_AT_language(DW_LANG_C)
     626                            .dwattr $C$DW$T$38, DW_AT_decl_file("C:/TI_CodeComposer/ccsv6/tools/compiler/ti-cgt-arm_15.12.
     627                            .dwattr $C$DW$T$38, DW_AT_decl_line(0x38)
     628                            .dwattr $C$DW$T$38, DW_AT_decl_column(0x16)
     629                    
     630                    $C$DW$T$7       .dwtag  DW_TAG_base_type
     631                            .dwattr $C$DW$T$7, DW_AT_encoding(DW_ATE_signed_char)
     632                            .dwattr $C$DW$T$7, DW_AT_name("wchar_t")
     633                            .dwattr $C$DW$T$7, DW_AT_byte_size(0x02)
     634                    
     635                    $C$DW$T$8       .dwtag  DW_TAG_base_type
     636                            .dwattr $C$DW$T$8, DW_AT_encoding(DW_ATE_signed)
     637                            .dwattr $C$DW$T$8, DW_AT_name("short")
     638                            .dwattr $C$DW$T$8, DW_AT_byte_size(0x02)
     639                    
     640                    $C$DW$T$39      .dwtag  DW_TAG_typedef
     641                            .dwattr $C$DW$T$39, DW_AT_name("int16_t")
     642                            .dwattr $C$DW$T$39, DW_AT_type(*$C$DW$T$8)
     643                            .dwattr $C$DW$T$39, DW_AT_language(DW_LANG_C)
     644                            .dwattr $C$DW$T$39, DW_AT_decl_file("C:/TI_CodeComposer/ccsv6/tools/compiler/ti-cgt-arm_15.12.
TI ARM Assembler PC v15.12.1 Mon Nov 07 14:34:22 2016

Tools Copyright (c) 1996-2015 Texas Instruments Incorporated
Program_Blinky.asm                                                   PAGE   13

     645                            .dwattr $C$DW$T$39, DW_AT_decl_line(0x2c)
     646                            .dwattr $C$DW$T$39, DW_AT_decl_column(0x1d)
     647                    
     648                    $C$DW$T$40      .dwtag  DW_TAG_typedef
     649                            .dwattr $C$DW$T$40, DW_AT_name("int_least16_t")
     650                            .dwattr $C$DW$T$40, DW_AT_type(*$C$DW$T$39)
     651                            .dwattr $C$DW$T$40, DW_AT_language(DW_LANG_C)
     652                            .dwattr $C$DW$T$40, DW_AT_decl_file("C:/TI_CodeComposer/ccsv6/tools/compiler/ti-cgt-arm_15.12.
     653                            .dwattr $C$DW$T$40, DW_AT_decl_line(0x3a)
     654                            .dwattr $C$DW$T$40, DW_AT_decl_column(0x17)
     655                    
     656                    $C$DW$T$9       .dwtag  DW_TAG_base_type
     657                            .dwattr $C$DW$T$9, DW_AT_encoding(DW_ATE_unsigned)
     658                            .dwattr $C$DW$T$9, DW_AT_name("unsigned short")
     659                            .dwattr $C$DW$T$9, DW_AT_byte_size(0x02)
     660                    
     661                    $C$DW$T$41      .dwtag  DW_TAG_typedef
     662                            .dwattr $C$DW$T$41, DW_AT_name("uint16_t")
     663                            .dwattr $C$DW$T$41, DW_AT_type(*$C$DW$T$9)
     664                            .dwattr $C$DW$T$41, DW_AT_language(DW_LANG_C)
     665                            .dwattr $C$DW$T$41, DW_AT_decl_file("C:/TI_CodeComposer/ccsv6/tools/compiler/ti-cgt-arm_15.12.
     666                            .dwattr $C$DW$T$41, DW_AT_decl_line(0x2d)
     667                            .dwattr $C$DW$T$41, DW_AT_decl_column(0x1c)
     668                    
     669                    $C$DW$T$42      .dwtag  DW_TAG_typedef
     670                            .dwattr $C$DW$T$42, DW_AT_name("uint_least16_t")
     671                            .dwattr $C$DW$T$42, DW_AT_type(*$C$DW$T$41)
     672                            .dwattr $C$DW$T$42, DW_AT_language(DW_LANG_C)
     673                            .dwattr $C$DW$T$42, DW_AT_decl_file("C:/TI_CodeComposer/ccsv6/tools/compiler/ti-cgt-arm_15.12.
     674                            .dwattr $C$DW$T$42, DW_AT_decl_line(0x3b)
     675                            .dwattr $C$DW$T$42, DW_AT_decl_column(0x16)
     676                    
     677                    $C$DW$T$43      .dwtag  DW_TAG_typedef
     678                            .dwattr $C$DW$T$43, DW_AT_name("wchar_t")
     679                            .dwattr $C$DW$T$43, DW_AT_type(*$C$DW$T$9)
     680                            .dwattr $C$DW$T$43, DW_AT_language(DW_LANG_C)
     681                            .dwattr $C$DW$T$43, DW_AT_decl_file("C:/TI_CodeComposer/ccsv6/tools/compiler/ti-cgt-arm_15.12.
     682                            .dwattr $C$DW$T$43, DW_AT_decl_line(0x41)
     683                            .dwattr $C$DW$T$43, DW_AT_decl_column(0x1a)
     684                    
     685                    $C$DW$T$10      .dwtag  DW_TAG_base_type
     686                            .dwattr $C$DW$T$10, DW_AT_encoding(DW_ATE_signed)
     687                            .dwattr $C$DW$T$10, DW_AT_name("int")
     688                            .dwattr $C$DW$T$10, DW_AT_byte_size(0x04)
     689                    
     690                    $C$DW$T$45      .dwtag  DW_TAG_typedef
     691                            .dwattr $C$DW$T$45, DW_AT_name("int32_t")
     692                            .dwattr $C$DW$T$45, DW_AT_type(*$C$DW$T$10)
     693                            .dwattr $C$DW$T$45, DW_AT_language(DW_LANG_C)
     694                            .dwattr $C$DW$T$45, DW_AT_decl_file("C:/TI_CodeComposer/ccsv6/tools/compiler/ti-cgt-arm_15.12.
     695                            .dwattr $C$DW$T$45, DW_AT_decl_line(0x2e)
     696                            .dwattr $C$DW$T$45, DW_AT_decl_column(0x1d)
     697                    
     698                    $C$DW$T$46      .dwtag  DW_TAG_typedef
     699                            .dwattr $C$DW$T$46, DW_AT_name("int_fast16_t")
TI ARM Assembler PC v15.12.1 Mon Nov 07 14:34:22 2016

Tools Copyright (c) 1996-2015 Texas Instruments Incorporated
Program_Blinky.asm                                                   PAGE   14

     700                            .dwattr $C$DW$T$46, DW_AT_type(*$C$DW$T$45)
     701                            .dwattr $C$DW$T$46, DW_AT_language(DW_LANG_C)
     702                            .dwattr $C$DW$T$46, DW_AT_decl_file("C:/TI_CodeComposer/ccsv6/tools/compiler/ti-cgt-arm_15.12.
     703                            .dwattr $C$DW$T$46, DW_AT_decl_line(0x47)
     704                            .dwattr $C$DW$T$46, DW_AT_decl_column(0x17)
     705                    
     706                    $C$DW$T$47      .dwtag  DW_TAG_typedef
     707                            .dwattr $C$DW$T$47, DW_AT_name("int_fast32_t")
     708                            .dwattr $C$DW$T$47, DW_AT_type(*$C$DW$T$45)
     709                            .dwattr $C$DW$T$47, DW_AT_language(DW_LANG_C)
     710                            .dwattr $C$DW$T$47, DW_AT_decl_file("C:/TI_CodeComposer/ccsv6/tools/compiler/ti-cgt-arm_15.12.
     711                            .dwattr $C$DW$T$47, DW_AT_decl_line(0x4a)
     712                            .dwattr $C$DW$T$47, DW_AT_decl_column(0x17)
     713                    
     714                    $C$DW$T$48      .dwtag  DW_TAG_typedef
     715                            .dwattr $C$DW$T$48, DW_AT_name("int_fast8_t")
     716                            .dwattr $C$DW$T$48, DW_AT_type(*$C$DW$T$45)
     717                            .dwattr $C$DW$T$48, DW_AT_language(DW_LANG_C)
     718                            .dwattr $C$DW$T$48, DW_AT_decl_file("C:/TI_CodeComposer/ccsv6/tools/compiler/ti-cgt-arm_15.12.
     719                            .dwattr $C$DW$T$48, DW_AT_decl_line(0x45)
     720                            .dwattr $C$DW$T$48, DW_AT_decl_column(0x17)
     721                    
     722                    $C$DW$T$49      .dwtag  DW_TAG_typedef
     723                            .dwattr $C$DW$T$49, DW_AT_name("int_least32_t")
     724                            .dwattr $C$DW$T$49, DW_AT_type(*$C$DW$T$45)
     725                            .dwattr $C$DW$T$49, DW_AT_language(DW_LANG_C)
     726                            .dwattr $C$DW$T$49, DW_AT_decl_file("C:/TI_CodeComposer/ccsv6/tools/compiler/ti-cgt-arm_15.12.
     727                            .dwattr $C$DW$T$49, DW_AT_decl_line(0x3c)
     728                            .dwattr $C$DW$T$49, DW_AT_decl_column(0x17)
     729                    
     730                    $C$DW$T$50      .dwtag  DW_TAG_typedef
     731                            .dwattr $C$DW$T$50, DW_AT_name("intptr_t")
     732                            .dwattr $C$DW$T$50, DW_AT_type(*$C$DW$T$10)
     733                            .dwattr $C$DW$T$50, DW_AT_language(DW_LANG_C)
     734                            .dwattr $C$DW$T$50, DW_AT_decl_file("C:/TI_CodeComposer/ccsv6/tools/compiler/ti-cgt-arm_15.12.
     735                            .dwattr $C$DW$T$50, DW_AT_decl_line(0x52)
     736                            .dwattr $C$DW$T$50, DW_AT_decl_column(0x1a)
     737                    
     738                    $C$DW$T$51      .dwtag  DW_TAG_typedef
     739                            .dwattr $C$DW$T$51, DW_AT_name("ptrdiff_t")
     740                            .dwattr $C$DW$T$51, DW_AT_type(*$C$DW$T$10)
     741                            .dwattr $C$DW$T$51, DW_AT_language(DW_LANG_C)
     742                            .dwattr $C$DW$T$51, DW_AT_decl_file("C:/TI_CodeComposer/ccsv6/tools/compiler/ti-cgt-arm_15.12.
     743                            .dwattr $C$DW$T$51, DW_AT_decl_line(0x36)
     744                            .dwattr $C$DW$T$51, DW_AT_decl_column(0x1c)
     745                    
     746                    $C$DW$T$11      .dwtag  DW_TAG_base_type
     747                            .dwattr $C$DW$T$11, DW_AT_encoding(DW_ATE_unsigned)
     748                            .dwattr $C$DW$T$11, DW_AT_name("unsigned int")
     749                            .dwattr $C$DW$T$11, DW_AT_byte_size(0x04)
     750                    
     751                    $C$DW$T$52      .dwtag  DW_TAG_typedef
     752                            .dwattr $C$DW$T$52, DW_AT_name("size_t")
     753                            .dwattr $C$DW$T$52, DW_AT_type(*$C$DW$T$11)
     754                            .dwattr $C$DW$T$52, DW_AT_language(DW_LANG_C)
TI ARM Assembler PC v15.12.1 Mon Nov 07 14:34:22 2016

Tools Copyright (c) 1996-2015 Texas Instruments Incorporated
Program_Blinky.asm                                                   PAGE   15

     755                            .dwattr $C$DW$T$52, DW_AT_decl_file("C:/TI_CodeComposer/ccsv6/tools/compiler/ti-cgt-arm_15.12.
     756                            .dwattr $C$DW$T$52, DW_AT_decl_line(0x3a)
     757                            .dwattr $C$DW$T$52, DW_AT_decl_column(0x19)
     758                    
     759                    $C$DW$T$53      .dwtag  DW_TAG_typedef
     760                            .dwattr $C$DW$T$53, DW_AT_name("uint32_t")
     761                            .dwattr $C$DW$T$53, DW_AT_type(*$C$DW$T$11)
     762                            .dwattr $C$DW$T$53, DW_AT_language(DW_LANG_C)
     763                            .dwattr $C$DW$T$53, DW_AT_decl_file("C:/TI_CodeComposer/ccsv6/tools/compiler/ti-cgt-arm_15.12.
     764                            .dwattr $C$DW$T$53, DW_AT_decl_line(0x2f)
     765                            .dwattr $C$DW$T$53, DW_AT_decl_column(0x1c)
     766                    
     767                    $C$DW$T$54      .dwtag  DW_TAG_volatile_type
     768                            .dwattr $C$DW$T$54, DW_AT_type(*$C$DW$T$53)
     769                    
     770                    $C$DW$T$55      .dwtag  DW_TAG_typedef
     771                            .dwattr $C$DW$T$55, DW_AT_name("uint_fast16_t")
     772                            .dwattr $C$DW$T$55, DW_AT_type(*$C$DW$T$53)
     773                            .dwattr $C$DW$T$55, DW_AT_language(DW_LANG_C)
     774                            .dwattr $C$DW$T$55, DW_AT_decl_file("C:/TI_CodeComposer/ccsv6/tools/compiler/ti-cgt-arm_15.12.
     775                            .dwattr $C$DW$T$55, DW_AT_decl_line(0x48)
     776                            .dwattr $C$DW$T$55, DW_AT_decl_column(0x16)
     777                    
     778                    $C$DW$T$56      .dwtag  DW_TAG_typedef
     779                            .dwattr $C$DW$T$56, DW_AT_name("uint_fast32_t")
     780                            .dwattr $C$DW$T$56, DW_AT_type(*$C$DW$T$53)
     781                            .dwattr $C$DW$T$56, DW_AT_language(DW_LANG_C)
     782                            .dwattr $C$DW$T$56, DW_AT_decl_file("C:/TI_CodeComposer/ccsv6/tools/compiler/ti-cgt-arm_15.12.
     783                            .dwattr $C$DW$T$56, DW_AT_decl_line(0x4b)
     784                            .dwattr $C$DW$T$56, DW_AT_decl_column(0x16)
     785                    
     786                    $C$DW$T$57      .dwtag  DW_TAG_typedef
     787                            .dwattr $C$DW$T$57, DW_AT_name("uint_fast8_t")
     788                            .dwattr $C$DW$T$57, DW_AT_type(*$C$DW$T$53)
     789                            .dwattr $C$DW$T$57, DW_AT_language(DW_LANG_C)
     790                            .dwattr $C$DW$T$57, DW_AT_decl_file("C:/TI_CodeComposer/ccsv6/tools/compiler/ti-cgt-arm_15.12.
     791                            .dwattr $C$DW$T$57, DW_AT_decl_line(0x46)
     792                            .dwattr $C$DW$T$57, DW_AT_decl_column(0x16)
     793                    
     794                    $C$DW$T$58      .dwtag  DW_TAG_typedef
     795                            .dwattr $C$DW$T$58, DW_AT_name("uint_least32_t")
     796                            .dwattr $C$DW$T$58, DW_AT_type(*$C$DW$T$53)
     797                            .dwattr $C$DW$T$58, DW_AT_language(DW_LANG_C)
     798                            .dwattr $C$DW$T$58, DW_AT_decl_file("C:/TI_CodeComposer/ccsv6/tools/compiler/ti-cgt-arm_15.12.
     799                            .dwattr $C$DW$T$58, DW_AT_decl_line(0x3d)
     800                            .dwattr $C$DW$T$58, DW_AT_decl_column(0x16)
     801                    
     802                    $C$DW$T$59      .dwtag  DW_TAG_typedef
     803                            .dwattr $C$DW$T$59, DW_AT_name("uintptr_t")
     804                            .dwattr $C$DW$T$59, DW_AT_type(*$C$DW$T$11)
     805                            .dwattr $C$DW$T$59, DW_AT_language(DW_LANG_C)
     806                            .dwattr $C$DW$T$59, DW_AT_decl_file("C:/TI_CodeComposer/ccsv6/tools/compiler/ti-cgt-arm_15.12.
     807                            .dwattr $C$DW$T$59, DW_AT_decl_line(0x53)
     808                            .dwattr $C$DW$T$59, DW_AT_decl_column(0x1a)
     809                    
TI ARM Assembler PC v15.12.1 Mon Nov 07 14:34:22 2016

Tools Copyright (c) 1996-2015 Texas Instruments Incorporated
Program_Blinky.asm                                                   PAGE   16

     810                    $C$DW$T$12      .dwtag  DW_TAG_base_type
     811                            .dwattr $C$DW$T$12, DW_AT_encoding(DW_ATE_signed)
     812                            .dwattr $C$DW$T$12, DW_AT_name("long")
     813                            .dwattr $C$DW$T$12, DW_AT_byte_size(0x04)
     814                    
     815                    $C$DW$T$60      .dwtag  DW_TAG_typedef
     816                            .dwattr $C$DW$T$60, DW_AT_name("fpos_t")
     817                            .dwattr $C$DW$T$60, DW_AT_type(*$C$DW$T$12)
     818                            .dwattr $C$DW$T$60, DW_AT_language(DW_LANG_C)
     819                            .dwattr $C$DW$T$60, DW_AT_decl_file("C:/TI_CodeComposer/ccsv6/tools/compiler/ti-cgt-arm_15.12.
     820                            .dwattr $C$DW$T$60, DW_AT_decl_line(0x6e)
     821                            .dwattr $C$DW$T$60, DW_AT_decl_column(0x0e)
     822                    
     823                    $C$DW$T$13      .dwtag  DW_TAG_base_type
     824                            .dwattr $C$DW$T$13, DW_AT_encoding(DW_ATE_unsigned)
     825                            .dwattr $C$DW$T$13, DW_AT_name("unsigned long")
     826                            .dwattr $C$DW$T$13, DW_AT_byte_size(0x04)
     827                    
     828                    $C$DW$T$14      .dwtag  DW_TAG_base_type
     829                            .dwattr $C$DW$T$14, DW_AT_encoding(DW_ATE_signed)
     830                            .dwattr $C$DW$T$14, DW_AT_name("long long")
     831                            .dwattr $C$DW$T$14, DW_AT_byte_size(0x08)
     832                    
     833                    $C$DW$T$63      .dwtag  DW_TAG_typedef
     834                            .dwattr $C$DW$T$63, DW_AT_name("int64_t")
     835                            .dwattr $C$DW$T$63, DW_AT_type(*$C$DW$T$14)
     836                            .dwattr $C$DW$T$63, DW_AT_language(DW_LANG_C)
     837                            .dwattr $C$DW$T$63, DW_AT_decl_file("C:/TI_CodeComposer/ccsv6/tools/compiler/ti-cgt-arm_15.12.
     838                            .dwattr $C$DW$T$63, DW_AT_decl_line(0x32)
     839                            .dwattr $C$DW$T$63, DW_AT_decl_column(0x21)
     840                    
     841                    $C$DW$T$64      .dwtag  DW_TAG_typedef
     842                            .dwattr $C$DW$T$64, DW_AT_name("int_fast64_t")
     843                            .dwattr $C$DW$T$64, DW_AT_type(*$C$DW$T$63)
     844                            .dwattr $C$DW$T$64, DW_AT_language(DW_LANG_C)
     845                            .dwattr $C$DW$T$64, DW_AT_decl_file("C:/TI_CodeComposer/ccsv6/tools/compiler/ti-cgt-arm_15.12.
     846                            .dwattr $C$DW$T$64, DW_AT_decl_line(0x4e)
     847                            .dwattr $C$DW$T$64, DW_AT_decl_column(0x17)
     848                    
     849                    $C$DW$T$65      .dwtag  DW_TAG_typedef
     850                            .dwattr $C$DW$T$65, DW_AT_name("int_least64_t")
     851                            .dwattr $C$DW$T$65, DW_AT_type(*$C$DW$T$63)
     852                            .dwattr $C$DW$T$65, DW_AT_language(DW_LANG_C)
     853                            .dwattr $C$DW$T$65, DW_AT_decl_file("C:/TI_CodeComposer/ccsv6/tools/compiler/ti-cgt-arm_15.12.
     854                            .dwattr $C$DW$T$65, DW_AT_decl_line(0x40)
     855                            .dwattr $C$DW$T$65, DW_AT_decl_column(0x17)
     856                    
     857                    $C$DW$T$66      .dwtag  DW_TAG_typedef
     858                            .dwattr $C$DW$T$66, DW_AT_name("intmax_t")
     859                            .dwattr $C$DW$T$66, DW_AT_type(*$C$DW$T$14)
     860                            .dwattr $C$DW$T$66, DW_AT_language(DW_LANG_C)
     861                            .dwattr $C$DW$T$66, DW_AT_decl_file("C:/TI_CodeComposer/ccsv6/tools/compiler/ti-cgt-arm_15.12.
     862                            .dwattr $C$DW$T$66, DW_AT_decl_line(0x56)
     863                            .dwattr $C$DW$T$66, DW_AT_decl_column(0x20)
     864                    
TI ARM Assembler PC v15.12.1 Mon Nov 07 14:34:22 2016

Tools Copyright (c) 1996-2015 Texas Instruments Incorporated
Program_Blinky.asm                                                   PAGE   17

     865                    $C$DW$T$15      .dwtag  DW_TAG_base_type
     866                            .dwattr $C$DW$T$15, DW_AT_encoding(DW_ATE_unsigned)
     867                            .dwattr $C$DW$T$15, DW_AT_name("unsigned long long")
     868                            .dwattr $C$DW$T$15, DW_AT_byte_size(0x08)
     869                    
     870                    $C$DW$T$67      .dwtag  DW_TAG_typedef
     871                            .dwattr $C$DW$T$67, DW_AT_name("uint64_t")
     872                            .dwattr $C$DW$T$67, DW_AT_type(*$C$DW$T$15)
     873                            .dwattr $C$DW$T$67, DW_AT_language(DW_LANG_C)
     874                            .dwattr $C$DW$T$67, DW_AT_decl_file("C:/TI_CodeComposer/ccsv6/tools/compiler/ti-cgt-arm_15.12.
     875                            .dwattr $C$DW$T$67, DW_AT_decl_line(0x33)
     876                            .dwattr $C$DW$T$67, DW_AT_decl_column(0x20)
     877                    
     878                    $C$DW$T$68      .dwtag  DW_TAG_typedef
     879                            .dwattr $C$DW$T$68, DW_AT_name("uint_fast64_t")
     880                            .dwattr $C$DW$T$68, DW_AT_type(*$C$DW$T$67)
     881                            .dwattr $C$DW$T$68, DW_AT_language(DW_LANG_C)
     882                            .dwattr $C$DW$T$68, DW_AT_decl_file("C:/TI_CodeComposer/ccsv6/tools/compiler/ti-cgt-arm_15.12.
     883                            .dwattr $C$DW$T$68, DW_AT_decl_line(0x4f)
     884                            .dwattr $C$DW$T$68, DW_AT_decl_column(0x16)
     885                    
     886                    $C$DW$T$69      .dwtag  DW_TAG_typedef
     887                            .dwattr $C$DW$T$69, DW_AT_name("uint_least64_t")
     888                            .dwattr $C$DW$T$69, DW_AT_type(*$C$DW$T$67)
     889                            .dwattr $C$DW$T$69, DW_AT_language(DW_LANG_C)
     890                            .dwattr $C$DW$T$69, DW_AT_decl_file("C:/TI_CodeComposer/ccsv6/tools/compiler/ti-cgt-arm_15.12.
     891                            .dwattr $C$DW$T$69, DW_AT_decl_line(0x41)
     892                            .dwattr $C$DW$T$69, DW_AT_decl_column(0x16)
     893                    
     894                    $C$DW$T$70      .dwtag  DW_TAG_typedef
     895                            .dwattr $C$DW$T$70, DW_AT_name("uintmax_t")
     896                            .dwattr $C$DW$T$70, DW_AT_type(*$C$DW$T$15)
     897                            .dwattr $C$DW$T$70, DW_AT_language(DW_LANG_C)
     898                            .dwattr $C$DW$T$70, DW_AT_decl_file("C:/TI_CodeComposer/ccsv6/tools/compiler/ti-cgt-arm_15.12.
     899                            .dwattr $C$DW$T$70, DW_AT_decl_line(0x57)
     900                            .dwattr $C$DW$T$70, DW_AT_decl_column(0x20)
     901                    
     902                    $C$DW$T$16      .dwtag  DW_TAG_base_type
     903                            .dwattr $C$DW$T$16, DW_AT_encoding(DW_ATE_float)
     904                            .dwattr $C$DW$T$16, DW_AT_name("float")
     905                            .dwattr $C$DW$T$16, DW_AT_byte_size(0x04)
     906                    
     907                    $C$DW$T$17      .dwtag  DW_TAG_base_type
     908                            .dwattr $C$DW$T$17, DW_AT_encoding(DW_ATE_float)
     909                            .dwattr $C$DW$T$17, DW_AT_name("double")
     910                            .dwattr $C$DW$T$17, DW_AT_byte_size(0x08)
     911                    
     912                    $C$DW$T$18      .dwtag  DW_TAG_base_type
     913                            .dwattr $C$DW$T$18, DW_AT_encoding(DW_ATE_float)
     914                            .dwattr $C$DW$T$18, DW_AT_name("long double")
     915                            .dwattr $C$DW$T$18, DW_AT_byte_size(0x08)
     916                    
     917                    $C$DW$T$28      .dwtag  DW_TAG_const_type
     918                            .dwattr $C$DW$T$28, DW_AT_type(*$C$DW$T$6)
     919                    
TI ARM Assembler PC v15.12.1 Mon Nov 07 14:34:22 2016

Tools Copyright (c) 1996-2015 Texas Instruments Incorporated
Program_Blinky.asm                                                   PAGE   18

     920                    $C$DW$T$29      .dwtag  DW_TAG_pointer_type
     921                            .dwattr $C$DW$T$29, DW_AT_type(*$C$DW$T$28)
     922                            .dwattr $C$DW$T$29, DW_AT_address_class(0x20)
     923                    
     924                    $C$DW$T$73      .dwtag  DW_TAG_base_type
     925                            .dwattr $C$DW$T$73, DW_AT_encoding(DW_ATE_unsigned_char)
     926                            .dwattr $C$DW$T$73, DW_AT_name("unsigned char")
     927                            .dwattr $C$DW$T$73, DW_AT_byte_size(0x01)
     928                    
     929                    
     930                    $C$DW$T$21      .dwtag  DW_TAG_structure_type
     931                            .dwattr $C$DW$T$21, DW_AT_name("__va_list")
     932                            .dwattr $C$DW$T$21, DW_AT_byte_size(0x04)
     933                    $C$DW$39        .dwtag  DW_TAG_member
     934                            .dwattr $C$DW$39, DW_AT_type(*$C$DW$T$3)
     935                            .dwattr $C$DW$39, DW_AT_name("__ap")
     936                            .dwattr $C$DW$39, DW_AT_TI_symbol_name("__ap")
     937                            .dwattr $C$DW$39, DW_AT_data_member_location[DW_OP_plus_uconst 0x0]
     938                            .dwattr $C$DW$39, DW_AT_accessibility(DW_ACCESS_public)
     939                            .dwattr $C$DW$39, DW_AT_decl_file("C:/TI_CodeComposer/ccsv6/tools/compiler/ti-cgt-arm_15.12.1.
     940                            .dwattr $C$DW$39, DW_AT_decl_line(0x38)
     941                            .dwattr $C$DW$39, DW_AT_decl_column(0x0c)
     942                    
     943                            .dwattr $C$DW$T$21, DW_AT_decl_file("C:/TI_CodeComposer/ccsv6/tools/compiler/ti-cgt-arm_15.12.
     944                            .dwattr $C$DW$T$21, DW_AT_decl_line(0x37)
     945                            .dwattr $C$DW$T$21, DW_AT_decl_column(0x10)
     946                            .dwendtag $C$DW$T$21
     947                    
     948                    $C$DW$T$74      .dwtag  DW_TAG_typedef
     949                            .dwattr $C$DW$T$74, DW_AT_name("va_list")
     950                            .dwattr $C$DW$T$74, DW_AT_type(*$C$DW$T$21)
     951                            .dwattr $C$DW$T$74, DW_AT_language(DW_LANG_C)
     952                            .dwattr $C$DW$T$74, DW_AT_decl_file("C:/TI_CodeComposer/ccsv6/tools/compiler/ti-cgt-arm_15.12.
     953                            .dwattr $C$DW$T$74, DW_AT_decl_line(0x39)
     954                            .dwattr $C$DW$T$74, DW_AT_decl_column(0x03)
     955                    
     956                            .dwattr $C$DW$CU, DW_AT_language(DW_LANG_C)
     957                    
     958                    ;***************************************************************
     959                    ;* DWARF CIE ENTRIES                                           *
     960                    ;***************************************************************
     961                    
     962                    $C$DW$CIE       .dwcie 14
     963                            .dwcfi  cfa_register, 13
     964                            .dwcfi  cfa_offset, 0
     965                            .dwcfi  undefined, 0
     966                            .dwcfi  undefined, 1
     967                            .dwcfi  undefined, 2
     968                            .dwcfi  undefined, 3
     969                            .dwcfi  same_value, 4
     970                            .dwcfi  same_value, 5
     971                            .dwcfi  same_value, 6
     972                            .dwcfi  same_value, 7
     973                            .dwcfi  same_value, 8
     974                            .dwcfi  same_value, 9
TI ARM Assembler PC v15.12.1 Mon Nov 07 14:34:22 2016

Tools Copyright (c) 1996-2015 Texas Instruments Incorporated
Program_Blinky.asm                                                   PAGE   19

     975                            .dwcfi  same_value, 10
     976                            .dwcfi  same_value, 11
     977                            .dwcfi  undefined, 12
     978                            .dwcfi  undefined, 13
     979                            .dwcfi  undefined, 14
     980                            .dwcfi  undefined, 14
     981                            .dwcfi  undefined, 7
     982                            .dwendentry
     983                            .dwendtag $C$DW$CU
     984                    

--------------------------
Thumb2 Statistics
--------------------------
Number of Thumb2 ins converted to Thumb = 0 (0%)
Number of Thumb ins in input = 27 (75%)
Number of Thumb2 ins encoded as Thumb2 = 9 (100%)
Number of Thumb2 ins converted to 2 OPND Thumb = 0


No Assembly Errors, No Assembly Warnings
