TI ARM Assembler PC v15.12.1 Tue Sep 06 13:50:24 2016

Tools Copyright (c) 1996-2015 Texas Instruments Incorporated
Program_Blinky.asm                                                   PAGE    1

       1                    ;******************************************************************************
       2                    ;* TI ARM C/C++ Codegen                                       PC v15.12.1.LTS *
       3                    ;* Date/Time created: Tue Sep 06 13:50:24 2016                                *
       4                    ;******************************************************************************
       5                            .compiler_opts --abi=eabi --arm_vmrs_si_workaround=off --code_state=16 --diag_wrap=off --disab
       6 00000000                   .thumb
       7                    
       8                    $C$DW$CU        .dwtag  DW_TAG_compile_unit
       9                            .dwattr $C$DW$CU, DW_AT_name("../Program_Blinky.c")
      10                            .dwattr $C$DW$CU, DW_AT_producer("TI TI ARM C/C++ Codegen PC v15.12.1.LTS Copyright (c) 1996-2
      11                            .dwattr $C$DW$CU, DW_AT_TI_version(0x01)
      12                            .dwattr $C$DW$CU, DW_AT_comp_dir("H:\EECS_388\TI_ARM_Projects\Program_Blinky\Debug")
      13                    
      14                    $C$DW$1 .dwtag  DW_TAG_subprogram
      15                            .dwattr $C$DW$1, DW_AT_name("SysCtlClockSet")
      16                            .dwattr $C$DW$1, DW_AT_TI_symbol_name("SysCtlClockSet")
      17                            .dwattr $C$DW$1, DW_AT_declaration
      18                            .dwattr $C$DW$1, DW_AT_external
      19                            .dwattr $C$DW$1, DW_AT_decl_file("C:/TI_CodeComposer/StellarisWare-LM3S1968/driverlib/sysctl.h
      20                            .dwattr $C$DW$1, DW_AT_decl_line(0x267)
      21                            .dwattr $C$DW$1, DW_AT_decl_column(0x0d)
      22                    $C$DW$2 .dwtag  DW_TAG_formal_parameter
      23                            .dwattr $C$DW$2, DW_AT_type(*$C$DW$T$13)
      24                    
      25                            .dwendtag $C$DW$1
      26                    
      27                    
      28                    $C$DW$3 .dwtag  DW_TAG_subprogram
      29                            .dwattr $C$DW$3, DW_AT_name("SysCtlClockGet")
      30                            .dwattr $C$DW$3, DW_AT_TI_symbol_name("SysCtlClockGet")
      31                            .dwattr $C$DW$3, DW_AT_type(*$C$DW$T$13)
      32                            .dwattr $C$DW$3, DW_AT_declaration
      33                            .dwattr $C$DW$3, DW_AT_external
      34                            .dwattr $C$DW$3, DW_AT_decl_file("C:/TI_CodeComposer/StellarisWare-LM3S1968/driverlib/sysctl.h
      35                            .dwattr $C$DW$3, DW_AT_decl_line(0x268)
      36                            .dwattr $C$DW$3, DW_AT_decl_column(0x16)
      37                            .dwendtag $C$DW$3
      38                    
      39                    
      40                    $C$DW$4 .dwtag  DW_TAG_subprogram
      41                            .dwattr $C$DW$4, DW_AT_name("SysTickEnable")
      42                            .dwattr $C$DW$4, DW_AT_TI_symbol_name("SysTickEnable")
      43                            .dwattr $C$DW$4, DW_AT_declaration
      44                            .dwattr $C$DW$4, DW_AT_external
      45                            .dwattr $C$DW$4, DW_AT_decl_file("C:/TI_CodeComposer/StellarisWare-LM3S1968/driverlib/systick.
      46                            .dwattr $C$DW$4, DW_AT_decl_line(0x3b)
      47                            .dwattr $C$DW$4, DW_AT_decl_column(0x0d)
      48                            .dwendtag $C$DW$4
      49                    
      50                    
      51                    $C$DW$5 .dwtag  DW_TAG_subprogram
      52                            .dwattr $C$DW$5, DW_AT_name("SysTickIntEnable")
      53                            .dwattr $C$DW$5, DW_AT_TI_symbol_name("SysTickIntEnable")
      54                            .dwattr $C$DW$5, DW_AT_declaration
      55                            .dwattr $C$DW$5, DW_AT_external
TI ARM Assembler PC v15.12.1 Tue Sep 06 13:50:24 2016

Tools Copyright (c) 1996-2015 Texas Instruments Incorporated
Program_Blinky.asm                                                   PAGE    2

      56                            .dwattr $C$DW$5, DW_AT_decl_file("C:/TI_CodeComposer/StellarisWare-LM3S1968/driverlib/systick.
      57                            .dwattr $C$DW$5, DW_AT_decl_line(0x3f)
      58                            .dwattr $C$DW$5, DW_AT_decl_column(0x0d)
      59                            .dwendtag $C$DW$5
      60                    
      61                    
      62                    $C$DW$6 .dwtag  DW_TAG_subprogram
      63                            .dwattr $C$DW$6, DW_AT_name("SysTickPeriodSet")
      64                            .dwattr $C$DW$6, DW_AT_TI_symbol_name("SysTickPeriodSet")
      65                            .dwattr $C$DW$6, DW_AT_declaration
      66                            .dwattr $C$DW$6, DW_AT_external
      67                            .dwattr $C$DW$6, DW_AT_decl_file("C:/TI_CodeComposer/StellarisWare-LM3S1968/driverlib/systick.
      68                            .dwattr $C$DW$6, DW_AT_decl_line(0x41)
      69                            .dwattr $C$DW$6, DW_AT_decl_column(0x0d)
      70                    $C$DW$7 .dwtag  DW_TAG_formal_parameter
      71                            .dwattr $C$DW$7, DW_AT_type(*$C$DW$T$13)
      72                    
      73                            .dwendtag $C$DW$6
      74                    
      75                    
      76                    $C$DW$8 .dwtag  DW_TAG_subprogram
      77                            .dwattr $C$DW$8, DW_AT_name("RIT128x96x4StringDraw")
      78                            .dwattr $C$DW$8, DW_AT_TI_symbol_name("RIT128x96x4StringDraw")
      79                            .dwattr $C$DW$8, DW_AT_declaration
      80                            .dwattr $C$DW$8, DW_AT_external
      81                            .dwattr $C$DW$8, DW_AT_decl_file("..\Drivers/rit128x96x4.h")
      82                            .dwattr $C$DW$8, DW_AT_decl_line(0x23)
      83                            .dwattr $C$DW$8, DW_AT_decl_column(0x0d)
      84                    $C$DW$9 .dwtag  DW_TAG_formal_parameter
      85                            .dwattr $C$DW$9, DW_AT_type(*$C$DW$T$29)
      86                    
      87                    $C$DW$10        .dwtag  DW_TAG_formal_parameter
      88                            .dwattr $C$DW$10, DW_AT_type(*$C$DW$T$13)
      89                    
      90                    $C$DW$11        .dwtag  DW_TAG_formal_parameter
      91                            .dwattr $C$DW$11, DW_AT_type(*$C$DW$T$13)
      92                    
      93                    $C$DW$12        .dwtag  DW_TAG_formal_parameter
      94                            .dwattr $C$DW$12, DW_AT_type(*$C$DW$T$6)
      95                    
      96                            .dwendtag $C$DW$8
      97                    
      98                    
      99                    $C$DW$13        .dwtag  DW_TAG_subprogram
     100                            .dwattr $C$DW$13, DW_AT_name("RIT128x96x4Init")
     101                            .dwattr $C$DW$13, DW_AT_TI_symbol_name("RIT128x96x4Init")
     102                            .dwattr $C$DW$13, DW_AT_declaration
     103                            .dwattr $C$DW$13, DW_AT_external
     104                            .dwattr $C$DW$13, DW_AT_decl_file("..\Drivers/rit128x96x4.h")
     105                            .dwattr $C$DW$13, DW_AT_decl_line(0x2c)
     106                            .dwattr $C$DW$13, DW_AT_decl_column(0x0d)
     107                    $C$DW$14        .dwtag  DW_TAG_formal_parameter
     108                            .dwattr $C$DW$14, DW_AT_type(*$C$DW$T$13)
     109                    
     110                            .dwendtag $C$DW$13
TI ARM Assembler PC v15.12.1 Tue Sep 06 13:50:24 2016

Tools Copyright (c) 1996-2015 Texas Instruments Incorporated
Program_Blinky.asm                                                   PAGE    3

     111                    
     112                    
     113                    $C$DW$15        .dwtag  DW_TAG_subprogram
     114                            .dwattr $C$DW$15, DW_AT_name("Task_LEDBlink")
     115                            .dwattr $C$DW$15, DW_AT_TI_symbol_name("Task_LEDBlink")
     116                            .dwattr $C$DW$15, DW_AT_declaration
     117                            .dwattr $C$DW$15, DW_AT_external
     118                            .dwattr $C$DW$15, DW_AT_decl_file("../Program_Blinky.c")
     119                            .dwattr $C$DW$15, DW_AT_decl_line(0x49)
     120                            .dwattr $C$DW$15, DW_AT_decl_column(0x0d)
     121                            .dwendtag $C$DW$15
     122                    
     123                    
     124                    $C$DW$16        .dwtag  DW_TAG_subprogram
     125                            .dwattr $C$DW$16, DW_AT_name("Task_ReportSysTick")
     126                            .dwattr $C$DW$16, DW_AT_TI_symbol_name("Task_ReportSysTick")
     127                            .dwattr $C$DW$16, DW_AT_declaration
     128                            .dwattr $C$DW$16, DW_AT_external
     129                            .dwattr $C$DW$16, DW_AT_decl_file("../Program_Blinky.c")
     130                            .dwattr $C$DW$16, DW_AT_decl_line(0x4a)
     131                            .dwattr $C$DW$16, DW_AT_decl_column(0x0d)
     132                            .dwendtag $C$DW$16
     133                    
     134                            .global g_ulSystemClock
     135                            .common g_ulSystemClock,4,4
     136                    $C$DW$17        .dwtag  DW_TAG_variable
     137                            .dwattr $C$DW$17, DW_AT_name("g_ulSystemClock")
     138                            .dwattr $C$DW$17, DW_AT_TI_symbol_name("g_ulSystemClock")
     139                            .dwattr $C$DW$17, DW_AT_location[DW_OP_addr g_ulSystemClock]
     140                            .dwattr $C$DW$17, DW_AT_type(*$C$DW$T$53)
     141                            .dwattr $C$DW$17, DW_AT_external
     142                            .dwattr $C$DW$17, DW_AT_decl_file("../Program_Blinky.c")
     143                            .dwattr $C$DW$17, DW_AT_decl_line(0x36)
     144                            .dwattr $C$DW$17, DW_AT_decl_column(0x0a)
     145                    
     146                            .global SysTickFrequency_Nbr
     147 00000000                   .data
     148                            .align  4
     149                            .elfsym SysTickFrequency_Nbr,SYM_SIZE(4)
     150 00000000           SysTickFrequency_Nbr:
     151 00000000 00002710          .bits   10000,32                        ; SysTickFrequency_Nbr @ 0
     152                    
     153                    $C$DW$18        .dwtag  DW_TAG_variable
     154                            .dwattr $C$DW$18, DW_AT_name("SysTickFrequency_Nbr")
     155                            .dwattr $C$DW$18, DW_AT_TI_symbol_name("SysTickFrequency_Nbr")
     156                            .dwattr $C$DW$18, DW_AT_location[DW_OP_addr SysTickFrequency_Nbr]
     157                            .dwattr $C$DW$18, DW_AT_type(*$C$DW$T$53)
     158                            .dwattr $C$DW$18, DW_AT_external
     159                            .dwattr $C$DW$18, DW_AT_decl_file("../Program_Blinky.c")
     160                            .dwattr $C$DW$18, DW_AT_decl_line(0x41)
     161                            .dwattr $C$DW$18, DW_AT_decl_column(0x14)
     162                    
     163                            .global SysTickCount_Nbr
     164 00000004                   .data
     165                            .align  4
TI ARM Assembler PC v15.12.1 Tue Sep 06 13:50:24 2016

Tools Copyright (c) 1996-2015 Texas Instruments Incorporated
Program_Blinky.asm                                                   PAGE    4

     166                            .elfsym SysTickCount_Nbr,SYM_SIZE(4)
     167 00000004           SysTickCount_Nbr:
     168 00000004 00000000          .bits   0,32                    ; SysTickCount_Nbr @ 0
     169                    
     170                    $C$DW$19        .dwtag  DW_TAG_variable
     171                            .dwattr $C$DW$19, DW_AT_name("SysTickCount_Nbr")
     172                            .dwattr $C$DW$19, DW_AT_TI_symbol_name("SysTickCount_Nbr")
     173                            .dwattr $C$DW$19, DW_AT_location[DW_OP_addr SysTickCount_Nbr]
     174                            .dwattr $C$DW$19, DW_AT_type(*$C$DW$T$54)
     175                            .dwattr $C$DW$19, DW_AT_external
     176                            .dwattr $C$DW$19, DW_AT_decl_file("../Program_Blinky.c")
     177                            .dwattr $C$DW$19, DW_AT_decl_line(0x42)
     178                            .dwattr $C$DW$19, DW_AT_decl_column(0x1b)
     179                    
     180                            .global OLED_Initialized
     181 00000008                   .data
     182                            .align  1
     183                            .elfsym OLED_Initialized,SYM_SIZE(1)
     184 00000008           OLED_Initialized:
     185 00000008 00000000          .bits   0,8                     ; OLED_Initialized @ 0
     186                    
     187                    $C$DW$20        .dwtag  DW_TAG_variable
     188                            .dwattr $C$DW$20, DW_AT_name("OLED_Initialized")
     189                            .dwattr $C$DW$20, DW_AT_TI_symbol_name("OLED_Initialized")
     190                            .dwattr $C$DW$20, DW_AT_location[DW_OP_addr OLED_Initialized]
     191                            .dwattr $C$DW$20, DW_AT_type(*$C$DW$T$73)
     192                            .dwattr $C$DW$20, DW_AT_external
     193                            .dwattr $C$DW$20, DW_AT_decl_file("../Program_Blinky.c")
     194                            .dwattr $C$DW$20, DW_AT_decl_line(0x61)
     195                            .dwattr $C$DW$20, DW_AT_decl_column(0x06)
     196                    
     197                    ;       C:\TI_CodeComposer\ccsv6\tools\compiler\ti-cgt-arm_15.12.1.LTS\bin\armacpia.exe -@C:\\Users\\a
     198 00000000                   .sect   ".text"
     199                            .clink
     200                            .thumbfunc SysTickIntHandler
     201 00000000                   .thumb
     202                            .global SysTickIntHandler
     203                    
     204                    $C$DW$21        .dwtag  DW_TAG_subprogram
     205                            .dwattr $C$DW$21, DW_AT_name("SysTickIntHandler")
     206                            .dwattr $C$DW$21, DW_AT_low_pc(SysTickIntHandler)
     207                            .dwattr $C$DW$21, DW_AT_high_pc(0x00)
     208                            .dwattr $C$DW$21, DW_AT_TI_symbol_name("SysTickIntHandler")
     209                            .dwattr $C$DW$21, DW_AT_external
     210                            .dwattr $C$DW$21, DW_AT_TI_begin_file("../Program_Blinky.c")
     211                            .dwattr $C$DW$21, DW_AT_TI_begin_line(0x51)
     212                            .dwattr $C$DW$21, DW_AT_TI_begin_column(0x0d)
     213                            .dwattr $C$DW$21, DW_AT_decl_file("../Program_Blinky.c")
     214                            .dwattr $C$DW$21, DW_AT_decl_line(0x51)
     215                            .dwattr $C$DW$21, DW_AT_decl_column(0x0d)
     216                            .dwattr $C$DW$21, DW_AT_TI_max_frame_size(0x00)
     217                            .dwpsn  file "../Program_Blinky.c",line 81,column 37,is_stmt,address SysTickIntHandler,isa 1
     218                    
     219                            .dwfde $C$DW$CIE, SysTickIntHandler
     220                    
TI ARM Assembler PC v15.12.1 Tue Sep 06 13:50:24 2016

Tools Copyright (c) 1996-2015 Texas Instruments Incorporated
Program_Blinky.asm                                                   PAGE    5

     221                    ;*****************************************************************************
     222                    ;* FUNCTION NAME: SysTickIntHandler                                          *
     223                    ;*                                                                           *
     224                    ;*   Regs Modified     : A1,A2,SR                                            *
     225                    ;*   Regs Used         : A1,A2,LR,SR                                         *
     226                    ;*   Local Frame Size  : 0 Args + 0 Auto + 0 Save = 0 byte                   *
     227                    ;*****************************************************************************
     228 00000000           SysTickIntHandler:
     229                    ;* --------------------------------------------------------------------------*
     230                            .dwcfi  cfa_offset, 0
     231                            .dwpsn  file "../Program_Blinky.c",line 87,column 2,is_stmt,isa 1
     232 00000000 491A              LDR       A2, $C$CON1           ; [DPU_3_PIPE] |87|  ; [ORIG 16-BIT INS]
     233 00000002 6808              LDR       A1, [A2, #0]          ; [DPU_3_PIPE] |87|  ; [ORIG 16-BIT INS]
     234 00000004 1C40              ADDS      A1, A1, #1            ; [DPU_3_PIPE] |87|  ; [ORIG 16-BIT INS]
     235 00000006 6008              STR       A1, [A2, #0]          ; [DPU_3_PIPE] |87|  ; [ORIG 16-BIT INS]
     236                            .dwpsn  file "../Program_Blinky.c",line 89,column 1,is_stmt,isa 1
     237                    $C$DW$22        .dwtag  DW_TAG_TI_branch
     238                            .dwattr $C$DW$22, DW_AT_low_pc(0x00)
     239                            .dwattr $C$DW$22, DW_AT_TI_return
     240                    
     241 00000008 4770              BX        LR                    ; [DPU_3_PIPE]  ; [ORIG 16-BIT INS]
     242                            ; BRANCH OCCURS                  ; [] 
     243                            .dwattr $C$DW$21, DW_AT_TI_end_file("../Program_Blinky.c")
     244                            .dwattr $C$DW$21, DW_AT_TI_end_line(0x59)
     245                            .dwattr $C$DW$21, DW_AT_TI_end_column(0x01)
     246                            .dwendentry
     247                            .dwendtag $C$DW$21
     248                    
     249 0000000a                   .sect   ".text"
     250                            .clink
     251                            .thumbfunc Initialize_OLED
     252 0000000a                   .thumb
     253                            .global Initialize_OLED
     254                    
     255                    $C$DW$23        .dwtag  DW_TAG_subprogram
     256                            .dwattr $C$DW$23, DW_AT_name("Initialize_OLED")
     257                            .dwattr $C$DW$23, DW_AT_low_pc(Initialize_OLED)
     258                            .dwattr $C$DW$23, DW_AT_high_pc(0x00)
     259                            .dwattr $C$DW$23, DW_AT_TI_symbol_name("Initialize_OLED")
     260                            .dwattr $C$DW$23, DW_AT_external
     261                            .dwattr $C$DW$23, DW_AT_TI_begin_file("../Program_Blinky.c")
     262                            .dwattr $C$DW$23, DW_AT_TI_begin_line(0x63)
     263                            .dwattr $C$DW$23, DW_AT_TI_begin_column(0x0d)
     264                            .dwattr $C$DW$23, DW_AT_decl_file("../Program_Blinky.c")
     265                            .dwattr $C$DW$23, DW_AT_decl_line(0x63)
     266                            .dwattr $C$DW$23, DW_AT_decl_column(0x0d)
     267                            .dwattr $C$DW$23, DW_AT_TI_max_frame_size(0x08)
     268                            .dwpsn  file "../Program_Blinky.c",line 99,column 31,is_stmt,address Initialize_OLED,isa 1
     269                    
     270                            .dwfde $C$DW$CIE, Initialize_OLED
     271                    
     272                    ;*****************************************************************************
     273                    ;* FUNCTION NAME: Initialize_OLED                                            *
     274                    ;*                                                                           *
     275                    ;*   Regs Modified     : A1,A2,A3,A4,V9,SP,LR,SR                             *
TI ARM Assembler PC v15.12.1 Tue Sep 06 13:50:24 2016

Tools Copyright (c) 1996-2015 Texas Instruments Incorporated
Program_Blinky.asm                                                   PAGE    6

     276                    ;*   Regs Used         : A1,A2,A3,A4,V9,SP,LR,SR                             *
     277                    ;*   Local Frame Size  : 0 Args + 0 Auto + 4 Save = 4 byte                   *
     278                    ;*****************************************************************************
     279 0000000a           Initialize_OLED:
     280                    ;* --------------------------------------------------------------------------*
     281                            .dwcfi  cfa_offset, 0
     282 0000000a B508              PUSH      {A4, LR}              ; [DPU_3_PIPE]  ; [ORIG 16-BIT INS]
     283                            .dwcfi  cfa_offset, 8
     284                            .dwcfi  save_reg_to_mem, 14, -4
     285                            .dwcfi  save_reg_to_mem, 3, -8
     286                            .dwpsn  file "../Program_Blinky.c",line 101,column 2,is_stmt,isa 1
     287 0000000c 4818              LDR       A1, $C$CON2           ; [DPU_3_PIPE] |101|  ; [ORIG 16-BIT INS]
     288 0000000e 7800              LDRB      A1, [A1, #0]          ; [DPU_3_PIPE] |101|  ; [ORIG 16-BIT INS]
     289 00000010 B958              CBNZ      A1, ||$C$L1||         ; []  ; [ORIG 16-BIT INS]
     290                            ; BRANCHCC OCCURS {||$C$L1||}    ; [] |101| 
     291                    ;* --------------------------------------------------------------------------*
     292                            .dwpsn  file "../Program_Blinky.c",line 105,column 3,is_stmt,isa 1
     293 00000012 4818              LDR       A1, $C$CON3           ; [DPU_3_PIPE] |105|  ; [ORIG 16-BIT INS]
     294                    $C$DW$24        .dwtag  DW_TAG_TI_branch
     295                            .dwattr $C$DW$24, DW_AT_low_pc(0x00)
     296                            .dwattr $C$DW$24, DW_AT_name("RIT128x96x4Init")
     297                            .dwattr $C$DW$24, DW_AT_TI_call
     298                    
     299 00000014 FFFEF7FF!         BL        RIT128x96x4Init       ; [DPU_3_PIPE] |105|  ; [KEEP 32-BIT INS]
     300                            ; CALL OCCURS {RIT128x96x4Init }  ; [] |105| 
     301                            .dwpsn  file "../Program_Blinky.c",line 106,column 3,is_stmt,isa 1
     302 00000018 A011              ADR       A1, $C$SL1            ; [DPU_3_PIPE] |106|  ; [ORIG 16-BIT INS]
     303 0000001a 2124              MOVS      A2, #36               ; [DPU_3_PIPE] |106|  ; [ORIG 16-BIT INS]
     304 0000001c 2200              MOVS      A3, #0                ; [DPU_3_PIPE] |106|  ; [ORIG 16-BIT INS]
     305 0000001e 2308              MOVS      A4, #8                ; [DPU_3_PIPE] |106|  ; [ORIG 16-BIT INS]
     306                    $C$DW$25        .dwtag  DW_TAG_TI_branch
     307                            .dwattr $C$DW$25, DW_AT_low_pc(0x00)
     308                            .dwattr $C$DW$25, DW_AT_name("RIT128x96x4StringDraw")
     309                            .dwattr $C$DW$25, DW_AT_TI_call
     310                    
     311 00000020 FFFEF7FF!         BL        RIT128x96x4StringDraw ; [DPU_3_PIPE] |106|  ; [KEEP 32-BIT INS]
     312                            ; CALL OCCURS {RIT128x96x4StringDraw }  ; [] |106| 
     313                            .dwpsn  file "../Program_Blinky.c",line 108,column 3,is_stmt,isa 1
     314 00000024 4912              LDR       A2, $C$CON2           ; [DPU_3_PIPE] |108|  ; [ORIG 16-BIT INS]
     315 00000026 2001              MOVS      A1, #1                ; [DPU_3_PIPE] |108|  ; [ORIG 16-BIT INS]
     316 00000028 7008              STRB      A1, [A2, #0]          ; [DPU_3_PIPE] |108|  ; [ORIG 16-BIT INS]
     317                            .dwpsn  file "../Program_Blinky.c",line 111,column 1,is_stmt,isa 1
     318                    ;* --------------------------------------------------------------------------*
     319                    ||$C$L1||:    
     320                    $C$DW$26        .dwtag  DW_TAG_TI_branch
     321                            .dwattr $C$DW$26, DW_AT_low_pc(0x00)
     322                            .dwattr $C$DW$26, DW_AT_TI_return
     323                    
     324 0000002a BD08              POP       {A4, PC}              ; [DPU_3_PIPE]  ; [ORIG 16-BIT INS]
     325                            .dwcfi  cfa_offset, 0
     326                            ; BRANCH OCCURS                  ; [] 
     327                            .dwattr $C$DW$23, DW_AT_TI_end_file("../Program_Blinky.c")
     328                            .dwattr $C$DW$23, DW_AT_TI_end_line(0x6f)
     329                            .dwattr $C$DW$23, DW_AT_TI_end_column(0x01)
     330                            .dwendentry
TI ARM Assembler PC v15.12.1 Tue Sep 06 13:50:24 2016

Tools Copyright (c) 1996-2015 Texas Instruments Incorporated
Program_Blinky.asm                                                   PAGE    7

     331                            .dwendtag $C$DW$23
     332                    
     333 0000002c                   .sect   ".text"
     334                            .clink
     335                            .thumbfunc main
     336 0000002c                   .thumb
     337                            .global main
     338                    
     339                    $C$DW$27        .dwtag  DW_TAG_subprogram
     340                            .dwattr $C$DW$27, DW_AT_name("main")
     341                            .dwattr $C$DW$27, DW_AT_low_pc(main)
     342                            .dwattr $C$DW$27, DW_AT_high_pc(0x00)
     343                            .dwattr $C$DW$27, DW_AT_TI_symbol_name("main")
     344                            .dwattr $C$DW$27, DW_AT_external
     345                            .dwattr $C$DW$27, DW_AT_type(*$C$DW$T$10)
     346                            .dwattr $C$DW$27, DW_AT_TI_begin_file("../Program_Blinky.c")
     347                            .dwattr $C$DW$27, DW_AT_TI_begin_line(0x79)
     348                            .dwattr $C$DW$27, DW_AT_TI_begin_column(0x05)
     349                            .dwattr $C$DW$27, DW_AT_decl_file("../Program_Blinky.c")
     350                            .dwattr $C$DW$27, DW_AT_decl_line(0x79)
     351                            .dwattr $C$DW$27, DW_AT_decl_column(0x05)
     352                            .dwattr $C$DW$27, DW_AT_TI_max_frame_size(0x08)
     353                            .dwpsn  file "../Program_Blinky.c",line 121,column 19,is_stmt,address main,isa 1
     354                    
     355                            .dwfde $C$DW$CIE, main
     356                    
     357                    ;*****************************************************************************
     358                    ;* FUNCTION NAME: main                                                       *
     359                    ;*                                                                           *
     360                    ;*   Regs Modified     : A1,A2,A3,A4,V9,SP,LR,SR                             *
     361                    ;*   Regs Used         : A1,A2,A3,A4,V9,SP,LR,SR                             *
     362                    ;*   Local Frame Size  : 0 Args + 0 Auto + 4 Save = 4 byte                   *
     363                    ;*****************************************************************************
     364 0000002c           main:
     365                    ;* --------------------------------------------------------------------------*
     366                            .dwcfi  cfa_offset, 0
     367 0000002c B508              PUSH      {A4, LR}              ; [DPU_3_PIPE]  ; [ORIG 16-BIT INS]
     368                            .dwcfi  cfa_offset, 8
     369                            .dwcfi  save_reg_to_mem, 14, -4
     370                            .dwcfi  save_reg_to_mem, 3, -8
     371                            .dwpsn  file "../Program_Blinky.c",line 126,column 5,is_stmt,isa 1
     372 0000002e 4812              LDR       A1, $C$CON4           ; [DPU_3_PIPE] |126|  ; [ORIG 16-BIT INS]
     373                    $C$DW$28        .dwtag  DW_TAG_TI_branch
     374                            .dwattr $C$DW$28, DW_AT_low_pc(0x00)
     375                            .dwattr $C$DW$28, DW_AT_name("SysCtlClockSet")
     376                            .dwattr $C$DW$28, DW_AT_TI_call
     377                    
     378 00000030 FFFEF7FF!         BL        SysCtlClockSet        ; [DPU_3_PIPE] |126|  ; [KEEP 32-BIT INS]
     379                            ; CALL OCCURS {SysCtlClockSet }  ; [] |126| 
     380                            .dwpsn  file "../Program_Blinky.c",line 132,column 2,is_stmt,isa 1
     381                    $C$DW$29        .dwtag  DW_TAG_TI_branch
     382                            .dwattr $C$DW$29, DW_AT_low_pc(0x00)
     383                            .dwattr $C$DW$29, DW_AT_name("SysCtlClockGet")
     384                            .dwattr $C$DW$29, DW_AT_TI_call
     385                    
TI ARM Assembler PC v15.12.1 Tue Sep 06 13:50:24 2016

Tools Copyright (c) 1996-2015 Texas Instruments Incorporated
Program_Blinky.asm                                                   PAGE    8

     386 00000034 FFFEF7FF!         BL        SysCtlClockGet        ; [DPU_3_PIPE] |132|  ; [KEEP 32-BIT INS]
     387                            ; CALL OCCURS {SysCtlClockGet }  ; [] |132| 
     388 00000038 4910              LDR       A2, $C$CON5           ; [DPU_3_PIPE] |132|  ; [ORIG 16-BIT INS]
     389 0000003a 6008              STR       A1, [A2, #0]          ; [DPU_3_PIPE] |132|  ; [ORIG 16-BIT INS]
     390                            .dwpsn  file "../Program_Blinky.c",line 137,column 5,is_stmt,isa 1
     391 0000003c 4810              LDR       A1, $C$CON6           ; [DPU_3_PIPE] |137|  ; [ORIG 16-BIT INS]
     392 0000003e 490F              LDR       A2, $C$CON5           ; [DPU_3_PIPE] |137|  ; [ORIG 16-BIT INS]
     393 00000040 6800              LDR       A1, [A1, #0]          ; [DPU_3_PIPE] |137|  ; [ORIG 16-BIT INS]
     394 00000042 6809              LDR       A2, [A2, #0]          ; [DPU_3_PIPE] |137|  ; [ORIG 16-BIT INS]
     395 00000044 F0F0FBB1          UDIV      A1, A2, A1            ; [DPU_3_PIPE] |137|  ; [KEEP 32-BIT INS]
     396                    $C$DW$30        .dwtag  DW_TAG_TI_branch
     397                            .dwattr $C$DW$30, DW_AT_low_pc(0x00)
     398                            .dwattr $C$DW$30, DW_AT_name("SysTickPeriodSet")
     399                            .dwattr $C$DW$30, DW_AT_TI_call
     400                    
     401 00000048 FFFEF7FF!         BL        SysTickPeriodSet      ; [DPU_3_PIPE] |137|  ; [KEEP 32-BIT INS]
     402                            ; CALL OCCURS {SysTickPeriodSet }  ; [] |137| 
     403                            .dwpsn  file "../Program_Blinky.c",line 138,column 5,is_stmt,isa 1
     404                    $C$DW$31        .dwtag  DW_TAG_TI_branch
     405                            .dwattr $C$DW$31, DW_AT_low_pc(0x00)
     406                            .dwattr $C$DW$31, DW_AT_name("SysTickIntEnable")
     407                            .dwattr $C$DW$31, DW_AT_TI_call
     408                    
     409 0000004c FFFEF7FF!         BL        SysTickIntEnable      ; [DPU_3_PIPE] |138|  ; [KEEP 32-BIT INS]
     410                            ; CALL OCCURS {SysTickIntEnable }  ; [] |138| 
     411                            .dwpsn  file "../Program_Blinky.c",line 139,column 5,is_stmt,isa 1
     412                    $C$DW$32        .dwtag  DW_TAG_TI_branch
     413                            .dwattr $C$DW$32, DW_AT_low_pc(0x00)
     414                            .dwattr $C$DW$32, DW_AT_name("SysTickEnable")
     415                            .dwattr $C$DW$32, DW_AT_TI_call
     416                    
     417 00000050 FFFEF7FF!         BL        SysTickEnable         ; [DPU_3_PIPE] |139|  ; [KEEP 32-BIT INS]
     418                            ; CALL OCCURS {SysTickEnable }   ; [] |139| 
     419                            .dwpsn  file "../Program_Blinky.c",line 145,column 13,is_stmt,isa 1
     420                    ;* --------------------------------------------------------------------------*
     421                    ;*   BEGIN LOOP ||$C$L2||
     422                    ;*
     423                    ;*   Loop source line                : 145
     424                    ;*   Loop closing brace source line  : 148
     425                    ;*   Known Minimum Trip Count        : 1
     426                    ;*   Known Maximum Trip Count        : 4294967295
     427                    ;*   Known Max Trip Count Factor     : 1
     428                    ;* --------------------------------------------------------------------------*
     429 00000054           ||$C$L2||:    
     430                            .dwpsn  file "../Program_Blinky.c",line 146,column 6,is_stmt,isa 1
     431                    $C$DW$33        .dwtag  DW_TAG_TI_branch
     432                            .dwattr $C$DW$33, DW_AT_low_pc(0x00)
     433                            .dwattr $C$DW$33, DW_AT_name("Task_LEDBlink")
     434                            .dwattr $C$DW$33, DW_AT_TI_call
     435                    
     436 00000054 FFFEF7FF!         BL        Task_LEDBlink         ; [DPU_3_PIPE] |146|  ; [KEEP 32-BIT INS]
     437                            ; CALL OCCURS {Task_LEDBlink }   ; [] |146| 
     438                            .dwpsn  file "../Program_Blinky.c",line 147,column 6,is_stmt,isa 1
     439                    $C$DW$34        .dwtag  DW_TAG_TI_branch
     440                            .dwattr $C$DW$34, DW_AT_low_pc(0x00)
TI ARM Assembler PC v15.12.1 Tue Sep 06 13:50:24 2016

Tools Copyright (c) 1996-2015 Texas Instruments Incorporated
Program_Blinky.asm                                                   PAGE    9

     441                            .dwattr $C$DW$34, DW_AT_name("Task_ReportSysTick")
     442                            .dwattr $C$DW$34, DW_AT_TI_call
     443                    
     444 00000058 FFFEF7FF!         BL        Task_ReportSysTick    ; [DPU_3_PIPE] |147|  ; [KEEP 32-BIT INS]
     445                            ; CALL OCCURS {Task_ReportSysTick }  ; [] |147| 
     446                            .dwpsn  file "../Program_Blinky.c",line 145,column 13,is_stmt,isa 1
     447 0000005c E7FA              B         ||$C$L2||             ; [DPU_3_PIPE] |145|  ; [ORIG 16-BIT INS]
     448                            ; BRANCH OCCURS {||$C$L2||}      ; [] |145| 
     449                    ;* --------------------------------------------------------------------------*
     450                            .dwattr $C$DW$27, DW_AT_TI_end_file("../Program_Blinky.c")
     451                            .dwattr $C$DW$27, DW_AT_TI_end_line(0x96)
     452                            .dwattr $C$DW$27, DW_AT_TI_end_column(0x01)
     453                            .dwendentry
     454                            .dwendtag $C$DW$27
     455                    
     456                    ;******************************************************************************
     457                    ;* STRINGS                                                                    *
     458                    ;******************************************************************************
     459 0000005e                   .sect   ".text"
     460                            .align  4
     461 00000060 47        ||$C$SL1||:     .string "GSM_Blinky",0
         00000061 53       
         00000062 4D       
         00000063 5F       
         00000064 42       
         00000065 6C       
         00000066 69       
         00000067 6E       
         00000068 6B       
         00000069 79       
         0000006a 00       
     462                    ;******************************************************************************
     463                    ;* CONSTANT TABLE                                                             *
     464                    ;******************************************************************************
     465 0000006b                   .sect   ".text"
     466                            .align  4
     467 0000006a 0000C000! ||$C$CON1||:    .bits   SysTickCount_Nbr,32
         0000006e 00000000 
     468                            .align  4
     469 0000006e 00000000! ||$C$CON2||:    .bits   OLED_Initialized,32
         00000072 00000000 
     470                            .align  4
     471 00000072 42400000  ||$C$CON3||:    .bits   1000000,32
         00000076 0000000F 
     472                            .align  4
     473 00000076 0380000F  ||$C$CON4||:    .bits   29361024,32
         0000007a 000001C0 
     474                            .align  4
     475 0000007a 000001C0! ||$C$CON5||:    .bits   g_ulSystemClock,32
         0000007e 00000000 
     476                            .align  4
     477 0000007e 00000000! ||$C$CON6||:    .bits   SysTickFrequency_Nbr,32
         00000082 00000000 
     478                    ;*****************************************************************************
     479                    ;* UNDEFINED EXTERNAL REFERENCES                                             *
TI ARM Assembler PC v15.12.1 Tue Sep 06 13:50:24 2016

Tools Copyright (c) 1996-2015 Texas Instruments Incorporated
Program_Blinky.asm                                                   PAGE   10

     480                    ;*****************************************************************************
     481                            .global SysCtlClockSet
     482                            .global SysCtlClockGet
     483                            .global SysTickEnable
     484                            .global SysTickIntEnable
     485                            .global SysTickPeriodSet
     486                            .global RIT128x96x4StringDraw
     487                            .global RIT128x96x4Init
     488                            .global Task_LEDBlink
     489                            .global Task_ReportSysTick
     490                    
     491                    ;******************************************************************************
     492                    ;* BUILD ATTRIBUTES                                                           *
     493                    ;******************************************************************************
     494                            .battr "aeabi", Tag_File, 1, Tag_ABI_PCS_wchar_t(2)
     495                            .battr "aeabi", Tag_File, 1, Tag_ABI_FP_rounding(0)
     496                            .battr "aeabi", Tag_File, 1, Tag_ABI_FP_denormal(0)
     497                            .battr "aeabi", Tag_File, 1, Tag_ABI_FP_exceptions(0)
     498                            .battr "aeabi", Tag_File, 1, Tag_ABI_FP_number_model(1)
     499                            .battr "aeabi", Tag_File, 1, Tag_ABI_enum_size(0)
     500                            .battr "aeabi", Tag_File, 1, Tag_ABI_optimization_goals(5)
     501                            .battr "aeabi", Tag_File, 1, Tag_ABI_FP_optimization_goals(0)
     502                            .battr "TI", Tag_File, 1, Tag_Bitfield_layout(2)
     503                            .battr "TI", Tag_File, 1, Tag_FP_interface(1)
     504                    
     505                    ;******************************************************************************
     506                    ;* TYPE INFORMATION                                                           *
     507                    ;******************************************************************************
     508                    
     509                    $C$DW$T$20      .dwtag  DW_TAG_structure_type
     510                            .dwattr $C$DW$T$20, DW_AT_byte_size(0x18)
     511                    $C$DW$35        .dwtag  DW_TAG_member
     512                            .dwattr $C$DW$35, DW_AT_type(*$C$DW$T$10)
     513                            .dwattr $C$DW$35, DW_AT_name("fd")
     514                            .dwattr $C$DW$35, DW_AT_TI_symbol_name("fd")
     515                            .dwattr $C$DW$35, DW_AT_data_member_location[DW_OP_plus_uconst 0x0]
     516                            .dwattr $C$DW$35, DW_AT_accessibility(DW_ACCESS_public)
     517                            .dwattr $C$DW$35, DW_AT_decl_file("C:/TI_CodeComposer/ccsv6/tools/compiler/ti-cgt-arm_15.12.1.
     518                            .dwattr $C$DW$35, DW_AT_decl_line(0x5c)
     519                            .dwattr $C$DW$35, DW_AT_decl_column(0x0b)
     520                    
     521                    $C$DW$36        .dwtag  DW_TAG_member
     522                            .dwattr $C$DW$36, DW_AT_type(*$C$DW$T$19)
     523                            .dwattr $C$DW$36, DW_AT_name("buf")
     524                            .dwattr $C$DW$36, DW_AT_TI_symbol_name("buf")
     525                            .dwattr $C$DW$36, DW_AT_data_member_location[DW_OP_plus_uconst 0x4]
     526                            .dwattr $C$DW$36, DW_AT_accessibility(DW_ACCESS_public)
     527                            .dwattr $C$DW$36, DW_AT_decl_file("C:/TI_CodeComposer/ccsv6/tools/compiler/ti-cgt-arm_15.12.1.
     528                            .dwattr $C$DW$36, DW_AT_decl_line(0x5d)
     529                            .dwattr $C$DW$36, DW_AT_decl_column(0x16)
     530                    
     531                    $C$DW$37        .dwtag  DW_TAG_member
     532                            .dwattr $C$DW$37, DW_AT_type(*$C$DW$T$19)
     533                            .dwattr $C$DW$37, DW_AT_name("pos")
     534                            .dwattr $C$DW$37, DW_AT_TI_symbol_name("pos")
TI ARM Assembler PC v15.12.1 Tue Sep 06 13:50:24 2016

Tools Copyright (c) 1996-2015 Texas Instruments Incorporated
Program_Blinky.asm                                                   PAGE   11

     535                            .dwattr $C$DW$37, DW_AT_data_member_location[DW_OP_plus_uconst 0x8]
     536                            .dwattr $C$DW$37, DW_AT_accessibility(DW_ACCESS_public)
     537                            .dwattr $C$DW$37, DW_AT_decl_file("C:/TI_CodeComposer/ccsv6/tools/compiler/ti-cgt-arm_15.12.1.
     538                            .dwattr $C$DW$37, DW_AT_decl_line(0x5e)
     539                            .dwattr $C$DW$37, DW_AT_decl_column(0x16)
     540                    
     541                    $C$DW$38        .dwtag  DW_TAG_member
     542                            .dwattr $C$DW$38, DW_AT_type(*$C$DW$T$19)
     543                            .dwattr $C$DW$38, DW_AT_name("bufend")
     544                            .dwattr $C$DW$38, DW_AT_TI_symbol_name("bufend")
     545                            .dwattr $C$DW$38, DW_AT_data_member_location[DW_OP_plus_uconst 0xc]
     546                            .dwattr $C$DW$38, DW_AT_accessibility(DW_ACCESS_public)
     547                            .dwattr $C$DW$38, DW_AT_decl_file("C:/TI_CodeComposer/ccsv6/tools/compiler/ti-cgt-arm_15.12.1.
     548                            .dwattr $C$DW$38, DW_AT_decl_line(0x5f)
     549                            .dwattr $C$DW$38, DW_AT_decl_column(0x16)
     550                    
     551                    $C$DW$39        .dwtag  DW_TAG_member
     552                            .dwattr $C$DW$39, DW_AT_type(*$C$DW$T$19)
     553                            .dwattr $C$DW$39, DW_AT_name("buff_stop")
     554                            .dwattr $C$DW$39, DW_AT_TI_symbol_name("buff_stop")
     555                            .dwattr $C$DW$39, DW_AT_data_member_location[DW_OP_plus_uconst 0x10]
     556                            .dwattr $C$DW$39, DW_AT_accessibility(DW_ACCESS_public)
     557                            .dwattr $C$DW$39, DW_AT_decl_file("C:/TI_CodeComposer/ccsv6/tools/compiler/ti-cgt-arm_15.12.1.
     558                            .dwattr $C$DW$39, DW_AT_decl_line(0x60)
     559                            .dwattr $C$DW$39, DW_AT_decl_column(0x16)
     560                    
     561                    $C$DW$40        .dwtag  DW_TAG_member
     562                            .dwattr $C$DW$40, DW_AT_type(*$C$DW$T$11)
     563                            .dwattr $C$DW$40, DW_AT_name("flags")
     564                            .dwattr $C$DW$40, DW_AT_TI_symbol_name("flags")
     565                            .dwattr $C$DW$40, DW_AT_data_member_location[DW_OP_plus_uconst 0x14]
     566                            .dwattr $C$DW$40, DW_AT_accessibility(DW_ACCESS_public)
     567                            .dwattr $C$DW$40, DW_AT_decl_file("C:/TI_CodeComposer/ccsv6/tools/compiler/ti-cgt-arm_15.12.1.
     568                            .dwattr $C$DW$40, DW_AT_decl_line(0x61)
     569                            .dwattr $C$DW$40, DW_AT_decl_column(0x16)
     570                    
     571                            .dwattr $C$DW$T$20, DW_AT_decl_file("C:/TI_CodeComposer/ccsv6/tools/compiler/ti-cgt-arm_15.12.
     572                            .dwattr $C$DW$T$20, DW_AT_decl_line(0x5b)
     573                            .dwattr $C$DW$T$20, DW_AT_decl_column(0x10)
     574                            .dwendtag $C$DW$T$20
     575                    
     576                    $C$DW$T$22      .dwtag  DW_TAG_typedef
     577                            .dwattr $C$DW$T$22, DW_AT_name("FILE")
     578                            .dwattr $C$DW$T$22, DW_AT_type(*$C$DW$T$20)
     579                            .dwattr $C$DW$T$22, DW_AT_language(DW_LANG_C)
     580                            .dwattr $C$DW$T$22, DW_AT_decl_file("C:/TI_CodeComposer/ccsv6/tools/compiler/ti-cgt-arm_15.12.
     581                            .dwattr $C$DW$T$22, DW_AT_decl_line(0x62)
     582                            .dwattr $C$DW$T$22, DW_AT_decl_column(0x03)
     583                    
     584                    $C$DW$T$2       .dwtag  DW_TAG_unspecified_type
     585                            .dwattr $C$DW$T$2, DW_AT_name("void")
     586                    
     587                    $C$DW$T$3       .dwtag  DW_TAG_pointer_type
     588                            .dwattr $C$DW$T$3, DW_AT_type(*$C$DW$T$2)
     589                            .dwattr $C$DW$T$3, DW_AT_address_class(0x20)
TI ARM Assembler PC v15.12.1 Tue Sep 06 13:50:24 2016

Tools Copyright (c) 1996-2015 Texas Instruments Incorporated
Program_Blinky.asm                                                   PAGE   12

     590                    
     591                    $C$DW$T$4       .dwtag  DW_TAG_base_type
     592                            .dwattr $C$DW$T$4, DW_AT_encoding(DW_ATE_boolean)
     593                            .dwattr $C$DW$T$4, DW_AT_name("bool")
     594                            .dwattr $C$DW$T$4, DW_AT_byte_size(0x01)
     595                    
     596                    $C$DW$T$5       .dwtag  DW_TAG_base_type
     597                            .dwattr $C$DW$T$5, DW_AT_encoding(DW_ATE_signed_char)
     598                            .dwattr $C$DW$T$5, DW_AT_name("signed char")
     599                            .dwattr $C$DW$T$5, DW_AT_byte_size(0x01)
     600                    
     601                    $C$DW$T$34      .dwtag  DW_TAG_typedef
     602                            .dwattr $C$DW$T$34, DW_AT_name("int8_t")
     603                            .dwattr $C$DW$T$34, DW_AT_type(*$C$DW$T$5)
     604                            .dwattr $C$DW$T$34, DW_AT_language(DW_LANG_C)
     605                            .dwattr $C$DW$T$34, DW_AT_decl_file("C:/TI_CodeComposer/ccsv6/tools/compiler/ti-cgt-arm_15.12.
     606                            .dwattr $C$DW$T$34, DW_AT_decl_line(0x2a)
     607                            .dwattr $C$DW$T$34, DW_AT_decl_column(0x1d)
     608                    
     609                    $C$DW$T$35      .dwtag  DW_TAG_typedef
     610                            .dwattr $C$DW$T$35, DW_AT_name("int_least8_t")
     611                            .dwattr $C$DW$T$35, DW_AT_type(*$C$DW$T$34)
     612                            .dwattr $C$DW$T$35, DW_AT_language(DW_LANG_C)
     613                            .dwattr $C$DW$T$35, DW_AT_decl_file("C:/TI_CodeComposer/ccsv6/tools/compiler/ti-cgt-arm_15.12.
     614                            .dwattr $C$DW$T$35, DW_AT_decl_line(0x37)
     615                            .dwattr $C$DW$T$35, DW_AT_decl_column(0x17)
     616                    
     617                    $C$DW$T$6       .dwtag  DW_TAG_base_type
     618                            .dwattr $C$DW$T$6, DW_AT_encoding(DW_ATE_unsigned_char)
     619                            .dwattr $C$DW$T$6, DW_AT_name("unsigned char")
     620                            .dwattr $C$DW$T$6, DW_AT_byte_size(0x01)
     621                    
     622                    $C$DW$T$19      .dwtag  DW_TAG_pointer_type
     623                            .dwattr $C$DW$T$19, DW_AT_type(*$C$DW$T$6)
     624                            .dwattr $C$DW$T$19, DW_AT_address_class(0x20)
     625                    
     626                    $C$DW$T$36      .dwtag  DW_TAG_typedef
     627                            .dwattr $C$DW$T$36, DW_AT_name("tBoolean")
     628                            .dwattr $C$DW$T$36, DW_AT_type(*$C$DW$T$6)
     629                            .dwattr $C$DW$T$36, DW_AT_language(DW_LANG_C)
     630                            .dwattr $C$DW$T$36, DW_AT_decl_file("C:/TI_CodeComposer/StellarisWare-LM3S1968/inc/hw_types.h"
     631                            .dwattr $C$DW$T$36, DW_AT_decl_line(0x30)
     632                            .dwattr $C$DW$T$36, DW_AT_decl_column(0x17)
     633                    
     634                    $C$DW$T$37      .dwtag  DW_TAG_typedef
     635                            .dwattr $C$DW$T$37, DW_AT_name("uint8_t")
     636                            .dwattr $C$DW$T$37, DW_AT_type(*$C$DW$T$6)
     637                            .dwattr $C$DW$T$37, DW_AT_language(DW_LANG_C)
     638                            .dwattr $C$DW$T$37, DW_AT_decl_file("C:/TI_CodeComposer/ccsv6/tools/compiler/ti-cgt-arm_15.12.
     639                            .dwattr $C$DW$T$37, DW_AT_decl_line(0x2b)
     640                            .dwattr $C$DW$T$37, DW_AT_decl_column(0x1c)
     641                    
     642                    $C$DW$T$38      .dwtag  DW_TAG_typedef
     643                            .dwattr $C$DW$T$38, DW_AT_name("uint_least8_t")
     644                            .dwattr $C$DW$T$38, DW_AT_type(*$C$DW$T$37)
TI ARM Assembler PC v15.12.1 Tue Sep 06 13:50:24 2016

Tools Copyright (c) 1996-2015 Texas Instruments Incorporated
Program_Blinky.asm                                                   PAGE   13

     645                            .dwattr $C$DW$T$38, DW_AT_language(DW_LANG_C)
     646                            .dwattr $C$DW$T$38, DW_AT_decl_file("C:/TI_CodeComposer/ccsv6/tools/compiler/ti-cgt-arm_15.12.
     647                            .dwattr $C$DW$T$38, DW_AT_decl_line(0x38)
     648                            .dwattr $C$DW$T$38, DW_AT_decl_column(0x16)
     649                    
     650                    $C$DW$T$7       .dwtag  DW_TAG_base_type
     651                            .dwattr $C$DW$T$7, DW_AT_encoding(DW_ATE_signed_char)
     652                            .dwattr $C$DW$T$7, DW_AT_name("wchar_t")
     653                            .dwattr $C$DW$T$7, DW_AT_byte_size(0x02)
     654                    
     655                    $C$DW$T$8       .dwtag  DW_TAG_base_type
     656                            .dwattr $C$DW$T$8, DW_AT_encoding(DW_ATE_signed)
     657                            .dwattr $C$DW$T$8, DW_AT_name("short")
     658                            .dwattr $C$DW$T$8, DW_AT_byte_size(0x02)
     659                    
     660                    $C$DW$T$39      .dwtag  DW_TAG_typedef
     661                            .dwattr $C$DW$T$39, DW_AT_name("int16_t")
     662                            .dwattr $C$DW$T$39, DW_AT_type(*$C$DW$T$8)
     663                            .dwattr $C$DW$T$39, DW_AT_language(DW_LANG_C)
     664                            .dwattr $C$DW$T$39, DW_AT_decl_file("C:/TI_CodeComposer/ccsv6/tools/compiler/ti-cgt-arm_15.12.
     665                            .dwattr $C$DW$T$39, DW_AT_decl_line(0x2c)
     666                            .dwattr $C$DW$T$39, DW_AT_decl_column(0x1d)
     667                    
     668                    $C$DW$T$40      .dwtag  DW_TAG_typedef
     669                            .dwattr $C$DW$T$40, DW_AT_name("int_least16_t")
     670                            .dwattr $C$DW$T$40, DW_AT_type(*$C$DW$T$39)
     671                            .dwattr $C$DW$T$40, DW_AT_language(DW_LANG_C)
     672                            .dwattr $C$DW$T$40, DW_AT_decl_file("C:/TI_CodeComposer/ccsv6/tools/compiler/ti-cgt-arm_15.12.
     673                            .dwattr $C$DW$T$40, DW_AT_decl_line(0x3a)
     674                            .dwattr $C$DW$T$40, DW_AT_decl_column(0x17)
     675                    
     676                    $C$DW$T$9       .dwtag  DW_TAG_base_type
     677                            .dwattr $C$DW$T$9, DW_AT_encoding(DW_ATE_unsigned)
     678                            .dwattr $C$DW$T$9, DW_AT_name("unsigned short")
     679                            .dwattr $C$DW$T$9, DW_AT_byte_size(0x02)
     680                    
     681                    $C$DW$T$41      .dwtag  DW_TAG_typedef
     682                            .dwattr $C$DW$T$41, DW_AT_name("uint16_t")
     683                            .dwattr $C$DW$T$41, DW_AT_type(*$C$DW$T$9)
     684                            .dwattr $C$DW$T$41, DW_AT_language(DW_LANG_C)
     685                            .dwattr $C$DW$T$41, DW_AT_decl_file("C:/TI_CodeComposer/ccsv6/tools/compiler/ti-cgt-arm_15.12.
     686                            .dwattr $C$DW$T$41, DW_AT_decl_line(0x2d)
     687                            .dwattr $C$DW$T$41, DW_AT_decl_column(0x1c)
     688                    
     689                    $C$DW$T$42      .dwtag  DW_TAG_typedef
     690                            .dwattr $C$DW$T$42, DW_AT_name("uint_least16_t")
     691                            .dwattr $C$DW$T$42, DW_AT_type(*$C$DW$T$41)
     692                            .dwattr $C$DW$T$42, DW_AT_language(DW_LANG_C)
     693                            .dwattr $C$DW$T$42, DW_AT_decl_file("C:/TI_CodeComposer/ccsv6/tools/compiler/ti-cgt-arm_15.12.
     694                            .dwattr $C$DW$T$42, DW_AT_decl_line(0x3b)
     695                            .dwattr $C$DW$T$42, DW_AT_decl_column(0x16)
     696                    
     697                    $C$DW$T$43      .dwtag  DW_TAG_typedef
     698                            .dwattr $C$DW$T$43, DW_AT_name("wchar_t")
     699                            .dwattr $C$DW$T$43, DW_AT_type(*$C$DW$T$9)
TI ARM Assembler PC v15.12.1 Tue Sep 06 13:50:24 2016

Tools Copyright (c) 1996-2015 Texas Instruments Incorporated
Program_Blinky.asm                                                   PAGE   14

     700                            .dwattr $C$DW$T$43, DW_AT_language(DW_LANG_C)
     701                            .dwattr $C$DW$T$43, DW_AT_decl_file("C:/TI_CodeComposer/ccsv6/tools/compiler/ti-cgt-arm_15.12.
     702                            .dwattr $C$DW$T$43, DW_AT_decl_line(0x41)
     703                            .dwattr $C$DW$T$43, DW_AT_decl_column(0x1a)
     704                    
     705                    $C$DW$T$10      .dwtag  DW_TAG_base_type
     706                            .dwattr $C$DW$T$10, DW_AT_encoding(DW_ATE_signed)
     707                            .dwattr $C$DW$T$10, DW_AT_name("int")
     708                            .dwattr $C$DW$T$10, DW_AT_byte_size(0x04)
     709                    
     710                    $C$DW$T$45      .dwtag  DW_TAG_typedef
     711                            .dwattr $C$DW$T$45, DW_AT_name("int32_t")
     712                            .dwattr $C$DW$T$45, DW_AT_type(*$C$DW$T$10)
     713                            .dwattr $C$DW$T$45, DW_AT_language(DW_LANG_C)
     714                            .dwattr $C$DW$T$45, DW_AT_decl_file("C:/TI_CodeComposer/ccsv6/tools/compiler/ti-cgt-arm_15.12.
     715                            .dwattr $C$DW$T$45, DW_AT_decl_line(0x2e)
     716                            .dwattr $C$DW$T$45, DW_AT_decl_column(0x1d)
     717                    
     718                    $C$DW$T$46      .dwtag  DW_TAG_typedef
     719                            .dwattr $C$DW$T$46, DW_AT_name("int_fast16_t")
     720                            .dwattr $C$DW$T$46, DW_AT_type(*$C$DW$T$45)
     721                            .dwattr $C$DW$T$46, DW_AT_language(DW_LANG_C)
     722                            .dwattr $C$DW$T$46, DW_AT_decl_file("C:/TI_CodeComposer/ccsv6/tools/compiler/ti-cgt-arm_15.12.
     723                            .dwattr $C$DW$T$46, DW_AT_decl_line(0x47)
     724                            .dwattr $C$DW$T$46, DW_AT_decl_column(0x17)
     725                    
     726                    $C$DW$T$47      .dwtag  DW_TAG_typedef
     727                            .dwattr $C$DW$T$47, DW_AT_name("int_fast32_t")
     728                            .dwattr $C$DW$T$47, DW_AT_type(*$C$DW$T$45)
     729                            .dwattr $C$DW$T$47, DW_AT_language(DW_LANG_C)
     730                            .dwattr $C$DW$T$47, DW_AT_decl_file("C:/TI_CodeComposer/ccsv6/tools/compiler/ti-cgt-arm_15.12.
     731                            .dwattr $C$DW$T$47, DW_AT_decl_line(0x4a)
     732                            .dwattr $C$DW$T$47, DW_AT_decl_column(0x17)
     733                    
     734                    $C$DW$T$48      .dwtag  DW_TAG_typedef
     735                            .dwattr $C$DW$T$48, DW_AT_name("int_fast8_t")
     736                            .dwattr $C$DW$T$48, DW_AT_type(*$C$DW$T$45)
     737                            .dwattr $C$DW$T$48, DW_AT_language(DW_LANG_C)
     738                            .dwattr $C$DW$T$48, DW_AT_decl_file("C:/TI_CodeComposer/ccsv6/tools/compiler/ti-cgt-arm_15.12.
     739                            .dwattr $C$DW$T$48, DW_AT_decl_line(0x45)
     740                            .dwattr $C$DW$T$48, DW_AT_decl_column(0x17)
     741                    
     742                    $C$DW$T$49      .dwtag  DW_TAG_typedef
     743                            .dwattr $C$DW$T$49, DW_AT_name("int_least32_t")
     744                            .dwattr $C$DW$T$49, DW_AT_type(*$C$DW$T$45)
     745                            .dwattr $C$DW$T$49, DW_AT_language(DW_LANG_C)
     746                            .dwattr $C$DW$T$49, DW_AT_decl_file("C:/TI_CodeComposer/ccsv6/tools/compiler/ti-cgt-arm_15.12.
     747                            .dwattr $C$DW$T$49, DW_AT_decl_line(0x3c)
     748                            .dwattr $C$DW$T$49, DW_AT_decl_column(0x17)
     749                    
     750                    $C$DW$T$50      .dwtag  DW_TAG_typedef
     751                            .dwattr $C$DW$T$50, DW_AT_name("intptr_t")
     752                            .dwattr $C$DW$T$50, DW_AT_type(*$C$DW$T$10)
     753                            .dwattr $C$DW$T$50, DW_AT_language(DW_LANG_C)
     754                            .dwattr $C$DW$T$50, DW_AT_decl_file("C:/TI_CodeComposer/ccsv6/tools/compiler/ti-cgt-arm_15.12.
TI ARM Assembler PC v15.12.1 Tue Sep 06 13:50:24 2016

Tools Copyright (c) 1996-2015 Texas Instruments Incorporated
Program_Blinky.asm                                                   PAGE   15

     755                            .dwattr $C$DW$T$50, DW_AT_decl_line(0x52)
     756                            .dwattr $C$DW$T$50, DW_AT_decl_column(0x1a)
     757                    
     758                    $C$DW$T$51      .dwtag  DW_TAG_typedef
     759                            .dwattr $C$DW$T$51, DW_AT_name("ptrdiff_t")
     760                            .dwattr $C$DW$T$51, DW_AT_type(*$C$DW$T$10)
     761                            .dwattr $C$DW$T$51, DW_AT_language(DW_LANG_C)
     762                            .dwattr $C$DW$T$51, DW_AT_decl_file("C:/TI_CodeComposer/ccsv6/tools/compiler/ti-cgt-arm_15.12.
     763                            .dwattr $C$DW$T$51, DW_AT_decl_line(0x36)
     764                            .dwattr $C$DW$T$51, DW_AT_decl_column(0x1c)
     765                    
     766                    $C$DW$T$11      .dwtag  DW_TAG_base_type
     767                            .dwattr $C$DW$T$11, DW_AT_encoding(DW_ATE_unsigned)
     768                            .dwattr $C$DW$T$11, DW_AT_name("unsigned int")
     769                            .dwattr $C$DW$T$11, DW_AT_byte_size(0x04)
     770                    
     771                    $C$DW$T$52      .dwtag  DW_TAG_typedef
     772                            .dwattr $C$DW$T$52, DW_AT_name("size_t")
     773                            .dwattr $C$DW$T$52, DW_AT_type(*$C$DW$T$11)
     774                            .dwattr $C$DW$T$52, DW_AT_language(DW_LANG_C)
     775                            .dwattr $C$DW$T$52, DW_AT_decl_file("C:/TI_CodeComposer/ccsv6/tools/compiler/ti-cgt-arm_15.12.
     776                            .dwattr $C$DW$T$52, DW_AT_decl_line(0x3a)
     777                            .dwattr $C$DW$T$52, DW_AT_decl_column(0x19)
     778                    
     779                    $C$DW$T$53      .dwtag  DW_TAG_typedef
     780                            .dwattr $C$DW$T$53, DW_AT_name("uint32_t")
     781                            .dwattr $C$DW$T$53, DW_AT_type(*$C$DW$T$11)
     782                            .dwattr $C$DW$T$53, DW_AT_language(DW_LANG_C)
     783                            .dwattr $C$DW$T$53, DW_AT_decl_file("C:/TI_CodeComposer/ccsv6/tools/compiler/ti-cgt-arm_15.12.
     784                            .dwattr $C$DW$T$53, DW_AT_decl_line(0x2f)
     785                            .dwattr $C$DW$T$53, DW_AT_decl_column(0x1c)
     786                    
     787                    $C$DW$T$54      .dwtag  DW_TAG_volatile_type
     788                            .dwattr $C$DW$T$54, DW_AT_type(*$C$DW$T$53)
     789                    
     790                    $C$DW$T$55      .dwtag  DW_TAG_typedef
     791                            .dwattr $C$DW$T$55, DW_AT_name("uint_fast16_t")
     792                            .dwattr $C$DW$T$55, DW_AT_type(*$C$DW$T$53)
     793                            .dwattr $C$DW$T$55, DW_AT_language(DW_LANG_C)
     794                            .dwattr $C$DW$T$55, DW_AT_decl_file("C:/TI_CodeComposer/ccsv6/tools/compiler/ti-cgt-arm_15.12.
     795                            .dwattr $C$DW$T$55, DW_AT_decl_line(0x48)
     796                            .dwattr $C$DW$T$55, DW_AT_decl_column(0x16)
     797                    
     798                    $C$DW$T$56      .dwtag  DW_TAG_typedef
     799                            .dwattr $C$DW$T$56, DW_AT_name("uint_fast32_t")
     800                            .dwattr $C$DW$T$56, DW_AT_type(*$C$DW$T$53)
     801                            .dwattr $C$DW$T$56, DW_AT_language(DW_LANG_C)
     802                            .dwattr $C$DW$T$56, DW_AT_decl_file("C:/TI_CodeComposer/ccsv6/tools/compiler/ti-cgt-arm_15.12.
     803                            .dwattr $C$DW$T$56, DW_AT_decl_line(0x4b)
     804                            .dwattr $C$DW$T$56, DW_AT_decl_column(0x16)
     805                    
     806                    $C$DW$T$57      .dwtag  DW_TAG_typedef
     807                            .dwattr $C$DW$T$57, DW_AT_name("uint_fast8_t")
     808                            .dwattr $C$DW$T$57, DW_AT_type(*$C$DW$T$53)
     809                            .dwattr $C$DW$T$57, DW_AT_language(DW_LANG_C)
TI ARM Assembler PC v15.12.1 Tue Sep 06 13:50:24 2016

Tools Copyright (c) 1996-2015 Texas Instruments Incorporated
Program_Blinky.asm                                                   PAGE   16

     810                            .dwattr $C$DW$T$57, DW_AT_decl_file("C:/TI_CodeComposer/ccsv6/tools/compiler/ti-cgt-arm_15.12.
     811                            .dwattr $C$DW$T$57, DW_AT_decl_line(0x46)
     812                            .dwattr $C$DW$T$57, DW_AT_decl_column(0x16)
     813                    
     814                    $C$DW$T$58      .dwtag  DW_TAG_typedef
     815                            .dwattr $C$DW$T$58, DW_AT_name("uint_least32_t")
     816                            .dwattr $C$DW$T$58, DW_AT_type(*$C$DW$T$53)
     817                            .dwattr $C$DW$T$58, DW_AT_language(DW_LANG_C)
     818                            .dwattr $C$DW$T$58, DW_AT_decl_file("C:/TI_CodeComposer/ccsv6/tools/compiler/ti-cgt-arm_15.12.
     819                            .dwattr $C$DW$T$58, DW_AT_decl_line(0x3d)
     820                            .dwattr $C$DW$T$58, DW_AT_decl_column(0x16)
     821                    
     822                    $C$DW$T$59      .dwtag  DW_TAG_typedef
     823                            .dwattr $C$DW$T$59, DW_AT_name("uintptr_t")
     824                            .dwattr $C$DW$T$59, DW_AT_type(*$C$DW$T$11)
     825                            .dwattr $C$DW$T$59, DW_AT_language(DW_LANG_C)
     826                            .dwattr $C$DW$T$59, DW_AT_decl_file("C:/TI_CodeComposer/ccsv6/tools/compiler/ti-cgt-arm_15.12.
     827                            .dwattr $C$DW$T$59, DW_AT_decl_line(0x53)
     828                            .dwattr $C$DW$T$59, DW_AT_decl_column(0x1a)
     829                    
     830                    $C$DW$T$12      .dwtag  DW_TAG_base_type
     831                            .dwattr $C$DW$T$12, DW_AT_encoding(DW_ATE_signed)
     832                            .dwattr $C$DW$T$12, DW_AT_name("long")
     833                            .dwattr $C$DW$T$12, DW_AT_byte_size(0x04)
     834                    
     835                    $C$DW$T$60      .dwtag  DW_TAG_typedef
     836                            .dwattr $C$DW$T$60, DW_AT_name("fpos_t")
     837                            .dwattr $C$DW$T$60, DW_AT_type(*$C$DW$T$12)
     838                            .dwattr $C$DW$T$60, DW_AT_language(DW_LANG_C)
     839                            .dwattr $C$DW$T$60, DW_AT_decl_file("C:/TI_CodeComposer/ccsv6/tools/compiler/ti-cgt-arm_15.12.
     840                            .dwattr $C$DW$T$60, DW_AT_decl_line(0x6e)
     841                            .dwattr $C$DW$T$60, DW_AT_decl_column(0x0e)
     842                    
     843                    $C$DW$T$13      .dwtag  DW_TAG_base_type
     844                            .dwattr $C$DW$T$13, DW_AT_encoding(DW_ATE_unsigned)
     845                            .dwattr $C$DW$T$13, DW_AT_name("unsigned long")
     846                            .dwattr $C$DW$T$13, DW_AT_byte_size(0x04)
     847                    
     848                    $C$DW$T$14      .dwtag  DW_TAG_base_type
     849                            .dwattr $C$DW$T$14, DW_AT_encoding(DW_ATE_signed)
     850                            .dwattr $C$DW$T$14, DW_AT_name("long long")
     851                            .dwattr $C$DW$T$14, DW_AT_byte_size(0x08)
     852                    
     853                    $C$DW$T$63      .dwtag  DW_TAG_typedef
     854                            .dwattr $C$DW$T$63, DW_AT_name("int64_t")
     855                            .dwattr $C$DW$T$63, DW_AT_type(*$C$DW$T$14)
     856                            .dwattr $C$DW$T$63, DW_AT_language(DW_LANG_C)
     857                            .dwattr $C$DW$T$63, DW_AT_decl_file("C:/TI_CodeComposer/ccsv6/tools/compiler/ti-cgt-arm_15.12.
     858                            .dwattr $C$DW$T$63, DW_AT_decl_line(0x32)
     859                            .dwattr $C$DW$T$63, DW_AT_decl_column(0x21)
     860                    
     861                    $C$DW$T$64      .dwtag  DW_TAG_typedef
     862                            .dwattr $C$DW$T$64, DW_AT_name("int_fast64_t")
     863                            .dwattr $C$DW$T$64, DW_AT_type(*$C$DW$T$63)
     864                            .dwattr $C$DW$T$64, DW_AT_language(DW_LANG_C)
TI ARM Assembler PC v15.12.1 Tue Sep 06 13:50:24 2016

Tools Copyright (c) 1996-2015 Texas Instruments Incorporated
Program_Blinky.asm                                                   PAGE   17

     865                            .dwattr $C$DW$T$64, DW_AT_decl_file("C:/TI_CodeComposer/ccsv6/tools/compiler/ti-cgt-arm_15.12.
     866                            .dwattr $C$DW$T$64, DW_AT_decl_line(0x4e)
     867                            .dwattr $C$DW$T$64, DW_AT_decl_column(0x17)
     868                    
     869                    $C$DW$T$65      .dwtag  DW_TAG_typedef
     870                            .dwattr $C$DW$T$65, DW_AT_name("int_least64_t")
     871                            .dwattr $C$DW$T$65, DW_AT_type(*$C$DW$T$63)
     872                            .dwattr $C$DW$T$65, DW_AT_language(DW_LANG_C)
     873                            .dwattr $C$DW$T$65, DW_AT_decl_file("C:/TI_CodeComposer/ccsv6/tools/compiler/ti-cgt-arm_15.12.
     874                            .dwattr $C$DW$T$65, DW_AT_decl_line(0x40)
     875                            .dwattr $C$DW$T$65, DW_AT_decl_column(0x17)
     876                    
     877                    $C$DW$T$66      .dwtag  DW_TAG_typedef
     878                            .dwattr $C$DW$T$66, DW_AT_name("intmax_t")
     879                            .dwattr $C$DW$T$66, DW_AT_type(*$C$DW$T$14)
     880                            .dwattr $C$DW$T$66, DW_AT_language(DW_LANG_C)
     881                            .dwattr $C$DW$T$66, DW_AT_decl_file("C:/TI_CodeComposer/ccsv6/tools/compiler/ti-cgt-arm_15.12.
     882                            .dwattr $C$DW$T$66, DW_AT_decl_line(0x56)
     883                            .dwattr $C$DW$T$66, DW_AT_decl_column(0x20)
     884                    
     885                    $C$DW$T$15      .dwtag  DW_TAG_base_type
     886                            .dwattr $C$DW$T$15, DW_AT_encoding(DW_ATE_unsigned)
     887                            .dwattr $C$DW$T$15, DW_AT_name("unsigned long long")
     888                            .dwattr $C$DW$T$15, DW_AT_byte_size(0x08)
     889                    
     890                    $C$DW$T$67      .dwtag  DW_TAG_typedef
     891                            .dwattr $C$DW$T$67, DW_AT_name("uint64_t")
     892                            .dwattr $C$DW$T$67, DW_AT_type(*$C$DW$T$15)
     893                            .dwattr $C$DW$T$67, DW_AT_language(DW_LANG_C)
     894                            .dwattr $C$DW$T$67, DW_AT_decl_file("C:/TI_CodeComposer/ccsv6/tools/compiler/ti-cgt-arm_15.12.
     895                            .dwattr $C$DW$T$67, DW_AT_decl_line(0x33)
     896                            .dwattr $C$DW$T$67, DW_AT_decl_column(0x20)
     897                    
     898                    $C$DW$T$68      .dwtag  DW_TAG_typedef
     899                            .dwattr $C$DW$T$68, DW_AT_name("uint_fast64_t")
     900                            .dwattr $C$DW$T$68, DW_AT_type(*$C$DW$T$67)
     901                            .dwattr $C$DW$T$68, DW_AT_language(DW_LANG_C)
     902                            .dwattr $C$DW$T$68, DW_AT_decl_file("C:/TI_CodeComposer/ccsv6/tools/compiler/ti-cgt-arm_15.12.
     903                            .dwattr $C$DW$T$68, DW_AT_decl_line(0x4f)
     904                            .dwattr $C$DW$T$68, DW_AT_decl_column(0x16)
     905                    
     906                    $C$DW$T$69      .dwtag  DW_TAG_typedef
     907                            .dwattr $C$DW$T$69, DW_AT_name("uint_least64_t")
     908                            .dwattr $C$DW$T$69, DW_AT_type(*$C$DW$T$67)
     909                            .dwattr $C$DW$T$69, DW_AT_language(DW_LANG_C)
     910                            .dwattr $C$DW$T$69, DW_AT_decl_file("C:/TI_CodeComposer/ccsv6/tools/compiler/ti-cgt-arm_15.12.
     911                            .dwattr $C$DW$T$69, DW_AT_decl_line(0x41)
     912                            .dwattr $C$DW$T$69, DW_AT_decl_column(0x16)
     913                    
     914                    $C$DW$T$70      .dwtag  DW_TAG_typedef
     915                            .dwattr $C$DW$T$70, DW_AT_name("uintmax_t")
     916                            .dwattr $C$DW$T$70, DW_AT_type(*$C$DW$T$15)
     917                            .dwattr $C$DW$T$70, DW_AT_language(DW_LANG_C)
     918                            .dwattr $C$DW$T$70, DW_AT_decl_file("C:/TI_CodeComposer/ccsv6/tools/compiler/ti-cgt-arm_15.12.
     919                            .dwattr $C$DW$T$70, DW_AT_decl_line(0x57)
TI ARM Assembler PC v15.12.1 Tue Sep 06 13:50:24 2016

Tools Copyright (c) 1996-2015 Texas Instruments Incorporated
Program_Blinky.asm                                                   PAGE   18

     920                            .dwattr $C$DW$T$70, DW_AT_decl_column(0x20)
     921                    
     922                    $C$DW$T$16      .dwtag  DW_TAG_base_type
     923                            .dwattr $C$DW$T$16, DW_AT_encoding(DW_ATE_float)
     924                            .dwattr $C$DW$T$16, DW_AT_name("float")
     925                            .dwattr $C$DW$T$16, DW_AT_byte_size(0x04)
     926                    
     927                    $C$DW$T$17      .dwtag  DW_TAG_base_type
     928                            .dwattr $C$DW$T$17, DW_AT_encoding(DW_ATE_float)
     929                            .dwattr $C$DW$T$17, DW_AT_name("double")
     930                            .dwattr $C$DW$T$17, DW_AT_byte_size(0x08)
     931                    
     932                    $C$DW$T$18      .dwtag  DW_TAG_base_type
     933                            .dwattr $C$DW$T$18, DW_AT_encoding(DW_ATE_float)
     934                            .dwattr $C$DW$T$18, DW_AT_name("long double")
     935                            .dwattr $C$DW$T$18, DW_AT_byte_size(0x08)
     936                    
     937                    $C$DW$T$28      .dwtag  DW_TAG_const_type
     938                            .dwattr $C$DW$T$28, DW_AT_type(*$C$DW$T$6)
     939                    
     940                    $C$DW$T$29      .dwtag  DW_TAG_pointer_type
     941                            .dwattr $C$DW$T$29, DW_AT_type(*$C$DW$T$28)
     942                            .dwattr $C$DW$T$29, DW_AT_address_class(0x20)
     943                    
     944                    $C$DW$T$73      .dwtag  DW_TAG_base_type
     945                            .dwattr $C$DW$T$73, DW_AT_encoding(DW_ATE_unsigned_char)
     946                            .dwattr $C$DW$T$73, DW_AT_name("unsigned char")
     947                            .dwattr $C$DW$T$73, DW_AT_byte_size(0x01)
     948                    
     949                    
     950                    $C$DW$T$21      .dwtag  DW_TAG_structure_type
     951                            .dwattr $C$DW$T$21, DW_AT_name("__va_list")
     952                            .dwattr $C$DW$T$21, DW_AT_byte_size(0x04)
     953                    $C$DW$41        .dwtag  DW_TAG_member
     954                            .dwattr $C$DW$41, DW_AT_type(*$C$DW$T$3)
     955                            .dwattr $C$DW$41, DW_AT_name("__ap")
     956                            .dwattr $C$DW$41, DW_AT_TI_symbol_name("__ap")
     957                            .dwattr $C$DW$41, DW_AT_data_member_location[DW_OP_plus_uconst 0x0]
     958                            .dwattr $C$DW$41, DW_AT_accessibility(DW_ACCESS_public)
     959                            .dwattr $C$DW$41, DW_AT_decl_file("C:/TI_CodeComposer/ccsv6/tools/compiler/ti-cgt-arm_15.12.1.
     960                            .dwattr $C$DW$41, DW_AT_decl_line(0x38)
     961                            .dwattr $C$DW$41, DW_AT_decl_column(0x0c)
     962                    
     963                            .dwattr $C$DW$T$21, DW_AT_decl_file("C:/TI_CodeComposer/ccsv6/tools/compiler/ti-cgt-arm_15.12.
     964                            .dwattr $C$DW$T$21, DW_AT_decl_line(0x37)
     965                            .dwattr $C$DW$T$21, DW_AT_decl_column(0x10)
     966                            .dwendtag $C$DW$T$21
     967                    
     968                    $C$DW$T$74      .dwtag  DW_TAG_typedef
     969                            .dwattr $C$DW$T$74, DW_AT_name("va_list")
     970                            .dwattr $C$DW$T$74, DW_AT_type(*$C$DW$T$21)
     971                            .dwattr $C$DW$T$74, DW_AT_language(DW_LANG_C)
     972                            .dwattr $C$DW$T$74, DW_AT_decl_file("C:/TI_CodeComposer/ccsv6/tools/compiler/ti-cgt-arm_15.12.
     973                            .dwattr $C$DW$T$74, DW_AT_decl_line(0x39)
     974                            .dwattr $C$DW$T$74, DW_AT_decl_column(0x03)
TI ARM Assembler PC v15.12.1 Tue Sep 06 13:50:24 2016

Tools Copyright (c) 1996-2015 Texas Instruments Incorporated
Program_Blinky.asm                                                   PAGE   19

     975                    
     976                            .dwattr $C$DW$CU, DW_AT_language(DW_LANG_C)
     977                    
     978                    ;***************************************************************
     979                    ;* DWARF CIE ENTRIES                                           *
     980                    ;***************************************************************
     981                    
     982                    $C$DW$CIE       .dwcie 14
     983                            .dwcfi  cfa_register, 13
     984                            .dwcfi  cfa_offset, 0
     985                            .dwcfi  undefined, 0
     986                            .dwcfi  undefined, 1
     987                            .dwcfi  undefined, 2
     988                            .dwcfi  undefined, 3
     989                            .dwcfi  same_value, 4
     990                            .dwcfi  same_value, 5
     991                            .dwcfi  same_value, 6
     992                            .dwcfi  same_value, 7
     993                            .dwcfi  same_value, 8
     994                            .dwcfi  same_value, 9
     995                            .dwcfi  same_value, 10
     996                            .dwcfi  same_value, 11
     997                            .dwcfi  undefined, 12
     998                            .dwcfi  undefined, 13
     999                            .dwcfi  undefined, 14
    1000                            .dwcfi  undefined, 14
    1001                            .dwcfi  undefined, 7
    1002                            .dwendentry
    1003                            .dwendtag $C$DW$CU
    1004                    

--------------------------
Thumb2 Statistics
--------------------------
Number of Thumb2 ins converted to Thumb = 0 (0%)
Number of Thumb ins in input = 27 (72%)
Number of Thumb2 ins encoded as Thumb2 = 10 (100%)
Number of Thumb2 ins converted to 2 OPND Thumb = 0


No Assembly Errors, No Assembly Warnings
